Copyright 1986-2019 Xilinx, Inc. All Rights Reserved.
------------------------------------------------------------------------------------
| Tool Version : Vivado v.2019.2 (win64) Build 2700185 Thu Oct 24 18:46:05 MDT 2019
| Date         : Tue Nov 12 09:35:09 2019
| Host         : Rich-PC running 64-bit major release  (build 9200)
| Command      : upgrade_ip
| Device       : xcku040-ffva1156-2-e
------------------------------------------------------------------------------------

Upgrade Log for IP 'px_axis_nco_2_dds'

1. Summary
----------

SUCCESS in the upgrade of px_axis_nco_2_dds (xilinx.com:ip:dds_compiler:6.0) from (Rev. 18) to (Rev. 19)






Copyright 1986-2019 Xilinx, Inc. All Rights Reserved.
------------------------------------------------------------------------------------
| Tool Version : Vivado v.2019.2 (win64) Build 2700185 Thu Oct 24 18:46:05 MDT 2019
| Date         : Tue Nov 12 09:35:08 2019
| Host         : Rich-PC running 64-bit major release  (build 9200)
| Command      : upgrade_ip
| Device       : xcku040-ffva1156-2-e
------------------------------------------------------------------------------------

Upgrade Log for IP 'px_axis_nco_2_csr'

1. Summary
----------

SUCCESS in the upgrade of px_axis_nco_2_csr (pentek.com:px_ip:px_axil_csr:1.0) from (Rev. 23) to (Rev. 24)






Copyright 1986-2019 Xilinx, Inc. All Rights Reserved.
------------------------------------------------------------------------------------
| Tool Version : Vivado v.2019.1 (win64) Build 2552052 Fri May 24 14:49:42 MDT 2019
| Date         : Sat Jun  8 17:50:56 2019
| Host         : Igor2 running 64-bit major release  (build 9200)
| Command      : upgrade_ip
| Device       : xcku040-ffva1156-2-e
------------------------------------------------------------------------------------

Upgrade Log for IP 'px_axis_nco_2_dds'

1. Summary
----------

SUCCESS in the upgrade of px_axis_nco_2_dds (xilinx.com:ip:dds_compiler:6.0) from (Rev. 17) to (Rev. 18)






Copyright 1986-2019 Xilinx, Inc. All Rights Reserved.
------------------------------------------------------------------------------------
| Tool Version : Vivado v.2019.1 (win64) Build 2552052 Fri May 24 14:49:42 MDT 2019
| Date         : Sat Jun  8 17:50:54 2019
| Host         : Igor2 running 64-bit major release  (build 9200)
| Command      : upgrade_ip
| Device       : xcku040-ffva1156-2-e
------------------------------------------------------------------------------------

Upgrade Log for IP 'px_axis_nco_2_csr'

1. Summary
----------

SUCCESS in the upgrade of px_axis_nco_2_csr (pentek.com:px_ip:px_axil_csr:1.0) from (Rev. 22) to (Rev. 23)






Copyright 1986-2018 Xilinx, Inc. All Rights Reserved.
------------------------------------------------------------------------------------
| Tool Version : Vivado v.2018.3 (win64) Build 2405991 Thu Dec  6 23:38:27 MST 2018
| Date         : Thu Dec 13 19:00:13 2018
| Host         : Rich-PC running 64-bit major release  (build 9200)
| Command      : upgrade_ip
| Device       : xcku040-ffva1156-2-e
------------------------------------------------------------------------------------

Upgrade Log for IP 'px_axis_nco_2_dds'

1. Summary
----------

SUCCESS in the upgrade of px_axis_nco_2_dds (xilinx.com:ip:dds_compiler:6.0) from (Rev. 16) to (Rev. 17)






Copyright 1986-2018 Xilinx, Inc. All Rights Reserved.
------------------------------------------------------------------------------------
| Tool Version : Vivado v.2018.3 (win64) Build 2405991 Thu Dec  6 23:38:27 MST 2018
| Date         : Thu Dec 13 19:00:10 2018
| Host         : Rich-PC running 64-bit major release  (build 9200)
| Command      : upgrade_ip
| Device       : xcku040-ffva1156-2-e
------------------------------------------------------------------------------------

Upgrade Log for IP 'px_axis_nco_2_csr'

1. Summary
----------

SUCCESS in the upgrade of px_axis_nco_2_csr (pentek.com:px_ip:px_axil_csr:1.0) from (Rev. 21) to (Rev. 22)






Copyright 1986-2018 Xilinx, Inc. All Rights Reserved.
------------------------------------------------------------------------------------
| Tool Version : Vivado v.2018.1 (win64) Build 2188600 Wed Apr  4 18:40:38 MDT 2018
| Date         : Tue May  1 10:52:12 2018
| Host         : Rich-PC running 64-bit major release  (build 9200)
| Command      : upgrade_ip
| Device       : xcku040-ffva1156-2-e
------------------------------------------------------------------------------------

Upgrade Log for IP 'px_axis_nco_2_dds'

1. Summary
----------

SUCCESS in the upgrade of px_axis_nco_2_dds (xilinx.com:ip:dds_compiler:6.0) from (Rev. 14) to (Rev. 16)






Copyright 1986-2018 Xilinx, Inc. All Rights Reserved.
------------------------------------------------------------------------------------
| Tool Version : Vivado v.2018.1 (win64) Build 2188600 Wed Apr  4 18:40:38 MDT 2018
| Date         : Tue May  1 10:52:09 2018
| Host         : Rich-PC running 64-bit major release  (build 9200)
| Command      : upgrade_ip
| Device       : xcku040-ffva1156-2-e
------------------------------------------------------------------------------------

Upgrade Log for IP 'px_axis_nco_2_csr'

1. Summary
----------

SUCCESS in the upgrade of px_axis_nco_2_csr (pentek.com:px_ip:px_axil_csr:1.0) from (Rev. 19) to (Rev. 21)






Copyright 1986-2017 Xilinx, Inc. All Rights Reserved.
------------------------------------------------------------------------------------
| Tool Version : Vivado v.2017.3 (win64) Build 2018833 Wed Oct  4 19:58:22 MDT 2017
| Date         : Fri Nov  3 15:22:27 2017
| Host         : Rich-PC running 64-bit major release  (build 9200)
| Command      : upgrade_ip
| Device       : xcku040-ffva1156-2-e
------------------------------------------------------------------------------------

Upgrade Log for IP 'px_axis_nco_2_dds'

1. Summary
----------

SUCCESS in the upgrade of px_axis_nco_2_dds (xilinx.com:ip:dds_compiler:6.0) from (Rev. 13) to (Rev. 14)






Copyright 1986-2017 Xilinx, Inc. All Rights Reserved.
------------------------------------------------------------------------------------
| Tool Version : Vivado v.2017.3 (win64) Build 2018833 Wed Oct  4 19:58:22 MDT 2017
| Date         : Fri Nov  3 15:22:24 2017
| Host         : Rich-PC running 64-bit major release  (build 9200)
| Command      : upgrade_ip
| Device       : xcku040-ffva1156-2-e
------------------------------------------------------------------------------------

Upgrade Log for IP 'px_axis_nco_2_csr'

1. Summary
----------

SUCCESS in the upgrade of px_axis_nco_2_csr (pentek.com:px_ip:px_axil_csr:1.0) from (Rev. 18) to (Rev. 19)






Copyright 1986-2017 Xilinx, Inc. All Rights Reserved.
------------------------------------------------------------------------------------
| Tool Version : Vivado v.2017.2 (win64) Build 1909853 Thu Jun 15 18:39:09 MDT 2017
| Date         : Wed Aug  9 11:57:12 2017
| Host         : Rich-PC running 64-bit major release  (build 9200)
| Command      : upgrade_ip
| Device       : xcku040-ffva1156-2-e
------------------------------------------------------------------------------------

Upgrade Log for IP 'px_axis_nco_2_csr'

1. Summary
----------

SUCCESS in the upgrade of px_axis_nco_2_csr (pentek.com:px_ip:px_axil_csr:1.0) from (Rev. 16) to (Rev. 18)






Copyright 1986-2017 Xilinx, Inc. All Rights Reserved.
------------------------------------------------------------------------------------
| Tool Version : Vivado v.2017.1 (win64) Build 1846317 Fri Apr 14 18:55:03 MDT 2017
| Date         : Fri Apr 21 15:18:17 2017
| Host         : Rich-PC running 64-bit major release  (build 9200)
| Command      : upgrade_ip
| Device       : xcku040-ffva1156-2-e
------------------------------------------------------------------------------------

Upgrade Log for IP 'px_axis_nco_2_csr'

1. Summary
----------

SUCCESS in the upgrade of px_axis_nco_2_csr (pentek.com:px_ip:px_axil_csr:1.0) from (Rev. 15) to (Rev. 16)






Copyright 1986-2016 Xilinx, Inc. All Rights Reserved.
------------------------------------------------------------------------------------
| Tool Version : Vivado v.2016.4 (win64) Build 1733598 Wed Dec 14 22:35:39 MST 2016
| Date         : Mon Dec 26 09:26:54 2016
| Host         : Igor2 running 64-bit major release  (build 9200)
| Command      : upgrade_ip
| Device       : xcku040-ffva1156-2-e
------------------------------------------------------------------------------------

Upgrade Log for IP 'px_axis_nco_48_csr'

1. Summary
----------

SUCCESS in the upgrade of px_axis_nco_48_csr (pentek.com:px_ip:px_axil_csr:1.0) from (Rev. 13) to (Rev. 15)






Copyright 1986-2016 Xilinx, Inc. All Rights Reserved.
------------------------------------------------------------------------------------
| Tool Version : Vivado v.2016.3 (win64) Build 1682563 Mon Oct 10 19:07:27 MDT 2016
| Date         : Tue Oct 18 11:26:08 2016
| Host         : Rich-PC running 64-bit major release  (build 9200)
| Command      : upgrade_ip
| Device       : xcku040-ffva1156-2-e
------------------------------------------------------------------------------------

Upgrade Log for IP 'px_axis_nco_48_dds'

1. Summary
----------

SUCCESS in the upgrade of px_axis_nco_48_dds (xilinx.com:ip:dds_compiler:6.0) from (Rev. 12) to (Rev. 13)






Copyright 1986-2016 Xilinx, Inc. All Rights Reserved.
------------------------------------------------------------------------------------
| Tool Version : Vivado v.2016.3 (win64) Build 1682563 Mon Oct 10 19:07:27 MDT 2016
| Date         : Tue Oct 18 11:26:06 2016
| Host         : Rich-PC running 64-bit major release  (build 9200)
| Command      : upgrade_ip
| Device       : xcku040-ffva1156-2-e
------------------------------------------------------------------------------------

Upgrade Log for IP 'px_axis_nco_48_csr'

1. Summary
----------

SUCCESS in the upgrade of px_axis_nco_48_csr (pentek.com:px_ip:px_axil_csr:1.0) from (Rev. 11) to (Rev. 13)






Copyright 1986-2016 Xilinx, Inc. All Rights Reserved.
------------------------------------------------------------------------------------
| Tool Version : Vivado v.2016.2 (win64) Build 1577090 Thu Jun  2 16:32:40 MDT 2016
| Date         : Thu Jun 23 08:31:17 2016
| Host         : Rich-PC running 64-bit Service Pack 1  (build 7601)
| Command      : upgrade_ip
| Device       : xcku040-ffva1156-2-e
------------------------------------------------------------------------------------

Upgrade Log for IP 'px_axis_nco_48_csr'

1. Summary
----------

SUCCESS in the upgrade of px_axis_nco_48_csr (pentek.com:px_ip:px_axil_csr:1.0) from (Rev. 10) to (Rev. 11)






Copyright 1986-2016 Xilinx, Inc. All Rights Reserved.
------------------------------------------------------------------------------------
| Tool Version : Vivado v.2016.2 (win64) Build 1577090 Thu Jun  2 16:32:40 MDT 2016
| Date         : Thu Jun 09 10:42:21 2016
| Host         : Rich-PC running 64-bit Service Pack 1  (build 7601)
| Command      : upgrade_ip
| Device       : xcku040-ffva1156-2-e
------------------------------------------------------------------------------------

Upgrade Log for IP 'px_axis_nco_48_csr'

1. Summary
----------

SUCCESS in the upgrade of px_axis_nco_48_csr (pentek.com:px_ip:px_axil_csr:1.0) from (Rev. 9) to (Rev. 10)






Copyright 1986-2016 Xilinx, Inc. All Rights Reserved.
------------------------------------------------------------------------------------
| Tool Version : Vivado v.2016.1 (win64) Build 1538259 Fri Apr  8 15:45:27 MDT 2016
| Date         : Thu Apr 21 15:55:45 2016
| Host         : Rich-PC running 64-bit Service Pack 1  (build 7601)
| Command      : upgrade_ip
| Device       : xcku040-ffva1156-2-e
------------------------------------------------------------------------------------

Upgrade Log for IP 'px_axis_nco_csr'

1. Summary
----------

SUCCESS in the upgrade of px_axis_nco_csr (pentek.com:px_ip:px_axil_csr:1.0) from (Rev. 8) to (Rev. 9)






Copyright 1986-2016 Xilinx, Inc. All Rights Reserved.
------------------------------------------------------------------------------------
| Tool Version : Vivado v.2016.1 (win64) Build 1538259 Fri Apr  8 15:45:27 MDT 2016
| Date         : Wed Apr 20 15:06:43 2016
| Host         : Rich-PC running 64-bit Service Pack 1  (build 7601)
| Command      : upgrade_ip
| Device       : xcku040-ffva1156-2-e
------------------------------------------------------------------------------------

Upgrade Log for IP 'px_axis_nco_dds'

1. Summary
----------

SUCCESS in the upgrade of px_axis_nco_dds (xilinx.com:ip:dds_compiler:6.0) from (Rev. 11) to (Rev. 12)






Copyright 1986-2016 Xilinx, Inc. All Rights Reserved.
------------------------------------------------------------------------------------
| Tool Version : Vivado v.2016.1 (win64) Build 1538259 Fri Apr  8 15:45:27 MDT 2016
| Date         : Wed Apr 20 15:06:40 2016
| Host         : Rich-PC running 64-bit Service Pack 1  (build 7601)
| Command      : upgrade_ip
| Device       : xcku040-ffva1156-2-e
------------------------------------------------------------------------------------

Upgrade Log for IP 'px_axis_nco_csr'

1. Summary
----------

SUCCESS in the upgrade of px_axis_nco_csr (pentek.com:px_ip:px_axil_csr:1.0) from (Rev. 7) to (Rev. 8)

