#-----------------------------------------------------------
# Vivado v2016.2 (64-bit)
# SW Build 1577090 on Thu Jun  2 16:32:40 MDT 2016
# IP Build 1577682 on Fri Jun  3 12:00:54 MDT 2016
# Start of session at: Thu Jun 09 10:40:01 2016
# Process ID: 3188
# Current directory: C:/Xilinx/Vivado/2016.2/data/ip/pentek/ip/px_axis_nco_48
# Command line: vivado.exe -gui_launcher_event rodinguilauncherevent7832 C:\Xilinx\Vivado\2016.2\data\ip\pentek\ip\px_axis_nco_48\px_axis_nco_48.xpr
# Log file: C:/Xilinx/Vivado/2016.2/data/ip/pentek/ip/px_axis_nco_48/vivado.log
# Journal file: C:/Xilinx/Vivado/2016.2/data/ip/pentek/ip/px_axis_nco_48\vivado.jou
#-----------------------------------------------------------
start_gui
open_project C:/Xilinx/Vivado/2016.2/data/ip/pentek/ip/px_axis_nco_48/px_axis_nco_48.xpr
INFO: [Project 1-313] Project file moved from 'C:/Xilinx/Vivado/2016.1/data/ip/pentek/ip/px_axis_nco_48' since last save.
CRITICAL WARNING: [Project 1-311] Could not find the file 'C:/Xilinx/Vivado/2016.2/data/ip/pentek/ip/px_axis_nco_48/px_axis_nco_48.srcs/sources_1/ip/px_axis_nco_dds/px_axis_nco_dds.upgrade_log', nor could it be found using path 'C:/Xilinx/Vivado/2016.1/data/ip/pentek/ip/px_axis_nco_48/px_axis_nco_48.srcs/sources_1/ip/px_axis_nco_dds/px_axis_nco_dds.upgrade_log'.
CRITICAL WARNING: [Project 1-311] Could not find the file 'C:/Xilinx/Vivado/2016.2/data/ip/pentek/ip/px_axis_nco_48/px_axis_nco_48.srcs/sources_1/ip/px_axis_nco_csr/px_axis_nco_csr.upgrade_log', nor could it be found using path 'C:/Xilinx/Vivado/2016.1/data/ip/pentek/ip/px_axis_nco_48/px_axis_nco_48.srcs/sources_1/ip/px_axis_nco_csr/px_axis_nco_csr.upgrade_log'.
CRITICAL WARNING: [Project 1-311] Could not find the file 'C:/Xilinx/Vivado/2016.2/data/ip/pentek/ip/px_axis_nco_48/tb_px_axis_nco_48_behav.wcfg', nor could it be found using path 'C:/Xilinx/Vivado/2016.1/data/ip/pentek/ip/px_axis_nco_48/tb_px_axis_nco_48_behav.wcfg'.
Scanning sources...
Finished scanning sources
INFO: [Project 1-230] Project 'px_axis_nco_48.xpr' upgraded for this version of Vivado.
INFO: [IP_Flow 19-234] Refreshing IP repositories
INFO: [IP_Flow 19-1700] Loaded user IP repository 'c:/Xilinx/Vivado/2016.2/data/ip/pentek/ip'.
WARNING: [IP_Flow 19-3656] If you move the project, the path for repository 'c:/Xilinx/Vivado/2016.2/data/ip/pentek/ip' may become invalid. A better location for the repostory would be in a path adjacent to the project. (Current project location is 'c:/Xilinx/Vivado/2016.2/data/ip/pentek/ip/px_axis_nco_48'.)
INFO: [IP_Flow 19-1700] Loaded user IP repository 'c:/Xilinx/Vivado/2016.2/data/ip/pentek/interface'.
INFO: [IP_Flow 19-2313] Loaded Vivado IP repository 'C:/Xilinx/Vivado/2016.2/data/ip'.
WARNING: [IP_Flow 19-2162] IP 'px_axis_nco_48_csr' is locked:
* IP definition 'px_axil_csr_v1_0 (1.0)' for IP 'px_axis_nco_48_csr' has a different revision in the IP Catalog.
Please select 'Report IP Status' from the 'Tools/Report' menu or run Tcl command 'report_ip_status' for more information.
open_project: Time (s): cpu = 00:00:19 ; elapsed = 00:00:11 . Memory (MB): peak = 962.375 ; gain = 247.113
update_compile_order -fileset sources_1
report_ip_status -name ip_status 
remove_files C:/Xilinx/Vivado/2016.2/data/ip/pentek/ip/px_axis_nco_48/px_axis_nco_48.srcs/sources_1/ip/px_axis_nco_csr/px_axis_nco_csr.upgrade_log
remove_files C:/Xilinx/Vivado/2016.2/data/ip/pentek/ip/px_axis_nco_48/px_axis_nco_48.srcs/sources_1/ip/px_axis_nco_dds/px_axis_nco_dds.upgrade_log
export_ip_user_files -of_objects [get_ips  px_axis_nco_48_csr] -no_script -reset -quiet
upgrade_ip -srcset px_axis_nco_48_csr -vlnv pentek.com:px_ip:px_axil_csr:1.0 [get_ips  px_axis_nco_48_csr] -log ip_upgrade.log
Upgrading 'px_axis_nco_48_csr'
INFO: [Project 1-386] Moving file 'C:/Xilinx/Vivado/2016.2/data/ip/pentek/ip/px_axis_nco_48/px_axis_nco_48.srcs/sources_1/ip/px_axis_nco_48_csr/px_axis_nco_48_csr.xci' from fileset 'px_axis_nco_48_csr' to fileset 'sources_1'.
INFO: [IP_Flow 19-3422] Upgraded px_axis_nco_48_csr (px_axil_csr_v1_0 1.0) from revision 9 to revision 10
INFO: [IP_Flow 19-1686] Generating 'Instantiation Template' target for IP 'px_axis_nco_48_csr'...
INFO: [Coretcl 2-1525] Wrote upgrade log to 'C:/Xilinx/Vivado/2016.2/data/ip/pentek/ip/px_axis_nco_48/ip_upgrade.log'.
update_compile_order -fileset sources_1
ipx::open_ipxact_file {C:\Xilinx\Vivado\2016.2\data\ip\pentek\ip\px_axis_nco_48\component.xml}
WARNING: [IP_Flow 19-3898] File Group 'xilinx_anylanguagesynthesis (Synthesis)': File 'px_axis_nco_48.srcs/sources_1/ip/px_axis_nco_48_dds/px_axis_nco_48_dds.xci' is no longer found in the project sources. Please remove the packaging file if necessary.
WARNING: [IP_Flow 19-3898] File Group 'xilinx_anylanguagebehavioralsimulation (Simulation)': File 'px_axis_nco_48.srcs/sources_1/ip/px_axis_nco_48_dds/px_axis_nco_48_dds.xci' is no longer found in the project sources. Please remove the packaging file if necessary.
WARNING: [IP_Flow 19-4308] Project file 'tb_px_axis_nco_48_behav.wcfg' is not found in the component files. Please add the packaging file if necessary.
ipx::merge_project_changes files [ipx::current_core]
ipx::remove_file tb_px_axis_nco_48_behav.wcfg [ipx::get_file_groups xilinx_testbench -of_objects [ipx::current_core]]
set_property core_revision 13 [ipx::current_core]
ipx::create_xgui_files [ipx::current_core]
ipx::update_checksums [ipx::current_core]
ipx::save_core [ipx::current_core]
update_ip_catalog -rebuild -repo_path c:/Xilinx/Vivado/2016.2/data/ip/pentek/ip
INFO: [IP_Flow 19-725] Reloaded user IP repository 'c:/Xilinx/Vivado/2016.2/data/ip/pentek/ip'
exit
INFO: [Common 17-206] Exiting Vivado at Thu Jun 09 10:43:55 2016...
