#-----------------------------------------------------------
# Vivado v2018.2 (64-bit)
# SW Build 2258646 on Thu Jun 14 20:03:12 MDT 2018
# IP Build 2256618 on Thu Jun 14 22:10:49 MDT 2018
# Start of session at: Mon Sep  3 07:10:51 2018
# Process ID: 14988
# Current directory: C:/Pentek/IP/2018.2/wip/px_rfsoc_syncbus_intrfc
# Command line: vivado.exe -gui_launcher_event rodinguilauncherevent9696 C:\Pentek\IP\2018.2\wip\px_rfsoc_syncbus_intrfc\px_rfsoc_syncbus_intrfc.xpr
# Log file: C:/Pentek/IP/2018.2/wip/px_rfsoc_syncbus_intrfc/vivado.log
# Journal file: C:/Pentek/IP/2018.2/wip/px_rfsoc_syncbus_intrfc\vivado.jou
#-----------------------------------------------------------
Sourcing tcl script 'C:/Users/Rich/AppData/Roaming/Xilinx/Vivado/Vivado_init.tcl'
56 Beta devices matching pattern found, 49 enabled.
start_gui
open_project C:/Pentek/IP/2018.2/wip/px_rfsoc_syncbus_intrfc/px_rfsoc_syncbus_intrfc.xpr
INFO: [Project 1-313] Project file moved from 'C:/Pentek/IP/2018.1/wip/px_rfsoc_syncbus_intrfc' since last save.
Scanning sources...
Finished scanning sources
INFO: [filemgmt 56-1] IP Repository Path: Directory not found as 'C:/Pentek/IP/2018.2/pentek'; using path 'C:/Pentek/IP/2018.1/pentek' instead.
INFO: [IP_Flow 19-234] Refreshing IP repositories
INFO: [IP_Flow 19-1700] Loaded user IP repository 'c:/Pentek/IP/2018.1/pentek'.
INFO: [IP_Flow 19-2313] Loaded Vivado IP repository 'C:/Xilinx/Vivado/2018.2/data/ip'.
INFO: [Project 1-230] Project 'px_rfsoc_syncbus_intrfc.xpr' upgraded for this version of Vivado.
open_project: Time (s): cpu = 00:00:20 ; elapsed = 00:00:17 . Memory (MB): peak = 1368.902 ; gain = 555.223
report_ip_status -name ip_status 
update_compile_order -fileset sources_1
set_property  ip_repo_paths  {} [current_project]
update_ip_catalog
INFO: [IP_Flow 19-234] Refreshing IP repositories
INFO: [IP_Flow 19-1704] No user IP repositories specified
set_property  ip_repo_paths  C:/Pentek/IP/2018.1/pentek [current_project]
update_ip_catalog
INFO: [IP_Flow 19-234] Refreshing IP repositories
INFO: [IP_Flow 19-1700] Loaded user IP repository 'c:/Pentek/IP/2018.1/pentek'.
update_ip_catalog: Time (s): cpu = 00:00:04 ; elapsed = 00:00:05 . Memory (MB): peak = 1368.902 ; gain = 0.000
close [ open C:/Pentek/IP/2018.2/wip/px_rfsoc_syncbus_intrfc/px_rfsoc_syncbus_intrfc.srcs/sources_1/new/px_rfsoc_syncbus_intrfc_idelay.vhd w ]
add_files C:/Pentek/IP/2018.2/wip/px_rfsoc_syncbus_intrfc/px_rfsoc_syncbus_intrfc.srcs/sources_1/new/px_rfsoc_syncbus_intrfc_idelay.vhd
update_compile_order -fileset sources_1
update_compile_order -fileset sources_1
set_property -dict [list CONFIG.num_ctl_regs {8} CONFIG.num_interrupt_src {9}] [get_ips px_axil_csr_sb]
generate_target all [get_files  C:/Pentek/IP/2018.2/wip/px_rfsoc_syncbus_intrfc/px_rfsoc_syncbus_intrfc.srcs/sources_1/ip/px_axil_csr_sb/px_axil_csr_sb.xci]
INFO: [IP_Flow 19-1686] Generating 'Instantiation Template' target for IP 'px_axil_csr_sb'...
INFO: [IP_Flow 19-1686] Generating 'Synthesis' target for IP 'px_axil_csr_sb'...
INFO: [IP_Flow 19-1686] Generating 'Simulation' target for IP 'px_axil_csr_sb'...
INFO: [IP_Flow 19-1686] Generating 'Test Bench' target for IP 'px_axil_csr_sb'...
INFO: [IP_Flow 19-1686] Generating 'Change Log' target for IP 'px_axil_csr_sb'...
catch { config_ip_cache -export [get_ips -all px_axil_csr_sb] }
export_ip_user_files -of_objects [get_files C:/Pentek/IP/2018.2/wip/px_rfsoc_syncbus_intrfc/px_rfsoc_syncbus_intrfc.srcs/sources_1/ip/px_axil_csr_sb/px_axil_csr_sb.xci] -no_script -sync -force -quiet
reset_run px_axil_csr_sb_synth_1
launch_runs -jobs 12 px_axil_csr_sb_synth_1
[Mon Sep  3 14:15:16 2018] Launched px_axil_csr_sb_synth_1...
Run output will be captured here: C:/Pentek/IP/2018.2/wip/px_rfsoc_syncbus_intrfc/px_rfsoc_syncbus_intrfc.runs/px_axil_csr_sb_synth_1/runme.log
export_simulation -of_objects [get_files C:/Pentek/IP/2018.2/wip/px_rfsoc_syncbus_intrfc/px_rfsoc_syncbus_intrfc.srcs/sources_1/ip/px_axil_csr_sb/px_axil_csr_sb.xci] -directory C:/Pentek/IP/2018.2/wip/px_rfsoc_syncbus_intrfc/px_rfsoc_syncbus_intrfc.ip_user_files/sim_scripts -ip_user_files_dir C:/Pentek/IP/2018.2/wip/px_rfsoc_syncbus_intrfc/px_rfsoc_syncbus_intrfc.ip_user_files -ipstatic_source_dir C:/Pentek/IP/2018.2/wip/px_rfsoc_syncbus_intrfc/px_rfsoc_syncbus_intrfc.ip_user_files/ipstatic -lib_map_path [list {modelsim=C:/Pentek/IP/2018.2/wip/px_rfsoc_syncbus_intrfc/px_rfsoc_syncbus_intrfc.cache/compile_simlib/modelsim} {questa=C:/Pentek/IP/2018.2/wip/px_rfsoc_syncbus_intrfc/px_rfsoc_syncbus_intrfc.cache/compile_simlib/questa} {riviera=C:/Pentek/IP/2018.2/wip/px_rfsoc_syncbus_intrfc/px_rfsoc_syncbus_intrfc.cache/compile_simlib/riviera} {activehdl=C:/Pentek/IP/2018.2/wip/px_rfsoc_syncbus_intrfc/px_rfsoc_syncbus_intrfc.cache/compile_simlib/activehdl}] -use_ip_compiled_libs -force -quiet
reset_run synth_1
launch_runs synth_1 -jobs 12
[Mon Sep  3 14:41:19 2018] Launched synth_1...
Run output will be captured here: C:/Pentek/IP/2018.2/wip/px_rfsoc_syncbus_intrfc/px_rfsoc_syncbus_intrfc.runs/synth_1/runme.log
set_property -dict [list CONFIG.num_interrupt_src {8}] [get_ips px_axil_csr_sb]
generate_target all [get_files  C:/Pentek/IP/2018.2/wip/px_rfsoc_syncbus_intrfc/px_rfsoc_syncbus_intrfc.srcs/sources_1/ip/px_axil_csr_sb/px_axil_csr_sb.xci]
INFO: [IP_Flow 19-1686] Generating 'Instantiation Template' target for IP 'px_axil_csr_sb'...
INFO: [IP_Flow 19-1686] Generating 'Synthesis' target for IP 'px_axil_csr_sb'...
INFO: [IP_Flow 19-1686] Generating 'Simulation' target for IP 'px_axil_csr_sb'...
INFO: [IP_Flow 19-1686] Generating 'Test Bench' target for IP 'px_axil_csr_sb'...
INFO: [IP_Flow 19-1686] Generating 'Change Log' target for IP 'px_axil_csr_sb'...
catch { config_ip_cache -export [get_ips -all px_axil_csr_sb] }
export_ip_user_files -of_objects [get_files C:/Pentek/IP/2018.2/wip/px_rfsoc_syncbus_intrfc/px_rfsoc_syncbus_intrfc.srcs/sources_1/ip/px_axil_csr_sb/px_axil_csr_sb.xci] -no_script -sync -force -quiet
reset_run px_axil_csr_sb_synth_1
launch_runs -jobs 12 px_axil_csr_sb_synth_1
[Mon Sep  3 14:43:39 2018] Launched px_axil_csr_sb_synth_1...
Run output will be captured here: C:/Pentek/IP/2018.2/wip/px_rfsoc_syncbus_intrfc/px_rfsoc_syncbus_intrfc.runs/px_axil_csr_sb_synth_1/runme.log
export_simulation -of_objects [get_files C:/Pentek/IP/2018.2/wip/px_rfsoc_syncbus_intrfc/px_rfsoc_syncbus_intrfc.srcs/sources_1/ip/px_axil_csr_sb/px_axil_csr_sb.xci] -directory C:/Pentek/IP/2018.2/wip/px_rfsoc_syncbus_intrfc/px_rfsoc_syncbus_intrfc.ip_user_files/sim_scripts -ip_user_files_dir C:/Pentek/IP/2018.2/wip/px_rfsoc_syncbus_intrfc/px_rfsoc_syncbus_intrfc.ip_user_files -ipstatic_source_dir C:/Pentek/IP/2018.2/wip/px_rfsoc_syncbus_intrfc/px_rfsoc_syncbus_intrfc.ip_user_files/ipstatic -lib_map_path [list {modelsim=C:/Pentek/IP/2018.2/wip/px_rfsoc_syncbus_intrfc/px_rfsoc_syncbus_intrfc.cache/compile_simlib/modelsim} {questa=C:/Pentek/IP/2018.2/wip/px_rfsoc_syncbus_intrfc/px_rfsoc_syncbus_intrfc.cache/compile_simlib/questa} {riviera=C:/Pentek/IP/2018.2/wip/px_rfsoc_syncbus_intrfc/px_rfsoc_syncbus_intrfc.cache/compile_simlib/riviera} {activehdl=C:/Pentek/IP/2018.2/wip/px_rfsoc_syncbus_intrfc/px_rfsoc_syncbus_intrfc.cache/compile_simlib/activehdl}] -use_ip_compiled_libs -force -quiet
reset_run synth_1
launch_runs synth_1 -jobs 12
[Mon Sep  3 14:46:02 2018] Launched synth_1...
Run output will be captured here: C:/Pentek/IP/2018.2/wip/px_rfsoc_syncbus_intrfc/px_rfsoc_syncbus_intrfc.runs/synth_1/runme.log
ipx::open_ipxact_file {C:\Pentek\IP\2018.2\wip\px_rfsoc_syncbus_intrfc\component.xml}
WARNING: [IP_Flow 19-5226] Project source file 'c:/Pentek/IP/2018.2/wip/px_rfsoc_syncbus_intrfc/component.xml' ignored by IP packager.
WARNING: [IP_Flow 19-4308] Project file 'c:/Pentek/IP/2018.2/wip/px_rfsoc_syncbus_intrfc/px_rfsoc_syncbus_intrfc.srcs/sources_1/new/px_rfsoc_syncbus_intrfc_idelay.vhd' is not found in the component files. It will be added automatically when merging sources and repackaging. Please remove the file from the source project if this is not desired.
WARNING: [IP_Flow 19-3898] File Group 'xilinx_anylanguagesynthesis (Synthesis)': File 'c:/Pentek/IP/2018.2/wip/px_rfsoc_syncbus_intrfc/px_rfsoc_syncbus_intrfc.srcs/sources_1/ip/px_axil_csr_sb/px_axil_csr_sb.xci' is not found in the project sources. It will be removed from the packaged IP when the sources are merged. If still required, please add this file to the project and re-package.
WARNING: [IP_Flow 19-4308] Project file 'c:/Pentek/IP/2018.2/wip/px_rfsoc_syncbus_intrfc/px_rfsoc_syncbus_intrfc.srcs/sources_1/new/px_rfsoc_syncbus_intrfc_idelay.vhd' is not found in the component files. It will be added automatically when merging sources and repackaging. Please remove the file from the source project if this is not desired.
WARNING: [IP_Flow 19-3898] File Group 'xilinx_anylanguagebehavioralsimulation (Simulation)': File 'c:/Pentek/IP/2018.2/wip/px_rfsoc_syncbus_intrfc/px_rfsoc_syncbus_intrfc.srcs/sources_1/ip/px_axil_csr_sb/px_axil_csr_sb.xci' is not found in the project sources. It will be removed from the packaged IP when the sources are merged. If still required, please add this file to the project and re-package.
ipx::merge_project_changes hdl_parameters [ipx::current_core]
WARNING: [IP_Flow 19-5226] Project source file 'c:/Pentek/IP/2018.2/wip/px_rfsoc_syncbus_intrfc/component.xml' ignored by IP packager.
WARNING: [IP_Flow 19-4300] HDL parameter 'initial_led_src' has its value changed from '3' to '2'.
INFO: [IP_Flow 19-3166] Bus Interface 's_axi_csr': References existing memory map 's_axi_csr'.
ipgui::add_param -name {has_pin_gate_in} -component [ipx::current_core] -display_name {Has Pin Gate In} -show_label {true} -show_range {true} -widget {}
WARNING: [IP_Flow 19-4067] Ignoring invalid widget type specified .Providing a default widget
set_property display_name {Has I/O Pin Gate In} [ipgui::get_guiparamspec -name "has_pin_gate_in" -component [ipx::current_core] ]
set_property tooltip {Has I/O Pin Gate In} [ipgui::get_guiparamspec -name "has_pin_gate_in" -component [ipx::current_core] ]
set_property widget {checkBox} [ipgui::get_guiparamspec -name "has_pin_gate_in" -component [ipx::current_core] ]
ipgui::add_param -name {has_pin_sync_in} -component [ipx::current_core] -display_name {Has I/O Pin Sync In} -show_label {true} -show_range {true} -widget {}
WARNING: [IP_Flow 19-4067] Ignoring invalid widget type specified .Providing a default widget
ipgui::add_param -name {has_pin_ttl_trig_in} -component [ipx::current_core] -display_name {Has I/O Pin TTLl Trigger In} -show_label {true} -show_range {true} -widget {}
WARNING: [IP_Flow 19-4067] Ignoring invalid widget type specified .Providing a default widget
ipgui::add_param -name {has_pin_sysref_in} -component [ipx::current_core] -display_name {Has I/O Pin Sysref In} -show_label {true} -show_range {true} -widget {}
WARNING: [IP_Flow 19-4067] Ignoring invalid widget type specified .Providing a default widget
ipgui::add_param -name {has_fabric_gate_in} -component [ipx::current_core] -display_name {Has User Fabric Gate In} -show_label {true} -show_range {true} -widget {}
WARNING: [IP_Flow 19-4067] Ignoring invalid widget type specified .Providing a default widget
ipgui::add_param -name {has_fabric_sync_in} -component [ipx::current_core] -display_name {Has User Fabric Sync In} -show_label {true} -show_range {true} -widget {}
WARNING: [IP_Flow 19-4067] Ignoring invalid widget type specified .Providing a default widget
ipgui::add_param -name {has_fabric_trig_in} -component [ipx::current_core] -display_name {Has User Fabric Trig In} -show_label {true} -show_range {true} -widget {}
WARNING: [IP_Flow 19-4067] Ignoring invalid widget type specified .Providing a default widget
ipgui::add_param -name {has_fabric_sysref_in} -component [ipx::current_core] -display_name {Has User Fabric Sysref In} -show_label {true} -show_range {true} -widget {}
WARNING: [IP_Flow 19-4067] Ignoring invalid widget type specified .Providing a default widget
ipgui::add_param -name {has_pps_in} -component [ipx::current_core] -display_name {Has PPS In} -show_label {true} -show_range {true} -widget {}
WARNING: [IP_Flow 19-4067] Ignoring invalid widget type specified .Providing a default widget
ipgui::add_param -name {has_rtc_pps_in} -component [ipx::current_core] -display_name {Has RTC PPS In} -show_label {true} -show_range {true} -widget {}
WARNING: [IP_Flow 19-4067] Ignoring invalid widget type specified .Providing a default widget
set_property tooltip {From Processor RTC} [ipgui::get_guiparamspec -name "has_rtc_pps_in" -component [ipx::current_core] ]
ipgui::add_param -name {use_gate_tap_delay} -component [ipx::current_core] -display_name {Use Gate Tap Delay} -show_label {true} -show_range {true} -widget {}
WARNING: [IP_Flow 19-4067] Ignoring invalid widget type specified .Providing a default widget
ipgui::add_param -name {use_sync_tap_delay} -component [ipx::current_core] -display_name {Use Sync Tap Delay} -show_label {true} -show_range {true} -widget {}
WARNING: [IP_Flow 19-4067] Ignoring invalid widget type specified .Providing a default widget
ipgui::add_param -name {use_ttl_trig_tap_delay} -component [ipx::current_core] -display_name {Use TTL Trigger Tap Delay} -show_label {true} -show_range {true} -widget {}
WARNING: [IP_Flow 19-4067] Ignoring invalid widget type specified .Providing a default widget
ipgui::add_param -name {use_sysref_tap_delay} -component [ipx::current_core] -display_name {Use Sysref Tap Delay} -show_label {true} -show_range {true} -widget {}
WARNING: [IP_Flow 19-4067] Ignoring invalid widget type specified .Providing a default widget
ipgui::add_param -name {initial_sysref_tap_delay} -component [ipx::current_core] -display_name {Initial Sysref Tap Delay} -show_label {true} -show_range {true} -widget {}
WARNING: [IP_Flow 19-4067] Ignoring invalid widget type specified .Providing a default widget
ipgui::add_param -name {initial_sysref_int_delay} -component [ipx::current_core] -display_name {Initial Sysref Int Delay} -show_label {true} -show_range {true} -widget {}
WARNING: [IP_Flow 19-4067] Ignoring invalid widget type specified .Providing a default widget
set_property value 500.0 [ipx::get_user_parameters refclk_freq -of_objects [ipx::current_core]]
set_property value 500.0 [ipx::get_hdl_parameters refclk_freq -of_objects [ipx::current_core]]
ipgui::add_param -name {refclk_freq} -component [ipx::current_core] -display_name {Refclk Freq} -show_label {true} -show_range {true} -widget {}
WARNING: [IP_Flow 19-4067] Ignoring invalid widget type specified .Providing a default widget
set_property widget {textEdit} [ipgui::get_guiparamspec -name "refclk_freq" -component [ipx::current_core] ]
set_property value_validation_type range_float [ipx::get_user_parameters refclk_freq -of_objects [ipx::current_core]]
set_property value_validation_range_minimum 100.0 [ipx::get_user_parameters refclk_freq -of_objects [ipx::current_core]]
set_property value_validation_range_maximum 800.0 [ipx::get_user_parameters refclk_freq -of_objects [ipx::current_core]]
set_property driver_value 0 [ipx::get_ports pin_gate_in -of_objects [ipx::current_core]]
set_property enablement_dependency {spirit:decode(id('MODELPARAM_VALUE.has_pin_gate_in')) = true} [ipx::get_ports pin_gate_in -of_objects [ipx::current_core]]
set_property driver_value 0 [ipx::get_ports pin_sync_in -of_objects [ipx::current_core]]
set_property enablement_dependency spirit:decode(id('MODELPARAM_VALUE.has_pin_sync_in')) [ipx::get_ports pin_sync_in -of_objects [ipx::current_core]]
set_property driver_value 0 [ipx::get_ports pin_trig_ttl_in -of_objects [ipx::current_core]]
set_property enablement_dependency {spirit:decode(id('MODELPARAM_VALUE.has_pin_ttl_trig_in')) = true} [ipx::get_ports pin_trig_ttl_in -of_objects [ipx::current_core]]
set_property enablement_dependency {spirit:decode(id('MODELPARAM_VALUE.has_pin_sync_in')) = true} [ipx::get_ports pin_sync_in -of_objects [ipx::current_core]]
set_property driver_value 0 [ipx::get_ports pps_in -of_objects [ipx::current_core]]
set_property enablement_dependency {spirit:decode(id('MODELPARAM_VALUE.has_pps_in')) = true} [ipx::get_ports pps_in -of_objects [ipx::current_core]]
set_property driver_value 0 [ipx::get_ports rtc_pps_in -of_objects [ipx::current_core]]
set_property enablement_dependency {spirit:decode(id('MODELPARAM_VALUE.has_rtc_pps_in')) = true} [ipx::get_ports rtc_pps_in -of_objects [ipx::current_core]]
set_property driver_value 0 [ipx::get_ports pin_sysref_in -of_objects [ipx::current_core]]
set_property enablement_dependency {spirit:decode(id('MODELPARAM_VALUE.has_pin_sysref_in')) = true} [ipx::get_ports pin_sysref_in -of_objects [ipx::current_core]]
set_property driver_value 0 [ipx::get_ports sysref_ff_out -of_objects [ipx::current_core]]
set_property enablement_dependency {spirit:decode(id('MODELPARAM_VALUE.has_pin_sysref_in')) = true} [ipx::get_ports sysref_ff_out -of_objects [ipx::current_core]]
set_property driver_value 0 [ipx::get_ports user_gate_in -of_objects [ipx::current_core]]
set_property enablement_dependency {spirit:decode(id('MODELPARAM_VALUE.has_fabric_gate_in')) = true} [ipx::get_ports user_gate_in -of_objects [ipx::current_core]]
set_property driver_value 0 [ipx::get_ports user_sync_in -of_objects [ipx::current_core]]
set_property enablement_dependency {spirit:decode(id('MODELPARAM_VALUE.has_fabric_sync_in')) = true} [ipx::get_ports user_sync_in -of_objects [ipx::current_core]]
ipx::merge_project_changes hdl_parameters [ipx::current_core]
WARNING: [IP_Flow 19-5226] Project source file 'c:/Pentek/IP/2018.2/wip/px_rfsoc_syncbus_intrfc/component.xml' ignored by IP packager.
WARNING: [IP_Flow 19-4300] HDL parameter 'refclk_freq' has its value changed from '500.0' to '500'.
INFO: [IP_Flow 19-3166] Bus Interface 's_axi_csr': References existing memory map 's_axi_csr'.
ipgui::add_param -name {has_fabric_pps_in} -component [ipx::current_core] -display_name {Has User Fabric PPS In} -show_label {true} -show_range {true} -widget {}
WARNING: [IP_Flow 19-4067] Ignoring invalid widget type specified .Providing a default widget
set_property driver_value 0 [ipx::get_ports user_pps_in -of_objects [ipx::current_core]]
set_property enablement_dependency {spirit:decode(id('MODELPARAM_VALUE.has_fabric_pps_in')) = true} [ipx::get_ports user_pps_in -of_objects [ipx::current_core]]
set_property driver_value 0 [ipx::get_ports user_sysref_in -of_objects [ipx::current_core]]
set_property enablement_dependency {spirit:decode(id('MODELPARAM_VALUE.has_fabric_sysref_in')) = true} [ipx::get_ports user_sysref_in -of_objects [ipx::current_core]]
ipgui::add_group -name {Gate} -component [ipx::current_core] -parent [ipgui::get_pagespec -name "Page 0" -component [ipx::current_core] ] -display_name {Gate}
ipgui::move_group -component [ipx::current_core] -order 0 [ipgui::get_groupspec -name "Gate" -component [ipx::current_core]] -parent [ipgui::get_pagespec -name "Page 0" -component [ipx::current_core]]
ipgui::move_param -component [ipx::current_core] -order 0 [ipgui::get_guiparamspec -name "has_pin_gate_in" -component [ipx::current_core]] -parent [ipgui::get_groupspec -name "Gate" -component [ipx::current_core]]
set_property display_name {Gate} [ipgui::get_pagespec -name "Page 0" -component [ipx::current_core] ]
set_property tooltip {Gate Configuration} [ipgui::get_pagespec -name "Page 0" -component [ipx::current_core] ]
ipgui::move_param -component [ipx::current_core] -order 0 [ipgui::get_guiparamspec -name "has_pin_gate_in" -component [ipx::current_core]] -parent [ipgui::get_pagespec -name "Page 0" -component [ipx::current_core]]
ipgui::add_page -name {Sync} -component [ipx::current_core] -display_name {Sync}
set_property tooltip {Sync Configuration} [ipgui::get_pagespec -name "Sync" -component [ipx::current_core] ]
ipgui::move_page -component [ipx::current_core] -order 0 [ipgui::get_pagespec -name "Sync" -component [ipx::current_core]] -parent [ipgui::get_canvasspec -component [ipx::current_core]]
ipgui::move_page -component [ipx::current_core] -order 0 [ipgui::get_pagespec -name "Page 0" -component [ipx::current_core]] -parent [ipgui::get_canvasspec -component [ipx::current_core]]
ipgui::remove_group -component [ipx::current_core] [ipgui::get_groupspec -name "Gate" -component [ipx::current_core]]
ipgui::move_param -component [ipx::current_core] -order 0 [ipgui::get_guiparamspec -name "initial_sync_tap_delay" -component [ipx::current_core]] -parent [ipgui::get_pagespec -name "Sync" -component [ipx::current_core]]
ipgui::move_param -component [ipx::current_core] -order 1 [ipgui::get_guiparamspec -name "initial_gate_int_delay" -component [ipx::current_core]] -parent [ipgui::get_pagespec -name "Page 0" -component [ipx::current_core]]
ipgui::move_param -component [ipx::current_core] -order 3 [ipgui::get_guiparamspec -name "initial_gate_int_delay" -component [ipx::current_core]] -parent [ipgui::get_pagespec -name "Page 0" -component [ipx::current_core]]
ipgui::move_param -component [ipx::current_core] -order 4 [ipgui::get_guiparamspec -name "initial_ttl_trig_tap_delay" -component [ipx::current_core]] -parent [ipgui::get_pagespec -name "Page 0" -component [ipx::current_core]]
ipgui::move_param -component [ipx::current_core] -order 0 [ipgui::get_guiparamspec -name "initial_sync_int_delay" -component [ipx::current_core]] -parent [ipgui::get_pagespec -name "Sync" -component [ipx::current_core]]
ipgui::move_param -component [ipx::current_core] -order 0 [ipgui::get_guiparamspec -name "initial_sync_tap_delay" -component [ipx::current_core]] -parent [ipgui::get_pagespec -name "Sync" -component [ipx::current_core]]
ipgui::move_param -component [ipx::current_core] -order 4 [ipgui::get_guiparamspec -name "initial_led_src" -component [ipx::current_core]] -parent [ipgui::get_canvasspec -component [ipx::current_core]]
ipgui::move_param -component [ipx::current_core] -order 4 [ipgui::get_guiparamspec -name "led_pulse_stretch" -component [ipx::current_core]] -parent [ipgui::get_canvasspec -component [ipx::current_core]]
ipgui::move_param -component [ipx::current_core] -order 0 [ipgui::get_guiparamspec -name "has_pin_sync_in" -component [ipx::current_core]] -parent [ipgui::get_pagespec -name "Sync" -component [ipx::current_core]]
set_property display_name {Has I/O Pin TTL Trigger In} [ipgui::get_guiparamspec -name "has_pin_ttl_trig_in" -component [ipx::current_core] ]
set_property tooltip {Has I/O Pin TTL Trigger In} [ipgui::get_guiparamspec -name "has_pin_ttl_trig_in" -component [ipx::current_core] ]
set_property widget {checkBox} [ipgui::get_guiparamspec -name "has_pin_ttl_trig_in" -component [ipx::current_core] ]
set_property display_name {Initial TTL Trigger Tap Delay} [ipgui::get_guiparamspec -name "initial_ttl_trig_tap_delay" -component [ipx::current_core] ]
set_property tooltip {Initial TTL Trigger Tap Delay} [ipgui::get_guiparamspec -name "initial_ttl_trig_tap_delay" -component [ipx::current_core] ]
set_property widget {textEdit} [ipgui::get_guiparamspec -name "initial_ttl_trig_tap_delay" -component [ipx::current_core] ]
ipgui::add_page -name {PPS} -component [ipx::current_core] -display_name {PPS}
set_property tooltip {PPC Configuration} [ipgui::get_pagespec -name "PPS" -component [ipx::current_core] ]
ipgui::move_page -component [ipx::current_core] -order 3 [ipgui::get_pagespec -name "PPS" -component [ipx::current_core]] -parent [ipgui::get_pagespec -name "Page 0" -component [ipx::current_core]]
ipgui::move_page -component [ipx::current_core] -order 3 [ipgui::get_pagespec -name "PPS" -component [ipx::current_core]] -parent [ipgui::get_canvasspec -component [ipx::current_core]]
ipgui::move_param -component [ipx::current_core] -order 1 [ipgui::get_guiparamspec -name "has_fabric_gate_in" -component [ipx::current_core]] -parent [ipgui::get_pagespec -name "Page 0" -component [ipx::current_core]]
ipgui::move_param -component [ipx::current_core] -order 1 [ipgui::get_guiparamspec -name "has_fabric_sync_in" -component [ipx::current_core]] -parent [ipgui::get_pagespec -name "Sync" -component [ipx::current_core]]
ipgui::move_param -component [ipx::current_core] -order 4 [ipgui::get_guiparamspec -name "has_fabric_trig_in" -component [ipx::current_core]] -parent [ipgui::get_pagespec -name "Page 0" -component [ipx::current_core]]
ipgui::move_param -component [ipx::current_core] -order 4 [ipgui::get_guiparamspec -name "has_pin_ttl_trig_in" -component [ipx::current_core]] -parent [ipgui::get_pagespec -name "Page 0" -component [ipx::current_core]]
ipgui::move_text -component [ipx::current_core] -order 5 [ipgui::get_textspec -name "txt1" -component [ipx::current_core]] -parent [ipgui::get_canvasspec -component [ipx::current_core]]
ipgui::move_param -component [ipx::current_core] -order 0 [ipgui::get_guiparamspec -name "has_pps_in" -component [ipx::current_core]] -parent [ipgui::get_pagespec -name "PPS" -component [ipx::current_core]]
ipgui::move_param -component [ipx::current_core] -order 0 [ipgui::get_guiparamspec -name "has_rtc_pps_in" -component [ipx::current_core]] -parent [ipgui::get_pagespec -name "PPS" -component [ipx::current_core]]
ipgui::move_param -component [ipx::current_core] -order 0 [ipgui::get_guiparamspec -name "has_pps_in" -component [ipx::current_core]] -parent [ipgui::get_pagespec -name "PPS" -component [ipx::current_core]]
ipgui::move_param -component [ipx::current_core] -order 1 [ipgui::get_guiparamspec -name "has_fabric_pps_in" -component [ipx::current_core]] -parent [ipgui::get_pagespec -name "PPS" -component [ipx::current_core]]
ipgui::move_param -component [ipx::current_core] -order 2 [ipgui::get_guiparamspec -name "has_fabric_pps_in" -component [ipx::current_core]] -parent [ipgui::get_pagespec -name "PPS" -component [ipx::current_core]]
ipgui::add_page -name {Sysref} -component [ipx::current_core] -display_name {Sysref}
set_property tooltip {Sysref Configuration} [ipgui::get_pagespec -name "Sysref" -component [ipx::current_core] ]
ipgui::move_page -component [ipx::current_core] -order 4 [ipgui::get_pagespec -name "Sysref" -component [ipx::current_core]] -parent [ipgui::get_canvasspec -component [ipx::current_core]]
ipgui::move_param -component [ipx::current_core] -order 0 [ipgui::get_guiparamspec -name "Component_Name" -component [ipx::current_core]] -parent [ipgui::get_canvasspec -component [ipx::current_core]]
ipgui::move_param -component [ipx::current_core] -order 0 [ipgui::get_guiparamspec -name "has_pin_sysref_in" -component [ipx::current_core]] -parent [ipgui::get_pagespec -name "Sysref" -component [ipx::current_core]]
ipgui::move_param -component [ipx::current_core] -order 0 [ipgui::get_guiparamspec -name "has_fabric_sysref_in" -component [ipx::current_core]] -parent [ipgui::get_pagespec -name "Sysref" -component [ipx::current_core]]
ipgui::move_param -component [ipx::current_core] -order 1 [ipgui::get_guiparamspec -name "has_fabric_sysref_in" -component [ipx::current_core]] -parent [ipgui::get_pagespec -name "Sysref" -component [ipx::current_core]]
ipgui::move_param -component [ipx::current_core] -order 2 [ipgui::get_guiparamspec -name "use_gate_tap_delay" -component [ipx::current_core]] -parent [ipgui::get_pagespec -name "Page 0" -component [ipx::current_core]]
ipgui::move_param -component [ipx::current_core] -order 2 [ipgui::get_guiparamspec -name "use_sync_tap_delay" -component [ipx::current_core]] -parent [ipgui::get_pagespec -name "Sync" -component [ipx::current_core]]
ipgui::move_param -component [ipx::current_core] -order 7 [ipgui::get_guiparamspec -name "use_ttl_trig_tap_delay" -component [ipx::current_core]] -parent [ipgui::get_pagespec -name "Page 0" -component [ipx::current_core]]
ipgui::move_param -component [ipx::current_core] -order 1 [ipgui::get_guiparamspec -name "use_sysref_tap_delay" -component [ipx::current_core]] -parent [ipgui::get_pagespec -name "Sysref" -component [ipx::current_core]]
ipgui::move_param -component [ipx::current_core] -order 2 [ipgui::get_guiparamspec -name "use_sysref_tap_delay" -component [ipx::current_core]] -parent [ipgui::get_pagespec -name "Sysref" -component [ipx::current_core]]
ipgui::move_param -component [ipx::current_core] -order 2 [ipgui::get_guiparamspec -name "initial_sysref_tap_delay" -component [ipx::current_core]] -parent [ipgui::get_pagespec -name "Sysref" -component [ipx::current_core]]
ipgui::move_param -component [ipx::current_core] -order 1 [ipgui::get_guiparamspec -name "use_sysref_tap_delay" -component [ipx::current_core]] -parent [ipgui::get_pagespec -name "Sysref" -component [ipx::current_core]]
ipgui::move_param -component [ipx::current_core] -order 3 [ipgui::get_guiparamspec -name "use_sysref_tap_delay" -component [ipx::current_core]] -parent [ipgui::get_pagespec -name "Sysref" -component [ipx::current_core]]
ipgui::move_param -component [ipx::current_core] -order 2 [ipgui::get_guiparamspec -name "use_sysref_tap_delay" -component [ipx::current_core]] -parent [ipgui::get_pagespec -name "Sysref" -component [ipx::current_core]]
ipgui::move_param -component [ipx::current_core] -order 3 [ipgui::get_guiparamspec -name "initial_sysref_int_delay" -component [ipx::current_core]] -parent [ipgui::get_pagespec -name "Sysref" -component [ipx::current_core]]
ipgui::move_param -component [ipx::current_core] -order 4 [ipgui::get_guiparamspec -name "initial_sysref_int_delay" -component [ipx::current_core]] -parent [ipgui::get_pagespec -name "Sysref" -component [ipx::current_core]]
ipgui::move_param -component [ipx::current_core] -order 0 [ipgui::get_guiparamspec -name "refclk_freq" -component [ipx::current_core]] -parent [ipgui::get_canvasspec -component [ipx::current_core]]
ipgui::move_param -component [ipx::current_core] -order 1 [ipgui::get_guiparamspec -name "refclk_freq" -component [ipx::current_core]] -parent [ipgui::get_canvasspec -component [ipx::current_core]]
ipgui::add_page -name {LED} -component [ipx::current_core] -display_name {LED}
set_property tooltip {LED Configuration} [ipgui::get_pagespec -name "LED" -component [ipx::current_core] ]
set_property display_name {Initial LED Source} [ipgui::get_guiparamspec -name "initial_led_src" -component [ipx::current_core] ]
set_property tooltip {Initial LED Source} [ipgui::get_guiparamspec -name "initial_led_src" -component [ipx::current_core] ]
set_property widget {textEdit} [ipgui::get_guiparamspec -name "initial_led_src" -component [ipx::current_core] ]
ipgui::move_param -component [ipx::current_core] -order 0 [ipgui::get_guiparamspec -name "initial_led_src" -component [ipx::current_core]] -parent [ipgui::get_pagespec -name "LED" -component [ipx::current_core]]
ipgui::move_param -component [ipx::current_core] -order 0 [ipgui::get_guiparamspec -name "led_pulse_stretch" -component [ipx::current_core]] -parent [ipgui::get_pagespec -name "LED" -component [ipx::current_core]]
ipgui::move_param -component [ipx::current_core] -order 0 [ipgui::get_guiparamspec -name "initial_led_src" -component [ipx::current_core]] -parent [ipgui::get_pagespec -name "LED" -component [ipx::current_core]]
ipgui::move_text -component [ipx::current_core] -order 0 [ipgui::get_textspec -name "txt1" -component [ipx::current_core]] -parent [ipgui::get_pagespec -name "LED" -component [ipx::current_core]]
set_property core_revision 8 [ipx::current_core]
ipx::create_xgui_files [ipx::current_core]
ipx::update_checksums [ipx::current_core]
ipx::save_core [ipx::current_core]
set_property text {0 - Gate
1 - Sync
2 - PPS
3 -  Sysref} [ipgui::get_textspec -name "txt1" -component [ipx::current_core] ]
set_property tooltip {} [ipgui::get_textspec -name "txt1" -component [ipx::current_core] ]
ipx::merge_project_changes ports [ipx::current_core]
WARNING: [IP_Flow 19-5226] Project source file 'c:/Pentek/IP/2018.2/wip/px_rfsoc_syncbus_intrfc/component.xml' ignored by IP packager.
INFO: [IP_Flow 19-3166] Bus Interface 's_axi_csr': References existing memory map 's_axi_csr'.
ipx::merge_project_changes files [ipx::current_core]
WARNING: [IP_Flow 19-5226] Project source file 'c:/Pentek/IP/2018.2/wip/px_rfsoc_syncbus_intrfc/component.xml' ignored by IP packager.
set_property core_revision 9 [ipx::current_core]
ipx::create_xgui_files [ipx::current_core]
ipx::update_checksums [ipx::current_core]
ipx::save_core [ipx::current_core]
ipx::merge_project_changes ports [ipx::current_core]
WARNING: [IP_Flow 19-5226] Project source file 'c:/Pentek/IP/2018.2/wip/px_rfsoc_syncbus_intrfc/component.xml' ignored by IP packager.
INFO: [IP_Flow 19-3166] Bus Interface 's_axi_csr': References existing memory map 's_axi_csr'.
ipx::merge_project_changes hdl_parameters [ipx::current_core]
WARNING: [IP_Flow 19-5226] Project source file 'c:/Pentek/IP/2018.2/wip/px_rfsoc_syncbus_intrfc/component.xml' ignored by IP packager.
INFO: [IP_Flow 19-3166] Bus Interface 's_axi_csr': References existing memory map 's_axi_csr'.
set_property core_revision 10 [ipx::current_core]
ipx::create_xgui_files [ipx::current_core]
ipx::update_checksums [ipx::current_core]
ipx::save_core [ipx::current_core]
ipx::merge_project_changes hdl_parameters [ipx::current_core]
WARNING: [IP_Flow 19-5226] Project source file 'c:/Pentek/IP/2018.2/wip/px_rfsoc_syncbus_intrfc/component.xml' ignored by IP packager.
INFO: [IP_Flow 19-3166] Bus Interface 's_axi_csr': References existing memory map 's_axi_csr'.
set_property core_revision 11 [ipx::current_core]
ipx::create_xgui_files [ipx::current_core]
ipx::update_checksums [ipx::current_core]
ipx::save_core [ipx::current_core]
reset_run synth_1
launch_runs synth_1 -jobs 12
[Mon Sep  3 16:27:55 2018] Launched synth_1...
Run output will be captured here: C:/Pentek/IP/2018.2/wip/px_rfsoc_syncbus_intrfc/px_rfsoc_syncbus_intrfc.runs/synth_1/runme.log
exit
INFO: [Common 17-206] Exiting Vivado at Mon Sep  3 16:38:46 2018...
