#-----------------------------------------------------------
# Vivado v2017.3 (64-bit)
# SW Build 2018833 on Wed Oct  4 19:58:22 MDT 2017
# IP Build 2016188 on Wed Oct  4 21:52:56 MDT 2017
# Start of session at: Mon Apr  2 11:02:43 2018
# Process ID: 10788
# Current directory: C:/pentek/ip/2017.3/pentek/ip/px_lmx2594rhaintrfc
# Command line: vivado.exe -gui_launcher_event rodinguilauncherevent4100 C:\pentek\ip\2017.3\pentek\ip\px_lmx2594rhaintrfc\px_lmx2594rhaintrfc.xpr
# Log file: C:/pentek/ip/2017.3/pentek/ip/px_lmx2594rhaintrfc/vivado.log
# Journal file: C:/pentek/ip/2017.3/pentek/ip/px_lmx2594rhaintrfc\vivado.jou
#-----------------------------------------------------------
INFO: [Common 17-1460] Use of init.tcl in C:/Users/Germain/AppData/Roaming/Xilinx/Vivado/init.tcl is deprecated. Please use Vivado_init.tcl 
Sourcing tcl script 'C:/Users/Germain/AppData/Roaming/Xilinx/Vivado/init.tcl'
start_gui
open_project C:/pentek/ip/2017.3/pentek/ip/px_lmx2594rhaintrfc/px_lmx2594rhaintrfc.xpr
INFO: [Project 1-313] Project file moved from 'C:/pentek/ip/2017.2/pentek/ip/px_lmx2594rhaintrfc' since last save.
Scanning sources...
Finished scanning sources
INFO: [filemgmt 56-1] IP Repository Path: Directory not found as 'C:/pentek/ip/2017.3/wip'; using path 'C:/pentek/ip/2017.2/wip' instead.
INFO: [IP_Flow 19-234] Refreshing IP repositories
INFO: [IP_Flow 19-1700] Loaded user IP repository 'c:/pentek/ip/2017.2/wip'.
INFO: [IP_Flow 19-1700] Loaded user IP repository 'c:/pentek/ip/2017.3/pentek/ip'.
WARNING: [IP_Flow 19-3656] If you move the project, the path for repository 'c:/pentek/ip/2017.3/pentek/ip' may become invalid. A better location for the repository would be in a path adjacent to the project. (Current project location is 'c:/pentek/ip/2017.3/pentek/ip/px_lmx2594rhaintrfc'.)
INFO: [IP_Flow 19-2313] Loaded Vivado IP repository 'C:/Xilinx/Vivado/2017.3/data/ip'.
WARNING: [IP_Flow 19-2162] IP 'px_lmx2594rha_csr' is locked:
* IP definition 'px_axil_csr_v1_0 (1.0)' for IP 'px_lmx2594rha_csr' (customized with software release 2017.2) has a different revision in the IP Catalog.
Please select 'Report IP Status' from the 'Tools/Report' menu or run Tcl command 'report_ip_status' for more information.
WARNING: [IP_Flow 19-2162] IP 'px_lmx2594rh_spi' is locked:
* IP definition 'px_serial_int_v1_0 (1.0)' for IP 'px_lmx2594rh_spi' (customized with software release 2017.2) has a different revision in the IP Catalog.
Please select 'Report IP Status' from the 'Tools/Report' menu or run Tcl command 'report_ip_status' for more information.
INFO: [Project 1-230] Project 'px_lmx2594rhaintrfc.xpr' upgraded for this version of Vivado.
open_project: Time (s): cpu = 00:00:17 ; elapsed = 00:00:15 . Memory (MB): peak = 834.328 ; gain = 106.176
update_compile_order -fileset sources_1
report_ip_status -name ip_status 
upgrade_ip -srcset px_lmx2594rh_spi [get_ips  {px_lmx2594rh_spi px_lmx2594rha_csr}] -log ip_upgrade.log
Upgrading 'px_lmx2594rh_spi'
INFO: [Project 1-386] Moving file 'C:/pentek/ip/2017.3/pentek/ip/px_lmx2594rhaintrfc/px_lmx2594rhaintrfc.srcs/sources_1/ip/px_lmx2594rh_spi/px_lmx2594rh_spi.xci' from fileset 'px_lmx2594rh_spi' to fileset 'sources_1'.
INFO: [IP_Flow 19-3422] Upgraded px_lmx2594rh_spi (px_serial_int_v1_0 1.0) from revision 7 to revision 11
INFO: [IP_Flow 19-1686] Generating 'Instantiation Template' target for IP 'px_lmx2594rh_spi'...
Upgrading 'px_lmx2594rha_csr'
INFO: [Project 1-386] Moving file 'C:/pentek/ip/2017.3/pentek/ip/px_lmx2594rhaintrfc/px_lmx2594rhaintrfc.srcs/sources_1/ip/px_lmx2594rha_csr/px_lmx2594rha_csr.xci' from fileset 'px_lmx2594rha_csr' to fileset 'sources_1'.
INFO: [IP_Flow 19-3422] Upgraded px_lmx2594rha_csr (px_axil_csr_v1_0 1.0) from revision 18 to revision 19
INFO: [IP_Flow 19-1686] Generating 'Instantiation Template' target for IP 'px_lmx2594rha_csr'...
INFO: [Coretcl 2-1525] Wrote upgrade log to 'C:/pentek/ip/2017.3/pentek/ip/px_lmx2594rhaintrfc/ip_upgrade.log'.
export_ip_user_files -of_objects [get_ips {px_lmx2594rh_spi px_lmx2594rha_csr}] -no_script -sync -force -quiet
update_compile_order -fileset sources_1
report_ip_status -name ip_status 
launch_runs synth_1 -jobs 6
INFO: [IP_Flow 19-1686] Generating 'Synthesis' target for IP 'px_lmx2594rh_spi'...
INFO: [IP_Flow 19-234] Refreshing IP repositories
INFO: [IP_Flow 19-1700] Loaded user IP repository 'c:/pentek/ip/2017.2/wip'.
INFO: [IP_Flow 19-1700] Loaded user IP repository 'c:/pentek/ip/2017.3/pentek/ip'.
WARNING: [IP_Flow 19-3656] If you move the project, the path for repository 'c:/pentek/ip/2017.3/pentek/ip' may become invalid. A better location for the repository would be in a path adjacent to the project. (Current project location is 'c:/pentek/ip/2017.3/pentek/ip/px_lmx2594rhaintrfc'.)
INFO: [IP_Flow 19-1686] Generating 'Synthesis' target for IP 'px_lmx2594rha_csr'...
[Mon Apr  2 11:07:32 2018] Launched px_lmx2594rh_spi_synth_1, px_lmx2594rha_csr_synth_1...
Run output will be captured here:
px_lmx2594rh_spi_synth_1: C:/pentek/ip/2017.3/pentek/ip/px_lmx2594rhaintrfc/px_lmx2594rhaintrfc.runs/px_lmx2594rh_spi_synth_1/runme.log
px_lmx2594rha_csr_synth_1: C:/pentek/ip/2017.3/pentek/ip/px_lmx2594rhaintrfc/px_lmx2594rhaintrfc.runs/px_lmx2594rha_csr_synth_1/runme.log
[Mon Apr  2 11:07:32 2018] Launched synth_1...
Run output will be captured here: C:/pentek/ip/2017.3/pentek/ip/px_lmx2594rhaintrfc/px_lmx2594rhaintrfc.runs/synth_1/runme.log
set_property  ip_repo_paths  c:/pentek/ip/2017.3/pentek/ip [current_project]
update_ip_catalog
INFO: [IP_Flow 19-234] Refreshing IP repositories
INFO: [IP_Flow 19-1700] Loaded user IP repository 'c:/pentek/ip/2017.3/pentek/ip'.
WARNING: [IP_Flow 19-3656] If you move the project, the path for repository 'c:/pentek/ip/2017.3/pentek/ip' may become invalid. A better location for the repository would be in a path adjacent to the project. (Current project location is 'c:/pentek/ip/2017.3/pentek/ip/px_lmx2594rhaintrfc'.)
report_ip_status -name ip_status 
upgrade_ip -srcset px_lmx2594rh_spi -vlnv pentek.com:px_ip:px_serial_int:1.0 [get_ips  px_lmx2594rh_spi] -log ip_upgrade.log
Upgrading 'px_lmx2594rh_spi'
INFO: [Project 1-386] Moving file 'C:/pentek/ip/2017.3/pentek/ip/px_lmx2594rhaintrfc/px_lmx2594rhaintrfc.srcs/sources_1/ip/px_lmx2594rh_spi/px_lmx2594rh_spi.xci' from fileset 'px_lmx2594rh_spi' to fileset 'sources_1'.
INFO: [IP_Flow 19-1972] Upgraded px_lmx2594rh_spi from px_serial_int_v1_0 1.0 to px_serial_int_v1_0 1.0
INFO: [IP_Flow 19-1686] Generating 'Instantiation Template' target for IP 'px_lmx2594rh_spi'...
INFO: [Coretcl 2-1525] Wrote upgrade log to 'C:/pentek/ip/2017.3/pentek/ip/px_lmx2594rhaintrfc/ip_upgrade.log'.
export_ip_user_files -of_objects [get_ips px_lmx2594rh_spi] -no_script -sync -force -quiet
report_ip_status -name ip_status 
update_compile_order -fileset sources_1
reset_run synth_1
launch_runs synth_1 -jobs 6
INFO: [IP_Flow 19-1686] Generating 'Synthesis' target for IP 'px_lmx2594rh_spi'...
[Mon Apr  2 11:19:38 2018] Launched px_lmx2594rh_spi_synth_1...
Run output will be captured here: C:/pentek/ip/2017.3/pentek/ip/px_lmx2594rhaintrfc/px_lmx2594rhaintrfc.runs/px_lmx2594rh_spi_synth_1/runme.log
[Mon Apr  2 11:19:38 2018] Launched synth_1...
Run output will be captured here: C:/pentek/ip/2017.3/pentek/ip/px_lmx2594rhaintrfc/px_lmx2594rhaintrfc.runs/synth_1/runme.log
ipx::package_project -root_dir c:/pentek/ip/2017.3/pentek/ip/px_lmx2594rhaintrfc/px_lmx2594rhaintrfc.srcs -vendor xilinx.com -library user -taxonomy /UserIP
INFO: [IP_Flow 19-5107] Inferred bus interface 's_axi_csr_aclk' of definition 'xilinx.com:signal:clock:1.0' (from 'X_INTERFACE_INFO' attribute).
INFO: [IP_Flow 19-4728] Bus Interface 's_axi_csr_aclk': Added interface parameter 'ASSOCIATED_BUSIF' with value 's_axi_csr'.
INFO: [IP_Flow 19-4728] Bus Interface 's_axi_csr_aclk': Added interface parameter 'ASSOCIATED_RESET' with value 's_axi_csr_aresetn'.
INFO: [IP_Flow 19-5107] Inferred bus interface 's_axi_csr' of definition 'xilinx.com:interface:aximm:1.0' (from Xilinx Repository).
INFO: [IP_Flow 19-4753] Inferred signal 'reset' from port 's_axi_csr_aresetn' as interface 's_axi_csr_aresetn'.
INFO: [IP_Flow 19-4728] Bus Interface 's_axi_csr_aresetn': Added interface parameter 'POLARITY' with value 'ACTIVE_LOW'.
set_property vendor pentek.com [ipx::current_core]
set_property library px_ip [ipx::current_core]
set_property description {IP Core for LMX2594rha SPI Interface} [ipx::current_core]
set_property vendor_display_name {Pentek, Inc} [ipx::current_core]
set_property company_url http://www.pentek.com [ipx::current_core]
set_property taxonomy /PentekIP [ipx::current_core]
set_property supported_families {kintexu Production} [ipx::current_core]
ipx::add_file_group -type version_info {} [ipx::current_core]
ipx::add_file_group -type product_guide {} [ipx::current_core]
ipx::add_file C:/pentek/ip/2017.3/pentek/ip/px_lmx2594rhaintrfc/px_lmx2594rhaintrfc.srcs/doc/px_lmx2594rhaintrfc.pdf [ipx::get_file_groups xilinx_versioninformation -of_objects [ipx::current_core]]
set_property type pdf [ipx::get_files C:/pentek/ip/2017.3/pentek/ip/px_lmx2594rhaintrfc/px_lmx2594rhaintrfc.srcs/doc/px_lmx2594rhaintrfc.pdf -of_objects [ipx::get_file_groups xilinx_versioninformation -of_objects [ipx::current_core]]]
ipx::add_file C:/pentek/ip/2017.3/pentek/ip/px_lmx2594rhaintrfc/px_lmx2594rhaintrfc.srcs/doc/px_lmx2594rhaintrfc.pdf [ipx::get_file_groups xilinx_anylanguagebehavioralsimulation -of_objects [ipx::current_core]]
ipx::add_file C:/pentek/ip/2017.3/pentek/ip/px_lmx2594rhaintrfc/px_lmx2594rhaintrfc.srcs/doc/px_lmx2594rhaintrfc.pdf [ipx::get_file_groups xilinx_productguide -of_objects [ipx::current_core]]
ipx::remove_file C:/pentek/ip/2017.3/pentek/ip/px_lmx2594rhaintrfc/px_lmx2594rhaintrfc.srcs/doc/px_lmx2594rhaintrfc.pdf [ipx::get_file_groups xilinx_anylanguagebehavioralsimulation -of_objects [ipx::current_core]]
set_property name doc/px_lmx2594rhaintrfc.pdf [ipx::get_files C:/pentek/ip/2017.3/pentek/ip/px_lmx2594rhaintrfc/px_lmx2594rhaintrfc.srcs/doc/px_lmx2594rhaintrfc.pdf -of_objects [ipx::get_file_groups xilinx_productguide -of_objects [ipx::current_core]]]
set_property name doc/px_lmx2594rhaintrfc_changelog.txt [ipx::get_files C:/pentek/ip/2017.3/pentek/ip/px_lmx2594rhaintrfc/px_lmx2594rhaintrfc.srcs/doc/px_lmx2594rhaintrfc.pdf -of_objects [ipx::get_file_groups xilinx_versioninformation -of_objects [ipx::current_core]]]
ipx::update_checksums [ipx::current_core]
ipx::save_core [ipx::current_core]
set_property core_revision 2 [ipx::current_core]
ipx::create_xgui_files [ipx::current_core]
ipx::update_checksums [ipx::current_core]
ipx::save_core [ipx::current_core]
update_ip_catalog -rebuild -repo_path c:/pentek/ip/2017.3/pentek/ip
INFO: [IP_Flow 19-725] Reloaded user IP repository 'c:/pentek/ip/2017.3/pentek/ip'
CRITICAL WARNING: [IP_Flow 19-1663] Duplicate IP found for 'pentek.com:px_ip:px_lmx2594rhaintrfc:1.0'. The one found in IP location 'c:/pentek/ip/2017.3/pentek/ip/px_lmx2594rhaintrfc/px_lmx2594rhaintrfc.srcs/sources_1' will take precedence over the same IP in location c:/pentek/ip/2017.3/pentek/ip/px_lmx2594rhaintrfc/px_lmx2594rhaintrfc.srcs
set_property core_revision 3 [ipx::current_core]
ipx::create_xgui_files [ipx::current_core]
ipx::update_checksums [ipx::current_core]
ipx::save_core [ipx::current_core]
update_ip_catalog -rebuild -repo_path c:/pentek/ip/2017.3/pentek/ip
INFO: [IP_Flow 19-725] Reloaded user IP repository 'c:/pentek/ip/2017.3/pentek/ip'
CRITICAL WARNING: [IP_Flow 19-1663] Duplicate IP found for 'pentek.com:px_ip:px_lmx2594rhaintrfc:1.0'. The one found in IP location 'c:/pentek/ip/2017.3/pentek/ip/px_lmx2594rhaintrfc/px_lmx2594rhaintrfc.srcs/sources_1' will take precedence over the same IP in location c:/pentek/ip/2017.3/pentek/ip/px_lmx2594rhaintrfc/px_lmx2594rhaintrfc.srcs
set_property core_revision 4 [ipx::current_core]
ipx::create_xgui_files [ipx::current_core]
ipx::update_checksums [ipx::current_core]
ipx::save_core [ipx::current_core]
update_ip_catalog -rebuild -repo_path c:/pentek/ip/2017.3/pentek/ip
INFO: [IP_Flow 19-725] Reloaded user IP repository 'c:/pentek/ip/2017.3/pentek/ip'
exit
INFO: [Common 17-206] Exiting Vivado at Mon Apr  2 11:38:29 2018...
