#-----------------------------------------------------------
# Vivado v2016.2 (64-bit)
# SW Build 1577090 on Thu Jun  2 16:32:40 MDT 2016
# IP Build 1577682 on Fri Jun  3 12:00:54 MDT 2016
# Start of session at: Thu Jun 09 10:13:23 2016
# Process ID: 9988
# Current directory: C:/Xilinx/Vivado/2016.2/data/ip/pentek/ip/px_axil2cdc
# Command line: vivado.exe -gui_launcher_event rodinguilauncherevent6804 C:\Xilinx\Vivado\2016.2\data\ip\pentek\ip\px_axil2cdc\px_axil2cdc.xpr
# Log file: C:/Xilinx/Vivado/2016.2/data/ip/pentek/ip/px_axil2cdc/vivado.log
# Journal file: C:/Xilinx/Vivado/2016.2/data/ip/pentek/ip/px_axil2cdc\vivado.jou
#-----------------------------------------------------------
start_gui
open_project C:/Xilinx/Vivado/2016.2/data/ip/pentek/ip/px_axil2cdc/px_axil2cdc.xpr
INFO: [Project 1-313] Project file moved from 'C:/Xilinx/Vivado/2016.1/data/ip/pentek/ip/px_axil2cdc' since last save.
Scanning sources...
Finished scanning sources
INFO: [Project 1-230] Project 'px_axil2cdc.xpr' upgraded for this version of Vivado.
INFO: [IP_Flow 19-234] Refreshing IP repositories
INFO: [IP_Flow 19-1700] Loaded user IP repository 'c:/Xilinx/Vivado/2016.2/data/ip/pentek/ip'.
WARNING: [IP_Flow 19-3656] If you move the project, the path for repository 'c:/Xilinx/Vivado/2016.2/data/ip/pentek/ip' may become invalid. A better location for the repostory would be in a path adjacent to the project. (Current project location is 'c:/Xilinx/Vivado/2016.2/data/ip/pentek/ip/px_axil2cdc'.)
INFO: [IP_Flow 19-1700] Loaded user IP repository 'c:/Xilinx/Vivado/2016.2/data/ip/pentek/interface'.
INFO: [IP_Flow 19-2313] Loaded Vivado IP repository 'C:/Xilinx/Vivado/2016.2/data/ip'.
WARNING: [IP_Flow 19-2162] IP 'px_axil_csr_0' is locked:
* IP definition 'px_axil_csr_v1_0 (1.0)' for IP 'px_axil_csr_0' has a different revision in the IP Catalog.
Please select 'Report IP Status' from the 'Tools/Report' menu or run Tcl command 'report_ip_status' for more information.
open_project: Time (s): cpu = 00:00:14 ; elapsed = 00:00:08 . Memory (MB): peak = 913.617 ; gain = 228.969
update_compile_order -fileset sources_1
report_ip_status -name ip_status 
export_ip_user_files -of_objects [get_ips  px_axil_csr_0] -no_script -reset -quiet
upgrade_ip -vlnv pentek.com:px_ip:px_axil_csr:1.0 [get_ips  px_axil_csr_0] -log ip_upgrade.log
Upgrading 'px_axil_csr_0'
INFO: [IP_Flow 19-3422] Upgraded px_axil_csr_0 (px_axil_csr_v1_0 1.0) from revision 9 to revision 10
INFO: [IP_Flow 19-1686] Generating 'Instantiation Template' target for IP 'px_axil_csr_0'...
INFO: [Coretcl 2-1525] Wrote upgrade log to 'C:/Xilinx/Vivado/2016.2/data/ip/pentek/ip/px_axil2cdc/ip_upgrade.log'.
report_ip_status -name ip_status 
ipx::open_ipxact_file {C:\Xilinx\Vivado\2016.2\data\ip\pentek\ip\px_axil2cdc\px_axil2cdc.srcs\component.xml}
set_property core_revision 23 [ipx::current_core]
ipx::create_xgui_files [ipx::current_core]
ipx::update_checksums [ipx::current_core]
ipx::save_core [ipx::current_core]
update_ip_catalog -rebuild -repo_path c:/Xilinx/Vivado/2016.2/data/ip/pentek/ip
INFO: [IP_Flow 19-725] Reloaded user IP repository 'c:/Xilinx/Vivado/2016.2/data/ip/pentek/ip'
exit
INFO: [Common 17-206] Exiting Vivado at Thu Jun 09 10:14:52 2016...
