#-----------------------------------------------------------
# Vivado v2018.1 (64-bit)
# SW Build 2188600 on Wed Apr  4 18:40:38 MDT 2018
# IP Build 2185939 on Wed Apr  4 20:55:05 MDT 2018
# Start of session at: Sat Apr 28 14:49:31 2018
# Process ID: 3628
# Current directory: C:/Pentek/IP/2018.1/pentek/ip/px_serial_int
# Command line: vivado.exe -gui_launcher_event rodinguilauncherevent3848 C:\Pentek\IP\2018.1\pentek\ip\px_serial_int\px_serial_int.xpr
# Log file: C:/Pentek/IP/2018.1/pentek/ip/px_serial_int/vivado.log
# Journal file: C:/Pentek/IP/2018.1/pentek/ip/px_serial_int\vivado.jou
#-----------------------------------------------------------
Sourcing tcl script 'C:/Users/Rich/AppData/Roaming/Xilinx/Vivado/Vivado_init.tcl'
61 Beta devices matching pattern found, 61 enabled.
start_gui
open_project C:/Pentek/IP/2018.1/pentek/ip/px_serial_int/px_serial_int.xpr
INFO: [Project 1-313] Project file moved from 'C:/pentek/ip/2017.3/pentek/ip/px_serial_int' since last save.
Scanning sources...
Finished scanning sources
WARNING: [Project 1-509] GeneratedRun file for 'synth_1' not found
WARNING: [filemgmt 56-2] IPUserFilesDir: Could not find the directory 'C:/Pentek/IP/2018.1/pentek/ip/px_serial_int/px_serial_int.ip_user_files', nor could it be found using path 'C:/pentek/ip/2017.3/pentek/ip/px_serial_int/px_serial_int.ip_user_files'.
INFO: [Project 1-230] Project 'px_serial_int.xpr' upgraded for this version of Vivado.
INFO: [IP_Flow 19-234] Refreshing IP repositories
INFO: [IP_Flow 19-1700] Loaded user IP repository 'c:/Pentek/IP/2018.1/pentek/ip/px_serial_int/px_serial_int.srcs'.
INFO: [IP_Flow 19-1700] Loaded user IP repository 'c:/Pentek/IP/2017.2/pentek/ip'.
INFO: [IP_Flow 19-2313] Loaded Vivado IP repository 'C:/Xilinx/Vivado/2018.1/data/ip'.
open_project: Time (s): cpu = 00:00:10 ; elapsed = 00:00:07 . Memory (MB): peak = 901.578 ; gain = 82.887
update_compile_order -fileset sources_1
ipx::open_ipxact_file {C:\Pentek\IP\2018.1\pentek\ip\px_serial_int\px_serial_int.srcs\component.xml}
WARNING: [IP_Flow 19-5226] Project source file 'c:/Pentek/IP/2018.1/pentek/ip/px_serial_int/px_serial_int.srcs/component.xml' ignored by IP packager.
set_property supported_families {kintexu Production kintexuplus Beta virtexuplus Beta zynquplusRFSOC Beta zynquplus Beta} [ipx::current_core]
WARNING: [IP_Flow 19-4623] Unrecognized family  zynquplusRFSOC.  Please verify spelling and reissue command to set the supported files.
set_property supported_families {kintexuplus Production zynquplusRFSOC Beta kintexu Production kintexuplus Beta virtexuplus Beta zynquplusRFSOC Beta zynquplus Beta} [ipx::current_core]
WARNING: [IP_Flow 19-4623] Unrecognized family  zynquplusRFSOC.  Please verify spelling and reissue command to set the supported files.
WARNING: [IP_Flow 19-4623] Unrecognized family  zynquplusRFSOC.  Please verify spelling and reissue command to set the supported files.
set_property supported_families {zynquplusRFSOC Beta kintexuplus Production zynquplusRFSOC Beta kintexuplus Production zynquplusRFSOC Beta kintexu Production virtexuplus Beta zynquplus Beta} [ipx::current_core]
WARNING: [IP_Flow 19-4623] Unrecognized family  zynquplusRFSOC.  Please verify spelling and reissue command to set the supported files.
WARNING: [IP_Flow 19-4623] Unrecognized family  zynquplusRFSOC.  Please verify spelling and reissue command to set the supported files.
WARNING: [IP_Flow 19-4623] Unrecognized family  zynquplusRFSOC.  Please verify spelling and reissue command to set the supported files.
set_property supported_families {kintexuplus Production kintexuplus Production kintexu Production zynquplus Production zynquplusRFSOC Beta kintexuplus Production kintexu Production virtexuplus Beta zynquplus Beta} [ipx::current_core]
WARNING: [IP_Flow 19-4623] Unrecognized family  zynquplusRFSOC.  Please verify spelling and reissue command to set the supported files.
set_property supported_families {kintexuplus Production zynquplus Production kintexuplus Production virtexuplus Production kintexuplus Production kintexu Production zynquplus Production zynquplusRFSOC Beta virtexuplus Beta} [ipx::current_core]
WARNING: [IP_Flow 19-4623] Unrecognized family  zynquplusRFSOC.  Please verify spelling and reissue command to set the supported files.
set_property supported_families {zynquplus Production virtexuplus Production kintexu Production zynquplusRFSOC Beta kintexuplus Production zynquplus Production virtexuplus Production kintexu Production zynquplusRFSOC Production} [ipx::current_core]
WARNING: [IP_Flow 19-4623] Unrecognized family  zynquplusRFSOC.  Please verify spelling and reissue command to set the supported files.
WARNING: [IP_Flow 19-4623] Unrecognized family  zynquplusRFSOC.  Please verify spelling and reissue command to set the supported files.
set_property supported_families {virtexuplus Production zynquplusRFSOC Beta zynquplus Production kintexu Production zynquplus Production virtexuplus Production kintexu Production zynquplusRFSOC Production kintexuplus Production} [ipx::current_core]
WARNING: [IP_Flow 19-4623] Unrecognized family  zynquplusRFSOC.  Please verify spelling and reissue command to set the supported files.
WARNING: [IP_Flow 19-4623] Unrecognized family  zynquplusRFSOC.  Please verify spelling and reissue command to set the supported files.
set_property supported_families {zynquplusRFSOC Production kintexu Production virtexuplus Production zynquplusRFSOC Production virtexuplus Production zynquplusRFSOC Beta zynquplus Production kintexu Production kintexuplus Production} [ipx::current_core]
WARNING: [IP_Flow 19-4623] Unrecognized family  zynquplusRFSOC.  Please verify spelling and reissue command to set the supported files.
WARNING: [IP_Flow 19-4623] Unrecognized family  zynquplusRFSOC.  Please verify spelling and reissue command to set the supported files.
WARNING: [IP_Flow 19-4623] Unrecognized family  zynquplusRFSOC.  Please verify spelling and reissue command to set the supported files.
set_property supported_families {kintexu Production zynquplusRFSOC Production zynquplusRFSOC Production kintexu Production zynquplusRFSOC Production kintexu Production virtexuplus Production zynquplus Production kintexuplus Production} [ipx::current_core]
WARNING: [IP_Flow 19-4623] Unrecognized family  zynquplusRFSOC.  Please verify spelling and reissue command to set the supported files.
WARNING: [IP_Flow 19-4623] Unrecognized family  zynquplusRFSOC.  Please verify spelling and reissue command to set the supported files.
WARNING: [IP_Flow 19-4623] Unrecognized family  zynquplusRFSOC.  Please verify spelling and reissue command to set the supported files.
set_property core_revision 13 [ipx::current_core]
ipx::create_xgui_files [ipx::current_core]
ipx::update_checksums [ipx::current_core]
ipx::save_core [ipx::current_core]
update_ip_catalog -rebuild -repo_path c:/Pentek/IP/2018.1/pentek/ip/px_serial_int/px_serial_int.srcs
INFO: [IP_Flow 19-725] Reloaded user IP repository 'c:/Pentek/IP/2018.1/pentek/ip/px_serial_int/px_serial_int.srcs'
exit
INFO: [Common 17-206] Exiting Vivado at Sat Apr 28 14:53:00 2018...
