#-----------------------------------------------------------
# Vivado v2018.2 (64-bit)
# SW Build 2258646 on Thu Jun 14 20:03:12 MDT 2018
# IP Build 2256618 on Thu Jun 14 22:10:49 MDT 2018
# Start of session at: Thu Aug  9 09:04:51 2018
# Process ID: 19552
# Current directory: C:/Pentek/IP/2018.2/wip/px_dma_ppld2axi
# Command line: vivado.exe -gui_launcher_event rodinguilauncherevent2432 C:\Pentek\IP\2018.2\wip\px_dma_ppld2axi\px_dma_ppld2axi.xpr
# Log file: C:/Pentek/IP/2018.2/wip/px_dma_ppld2axi/vivado.log
# Journal file: C:/Pentek/IP/2018.2/wip/px_dma_ppld2axi\vivado.jou
#-----------------------------------------------------------
Sourcing tcl script 'C:/Users/Rich/AppData/Roaming/Xilinx/Vivado/Vivado_init.tcl'
56 Beta devices matching pattern found, 49 enabled.
start_gui
open_project C:/Pentek/IP/2018.2/wip/px_dma_ppld2axi/px_dma_ppld2axi.xpr
Scanning sources...
Finished scanning sources
INFO: [IP_Flow 19-234] Refreshing IP repositories
INFO: [IP_Flow 19-1700] Loaded user IP repository 'c:/Pentek/IP/2018.1/pentek'.
INFO: [IP_Flow 19-1700] Loaded user IP repository 'c:/Pentek/IP/2018.1/wip'.
INFO: [IP_Flow 19-2313] Loaded Vivado IP repository 'C:/Xilinx/Vivado/2018.2/data/ip'.
WARNING: [IP_Flow 19-3664] IP 'tb_px_axis_ppkt2ppld' generated file not found 'c:/Pentek/IP/2018.2/wip/px_dma_ppld2axi/px_dma_ppld2axi.srcs/sim_1/ip/tb_px_axis_ppkt2ppld/px_axis_ppkt2ppld.srcs/sources_1/ip/tb_pkt_fifo/tb_pkt_fifo.xci'. Please regenerate to continue.
ERROR: [IP_Flow 19-993] Could not find IP file for IP 'tb_pkt_fifo'.
CRITICAL WARNING: [IP_Flow 19-5097] Unable to determine VLNV from IP file; verify it has the correct syntax: 
CRITICAL WARNING: [IP_Flow 19-3577] Failed to recreate IP instance 'tb_px_axis_ppkt2ppld'. Error during subcore creation.
open_project: Time (s): cpu = 00:00:22 ; elapsed = 00:00:19 . Memory (MB): peak = 1337.449 ; gain = 574.410
ERROR: [Common 17-39] 'open_project' failed due to earlier errors.
update_compile_order -fileset sources_1
ipx::open_ipxact_file {C:\pentek\ip\2018.2\wip\px_dma_ppld2axi\component.xml}
WARNING: [IP_Flow 19-5226] Project source file 'c:/pentek/ip/2018.2/wip/px_dma_ppld2axi/component.xml' ignored by IP packager.
WARNING: [IP_Flow 19-4308] Project file 'c:/Pentek/IP/2018.2/wip/px_dma_ppld2axi/px_dma_ppld2axi.srcs/sources_1/new/px_axil_dma_csr.vhd' is not found in the component files. It will be added automatically when merging sources and repackaging. Please remove the file from the source project if this is not desired.
WARNING: [IP_Flow 19-4308] Project file 'c:/Pentek/IP/2018.2/wip/px_dma_ppld2axi/px_dma_ppld2axi.srcs/sources_1/new/px_dma_ppld2axi_csr.vhd' is not found in the component files. It will be added automatically when merging sources and repackaging. Please remove the file from the source project if this is not desired.
WARNING: [IP_Flow 19-4308] Project file 'c:/Pentek/IP/2018.2/wip/px_dma_ppld2axi/px_dma_ppld2axi.srcs/sources_1/new/px_dma_ppld2axi_dma_sm.vhd' is not found in the component files. It will be added automatically when merging sources and repackaging. Please remove the file from the source project if this is not desired.
WARNING: [IP_Flow 19-4308] Project file 'c:/Pentek/IP/2018.2/wip/px_dma_ppld2axi/px_dma_ppld2axi.srcs/sources_1/new/px_dma_ppld2axi_reader.vhd' is not found in the component files. It will be added automatically when merging sources and repackaging. Please remove the file from the source project if this is not desired.
WARNING: [IP_Flow 19-4308] Project file 'c:/Pentek/IP/2018.2/wip/px_dma_ppld2axi/px_dma_ppld2axi.srcs/sources_1/new/px_dma_ppld2axi.vhd' is not found in the component files. It will be added automatically when merging sources and repackaging. Please remove the file from the source project if this is not desired.
WARNING: [IP_Flow 19-3898] File Group 'xilinx_anylanguagesynthesis (Synthesis)': File 'c:/pentek/ip/2018.2/wip/px_dma_ppld2axi/px_dma_ppld2axi.srcs/sources_1/ip/px_dma_ppld2axi_datamover/px_dma_ppld2axi_datamover.xci' is not found in the project sources. It will be removed from the packaged IP when the sources are merged. If still required, please add this file to the project and re-package.
WARNING: [IP_Flow 19-3898] File Group 'xilinx_anylanguagesynthesis (Synthesis)': File 'c:/pentek/ip/2018.2/wip/px_dma_ppld2axi/px_dma_ppld2axi.srcs/sources_1/ip/px_dma_ppld2axi_fifo/px_dma_ppld2axi_fifo.xci' is not found in the project sources. It will be removed from the packaged IP when the sources are merged. If still required, please add this file to the project and re-package.
WARNING: [IP_Flow 19-3898] File Group 'xilinx_anylanguagesynthesis (Synthesis)': File 'c:/pentek/ip/2018.2/wip/px_dma_ppld2axi/px_dma_ppld2axi.srcs/sources_1/new/px_axil_dma_csr.vhd' is not found in the project sources. It will be removed from the packaged IP when the sources are merged. If still required, please add this file to the project and re-package.
WARNING: [IP_Flow 19-3898] File Group 'xilinx_anylanguagesynthesis (Synthesis)': File 'c:/pentek/ip/2018.2/wip/px_dma_ppld2axi/px_dma_ppld2axi.srcs/sources_1/new/px_dma_ppld2axi_csr.vhd' is not found in the project sources. It will be removed from the packaged IP when the sources are merged. If still required, please add this file to the project and re-package.
WARNING: [IP_Flow 19-3898] File Group 'xilinx_anylanguagesynthesis (Synthesis)': File 'c:/pentek/ip/2018.2/wip/px_dma_ppld2axi/px_dma_ppld2axi.srcs/sources_1/new/px_dma_ppld2axi_dma_sm.vhd' is not found in the project sources. It will be removed from the packaged IP when the sources are merged. If still required, please add this file to the project and re-package.
WARNING: [IP_Flow 19-3898] File Group 'xilinx_anylanguagesynthesis (Synthesis)': File 'c:/pentek/ip/2018.2/wip/px_dma_ppld2axi/px_dma_ppld2axi.srcs/sources_1/new/px_dma_ppld2axi_reader.vhd' is not found in the project sources. It will be removed from the packaged IP when the sources are merged. If still required, please add this file to the project and re-package.
WARNING: [IP_Flow 19-3898] File Group 'xilinx_anylanguagesynthesis (Synthesis)': File 'c:/pentek/ip/2018.2/wip/px_dma_ppld2axi/px_dma_ppld2axi.srcs/sources_1/new/px_dma_ppld2axi.vhd' is not found in the project sources. It will be removed from the packaged IP when the sources are merged. If still required, please add this file to the project and re-package.
WARNING: [IP_Flow 19-4308] Project file 'c:/Pentek/IP/2018.2/wip/px_dma_ppld2axi/px_dma_ppld2axi.srcs/sources_1/new/px_axil_dma_csr.vhd' is not found in the component files. It will be added automatically when merging sources and repackaging. Please remove the file from the source project if this is not desired.
WARNING: [IP_Flow 19-4308] Project file 'c:/Pentek/IP/2018.2/wip/px_dma_ppld2axi/px_dma_ppld2axi.srcs/sources_1/new/px_dma_ppld2axi_csr.vhd' is not found in the component files. It will be added automatically when merging sources and repackaging. Please remove the file from the source project if this is not desired.
WARNING: [IP_Flow 19-4308] Project file 'c:/Pentek/IP/2018.2/wip/px_dma_ppld2axi/px_dma_ppld2axi.srcs/sources_1/new/px_dma_ppld2axi_dma_sm.vhd' is not found in the component files. It will be added automatically when merging sources and repackaging. Please remove the file from the source project if this is not desired.
WARNING: [IP_Flow 19-4308] Project file 'c:/Pentek/IP/2018.2/wip/px_dma_ppld2axi/px_dma_ppld2axi.srcs/sources_1/new/px_dma_ppld2axi_reader.vhd' is not found in the component files. It will be added automatically when merging sources and repackaging. Please remove the file from the source project if this is not desired.
WARNING: [IP_Flow 19-4308] Project file 'c:/Pentek/IP/2018.2/wip/px_dma_ppld2axi/px_dma_ppld2axi.srcs/sources_1/new/px_dma_ppld2axi.vhd' is not found in the component files. It will be added automatically when merging sources and repackaging. Please remove the file from the source project if this is not desired.
WARNING: [IP_Flow 19-3898] File Group 'xilinx_anylanguagebehavioralsimulation (Simulation)': File 'c:/pentek/ip/2018.2/wip/px_dma_ppld2axi/px_dma_ppld2axi.srcs/sources_1/ip/px_dma_ppld2axi_datamover/px_dma_ppld2axi_datamover.xci' is not found in the project sources. It will be removed from the packaged IP when the sources are merged. If still required, please add this file to the project and re-package.
WARNING: [IP_Flow 19-3898] File Group 'xilinx_anylanguagebehavioralsimulation (Simulation)': File 'c:/pentek/ip/2018.2/wip/px_dma_ppld2axi/px_dma_ppld2axi.srcs/sources_1/ip/px_dma_ppld2axi_fifo/px_dma_ppld2axi_fifo.xci' is not found in the project sources. It will be removed from the packaged IP when the sources are merged. If still required, please add this file to the project and re-package.
WARNING: [IP_Flow 19-3898] File Group 'xilinx_anylanguagebehavioralsimulation (Simulation)': File 'c:/pentek/ip/2018.2/wip/px_dma_ppld2axi/px_dma_ppld2axi.srcs/sources_1/new/px_axil_dma_csr.vhd' is not found in the project sources. It will be removed from the packaged IP when the sources are merged. If still required, please add this file to the project and re-package.
WARNING: [IP_Flow 19-3898] File Group 'xilinx_anylanguagebehavioralsimulation (Simulation)': File 'c:/pentek/ip/2018.2/wip/px_dma_ppld2axi/px_dma_ppld2axi.srcs/sources_1/new/px_dma_ppld2axi_csr.vhd' is not found in the project sources. It will be removed from the packaged IP when the sources are merged. If still required, please add this file to the project and re-package.
WARNING: [IP_Flow 19-3898] File Group 'xilinx_anylanguagebehavioralsimulation (Simulation)': File 'c:/pentek/ip/2018.2/wip/px_dma_ppld2axi/px_dma_ppld2axi.srcs/sources_1/new/px_dma_ppld2axi_dma_sm.vhd' is not found in the project sources. It will be removed from the packaged IP when the sources are merged. If still required, please add this file to the project and re-package.
WARNING: [IP_Flow 19-3898] File Group 'xilinx_anylanguagebehavioralsimulation (Simulation)': File 'c:/pentek/ip/2018.2/wip/px_dma_ppld2axi/px_dma_ppld2axi.srcs/sources_1/new/px_dma_ppld2axi_reader.vhd' is not found in the project sources. It will be removed from the packaged IP when the sources are merged. If still required, please add this file to the project and re-package.
WARNING: [IP_Flow 19-3898] File Group 'xilinx_anylanguagebehavioralsimulation (Simulation)': File 'c:/pentek/ip/2018.2/wip/px_dma_ppld2axi/px_dma_ppld2axi.srcs/sources_1/new/px_dma_ppld2axi.vhd' is not found in the project sources. It will be removed from the packaged IP when the sources are merged. If still required, please add this file to the project and re-package.
WARNING: [IP_Flow 19-4308] Project file 'c:/Pentek/IP/2018.2/wip/px_dma_ppld2axi/px_dma_ppld2axi.srcs/sim_1/imports/px_utility_pkg/px_utility_pkg.vhd' is not found in the component files. It will be added automatically when merging sources and repackaging. Please remove the file from the source project if this is not desired.
WARNING: [IP_Flow 19-4308] Project file 'c:/Pentek/IP/2018.2/wip/px_dma_ppld2axi/px_dma_ppld2axi.srcs/sim_1/new/tb_px_dma_ppld2axi.vhd' is not found in the component files. It will be added automatically when merging sources and repackaging. Please remove the file from the source project if this is not desired.
WARNING: [IP_Flow 19-3898] File Group 'xilinx_testbench (Test Bench)': File 'c:/pentek/ip/2018.2/wip/px_dma_ppld2axi/px_dma_ppld2axi.srcs/sim_1/ip/tb_px_axis_ppkt2ppld/tb_px_axis_ppkt2ppld.xci' is not found in the project sources. It will be removed from the packaged IP when the sources are merged. If still required, please add this file to the project and re-package.
WARNING: [IP_Flow 19-3898] File Group 'xilinx_testbench (Test Bench)': File 'c:/pentek/ip/2018.2/wip/px_dma_ppld2axi/px_dma_ppld2axi.srcs/sim_1/ip/tb_pktfifo/tb_pktfifo.xci' is not found in the project sources. It will be removed from the packaged IP when the sources are merged. If still required, please add this file to the project and re-package.
WARNING: [IP_Flow 19-3898] File Group 'xilinx_testbench (Test Bench)': File 'c:/pentek/ip/2018.2/wip/px_dma_ppld2axi/px_dma_ppld2axi.srcs/sim_1/imports/px_utility_pkg/px_utility_pkg.vhd' is not found in the project sources. It will be removed from the packaged IP when the sources are merged. If still required, please add this file to the project and re-package.
WARNING: [IP_Flow 19-3898] File Group 'xilinx_testbench (Test Bench)': File 'c:/pentek/ip/2018.2/wip/px_dma_ppld2axi/px_dma_ppld2axi.srcs/sim_1/new/tb_px_dma_ppld2axi.vhd' is not found in the project sources. It will be removed from the packaged IP when the sources are merged. If still required, please add this file to the project and re-package.
ipx::merge_project_changes hdl_parameters [ipx::current_core]
WARNING: [IP_Flow 19-5226] Project source file 'c:/pentek/ip/2018.2/wip/px_dma_ppld2axi/component.xml' ignored by IP packager.
WARNING: [IP_Flow 19-5109] File Group 'xilinx_anylanguagesynthesis (Synthesis)': File 'c:/pentek/ip/2018.2/wip/px_dma_ppld2axi/px_dma_ppld2axi.srcs/sources_1/ip/px_dma_ppld2axi_datamover/px_dma_ppld2axi_datamover.xci' does not exist in the project sources. It has been removed from the packaged IP. If still required, please add this file to the project, merge sources and re-package.
WARNING: [IP_Flow 19-5109] File Group 'xilinx_anylanguagesynthesis (Synthesis)': File 'c:/pentek/ip/2018.2/wip/px_dma_ppld2axi/px_dma_ppld2axi.srcs/sources_1/ip/px_dma_ppld2axi_fifo/px_dma_ppld2axi_fifo.xci' does not exist in the project sources. It has been removed from the packaged IP. If still required, please add this file to the project, merge sources and re-package.
WARNING: [IP_Flow 19-5109] File Group 'xilinx_anylanguagesynthesis (Synthesis)': File 'c:/pentek/ip/2018.2/wip/px_dma_ppld2axi/px_dma_ppld2axi.srcs/sources_1/new/px_axil_dma_csr.vhd' does not exist in the project sources. It has been removed from the packaged IP. If still required, please add this file to the project, merge sources and re-package.
WARNING: [IP_Flow 19-5109] File Group 'xilinx_anylanguagesynthesis (Synthesis)': File 'c:/pentek/ip/2018.2/wip/px_dma_ppld2axi/px_dma_ppld2axi.srcs/sources_1/new/px_dma_ppld2axi_csr.vhd' does not exist in the project sources. It has been removed from the packaged IP. If still required, please add this file to the project, merge sources and re-package.
WARNING: [IP_Flow 19-5109] File Group 'xilinx_anylanguagesynthesis (Synthesis)': File 'c:/pentek/ip/2018.2/wip/px_dma_ppld2axi/px_dma_ppld2axi.srcs/sources_1/new/px_dma_ppld2axi_dma_sm.vhd' does not exist in the project sources. It has been removed from the packaged IP. If still required, please add this file to the project, merge sources and re-package.
WARNING: [IP_Flow 19-5109] File Group 'xilinx_anylanguagesynthesis (Synthesis)': File 'c:/pentek/ip/2018.2/wip/px_dma_ppld2axi/px_dma_ppld2axi.srcs/sources_1/new/px_dma_ppld2axi_reader.vhd' does not exist in the project sources. It has been removed from the packaged IP. If still required, please add this file to the project, merge sources and re-package.
WARNING: [IP_Flow 19-5109] File Group 'xilinx_anylanguagesynthesis (Synthesis)': File 'c:/pentek/ip/2018.2/wip/px_dma_ppld2axi/px_dma_ppld2axi.srcs/sources_1/new/px_dma_ppld2axi.vhd' does not exist in the project sources. It has been removed from the packaged IP. If still required, please add this file to the project, merge sources and re-package.
WARNING: [IP_Flow 19-5109] File Group 'xilinx_anylanguagebehavioralsimulation (Simulation)': File 'c:/pentek/ip/2018.2/wip/px_dma_ppld2axi/px_dma_ppld2axi.srcs/sources_1/ip/px_dma_ppld2axi_datamover/px_dma_ppld2axi_datamover.xci' does not exist in the project sources. It has been removed from the packaged IP. If still required, please add this file to the project, merge sources and re-package.
WARNING: [IP_Flow 19-5109] File Group 'xilinx_anylanguagebehavioralsimulation (Simulation)': File 'c:/pentek/ip/2018.2/wip/px_dma_ppld2axi/px_dma_ppld2axi.srcs/sources_1/ip/px_dma_ppld2axi_fifo/px_dma_ppld2axi_fifo.xci' does not exist in the project sources. It has been removed from the packaged IP. If still required, please add this file to the project, merge sources and re-package.
WARNING: [IP_Flow 19-5109] File Group 'xilinx_anylanguagebehavioralsimulation (Simulation)': File 'c:/pentek/ip/2018.2/wip/px_dma_ppld2axi/px_dma_ppld2axi.srcs/sources_1/new/px_axil_dma_csr.vhd' does not exist in the project sources. It has been removed from the packaged IP. If still required, please add this file to the project, merge sources and re-package.
WARNING: [IP_Flow 19-5109] File Group 'xilinx_anylanguagebehavioralsimulation (Simulation)': File 'c:/pentek/ip/2018.2/wip/px_dma_ppld2axi/px_dma_ppld2axi.srcs/sources_1/new/px_dma_ppld2axi_csr.vhd' does not exist in the project sources. It has been removed from the packaged IP. If still required, please add this file to the project, merge sources and re-package.
WARNING: [IP_Flow 19-5109] File Group 'xilinx_anylanguagebehavioralsimulation (Simulation)': File 'c:/pentek/ip/2018.2/wip/px_dma_ppld2axi/px_dma_ppld2axi.srcs/sources_1/new/px_dma_ppld2axi_dma_sm.vhd' does not exist in the project sources. It has been removed from the packaged IP. If still required, please add this file to the project, merge sources and re-package.
WARNING: [IP_Flow 19-5109] File Group 'xilinx_anylanguagebehavioralsimulation (Simulation)': File 'c:/pentek/ip/2018.2/wip/px_dma_ppld2axi/px_dma_ppld2axi.srcs/sources_1/new/px_dma_ppld2axi_reader.vhd' does not exist in the project sources. It has been removed from the packaged IP. If still required, please add this file to the project, merge sources and re-package.
WARNING: [IP_Flow 19-5109] File Group 'xilinx_anylanguagebehavioralsimulation (Simulation)': File 'c:/pentek/ip/2018.2/wip/px_dma_ppld2axi/px_dma_ppld2axi.srcs/sources_1/new/px_dma_ppld2axi.vhd' does not exist in the project sources. It has been removed from the packaged IP. If still required, please add this file to the project, merge sources and re-package.
WARNING: [IP_Flow 19-5109] File Group 'xilinx_testbench (Test Bench)': File 'c:/pentek/ip/2018.2/wip/px_dma_ppld2axi/px_dma_ppld2axi.srcs/sim_1/ip/tb_px_axis_ppkt2ppld/tb_px_axis_ppkt2ppld.xci' does not exist in the project sources. It has been removed from the packaged IP. If still required, please add this file to the project, merge sources and re-package.
WARNING: [IP_Flow 19-5109] File Group 'xilinx_testbench (Test Bench)': File 'c:/pentek/ip/2018.2/wip/px_dma_ppld2axi/px_dma_ppld2axi.srcs/sim_1/ip/tb_pktfifo/tb_pktfifo.xci' does not exist in the project sources. It has been removed from the packaged IP. If still required, please add this file to the project, merge sources and re-package.
WARNING: [IP_Flow 19-5109] File Group 'xilinx_testbench (Test Bench)': File 'c:/pentek/ip/2018.2/wip/px_dma_ppld2axi/px_dma_ppld2axi.srcs/sim_1/imports/px_utility_pkg/px_utility_pkg.vhd' does not exist in the project sources. It has been removed from the packaged IP. If still required, please add this file to the project, merge sources and re-package.
WARNING: [IP_Flow 19-5109] File Group 'xilinx_testbench (Test Bench)': File 'c:/pentek/ip/2018.2/wip/px_dma_ppld2axi/px_dma_ppld2axi.srcs/sim_1/new/tb_px_dma_ppld2axi.vhd' does not exist in the project sources. It has been removed from the packaged IP. If still required, please add this file to the project, merge sources and re-package.
INFO: [IP_Flow 19-3164] Bus Interface 'm_axi_descr': References existing address space 'm_axi_descr'.
INFO: [IP_Flow 19-3164] Bus Interface 'm_axi_s2mm': References existing address space 'm_axi_s2mm'.
INFO: [IP_Flow 19-3166] Bus Interface 's_axi_csr': References existing memory map 's_axi_csr'.
ipx::reorder_files -after ../../../../../Pentek/IP/2018.2/wip/px_dma_ppld2axi/px_dma_ppld2axi.srcs/sources_1/new/px_dma_ppld2axi_reader.vhd ../../../../../Pentek/IP/2018.2/wip/px_dma_ppld2axi/px_dma_ppld2axi.srcs/sources_1/new/px_dma_ppld2axi.vhd [ipx::get_file_groups xilinx_anylanguagesynthesis -of_objects [ipx::current_core]]
ipx::reorder_files -after ../../../../../Pentek/IP/2018.2/wip/px_dma_ppld2axi/px_dma_ppld2axi.srcs/sources_1/new/px_dma_ppld2axi_reader.vhd ../../../../../Pentek/IP/2018.2/wip/px_dma_ppld2axi/px_dma_ppld2axi.srcs/sources_1/new/px_dma_ppld2axi.vhd [ipx::get_file_groups xilinx_anylanguagebehavioralsimulation -of_objects [ipx::current_core]]
ipx::remove_file ../../../../../Pentek/IP/2018.2/wip/px_dma_ppld2axi/px_dma_ppld2axi.srcs/sources_1/ip/px_dma_ppld2axi_datamover/px_dma_ppld2axi_datamover.xci [ipx::get_file_groups xilinx_anylanguagebehavioralsimulation -of_objects [ipx::current_core]]
ipx::remove_file ../../../../../Pentek/IP/2018.2/wip/px_dma_ppld2axi/px_dma_ppld2axi.srcs/sources_1/ip/px_dma_ppld2axi_fifo/px_dma_ppld2axi_fifo.xci [ipx::get_file_groups xilinx_anylanguagebehavioralsimulation -of_objects [ipx::current_core]]
ipx::remove_file ../../../../../Pentek/IP/2018.2/wip/px_dma_ppld2axi/px_dma_ppld2axi.srcs/sources_1/new/px_axil_dma_csr.vhd [ipx::get_file_groups xilinx_anylanguagebehavioralsimulation -of_objects [ipx::current_core]]
ipx::remove_file ../../../../../Pentek/IP/2018.2/wip/px_dma_ppld2axi/px_dma_ppld2axi.srcs/sources_1/new/px_dma_ppld2axi_csr.vhd [ipx::get_file_groups xilinx_anylanguagebehavioralsimulation -of_objects [ipx::current_core]]
ipx::remove_file ../../../../../Pentek/IP/2018.2/wip/px_dma_ppld2axi/px_dma_ppld2axi.srcs/sources_1/new/px_dma_ppld2axi_dma_sm.vhd [ipx::get_file_groups xilinx_anylanguagebehavioralsimulation -of_objects [ipx::current_core]]
ipx::remove_file ../../../../../Pentek/IP/2018.2/wip/px_dma_ppld2axi/px_dma_ppld2axi.srcs/sources_1/new/px_dma_ppld2axi_reader.vhd [ipx::get_file_groups xilinx_anylanguagebehavioralsimulation -of_objects [ipx::current_core]]
ipx::remove_file ../../../../../Pentek/IP/2018.2/wip/px_dma_ppld2axi/px_dma_ppld2axi.srcs/sources_1/new/px_dma_ppld2axi.vhd [ipx::get_file_groups xilinx_anylanguagebehavioralsimulation -of_objects [ipx::current_core]]
ipx::add_file px_dma_ppld2axi.srcs/sources_1/ip/px_dma_ppld2axi_datamover/px_dma_ppld2axi_datamover.xci [ipx::get_file_groups xilinx_anylanguagebehavioralsimulation -of_objects [ipx::current_core]]
ipx::add_file px_dma_ppld2axi.srcs/sources_1/ip/px_dma_ppld2axi_fifo/px_dma_ppld2axi_fifo.xci [ipx::get_file_groups xilinx_anylanguagebehavioralsimulation -of_objects [ipx::current_core]]
ipx::add_file px_dma_ppld2axi.srcs/sources_1/new/px_axil_dma_csr.vhd [ipx::get_file_groups xilinx_anylanguagebehavioralsimulation -of_objects [ipx::current_core]]
ipx::add_file px_dma_ppld2axi.srcs/sources_1/new/px_dma_ppld2axi_csr.vhd [ipx::get_file_groups xilinx_anylanguagebehavioralsimulation -of_objects [ipx::current_core]]
ipx::add_file px_dma_ppld2axi.srcs/sources_1/new/px_dma_ppld2axi_dma_sm.vhd [ipx::get_file_groups xilinx_anylanguagebehavioralsimulation -of_objects [ipx::current_core]]
ipx::add_file px_dma_ppld2axi.srcs/sources_1/new/px_dma_ppld2axi_reader.vhd [ipx::get_file_groups xilinx_anylanguagebehavioralsimulation -of_objects [ipx::current_core]]
ipx::add_file px_dma_ppld2axi.srcs/sources_1/new/px_dma_ppld2axi.vhd [ipx::get_file_groups xilinx_anylanguagebehavioralsimulation -of_objects [ipx::current_core]]
ipx::add_file C:/Pentek/IP/2018.2/wip/px_dma_ppld2axi/px_dma_ppld2axi.srcs/sim_1/ip/tb_pktfifo/tb_pktfifo.xci [ipx::get_file_groups xilinx_testbench -of_objects [ipx::current_core]]
set_property type xci [ipx::get_files C:/Pentek/IP/2018.2/wip/px_dma_ppld2axi/px_dma_ppld2axi.srcs/sim_1/ip/tb_pktfifo/tb_pktfifo.xci -of_objects [ipx::get_file_groups xilinx_testbench -of_objects [ipx::current_core]]]
ipx::add_file C:/Pentek/IP/2018.2/wip/px_dma_ppld2axi/px_dma_ppld2axi.srcs/sim_1/ip/tb_px_axis_ppkt2ppld/tb_px_axis_ppkt2ppld.xci [ipx::get_file_groups xilinx_testbench -of_objects [ipx::current_core]]
set_property type xci [ipx::get_files C:/Pentek/IP/2018.2/wip/px_dma_ppld2axi/px_dma_ppld2axi.srcs/sim_1/ip/tb_px_axis_ppkt2ppld/tb_px_axis_ppkt2ppld.xci -of_objects [ipx::get_file_groups xilinx_testbench -of_objects [ipx::current_core]]]
ipx::reorder_files -before px_dma_ppld2axi.srcs/sim_1/imports/px_utility_pkg/px_utility_pkg.vhd C:/Pentek/IP/2018.2/wip/px_dma_ppld2axi/px_dma_ppld2axi.srcs/sim_1/ip/tb_pktfifo/tb_pktfifo.xci [ipx::get_file_groups xilinx_testbench -of_objects [ipx::current_core]]
ipx::reorder_files -before C:/Pentek/IP/2018.2/wip/px_dma_ppld2axi/px_dma_ppld2axi.srcs/sim_1/ip/tb_pktfifo/tb_pktfifo.xci C:/Pentek/IP/2018.2/wip/px_dma_ppld2axi/px_dma_ppld2axi.srcs/sim_1/ip/tb_px_axis_ppkt2ppld/tb_px_axis_ppkt2ppld.xci [ipx::get_file_groups xilinx_testbench -of_objects [ipx::current_core]]
report_ip_status -name ip_status 
set_property  ip_repo_paths  c:/Pentek/IP/2018.1/wip [current_project]
update_ip_catalog
INFO: [IP_Flow 19-234] Refreshing IP repositories
INFO: [IP_Flow 19-1700] Loaded user IP repository 'c:/Pentek/IP/2018.1/wip'.
set_property  ip_repo_paths  {c:/Pentek/IP/2018.1/wip C:/Pentek/IP/2018.1/pentek} [current_project]
update_ip_catalog
INFO: [IP_Flow 19-234] Refreshing IP repositories
INFO: [IP_Flow 19-1700] Loaded user IP repository 'c:/Pentek/IP/2018.1/wip'.
INFO: [IP_Flow 19-1700] Loaded user IP repository 'c:/Pentek/IP/2018.1/pentek'.
update_ip_catalog
export_ip_user_files -of_objects  [get_files C:/Pentek/IP/2018.2/wip/px_dma_ppld2axi/px_dma_ppld2axi.srcs/sim_1/ip/tb_px_axis_ppkt2ppld/tb_px_axis_ppkt2ppld.xci] -no_script -reset -force -quiet
remove_files  -fileset sim_1 C:/Pentek/IP/2018.2/wip/px_dma_ppld2axi/px_dma_ppld2axi.srcs/sim_1/ip/tb_px_axis_ppkt2ppld/tb_px_axis_ppkt2ppld.xci
WARNING: [filemgmt 20-1445] Cannot import file 'C:/Pentek/IP/2018.2/wip/px_dma_ppld2axi/px_dma_ppld2axi.srcs/sim_1/ip/tb_px_axis_ppkt2ppld/tb_px_axis_ppkt2ppld.xci' on top of itself. Importing a file from the imported source directory can cause this problem.
set_property SOURCE_SET sources_1 [get_filesets sim_1]
import_files -fileset sim_1 -norecurse C:/Pentek/IP/2018.2/wip/px_dma_ppld2axi/px_dma_ppld2axi.srcs/sim_1/ip/tb_px_axis_ppkt2ppld/tb_px_axis_ppkt2ppld.xci
WARNING: [IP_Flow 19-3664] IP 'tb_px_axis_ppkt2ppld' generated file not found 'c:/Pentek/IP/2018.2/wip/px_dma_ppld2axi/px_dma_ppld2axi.srcs/sim_1/ip/tb_px_axis_ppkt2ppld/px_axis_ppkt2ppld.srcs/sources_1/ip/tb_pkt_fifo/tb_pkt_fifo.xci'. Please regenerate to continue.
ERROR: [IP_Flow 19-993] Could not find IP file for IP 'tb_pkt_fifo'.
CRITICAL WARNING: [IP_Flow 19-5097] Unable to determine VLNV from IP file; verify it has the correct syntax: 
CRITICAL WARNING: [IP_Flow 19-3577] Failed to recreate IP instance 'tb_px_axis_ppkt2ppld'. Error during subcore creation.
CRITICAL WARNING: [filemgmt 20-1445] Cannot import file 'C:/Pentek/IP/2018.2/wip/px_dma_ppld2axi/px_dma_ppld2axi.srcs/sim_1/ip/tb_px_axis_ppkt2ppld/tb_px_axis_ppkt2ppld.xci' on top of itself. Importing a file from the imported source directory can cause this problem.
ERROR: [Common 17-39] 'import_files' failed due to earlier errors.
update_compile_order -fileset sim_1
set_property core_revision 4 [ipx::current_core]
ipx::create_xgui_files [ipx::current_core]
ipx::update_checksums [ipx::current_core]
ipx::save_core [ipx::current_core]
set_property core_revision 5 [ipx::current_core]
ipx::create_xgui_files [ipx::current_core]
ipx::update_checksums [ipx::current_core]
ipx::save_core [ipx::current_core]
exit
INFO: [Common 17-206] Exiting Vivado at Thu Aug  9 15:37:50 2018...
