#-----------------------------------------------------------
# Vivado v2019.2 (64-bit)
# SW Build 2708876 on Wed Nov  6 21:40:23 MST 2019
# IP Build 2700528 on Thu Nov  7 00:09:20 MST 2019
# Start of session at: Tue Dec 17 17:09:59 2019
# Process ID: 9672
# Current directory: C:/Pentek/ip/2019.2/pentek/ip/px_gate_stat_core
# Command line: vivado.exe -gui_launcher_event rodinguilauncherevent1904 C:\Pentek\ip\2019.2\pentek\ip\px_gate_stat_core\px_gate_stat_core.xpr
# Log file: C:/Pentek/ip/2019.2/pentek/ip/px_gate_stat_core/vivado.log
# Journal file: C:/Pentek/ip/2019.2/pentek/ip/px_gate_stat_core\vivado.jou
#-----------------------------------------------------------
start_gui
open_project C:/Pentek/ip/2019.2/pentek/ip/px_gate_stat_core/px_gate_stat_core.xpr
Scanning sources...
Finished scanning sources
INFO: [IP_Flow 19-234] Refreshing IP repositories
INFO: [IP_Flow 19-1700] Loaded user IP repository 'c:/Pentek/ip/2019.2/pentek'.
WARNING: [IP_Flow 19-3656] If you move the project, the path for repository 'c:/Pentek/ip/2019.2/pentek' may become invalid. A better location for the repository would be in a path adjacent to the project. (Current project location is 'c:/Pentek/ip/2019.2/pentek/ip/px_gate_stat_core'.)
INFO: [IP_Flow 19-2313] Loaded Vivado IP repository 'C:/Xilinx/Vivado/2019.2/data/ip'.
open_project: Time (s): cpu = 00:00:11 ; elapsed = 00:00:07 . Memory (MB): peak = 909.738 ; gain = 145.848
update_compile_order -fileset sources_1
exit
INFO: [Common 17-206] Exiting Vivado at Tue Dec 17 17:10:27 2019...
