#-----------------------------------------------------------
# Vivado v2016.2 (64-bit)
# SW Build 1577090 on Thu Jun  2 16:32:40 MDT 2016
# IP Build 1577682 on Fri Jun  3 12:00:54 MDT 2016
# Start of session at: Thu Jun 09 11:35:01 2016
# Process ID: 7336
# Current directory: C:/Xilinx/Vivado/2016.2/data/ip/pentek/ip/px_consthex32
# Command line: vivado.exe -gui_launcher_event rodinguilauncherevent1408 C:\Xilinx\Vivado\2016.2\data\ip\pentek\ip\px_consthex32\px_consthex32.xpr
# Log file: C:/Xilinx/Vivado/2016.2/data/ip/pentek/ip/px_consthex32/vivado.log
# Journal file: C:/Xilinx/Vivado/2016.2/data/ip/pentek/ip/px_consthex32\vivado.jou
#-----------------------------------------------------------
start_gui
open_project C:/Xilinx/Vivado/2016.2/data/ip/pentek/ip/px_consthex32/px_consthex32.xpr
INFO: [Project 1-313] Project file moved from 'C:/Xilinx/Vivado/2016.1/data/ip/pentek/ip/px_consthex32' since last save.
Scanning sources...
Finished scanning sources
WARNING: [filemgmt 56-2] IPUserFilesDir: Could not find the directory 'C:/Xilinx/Vivado/2016.2/data/ip/pentek/ip/px_consthex32/px_consthex32.ip_user_files', nor could it be found using path 'C:/Xilinx/Vivado/2016.1/data/ip/pentek/ip/px_consthex32/px_consthex32.ip_user_files'.
INFO: [Project 1-230] Project 'px_consthex32.xpr' upgraded for this version of Vivado.
INFO: [IP_Flow 19-234] Refreshing IP repositories
INFO: [IP_Flow 19-1704] No user IP repositories specified
INFO: [IP_Flow 19-2313] Loaded Vivado IP repository 'C:/Xilinx/Vivado/2016.2/data/ip'.
open_project: Time (s): cpu = 00:00:11 ; elapsed = 00:00:06 . Memory (MB): peak = 894.059 ; gain = 183.367
update_compile_order -fileset sources_1
ipx::open_ipxact_file {C:\Xilinx\Vivado\2016.2\data\ip\pentek\ip\px_consthex32\px_consthex32.srcs\sources_1\new\component.xml}
set_property core_revision 11 [ipx::current_core]
ipx::create_xgui_files [ipx::current_core]
ipx::update_checksums [ipx::current_core]
ipx::save_core [ipx::current_core]
set_property  ip_repo_paths  c:/Xilinx/Vivado/2016.2/data/ip/pentek/ip/px_consthex32/px_consthex32.srcs/sources_1/new [current_project]
update_ip_catalog
INFO: [IP_Flow 19-234] Refreshing IP repositories
INFO: [IP_Flow 19-1700] Loaded user IP repository 'c:/Xilinx/Vivado/2016.2/data/ip/pentek/ip/px_consthex32/px_consthex32.srcs/sources_1/new'.
exit
INFO: [Common 17-206] Exiting Vivado at Thu Jun 09 11:36:02 2016...
