#-----------------------------------------------------------
# Vivado v2016.2 (64-bit)
# SW Build 1577090 on Thu Jun  2 16:32:40 MDT 2016
# IP Build 1577682 on Fri Jun  3 12:00:54 MDT 2016
# Start of session at: Thu Jun 09 08:31:27 2016
# Process ID: 6700
# Current directory: C:/Xilinx/Vivado/2016.2/data/ip/pentek/ip/p_axil_csr32
# Command line: vivado.exe -gui_launcher_event rodinguilauncherevent5468 C:\Xilinx\Vivado\2016.2\data\ip\pentek\ip\p_axil_csr32\p_axil_csr32.xpr
# Log file: C:/Xilinx/Vivado/2016.2/data/ip/pentek/ip/p_axil_csr32/vivado.log
# Journal file: C:/Xilinx/Vivado/2016.2/data/ip/pentek/ip/p_axil_csr32\vivado.jou
#-----------------------------------------------------------
start_gui
open_project C:/Xilinx/Vivado/2016.2/data/ip/pentek/ip/p_axil_csr32/p_axil_csr32.xpr
Scanning sources...
Finished scanning sources
WARNING: [filemgmt 56-3] IPUserFilesDir: Could not find the directory 'C:/Xilinx/Vivado/2016.2/data/ip/pentek/ip/p_axil_csr32/p_axil_csr32.ip_user_files'.
INFO: [IP_Flow 19-234] Refreshing IP repositories
INFO: [IP_Flow 19-1700] Loaded user IP repository 'c:/Xilinx/Vivado/2016.2/data/ip/pentek/ip/p_axil_csr32/p_axil_csr32.srcs'.
INFO: [IP_Flow 19-2313] Loaded Vivado IP repository 'C:/Xilinx/Vivado/2016.2/data/ip'.
open_project: Time (s): cpu = 00:00:12 ; elapsed = 00:00:06 . Memory (MB): peak = 868.391 ; gain = 189.785
update_compile_order -fileset sources_1
exit
INFO: [Common 17-206] Exiting Vivado at Thu Jun 09 08:31:56 2016...
