#-----------------------------------------------------------
# Vivado v2017.1 (64-bit)
# SW Build 1846317 on Fri Apr 14 18:55:03 MDT 2017
# IP Build 1846188 on Fri Apr 14 20:52:08 MDT 2017
# Start of session at: Mon Jul 31 08:04:17 2017
# Process ID: 13456
# Current directory: C:/Pentek/IP/2017.1/pentek/ip/px_axis_pdti2ppkt_2
# Command line: vivado.exe -gui_launcher_event rodinguilauncherevent13304 C:\Pentek\IP\2017.1\pentek\ip\px_axis_pdti2ppkt_2\px_axis_pdti2ppkt_2.xpr
# Log file: C:/Pentek/IP/2017.1/pentek/ip/px_axis_pdti2ppkt_2/vivado.log
# Journal file: C:/Pentek/IP/2017.1/pentek/ip/px_axis_pdti2ppkt_2\vivado.jou
#-----------------------------------------------------------
start_gui
open_project C:/Pentek/IP/2017.1/pentek/ip/px_axis_pdti2ppkt_2/px_axis_pdti2ppkt_2.xpr
Scanning sources...
Finished scanning sources
WARNING: [filemgmt 56-3] IPUserFilesDir: Could not find the directory 'C:/Pentek/IP/2017.1/pentek/ip/px_axis_pdti2ppkt_2/px_axis_pdti2ppkt_2.ip_user_files'.
INFO: [IP_Flow 19-234] Refreshing IP repositories
INFO: [IP_Flow 19-1700] Loaded user IP repository 'c:/Pentek/IP/2017.1/pentek'.
WARNING: [IP_Flow 19-3656] If you move the project, the path for repository 'c:/Pentek/IP/2017.1/pentek' may become invalid. A better location for the repository would be in a path adjacent to the project. (Current project location is 'c:/Pentek/IP/2017.1/pentek/ip/px_axis_pdti2ppkt_2'.)
INFO: [IP_Flow 19-2313] Loaded Vivado IP repository 'C:/Xilinx/Vivado/2017.1/data/ip'.
open_project: Time (s): cpu = 00:00:14 ; elapsed = 00:00:17 . Memory (MB): peak = 859.422 ; gain = 74.430
update_compile_order -fileset sources_1
ipx::open_ipxact_file {C:\Pentek\IP\2017.1\pentek\ip\px_axis_pdti2ppkt_2\px_axis_pdti2ppkt_2.srcs\component.xml}
WARNING: [IP_Flow 19-3898] File Group 'xilinx_vhdltestbench (VHDL Test Bench)': File '../test_parameters.txt' is not found in the project sources. It will be removed from the packaged IP when the sources are merged. If still required, please add this file to the project and re-package.
ipx::open_ipxact_file: Time (s): cpu = 00:00:08 ; elapsed = 00:00:06 . Memory (MB): peak = 935.004 ; gain = 23.039
set_property version 1.2 [ipx::current_core]
set_property display_name px_axis_pdti2ppkt_2_v1_2 [ipx::current_core]
set_property core_revision 11 [ipx::current_core]
ipx::create_xgui_files [ipx::current_core]
ipx::update_checksums [ipx::current_core]
ipx::save_core [ipx::current_core]
update_ip_catalog -rebuild -repo_path c:/Pentek/IP/2017.1/pentek
INFO: [IP_Flow 19-725] Reloaded user IP repository 'c:/Pentek/IP/2017.1/pentek'
update_ip_catalog: Time (s): cpu = 00:00:06 ; elapsed = 00:00:10 . Memory (MB): peak = 965.324 ; gain = 30.320
close_project
open_project C:/Pentek/IP/2017.1/pentek/ip/px_axis_pdti2ppkt_1/px_axis_pdti2ppkt_1.xpr
Scanning sources...
Finished scanning sources
WARNING: [filemgmt 56-3] IPUserFilesDir: Could not find the directory 'C:/Pentek/IP/2017.1/pentek/ip/px_axis_pdti2ppkt_1/px_axis_pdti2ppkt_1.ip_user_files'.
INFO: [IP_Flow 19-234] Refreshing IP repositories
INFO: [IP_Flow 19-1700] Loaded user IP repository 'c:/Pentek/IP/2017.1/pentek'.
WARNING: [IP_Flow 19-3656] If you move the project, the path for repository 'c:/Pentek/IP/2017.1/pentek' may become invalid. A better location for the repository would be in a path adjacent to the project. (Current project location is 'c:/Pentek/IP/2017.1/pentek/ip/px_axis_pdti2ppkt_1'.)
INFO: [IP_Flow 19-2313] Loaded Vivado IP repository 'C:/Xilinx/Vivado/2017.1/data/ip'.
open_project: Time (s): cpu = 00:00:06 ; elapsed = 00:00:08 . Memory (MB): peak = 969.406 ; gain = 0.000
update_compile_order -fileset sources_1
ipx::open_ipxact_file {C:\Pentek\IP\2017.1\pentek\ip\px_axis_pdti2ppkt_1\px_axis_pdti2ppkt_1.srcs\component.xml}
WARNING: [IP_Flow 19-3898] File Group 'xilinx_vhdltestbench (VHDL Test Bench)': File '../test_parameters.txt' is not found in the project sources. It will be removed from the packaged IP when the sources are merged. If still required, please add this file to the project and re-package.
set_property display_name px_axis_pdti2ppkt_1_v1_2 [ipx::current_core]
set_property version 1.2 [ipx::current_core]
set_property core_revision 34 [ipx::current_core]
ipx::create_xgui_files [ipx::current_core]
ipx::update_checksums [ipx::current_core]
ipx::save_core [ipx::current_core]
update_ip_catalog -rebuild -repo_path c:/Pentek/IP/2017.1/pentek
INFO: [IP_Flow 19-725] Reloaded user IP repository 'c:/Pentek/IP/2017.1/pentek'
update_ip_catalog: Time (s): cpu = 00:00:05 ; elapsed = 00:00:06 . Memory (MB): peak = 1011.387 ; gain = 0.000
exit
INFO: [Common 17-206] Exiting Vivado at Mon Jul 31 08:18:35 2017...
