#-----------------------------------------------------------
# Vivado v2018.2 (64-bit)
# SW Build 2258646 on Thu Jun 14 20:03:12 MDT 2018
# IP Build 2256618 on Thu Jun 14 22:10:49 MDT 2018
# Start of session at: Sat Sep 22 09:53:41 2018
# Process ID: 15372
# Current directory: C:/Pentek/IP/2018.2/wip/px_pcie4_cfg_ctl
# Command line: vivado.exe -gui_launcher_event rodinguilauncherevent19936 C:\Pentek\IP\2018.2\wip\px_pcie4_cfg_ctl\px_pcie4_cfg_ctl.xpr
# Log file: C:/Pentek/IP/2018.2/wip/px_pcie4_cfg_ctl/vivado.log
# Journal file: C:/Pentek/IP/2018.2/wip/px_pcie4_cfg_ctl\vivado.jou
#-----------------------------------------------------------
Sourcing tcl script 'C:/Users/Rich/AppData/Roaming/Xilinx/Vivado/Vivado_init.tcl'
56 Beta devices matching pattern found, 49 enabled.
start_gui
open_project C:/Pentek/IP/2018.2/wip/px_pcie4_cfg_ctl/px_pcie4_cfg_ctl.xpr
INFO: [Project 1-313] Project file moved from 'C:/Pentek/IP/2018.1/wip/px_pcie4_cfg_ctl' since last save.
Scanning sources...
Finished scanning sources
WARNING: [filemgmt 56-2] IPUserFilesDir: Could not find the directory 'C:/Pentek/IP/2018.2/wip/px_pcie4_cfg_ctl/px_pcie4_cfg_ctl.ip_user_files', nor could it be found using path 'C:/Pentek/IP/2018.1/wip/px_pcie4_cfg_ctl/px_pcie4_cfg_ctl.ip_user_files'.
INFO: [Project 1-230] Project 'px_pcie4_cfg_ctl.xpr' upgraded for this version of Vivado.
INFO: [IP_Flow 19-234] Refreshing IP repositories
INFO: [IP_Flow 19-1704] No user IP repositories specified
INFO: [IP_Flow 19-2313] Loaded Vivado IP repository 'C:/Xilinx/Vivado/2018.2/data/ip'.
open_project: Time (s): cpu = 00:00:12 ; elapsed = 00:00:08 . Memory (MB): peak = 879.789 ; gain = 36.484
update_compile_order -fileset sources_1
ipx::open_ipxact_file {C:\Pentek\IP\2018.2\wip\px_pcie4_cfg_ctl\px_pcie4_cfg_ctl.srcs\sources_1\new\component.xml}
WARNING: [IP_Flow 19-5226] Project source file 'c:/Pentek/IP/2018.2/wip/px_pcie4_cfg_ctl/px_pcie4_cfg_ctl.srcs/sources_1/new/component.xml' ignored by IP packager.
ipx::open_ipxact_file: Time (s): cpu = 00:00:07 ; elapsed = 00:00:05 . Memory (MB): peak = 1418.211 ; gain = 530.781
set_property core_revision 23 [ipx::current_core]
ipx::create_xgui_files [ipx::current_core]
ipx::update_checksums [ipx::current_core]
ipx::save_core [ipx::current_core]
close_project
exit
INFO: [Common 17-206] Exiting Vivado at Sat Sep 22 10:11:29 2018...
