#-----------------------------------------------------------
# Vivado v2017.3_AR70218 (64-bit)
# SW Build 2018833 on Wed Oct  4 19:58:22 MDT 2017
# IP Build 2016188 on Wed Oct  4 21:52:56 MDT 2017
# Start of session at: Wed Apr 11 11:07:14 2018
# Process ID: 8720
# Current directory: C:/Pentek/IP/2017.3/pentek/ip/px_dma_pcie2pd
# Command line: vivado.exe -gui_launcher_event rodinguilauncherevent2580 C:\Pentek\IP\2017.3\pentek\ip\px_dma_pcie2pd\px_dma_pcie2pd.xpr
# Log file: C:/Pentek/IP/2017.3/pentek/ip/px_dma_pcie2pd/vivado.log
# Journal file: C:/Pentek/IP/2017.3/pentek/ip/px_dma_pcie2pd\vivado.jou
#-----------------------------------------------------------
Sourcing tcl script 'C:/Users/Rich/AppData/Roaming/Xilinx/Vivado/Vivado_init.tcl'
101 Beta devices matching pattern found, 54 enabled.
start_gui
open_project C:/Pentek/IP/2017.3/pentek/ip/px_dma_pcie2pd/px_dma_pcie2pd.xpr
Scanning sources...
Finished scanning sources
WARNING: [filemgmt 56-3] IPUserFilesDir: Could not find the directory 'C:/Pentek/IP/2017.3/pentek/ip/px_dma_pcie2pd/px_dma_pcie2pd.ip_user_files'.
INFO: [IP_Flow 19-234] Refreshing IP repositories
INFO: [IP_Flow 19-1700] Loaded user IP repository 'c:/Pentek/IP/2017.3/pentek/ip'.
WARNING: [IP_Flow 19-3656] If you move the project, the path for repository 'c:/Pentek/IP/2017.3/pentek/ip' may become invalid. A better location for the repository would be in a path adjacent to the project. (Current project location is 'c:/Pentek/IP/2017.3/pentek/ip/px_dma_pcie2pd'.)
INFO: [IP_Flow 19-2313] Loaded Vivado IP repository 'C:/Xilinx/Vivado/2017.3/patches/AR70218/vivado/data/ip'.
INFO: [IP_Flow 19-2313] Loaded Vivado IP repository 'C:/Xilinx/Vivado/2017.3/data/ip'.
open_project: Time (s): cpu = 00:00:20 ; elapsed = 00:00:15 . Memory (MB): peak = 881.754 ; gain = 107.992
ipx::open_ipxact_file {C:\Pentek\IP\2017.3\pentek\ip\px_dma_pcie2pd\component.xml}
WARNING: [IP_Flow 19-3898] File Group 'xilinx_anylanguagesynthesis (Synthesis)': File 'px_dma_pcie2pd.srcs/sources_1/ip/px_dma_pcie2pd_tag_fifo/px_dma_pcie2pd_tag_fifo.xci' is not found in the project sources. It will be removed from the packaged IP when the sources are merged. If still required, please add this file to the project and re-package.
WARNING: [IP_Flow 19-3898] File Group 'xilinx_anylanguagesynthesis (Synthesis)': File 'px_dma_pcie2pd.srcs/sources_1/ip/px_dma_pcie2pd_rqst_fifo/px_dma_pcie2pd_rqst_fifo.xci' is not found in the project sources. It will be removed from the packaged IP when the sources are merged. If still required, please add this file to the project and re-package.
WARNING: [IP_Flow 19-3898] File Group 'xilinx_anylanguagesynthesis (Synthesis)': File 'px_dma_pcie2pd.srcs/sources_1/ip/px_dma_pcie2pd_descr_ram/px_dma_pcie2pd_descr_ram.xci' is not found in the project sources. It will be removed from the packaged IP when the sources are merged. If still required, please add this file to the project and re-package.
WARNING: [IP_Flow 19-3898] File Group 'xilinx_anylanguagesynthesis (Synthesis)': File 'px_dma_pcie2pd.srcs/sources_1/ip/px_dma_pcie2pd_cmp_fifo/px_dma_pcie2pd_cmp_fifo.xci' is not found in the project sources. It will be removed from the packaged IP when the sources are merged. If still required, please add this file to the project and re-package.
WARNING: [IP_Flow 19-3898] File Group 'xilinx_anylanguagesynthesis (Synthesis)': File 'px_dma_pcie2pd.srcs/sources_1/ip/px_dma_pcie2pd_buf_pipe/px_dma_pcie2pd_buf_pipe.xci' is not found in the project sources. It will be removed from the packaged IP when the sources are merged. If still required, please add this file to the project and re-package.
WARNING: [IP_Flow 19-3898] File Group 'xilinx_anylanguagesynthesis (Synthesis)': File 'px_dma_pcie2pd.srcs/sources_1/ip/px_dma_pcie2pd_buf_fifo/px_dma_pcie2pd_buf_fifo.xci' is not found in the project sources. It will be removed from the packaged IP when the sources are merged. If still required, please add this file to the project and re-package.
WARNING: [IP_Flow 19-3898] File Group 'xilinx_anylanguagesynthesis (Synthesis)': File 'px_dma_pcie2pd.srcs/sources_1/ip/px_axil_bram_ctlr_dppd/px_axil_bram_ctlr_dppd.xci' is not found in the project sources. It will be removed from the packaged IP when the sources are merged. If still required, please add this file to the project and re-package.
WARNING: [IP_Flow 19-3898] File Group 'xilinx_anylanguagebehavioralsimulation (Simulation)': File 'px_dma_pcie2pd.srcs/sources_1/ip/px_dma_pcie2pd_tag_fifo/px_dma_pcie2pd_tag_fifo.xci' is not found in the project sources. It will be removed from the packaged IP when the sources are merged. If still required, please add this file to the project and re-package.
WARNING: [IP_Flow 19-3898] File Group 'xilinx_anylanguagebehavioralsimulation (Simulation)': File 'px_dma_pcie2pd.srcs/sources_1/ip/px_dma_pcie2pd_rqst_fifo/px_dma_pcie2pd_rqst_fifo.xci' is not found in the project sources. It will be removed from the packaged IP when the sources are merged. If still required, please add this file to the project and re-package.
WARNING: [IP_Flow 19-3898] File Group 'xilinx_anylanguagebehavioralsimulation (Simulation)': File 'px_dma_pcie2pd.srcs/sources_1/ip/px_dma_pcie2pd_descr_ram/px_dma_pcie2pd_descr_ram.xci' is not found in the project sources. It will be removed from the packaged IP when the sources are merged. If still required, please add this file to the project and re-package.
WARNING: [IP_Flow 19-3898] File Group 'xilinx_anylanguagebehavioralsimulation (Simulation)': File 'px_dma_pcie2pd.srcs/sources_1/ip/px_dma_pcie2pd_cmp_fifo/px_dma_pcie2pd_cmp_fifo.xci' is not found in the project sources. It will be removed from the packaged IP when the sources are merged. If still required, please add this file to the project and re-package.
WARNING: [IP_Flow 19-3898] File Group 'xilinx_anylanguagebehavioralsimulation (Simulation)': File 'px_dma_pcie2pd.srcs/sources_1/ip/px_dma_pcie2pd_buf_pipe/px_dma_pcie2pd_buf_pipe.xci' is not found in the project sources. It will be removed from the packaged IP when the sources are merged. If still required, please add this file to the project and re-package.
WARNING: [IP_Flow 19-3898] File Group 'xilinx_anylanguagebehavioralsimulation (Simulation)': File 'px_dma_pcie2pd.srcs/sources_1/ip/px_dma_pcie2pd_buf_fifo/px_dma_pcie2pd_buf_fifo.xci' is not found in the project sources. It will be removed from the packaged IP when the sources are merged. If still required, please add this file to the project and re-package.
WARNING: [IP_Flow 19-3898] File Group 'xilinx_anylanguagebehavioralsimulation (Simulation)': File 'px_dma_pcie2pd.srcs/sources_1/ip/px_axil_bram_ctlr_dppd/px_axil_bram_ctlr_dppd.xci' is not found in the project sources. It will be removed from the packaged IP when the sources are merged. If still required, please add this file to the project and re-package.
WARNING: [IP_Flow 19-3898] File Group 'xilinx_testbench (Test Bench)': File 'test_parameters.txt' is not found in the project sources. It will be removed from the packaged IP when the sources are merged. If still required, please add this file to the project and re-package.
set_property version 1.2 [ipx::current_core]
set_property display_name px_dma_pcie2pd_v1_2 [ipx::current_core]
set_property core_revision 16 [ipx::current_core]
ipx::create_xgui_files [ipx::current_core]
ipx::update_checksums [ipx::current_core]
ipx::save_core [ipx::current_core]
exit
INFO: [Common 17-206] Exiting Vivado at Wed Apr 11 11:12:55 2018...
