Copyright 1986-2019 Xilinx, Inc. All Rights Reserved.
------------------------------------------------------------------------------------
| Tool Version : Vivado v.2019.2 (win64) Build 2700185 Thu Oct 24 18:46:05 MDT 2019
| Date         : Tue Nov 12 09:25:37 2019
| Host         : Rich-PC running 64-bit major release  (build 9200)
| Command      : upgrade_ip
| Device       : xcku085-flva1517-2-e
------------------------------------------------------------------------------------

Upgrade Log for IP 'px_ddr2wave_2_wcnv'

1. Summary
----------

SUCCESS in the upgrade of px_ddr2wave_2_wcnv (xilinx.com:ip:axis_dwidth_converter:1.1) from (Rev. 18) to (Rev. 19)






Copyright 1986-2019 Xilinx, Inc. All Rights Reserved.
------------------------------------------------------------------------------------
| Tool Version : Vivado v.2019.2 (win64) Build 2700185 Thu Oct 24 18:46:05 MDT 2019
| Date         : Tue Nov 12 09:25:37 2019
| Host         : Rich-PC running 64-bit major release  (build 9200)
| Command      : upgrade_ip
| Device       : xcku085-flva1517-2-e
------------------------------------------------------------------------------------

Upgrade Log for IP 'px_ddr2wave_2_rqst_fifo'

1. Summary
----------

SUCCESS in the upgrade of px_ddr2wave_2_rqst_fifo (xilinx.com:ip:fifo_generator:13.2) from (Rev. 4) to (Rev. 5)






Copyright 1986-2019 Xilinx, Inc. All Rights Reserved.
------------------------------------------------------------------------------------
| Tool Version : Vivado v.2019.2 (win64) Build 2700185 Thu Oct 24 18:46:05 MDT 2019
| Date         : Tue Nov 12 09:25:37 2019
| Host         : Rich-PC running 64-bit major release  (build 9200)
| Command      : upgrade_ip
| Device       : xcku085-flva1517-2-e
------------------------------------------------------------------------------------

Upgrade Log for IP 'px_ddr2wave_2_out_fifo'

1. Summary
----------

SUCCESS in the upgrade of px_ddr2wave_2_out_fifo (xilinx.com:ip:fifo_generator:13.2) from (Rev. 4) to (Rev. 5)






Copyright 1986-2019 Xilinx, Inc. All Rights Reserved.
------------------------------------------------------------------------------------
| Tool Version : Vivado v.2019.2 (win64) Build 2700185 Thu Oct 24 18:46:05 MDT 2019
| Date         : Tue Nov 12 09:25:36 2019
| Host         : Rich-PC running 64-bit major release  (build 9200)
| Command      : upgrade_ip
| Device       : xcku085-flva1517-2-e
------------------------------------------------------------------------------------

Upgrade Log for IP 'px_ddr2wave_2_dly'

1. Summary
----------

SUCCESS in the upgrade of px_ddr2wave_2_dly (xilinx.com:ip:c_shift_ram:12.0) from (Rev. 13) to (Rev. 14)






Copyright 1986-2019 Xilinx, Inc. All Rights Reserved.
------------------------------------------------------------------------------------
| Tool Version : Vivado v.2019.2 (win64) Build 2700185 Thu Oct 24 18:46:05 MDT 2019
| Date         : Tue Nov 12 09:25:36 2019
| Host         : Rich-PC running 64-bit major release  (build 9200)
| Command      : upgrade_ip
| Device       : xcku085-flva1517-2-e
------------------------------------------------------------------------------------

Upgrade Log for IP 'px_ddr2wave_2_ddly'

1. Summary
----------

SUCCESS in the upgrade of px_ddr2wave_2_ddly (xilinx.com:ip:c_shift_ram:12.0) from (Rev. 13) to (Rev. 14)






Copyright 1986-2019 Xilinx, Inc. All Rights Reserved.
------------------------------------------------------------------------------------
| Tool Version : Vivado v.2019.2 (win64) Build 2700185 Thu Oct 24 18:46:05 MDT 2019
| Date         : Tue Nov 12 09:25:36 2019
| Host         : Rich-PC running 64-bit major release  (build 9200)
| Command      : upgrade_ip
| Device       : xcku085-flva1517-2-e
------------------------------------------------------------------------------------

Upgrade Log for IP 'px_axis_ddr2wave2_xbar'

1. Summary
----------

SUCCESS in the upgrade of px_axis_ddr2wave2_xbar (xilinx.com:ip:axi_crossbar:2.1) from (Rev. 20) to (Rev. 21)






Copyright 1986-2019 Xilinx, Inc. All Rights Reserved.
------------------------------------------------------------------------------------
| Tool Version : Vivado v.2019.2 (win64) Build 2700185 Thu Oct 24 18:46:05 MDT 2019
| Date         : Tue Nov 12 09:25:34 2019
| Host         : Rich-PC running 64-bit major release  (build 9200)
| Command      : upgrade_ip
| Device       : xcku085-flva1517-2-e
------------------------------------------------------------------------------------

Upgrade Log for IP 'px_axis_ddr2wave2_bramctlr'

1. Summary
----------

SUCCESS in the upgrade of px_axis_ddr2wave2_bramctlr (pentek.com:px_ip:px_axil_bram_ctlr:1.0) from (Rev. 26) to (Rev. 27)






Copyright 1986-2019 Xilinx, Inc. All Rights Reserved.
------------------------------------------------------------------------------------
| Tool Version : Vivado v.2019.2 (win64) Build 2700185 Thu Oct 24 18:46:05 MDT 2019
| Date         : Tue Nov 12 09:25:34 2019
| Host         : Rich-PC running 64-bit major release  (build 9200)
| Command      : upgrade_ip
| Device       : xcku085-flva1517-2-e
------------------------------------------------------------------------------------

Upgrade Log for IP 'px_axil_csr_d2wf_1'

1. Summary
----------

SUCCESS in the upgrade of px_axil_csr_d2wf_1 (pentek.com:px_ip:px_axil_csr:1.0) from (Rev. 23) to (Rev. 24)






Copyright 1986-2019 Xilinx, Inc. All Rights Reserved.
------------------------------------------------------------------------------------
| Tool Version : Vivado v.2019.1 (win64) Build 2552052 Fri May 24 14:49:42 MDT 2019
| Date         : Tue Jun 11 12:45:41 2019
| Host         : Rich-PC running 64-bit major release  (build 9200)
| Command      : upgrade_ip
| Device       : xcku085-flva1517-2-e
------------------------------------------------------------------------------------

Upgrade Log for IP 'px_ddr2wave_2_wcnv'

1. Summary
----------

SUCCESS in the upgrade of px_ddr2wave_2_wcnv (xilinx.com:ip:axis_dwidth_converter:1.1) from (Rev. 15) to (Rev. 18)






Copyright 1986-2019 Xilinx, Inc. All Rights Reserved.
------------------------------------------------------------------------------------
| Tool Version : Vivado v.2019.1 (win64) Build 2552052 Fri May 24 14:49:42 MDT 2019
| Date         : Tue Jun 11 12:45:40 2019
| Host         : Rich-PC running 64-bit major release  (build 9200)
| Command      : upgrade_ip
| Device       : xcku085-flva1517-2-e
------------------------------------------------------------------------------------

Upgrade Log for IP 'px_ddr2wave_2_rqst_fifo'

1. Summary
----------

SUCCESS in the upgrade of px_ddr2wave_2_rqst_fifo (xilinx.com:ip:fifo_generator:13.2) from (Rev. 2) to (Rev. 4)






Copyright 1986-2019 Xilinx, Inc. All Rights Reserved.
------------------------------------------------------------------------------------
| Tool Version : Vivado v.2019.1 (win64) Build 2552052 Fri May 24 14:49:42 MDT 2019
| Date         : Tue Jun 11 12:45:40 2019
| Host         : Rich-PC running 64-bit major release  (build 9200)
| Command      : upgrade_ip
| Device       : xcku085-flva1517-2-e
------------------------------------------------------------------------------------

Upgrade Log for IP 'px_ddr2wave_2_out_fifo'

1. Summary
----------

SUCCESS in the upgrade of px_ddr2wave_2_out_fifo (xilinx.com:ip:fifo_generator:13.2) from (Rev. 2) to (Rev. 4)






Copyright 1986-2019 Xilinx, Inc. All Rights Reserved.
------------------------------------------------------------------------------------
| Tool Version : Vivado v.2019.1 (win64) Build 2552052 Fri May 24 14:49:42 MDT 2019
| Date         : Tue Jun 11 12:45:39 2019
| Host         : Rich-PC running 64-bit major release  (build 9200)
| Command      : upgrade_ip
| Device       : xcku085-flva1517-2-e
------------------------------------------------------------------------------------

Upgrade Log for IP 'px_ddr2wave_2_dly'

1. Summary
----------

SUCCESS in the upgrade of px_ddr2wave_2_dly (xilinx.com:ip:c_shift_ram:12.0) from (Rev. 12) to (Rev. 13)






Copyright 1986-2019 Xilinx, Inc. All Rights Reserved.
------------------------------------------------------------------------------------
| Tool Version : Vivado v.2019.1 (win64) Build 2552052 Fri May 24 14:49:42 MDT 2019
| Date         : Tue Jun 11 12:45:39 2019
| Host         : Rich-PC running 64-bit major release  (build 9200)
| Command      : upgrade_ip
| Device       : xcku085-flva1517-2-e
------------------------------------------------------------------------------------

Upgrade Log for IP 'px_ddr2wave_2_ddly'

1. Summary
----------

SUCCESS in the upgrade of px_ddr2wave_2_ddly (xilinx.com:ip:c_shift_ram:12.0) from (Rev. 12) to (Rev. 13)






Copyright 1986-2019 Xilinx, Inc. All Rights Reserved.
------------------------------------------------------------------------------------
| Tool Version : Vivado v.2019.1 (win64) Build 2552052 Fri May 24 14:49:42 MDT 2019
| Date         : Tue Jun 11 12:45:39 2019
| Host         : Rich-PC running 64-bit major release  (build 9200)
| Command      : upgrade_ip
| Device       : xcku085-flva1517-2-e
------------------------------------------------------------------------------------

Upgrade Log for IP 'px_axis_ddr2wave2_xbar'

1. Summary
----------

SUCCESS in the upgrade of px_axis_ddr2wave2_xbar (xilinx.com:ip:axi_crossbar:2.1) from (Rev. 17) to (Rev. 20)






Copyright 1986-2019 Xilinx, Inc. All Rights Reserved.
------------------------------------------------------------------------------------
| Tool Version : Vivado v.2019.1 (win64) Build 2552052 Fri May 24 14:49:42 MDT 2019
| Date         : Tue Jun 11 12:45:36 2019
| Host         : Rich-PC running 64-bit major release  (build 9200)
| Command      : upgrade_ip
| Device       : xcku085-flva1517-2-e
------------------------------------------------------------------------------------

Upgrade Log for IP 'px_axis_ddr2wave2_bramctlr'

1. Summary
----------

SUCCESS in the upgrade of px_axis_ddr2wave2_bramctlr (pentek.com:px_ip:px_axil_bram_ctlr:1.0) from (Rev. 24) to (Rev. 26)






Copyright 1986-2019 Xilinx, Inc. All Rights Reserved.
------------------------------------------------------------------------------------
| Tool Version : Vivado v.2019.1 (win64) Build 2552052 Fri May 24 14:49:42 MDT 2019
| Date         : Tue Jun 11 12:45:36 2019
| Host         : Rich-PC running 64-bit major release  (build 9200)
| Command      : upgrade_ip
| Device       : xcku085-flva1517-2-e
------------------------------------------------------------------------------------

Upgrade Log for IP 'px_axil_csr_d2wf_1'

1. Summary
----------

SUCCESS in the upgrade of px_axil_csr_d2wf_1 (pentek.com:px_ip:px_axil_csr:1.0) from (Rev. 21) to (Rev. 23)






Copyright 1986-2018 Xilinx, Inc. All Rights Reserved.
------------------------------------------------------------------------------------
| Tool Version : Vivado v.2018.1 (win64) Build 2188600 Wed Apr  4 18:40:38 MDT 2018
| Date         : Wed Jul 18 16:49:27 2018
| Host         : DESKTOP-AI6ONV9 running 64-bit major release  (build 9200)
| Command      : upgrade_ip
| Device       : xcku085-flva1517-2-e
------------------------------------------------------------------------------------

Upgrade Log for IP 'px_ddr2wave_2_wcnv'

1. Summary
----------

SUCCESS in the conversion of px_ddr2wave_2_wcnv (xilinx.com:ip:axis_dwidth_converter:1.1 (Rev. 15)) to Vivado generation flows.






Copyright 1986-2018 Xilinx, Inc. All Rights Reserved.
------------------------------------------------------------------------------------
| Tool Version : Vivado v.2018.1 (win64) Build 2188600 Wed Apr  4 18:40:38 MDT 2018
| Date         : Wed Jul 18 16:49:26 2018
| Host         : DESKTOP-AI6ONV9 running 64-bit major release  (build 9200)
| Command      : upgrade_ip
| Device       : xcku085-flva1517-2-e
------------------------------------------------------------------------------------

Upgrade Log for IP 'px_ddr2wave_2_rqst_fifo'

1. Summary
----------

SUCCESS in the conversion of px_ddr2wave_2_rqst_fifo (xilinx.com:ip:fifo_generator:13.2 (Rev. 2)) to Vivado generation flows.






Copyright 1986-2018 Xilinx, Inc. All Rights Reserved.
------------------------------------------------------------------------------------
| Tool Version : Vivado v.2018.1 (win64) Build 2188600 Wed Apr  4 18:40:38 MDT 2018
| Date         : Wed Jul 18 16:49:26 2018
| Host         : DESKTOP-AI6ONV9 running 64-bit major release  (build 9200)
| Command      : upgrade_ip
| Device       : xcku085-flva1517-2-e
------------------------------------------------------------------------------------

Upgrade Log for IP 'px_ddr2wave_2_out_fifo'

1. Summary
----------

SUCCESS in the conversion of px_ddr2wave_2_out_fifo (xilinx.com:ip:fifo_generator:13.2 (Rev. 2)) to Vivado generation flows.






Copyright 1986-2018 Xilinx, Inc. All Rights Reserved.
------------------------------------------------------------------------------------
| Tool Version : Vivado v.2018.1 (win64) Build 2188600 Wed Apr  4 18:40:38 MDT 2018
| Date         : Wed Jul 18 16:49:25 2018
| Host         : DESKTOP-AI6ONV9 running 64-bit major release  (build 9200)
| Command      : upgrade_ip
| Device       : xcku085-flva1517-2-e
------------------------------------------------------------------------------------

Upgrade Log for IP 'px_ddr2wave_2_dly'

1. Summary
----------

SUCCESS in the conversion of px_ddr2wave_2_dly (xilinx.com:ip:c_shift_ram:12.0 (Rev. 12)) to Vivado generation flows.






Copyright 1986-2018 Xilinx, Inc. All Rights Reserved.
------------------------------------------------------------------------------------
| Tool Version : Vivado v.2018.1 (win64) Build 2188600 Wed Apr  4 18:40:38 MDT 2018
| Date         : Wed Jul 18 16:49:25 2018
| Host         : DESKTOP-AI6ONV9 running 64-bit major release  (build 9200)
| Command      : upgrade_ip
| Device       : xcku085-flva1517-2-e
------------------------------------------------------------------------------------

Upgrade Log for IP 'px_ddr2wave_2_ddly'

1. Summary
----------

SUCCESS in the conversion of px_ddr2wave_2_ddly (xilinx.com:ip:c_shift_ram:12.0 (Rev. 12)) to Vivado generation flows.






Copyright 1986-2018 Xilinx, Inc. All Rights Reserved.
------------------------------------------------------------------------------------
| Tool Version : Vivado v.2018.1 (win64) Build 2188600 Wed Apr  4 18:40:38 MDT 2018
| Date         : Wed Jul 18 16:49:24 2018
| Host         : DESKTOP-AI6ONV9 running 64-bit major release  (build 9200)
| Command      : upgrade_ip
| Device       : xcku085-flva1517-2-e
------------------------------------------------------------------------------------

Upgrade Log for IP 'px_axis_ddr2wave2_xbar'

1. Summary
----------

SUCCESS in the conversion of px_axis_ddr2wave2_xbar (xilinx.com:ip:axi_crossbar:2.1 (Rev. 17)) to Vivado generation flows.






Copyright 1986-2018 Xilinx, Inc. All Rights Reserved.
------------------------------------------------------------------------------------
| Tool Version : Vivado v.2018.1 (win64) Build 2188600 Wed Apr  4 18:40:38 MDT 2018
| Date         : Wed Jul 18 16:49:20 2018
| Host         : DESKTOP-AI6ONV9 running 64-bit major release  (build 9200)
| Command      : upgrade_ip
| Device       : xcku085-flva1517-2-e
------------------------------------------------------------------------------------

Upgrade Log for IP 'px_axis_ddr2wave2_bramctlr'

1. Summary
----------

SUCCESS in the conversion of px_axis_ddr2wave2_bramctlr (pentek.com:px_ip:px_axil_bram_ctlr:1.0 (Rev. 24)) to Vivado generation flows.






Copyright 1986-2018 Xilinx, Inc. All Rights Reserved.
------------------------------------------------------------------------------------
| Tool Version : Vivado v.2018.1 (win64) Build 2188600 Wed Apr  4 18:40:38 MDT 2018
| Date         : Wed Jul 18 16:49:20 2018
| Host         : DESKTOP-AI6ONV9 running 64-bit major release  (build 9200)
| Command      : upgrade_ip
| Device       : xcku085-flva1517-2-e
------------------------------------------------------------------------------------

Upgrade Log for IP 'px_axil_csr_d2wf_1'

1. Summary
----------

SUCCESS in the conversion of px_axil_csr_d2wf_1 (pentek.com:px_ip:px_axil_csr:1.0 (Rev. 21)) to Vivado generation flows.

