#-----------------------------------------------------------
# Vivado v2016.2 (64-bit)
# SW Build 1577090 on Thu Jun  2 16:32:40 MDT 2016
# IP Build 1577682 on Fri Jun  3 12:00:54 MDT 2016
# Start of session at: Thu Jun 09 11:36:09 2016
# Process ID: 6128
# Current directory: C:/Xilinx/Vivado/2016.2/data/ip/pentek/ip/px_dec8fir_48
# Command line: vivado.exe -gui_launcher_event rodinguilauncherevent9112 C:\Xilinx\Vivado\2016.2\data\ip\pentek\ip\px_dec8fir_48\px_dec8fir_48.xpr
# Log file: C:/Xilinx/Vivado/2016.2/data/ip/pentek/ip/px_dec8fir_48/vivado.log
# Journal file: C:/Xilinx/Vivado/2016.2/data/ip/pentek/ip/px_dec8fir_48\vivado.jou
#-----------------------------------------------------------
start_gui
open_project C:/Xilinx/Vivado/2016.2/data/ip/pentek/ip/px_dec8fir_48/px_dec8fir_48.xpr
INFO: [Project 1-313] Project file moved from 'C:/Xilinx/Vivado/2016.1/data/ip/pentek/ip/px_dec8fir_48' since last save.
Scanning sources...
Finished scanning sources
INFO: [Project 1-230] Project 'px_dec8fir_48.xpr' upgraded for this version of Vivado.
INFO: [IP_Flow 19-234] Refreshing IP repositories
INFO: [IP_Flow 19-1700] Loaded user IP repository 'c:/Xilinx/Vivado/2016.2/data/ip/pentek/ip'.
WARNING: [IP_Flow 19-3656] If you move the project, the path for repository 'c:/Xilinx/Vivado/2016.2/data/ip/pentek/ip' may become invalid. A better location for the repostory would be in a path adjacent to the project. (Current project location is 'c:/Xilinx/Vivado/2016.2/data/ip/pentek/ip/px_dec8fir_48'.)
INFO: [IP_Flow 19-1700] Loaded user IP repository 'c:/Xilinx/Vivado/2016.2/data/ip/pentek/interface'.
INFO: [IP_Flow 19-2313] Loaded Vivado IP repository 'C:/Xilinx/Vivado/2016.2/data/ip'.
open_project: Time (s): cpu = 00:00:22 ; elapsed = 00:00:13 . Memory (MB): peak = 981.086 ; gain = 270.449
update_compile_order -fileset sources_1
report_ip_status -name ip_status 
ipx::open_ipxact_file {C:\Xilinx\Vivado\2016.2\data\ip\pentek\ip\px_dec8fir_48\component.xml}
WARNING: [IP_Flow 19-3833] Unreferenced file from the top module is not packaged: 'C:/Xilinx/Vivado/2016.2/data/ip/pentek/ip/px_dec8fir_48/px_dec8fir_48.srcs/sources_1/ip/stim_test_sig_48/stim_test_sig_48.xci'.
WARNING: [IP_Flow 19-3898] File Group 'xilinx_anylanguagesynthesis (Synthesis)': File 'px_dec8fir_48.srcs/sources_1/ip/px_dec8fir_48_dspsum/px_dec8fir_48_dspsum.xci' is no longer found in the project sources. Please remove the packaging file if necessary.
WARNING: [IP_Flow 19-3898] File Group 'xilinx_anylanguagesynthesis (Synthesis)': File 'px_dec8fir_48.srcs/sources_1/ip/fir_dec4_4i1o_anu/fir_dec4_4i1o_anu.xci' is no longer found in the project sources. Please remove the packaging file if necessary.
WARNING: [IP_Flow 19-3898] File Group 'xilinx_anylanguagesynthesis (Synthesis)': File 'px_dec8fir_48.srcs/sources_1/ip/fir_dec4_4i1o_bnu/fir_dec4_4i1o_bnu.xci' is no longer found in the project sources. Please remove the packaging file if necessary.
WARNING: [IP_Flow 19-3898] File Group 'xilinx_anylanguagesynthesis (Synthesis)': File 'px_dec8fir_48.srcs/sources_1/ip/fir_dec4_4i1o_a/fir_dec4_4i1o_a.xci' is no longer found in the project sources. Please remove the packaging file if necessary.
WARNING: [IP_Flow 19-3898] File Group 'xilinx_anylanguagebehavioralsimulation (Simulation)': File 'px_dec8fir_48.srcs/sources_1/ip/px_dec8fir_48_dspsum/px_dec8fir_48_dspsum.xci' is no longer found in the project sources. Please remove the packaging file if necessary.
WARNING: [IP_Flow 19-3898] File Group 'xilinx_anylanguagebehavioralsimulation (Simulation)': File 'px_dec8fir_48.srcs/sources_1/ip/fir_dec4_4i1o_anu/fir_dec4_4i1o_anu.xci' is no longer found in the project sources. Please remove the packaging file if necessary.
WARNING: [IP_Flow 19-3898] File Group 'xilinx_anylanguagebehavioralsimulation (Simulation)': File 'px_dec8fir_48.srcs/sources_1/ip/fir_dec4_4i1o_bnu/fir_dec4_4i1o_bnu.xci' is no longer found in the project sources. Please remove the packaging file if necessary.
WARNING: [IP_Flow 19-3898] File Group 'xilinx_anylanguagebehavioralsimulation (Simulation)': File 'px_dec8fir_48.srcs/sources_1/ip/fir_dec4_4i1o_a/fir_dec4_4i1o_a.xci' is no longer found in the project sources. Please remove the packaging file if necessary.
ipx::merge_project_changes files [ipx::current_core]
WARNING: [IP_Flow 19-3833] Unreferenced file from the top module is not packaged: 'C:/Xilinx/Vivado/2016.2/data/ip/pentek/ip/px_dec8fir_48/px_dec8fir_48.srcs/sources_1/ip/stim_test_sig_48/stim_test_sig_48.xci'.
ipx::remove_file coef_80_4b.coe [ipx::get_file_groups xilinx_anylanguagesynthesis -of_objects [ipx::current_core]]
ipx::remove_file coef_80_4a.coe [ipx::get_file_groups xilinx_anylanguagesynthesis -of_objects [ipx::current_core]]
ipx::remove_file coef_80_4b.coe [ipx::get_file_groups xilinx_anylanguagebehavioralsimulation -of_objects [ipx::current_core]]
ipx::remove_file coef_80_4a.coe [ipx::get_file_groups xilinx_anylanguagebehavioralsimulation -of_objects [ipx::current_core]]
ipx::add_file px_dec8fir_48.srcs/sources_1/ip/stim_test_sig_48/stim_test_sig_48.xci [ipx::get_file_groups xilinx_testbench -of_objects [ipx::current_core]]
set_property type xci [ipx::get_files px_dec8fir_48.srcs/sources_1/ip/stim_test_sig_48/stim_test_sig_48.xci -of_objects [ipx::get_file_groups xilinx_testbench -of_objects [ipx::current_core]]]
set_property core_revision 4 [ipx::current_core]
ipx::create_xgui_files [ipx::current_core]
ipx::update_checksums [ipx::current_core]
ipx::save_core [ipx::current_core]
update_ip_catalog -rebuild -repo_path c:/Xilinx/Vivado/2016.2/data/ip/pentek/ip
INFO: [IP_Flow 19-725] Reloaded user IP repository 'c:/Xilinx/Vivado/2016.2/data/ip/pentek/ip'
exit
INFO: [Common 17-206] Exiting Vivado at Thu Jun 09 11:39:13 2016...
