#-----------------------------------------------------------
# Vivado v2019.2 (64-bit)
# SW Build 2700185 on Thu Oct 24 18:46:05 MDT 2019
# IP Build 2699827 on Thu Oct 24 21:16:38 MDT 2019
# Start of session at: Tue Nov 12 08:17:41 2019
# Process ID: 22604
# Current directory: C:/Pentek/IP/2019.2/pentek/ip/px_xpm_cdc_async_rst
# Command line: vivado.exe -gui_launcher_event rodinguilauncherevent16108 C:\Pentek\IP\2019.2\pentek\ip\px_xpm_cdc_async_rst\px_xpm_cdc_async_rst.xpr
# Log file: C:/Pentek/IP/2019.2/pentek/ip/px_xpm_cdc_async_rst/vivado.log
# Journal file: C:/Pentek/IP/2019.2/pentek/ip/px_xpm_cdc_async_rst\vivado.jou
#-----------------------------------------------------------
INFO: [Common 17-1460] Use of init.tcl in C:/Users/Rich/AppData/Roaming/Xilinx/Vivado/init.tcl is deprecated. Please use Vivado_init.tcl 
Sourcing tcl script 'C:/Users/Rich/AppData/Roaming/Xilinx/Vivado/init.tcl'
start_gui
open_project C:/Pentek/IP/2019.2/pentek/ip/px_xpm_cdc_async_rst/px_xpm_cdc_async_rst.xpr
INFO: [Project 1-313] Project file moved from 'C:/Pentek/IP/2019.1/pentek/ip/px_xpm_cdc_async_rst' since last save.
Scanning sources...
Finished scanning sources
WARNING: [filemgmt 56-2] IPUserFilesDir: Could not find the directory 'C:/Pentek/IP/2019.2/pentek/ip/px_xpm_cdc_async_rst/px_xpm_cdc_async_rst.ip_user_files', nor could it be found using path 'C:/Pentek/IP/2019.1/pentek/ip/px_xpm_cdc_async_rst/px_xpm_cdc_async_rst.ip_user_files'.
INFO: [Project 1-230] Project 'px_xpm_cdc_async_rst.xpr' upgraded for this version of Vivado.
INFO: [IP_Flow 19-234] Refreshing IP repositories
INFO: [IP_Flow 19-1700] Loaded user IP repository 'c:/Pentek/IP/2019.2/pentek/ip/px_xpm_cdc_async_rst/px_xpm_cdc_async_rst.srcs/sources_1/new'.
INFO: [IP_Flow 19-2313] Loaded Vivado IP repository 'C:/Xilinx/Vivado/2019.2/data/ip'.
update_compile_order -fileset sources_1
set_property  ip_repo_paths  {} [current_project]
update_ip_catalog
INFO: [IP_Flow 19-234] Refreshing IP repositories
INFO: [IP_Flow 19-1704] No user IP repositories specified
ipx::open_ipxact_file {C:\Pentek\IP\2019.2\pentek\ip\px_xpm_cdc_async_rst\px_xpm_cdc_async_rst.srcs\sources_1\new\component.xml}
WARNING: [IP_Flow 19-5226] Project source file 'c:/Pentek/IP/2019.2/pentek/ip/px_xpm_cdc_async_rst/px_xpm_cdc_async_rst.srcs/sources_1/new/component.xml' ignored by IP packager.
WARNING: [IP_Flow 19-3898] File Group 'xilinx_anylanguagesynthesis (Synthesis)': File 'c:/Pentek/IP/2019.2/pentek/ip/px_xpm_cdc_async_rst/px_xpm_cdc_async_rst.srcs/sources_1/new/px_xpm_cdc_async_rst.vhd' is not found in the project sources. It will be removed from the packaged IP when the sources are merged. If still required, please add this file to the project and re-package.
WARNING: [IP_Flow 19-3898] File Group 'xilinx_anylanguagebehavioralsimulation (Simulation)': File 'c:/Pentek/IP/2019.2/pentek/ip/px_xpm_cdc_async_rst/px_xpm_cdc_async_rst.srcs/sources_1/new/px_xpm_cdc_async_rst.vhd' is not found in the project sources. It will be removed from the packaged IP when the sources are merged. If still required, please add this file to the project and re-package.
set_property core_revision 16 [ipx::current_core]
ipx::create_xgui_files [ipx::current_core]
ipx::update_checksums [ipx::current_core]
ipx::save_core [ipx::current_core]
set_property  ip_repo_paths  c:/Pentek/IP/2019.2/pentek/ip/px_xpm_cdc_async_rst/px_xpm_cdc_async_rst.srcs/sources_1/new [current_project]
update_ip_catalog
INFO: [IP_Flow 19-234] Refreshing IP repositories
INFO: [IP_Flow 19-1700] Loaded user IP repository 'c:/Pentek/IP/2019.2/pentek/ip/px_xpm_cdc_async_rst/px_xpm_cdc_async_rst.srcs/sources_1/new'.
close_project
open_project C:/Pentek/IP/2019.2/pentek/ip/px_xpm_cdc_bus_sync/px_xpm_cdc_bus_sync.xpr
INFO: [Project 1-313] Project file moved from 'C:/Pentek/IP/2019.1/pentek/ip/px_xpm_cdc_bus_sync' since last save.
Scanning sources...
Finished scanning sources
WARNING: [filemgmt 56-2] IPUserFilesDir: Could not find the directory 'C:/Pentek/IP/2019.2/pentek/ip/px_xpm_cdc_bus_sync/px_xpm_cdc_bus_sync.ip_user_files', nor could it be found using path 'C:/Pentek/IP/2019.1/pentek/ip/px_xpm_cdc_bus_sync/px_xpm_cdc_bus_sync.ip_user_files'.
INFO: [Project 1-230] Project 'px_xpm_cdc_bus_sync.xpr' upgraded for this version of Vivado.
INFO: [IP_Flow 19-234] Refreshing IP repositories
INFO: [IP_Flow 19-1700] Loaded user IP repository 'c:/Pentek/IP/2019.2/pentek/ip/px_xpm_cdc_bus_sync/px_xpm_cdc_bus_sync.srcs/sources_1/new'.
INFO: [IP_Flow 19-2313] Loaded Vivado IP repository 'C:/Xilinx/Vivado/2019.2/data/ip'.
update_compile_order -fileset sources_1
set_property  ip_repo_paths  {} [current_project]
update_ip_catalog
INFO: [IP_Flow 19-234] Refreshing IP repositories
INFO: [IP_Flow 19-1704] No user IP repositories specified
ipx::open_ipxact_file {C:\Pentek\IP\2019.2\pentek\ip\px_xpm_cdc_bus_sync\px_xpm_cdc_bus_sync.srcs\sources_1\new\component.xml}
WARNING: [IP_Flow 19-5226] Project source file 'c:/Pentek/IP/2019.2/pentek/ip/px_xpm_cdc_bus_sync/px_xpm_cdc_bus_sync.srcs/sources_1/new/component.xml' ignored by IP packager.
WARNING: [IP_Flow 19-3898] File Group 'xilinx_anylanguagesynthesis (Synthesis)': File 'c:/Pentek/IP/2019.2/pentek/ip/px_xpm_cdc_bus_sync/px_xpm_cdc_bus_sync.srcs/sources_1/new/px_xpm_cdc_bus_sync.vhd' is not found in the project sources. It will be removed from the packaged IP when the sources are merged. If still required, please add this file to the project and re-package.
WARNING: [IP_Flow 19-3898] File Group 'xilinx_anylanguagebehavioralsimulation (Simulation)': File 'c:/Pentek/IP/2019.2/pentek/ip/px_xpm_cdc_bus_sync/px_xpm_cdc_bus_sync.srcs/sources_1/new/px_xpm_cdc_bus_sync.vhd' is not found in the project sources. It will be removed from the packaged IP when the sources are merged. If still required, please add this file to the project and re-package.
set_property core_revision 12 [ipx::current_core]
ipx::create_xgui_files [ipx::current_core]
ipx::update_checksums [ipx::current_core]
ipx::save_core [ipx::current_core]
set_property  ip_repo_paths  c:/Pentek/IP/2019.2/pentek/ip/px_xpm_cdc_bus_sync/px_xpm_cdc_bus_sync.srcs/sources_1/new [current_project]
update_ip_catalog
INFO: [IP_Flow 19-234] Refreshing IP repositories
INFO: [IP_Flow 19-1700] Loaded user IP repository 'c:/Pentek/IP/2019.2/pentek/ip/px_xpm_cdc_bus_sync/px_xpm_cdc_bus_sync.srcs/sources_1/new'.
close_project
open_project C:/Pentek/IP/2019.2/pentek/ip/px_xpm_cdc_pulse/px_xpm_cdc_pulse.xpr
INFO: [Project 1-313] Project file moved from 'C:/Pentek/IP/2019.1/pentek/ip/px_xpm_cdc_pulse' since last save.
Scanning sources...
Finished scanning sources
WARNING: [filemgmt 56-2] IPUserFilesDir: Could not find the directory 'C:/Pentek/IP/2019.2/pentek/ip/px_xpm_cdc_pulse/px_xpm_cdc_pulse.ip_user_files', nor could it be found using path 'C:/Pentek/IP/2019.1/pentek/ip/px_xpm_cdc_pulse/px_xpm_cdc_pulse.ip_user_files'.
INFO: [Project 1-230] Project 'px_xpm_cdc_pulse.xpr' upgraded for this version of Vivado.
INFO: [IP_Flow 19-234] Refreshing IP repositories
INFO: [IP_Flow 19-1700] Loaded user IP repository 'c:/Pentek/IP/2019.2/pentek/ip/px_xpm_cdc_pulse/px_xpm_cdc_pulse.srcs/sources_1/new'.
INFO: [IP_Flow 19-2313] Loaded Vivado IP repository 'C:/Xilinx/Vivado/2019.2/data/ip'.
update_compile_order -fileset sources_1
set_property  ip_repo_paths  {} [current_project]
update_ip_catalog
INFO: [IP_Flow 19-234] Refreshing IP repositories
INFO: [IP_Flow 19-1704] No user IP repositories specified
ipx::open_ipxact_file {C:\Pentek\IP\2019.2\pentek\ip\px_xpm_cdc_pulse\px_xpm_cdc_pulse.srcs\sources_1\new\component.xml}
WARNING: [IP_Flow 19-5226] Project source file 'c:/Pentek/IP/2019.2/pentek/ip/px_xpm_cdc_pulse/px_xpm_cdc_pulse.srcs/sources_1/new/component.xml' ignored by IP packager.
WARNING: [IP_Flow 19-3898] File Group 'xilinx_anylanguagesynthesis (Synthesis)': File 'c:/Pentek/IP/2019.2/pentek/ip/px_xpm_cdc_pulse/px_xpm_cdc_pulse.srcs/sources_1/new/px_xpm_cdc_pulse.vhd' is not found in the project sources. It will be removed from the packaged IP when the sources are merged. If still required, please add this file to the project and re-package.
WARNING: [IP_Flow 19-3898] File Group 'xilinx_anylanguagebehavioralsimulation (Simulation)': File 'c:/Pentek/IP/2019.2/pentek/ip/px_xpm_cdc_pulse/px_xpm_cdc_pulse.srcs/sources_1/new/px_xpm_cdc_pulse.vhd' is not found in the project sources. It will be removed from the packaged IP when the sources are merged. If still required, please add this file to the project and re-package.
set_property core_revision 15 [ipx::current_core]
ipx::create_xgui_files [ipx::current_core]
ipx::update_checksums [ipx::current_core]
ipx::save_core [ipx::current_core]
set_property  ip_repo_paths  c:/Pentek/IP/2019.2/pentek/ip/px_xpm_cdc_pulse/px_xpm_cdc_pulse.srcs/sources_1/new [current_project]
update_ip_catalog
INFO: [IP_Flow 19-234] Refreshing IP repositories
INFO: [IP_Flow 19-1700] Loaded user IP repository 'c:/Pentek/IP/2019.2/pentek/ip/px_xpm_cdc_pulse/px_xpm_cdc_pulse.srcs/sources_1/new'.
close_project
open_project C:/Pentek/IP/2019.2/pentek/ip/px_xpm_cdc_single/px_xpm_cdc_single.xpr
INFO: [Project 1-313] Project file moved from 'C:/Pentek/IP/2019.1/pentek/ip/px_xpm_cdc_single' since last save.
Scanning sources...
Finished scanning sources
WARNING: [filemgmt 56-2] IPUserFilesDir: Could not find the directory 'C:/Pentek/IP/2019.2/pentek/ip/px_xpm_cdc_single/px_xpm_cdc_single.ip_user_files', nor could it be found using path 'C:/Pentek/IP/2019.1/pentek/ip/px_xpm_cdc_single/px_xpm_cdc_single.ip_user_files'.
INFO: [Project 1-230] Project 'px_xpm_cdc_single.xpr' upgraded for this version of Vivado.
INFO: [IP_Flow 19-234] Refreshing IP repositories
INFO: [IP_Flow 19-1700] Loaded user IP repository 'c:/Pentek/IP/2019.2/pentek/ip/px_xpm_cdc_single/px_xpm_cdc_single.srcs/sources_1/new'.
INFO: [IP_Flow 19-2313] Loaded Vivado IP repository 'C:/Xilinx/Vivado/2019.2/data/ip'.
update_compile_order -fileset sources_1
set_property  ip_repo_paths  {} [current_project]
update_ip_catalog
INFO: [IP_Flow 19-234] Refreshing IP repositories
INFO: [IP_Flow 19-1704] No user IP repositories specified
ipx::open_ipxact_file {C:\Pentek\IP\2019.2\pentek\ip\px_xpm_cdc_single\px_xpm_cdc_single.srcs\sources_1\new\component.xml}
WARNING: [IP_Flow 19-5226] Project source file 'c:/Pentek/IP/2019.2/pentek/ip/px_xpm_cdc_single/px_xpm_cdc_single.srcs/sources_1/new/component.xml' ignored by IP packager.
WARNING: [IP_Flow 19-3898] File Group 'xilinx_anylanguagesynthesis (Synthesis)': File 'c:/Pentek/IP/2019.2/pentek/ip/px_xpm_cdc_single/px_xpm_cdc_single.srcs/sources_1/new/px_xpm_cdc_single.vhd' is not found in the project sources. It will be removed from the packaged IP when the sources are merged. If still required, please add this file to the project and re-package.
WARNING: [IP_Flow 19-3898] File Group 'xilinx_anylanguagebehavioralsimulation (Simulation)': File 'c:/Pentek/IP/2019.2/pentek/ip/px_xpm_cdc_single/px_xpm_cdc_single.srcs/sources_1/new/px_xpm_cdc_single.vhd' is not found in the project sources. It will be removed from the packaged IP when the sources are merged. If still required, please add this file to the project and re-package.
set_property core_revision 12 [ipx::current_core]
ipx::create_xgui_files [ipx::current_core]
ipx::update_checksums [ipx::current_core]
ipx::save_core [ipx::current_core]
set_property  ip_repo_paths  c:/Pentek/IP/2019.2/pentek/ip/px_xpm_cdc_single/px_xpm_cdc_single.srcs/sources_1/new [current_project]
update_ip_catalog
INFO: [IP_Flow 19-234] Refreshing IP repositories
INFO: [IP_Flow 19-1700] Loaded user IP repository 'c:/Pentek/IP/2019.2/pentek/ip/px_xpm_cdc_single/px_xpm_cdc_single.srcs/sources_1/new'.
close_project
open_project C:/Pentek/IP/2019.2/pentek/ip/px_xpm_cdc_single_array/px_xpm_cdc_single_array.xpr
INFO: [Project 1-313] Project file moved from 'C:/Pentek/IP/2019.1/pentek/ip/px_xpm_cdc_single_array' since last save.
Scanning sources...
Finished scanning sources
WARNING: [filemgmt 56-2] IPUserFilesDir: Could not find the directory 'C:/Pentek/IP/2019.2/pentek/ip/px_xpm_cdc_single_array/px_xpm_cdc_single_array.ip_user_files', nor could it be found using path 'C:/Pentek/IP/2019.1/pentek/ip/px_xpm_cdc_single_array/px_xpm_cdc_single_array.ip_user_files'.
INFO: [Project 1-230] Project 'px_xpm_cdc_single_array.xpr' upgraded for this version of Vivado.
INFO: [IP_Flow 19-234] Refreshing IP repositories
INFO: [IP_Flow 19-1700] Loaded user IP repository 'c:/Pentek/IP/2019.2/pentek/ip/px_xpm_cdc_single_array/px_xpm_cdc_single_array.srcs/sources_1/new'.
INFO: [IP_Flow 19-2313] Loaded Vivado IP repository 'C:/Xilinx/Vivado/2019.2/data/ip'.
update_compile_order -fileset sources_1
set_property  ip_repo_paths  {} [current_project]
update_ip_catalog
INFO: [IP_Flow 19-234] Refreshing IP repositories
INFO: [IP_Flow 19-1704] No user IP repositories specified
ipx::open_ipxact_file {C:\Pentek\IP\2019.2\pentek\ip\px_xpm_cdc_single_array\px_xpm_cdc_single_array.srcs\sources_1\new\component.xml}
WARNING: [IP_Flow 19-5226] Project source file 'c:/Pentek/IP/2019.2/pentek/ip/px_xpm_cdc_single_array/px_xpm_cdc_single_array.srcs/sources_1/new/component.xml' ignored by IP packager.
WARNING: [IP_Flow 19-3898] File Group 'xilinx_anylanguagesynthesis (Synthesis)': File 'c:/Pentek/IP/2019.2/pentek/ip/px_xpm_cdc_single_array/px_xpm_cdc_single_array.srcs/sources_1/new/px_xpm_cdc_single_array.vhd' is not found in the project sources. It will be removed from the packaged IP when the sources are merged. If still required, please add this file to the project and re-package.
WARNING: [IP_Flow 19-3898] File Group 'xilinx_anylanguagebehavioralsimulation (Simulation)': File 'c:/Pentek/IP/2019.2/pentek/ip/px_xpm_cdc_single_array/px_xpm_cdc_single_array.srcs/sources_1/new/px_xpm_cdc_single_array.vhd' is not found in the project sources. It will be removed from the packaged IP when the sources are merged. If still required, please add this file to the project and re-package.
set_property core_revision 11 [ipx::current_core]
ipx::create_xgui_files [ipx::current_core]
ipx::update_checksums [ipx::current_core]
ipx::save_core [ipx::current_core]
set_property  ip_repo_paths  c:/Pentek/IP/2019.2/pentek/ip/px_xpm_cdc_single_array/px_xpm_cdc_single_array.srcs/sources_1/new [current_project]
update_ip_catalog
INFO: [IP_Flow 19-234] Refreshing IP repositories
INFO: [IP_Flow 19-1700] Loaded user IP repository 'c:/Pentek/IP/2019.2/pentek/ip/px_xpm_cdc_single_array/px_xpm_cdc_single_array.srcs/sources_1/new'.
close_project
open_project C:/Pentek/IP/2019.2/pentek/ip/px_test_sig_gen_48/px_test_sig_gen_48.xpr
INFO: [Project 1-313] Project file moved from 'C:/Pentek/IP/2019.1/pentek/ip/px_test_sig_gen_48' since last save.
Scanning sources...
Finished scanning sources
WARNING: [Project 1-509] GeneratedRun file for 'px_axil_csr_tsig_48_synth_1' not found
WARNING: [Project 1-509] GeneratedRun file for 'px_test_sig_gen48_dds_synth_1' not found
WARNING: [filemgmt 56-2] IPUserFilesDir: Could not find the directory 'C:/Pentek/IP/2019.2/pentek/ip/px_test_sig_gen_48/px_test_sig_gen_48.ip_user_files', nor could it be found using path 'C:/Pentek/IP/2019.1/pentek/ip/px_test_sig_gen_48/px_test_sig_gen_48.ip_user_files'.
INFO: [IP_Flow 19-234] Refreshing IP repositories
INFO: [IP_Flow 19-1700] Loaded user IP repository 'c:/Pentek/IP/2019.2/pentek'.
WARNING: [IP_Flow 19-3656] If you move the project, the path for repository 'c:/Pentek/IP/2019.2/pentek' may become invalid. A better location for the repository would be in a path adjacent to the project. (Current project location is 'c:/Pentek/IP/2019.2/pentek/ip/px_test_sig_gen_48'.)
INFO: [IP_Flow 19-2313] Loaded Vivado IP repository 'C:/Xilinx/Vivado/2019.2/data/ip'.
WARNING: [IP_Flow 19-2162] IP 'px_axil_csr_tsig_48' is locked:
* IP definition 'px_axil_csr_v1_0 (1.0)' for IP 'px_axil_csr_tsig_48' (customized with software release 2019.1) has a different revision in the IP Catalog.
WARNING: [IP_Flow 19-2162] IP 'px_test_sig_gen48_dds' is locked:
* IP definition 'DDS Compiler (6.0)' for IP 'px_test_sig_gen48_dds' (customized with software release 2019.1) has a different revision in the IP Catalog.
INFO: [Project 1-230] Project 'px_test_sig_gen_48.xpr' upgraded for this version of Vivado.
open_project: Time (s): cpu = 00:00:04 ; elapsed = 00:00:06 . Memory (MB): peak = 1216.102 ; gain = 9.496
report_ip_status -name ip_status 
update_compile_order -fileset sources_1
upgrade_ip -srcset px_axil_csr_tsig_48 [get_ips  {px_axil_csr_tsig_48 px_test_sig_gen48_dds}] -log ip_upgrade.log
Upgrading 'px_axil_csr_tsig_48'
INFO: [Project 1-386] Moving file 'C:/Pentek/IP/2019.2/pentek/ip/px_test_sig_gen_48/px_test_sig_gen_48.srcs/sources_1/ip/px_axil_csr_tsig_48/px_axil_csr_tsig_48.xci' from fileset 'px_axil_csr_tsig_48' to fileset 'sources_1'.
INFO: [IP_Flow 19-3422] Upgraded px_axil_csr_tsig_48 (px_axil_csr_v1_0 1.0) from revision 23 to revision 24
INFO: [IP_Flow 19-1686] Generating 'Instantiation Template' target for IP 'px_axil_csr_tsig_48'...
Upgrading 'px_test_sig_gen48_dds'
INFO: [Project 1-386] Moving file 'C:/Pentek/IP/2019.2/pentek/ip/px_test_sig_gen_48/px_test_sig_gen_48.srcs/sources_1/ip/px_test_sig_gen48_dds/px_test_sig_gen48_dds.xci' from fileset 'px_test_sig_gen48_dds' to fileset 'sources_1'.
INFO: [IP_Flow 19-3422] Upgraded px_test_sig_gen48_dds (DDS Compiler 6.0) from revision 18 to revision 19
INFO: [IP_Flow 19-1686] Generating 'Instantiation Template' target for IP 'px_test_sig_gen48_dds'...
INFO: [Coretcl 2-1525] Wrote upgrade log to 'C:/Pentek/IP/2019.2/pentek/ip/px_test_sig_gen_48/ip_upgrade.log'.
export_ip_user_files -of_objects [get_ips {px_axil_csr_tsig_48 px_test_sig_gen48_dds}] -no_script -sync -force -quiet
ipx::open_ipxact_file {C:\Pentek\IP\2019.2\pentek\ip\px_test_sig_gen_48\px_test_sig_gen_48.srcs\component.xml}
WARNING: [IP_Flow 19-5226] Project source file 'c:/Pentek/IP/2019.2/pentek/ip/px_test_sig_gen_48/px_test_sig_gen_48.srcs/component.xml' ignored by IP packager.
WARNING: [IP_Flow 19-3898] File Group 'xilinx_anylanguagesynthesis (Synthesis)': File 'c:/Pentek/IP/2019.2/pentek/ip/px_test_sig_gen_48/px_test_sig_gen_48.srcs/sources_1/ip/px_test_sig_gen48_dds/px_test_sig_gen48_dds.xci' is not found in the project sources. It will be removed from the packaged IP when the sources are merged. If still required, please add this file to the project and re-package.
WARNING: [IP_Flow 19-3898] File Group 'xilinx_anylanguagesynthesis (Synthesis)': File 'c:/Pentek/IP/2019.2/pentek/ip/px_test_sig_gen_48/px_test_sig_gen_48.srcs/sources_1/ip/px_axil_csr_tsig_48/px_axil_csr_tsig_48.xci' is not found in the project sources. It will be removed from the packaged IP when the sources are merged. If still required, please add this file to the project and re-package.
WARNING: [IP_Flow 19-3898] File Group 'xilinx_anylanguagesynthesis (Synthesis)': File 'c:/Pentek/IP/2019.2/pentek/ip/px_test_sig_gen_48/px_test_sig_gen_48.srcs/sources_1/new/px_test_sig_gen_mod.vhd' is not found in the project sources. It will be removed from the packaged IP when the sources are merged. If still required, please add this file to the project and re-package.
WARNING: [IP_Flow 19-3898] File Group 'xilinx_anylanguagesynthesis (Synthesis)': File 'c:/Pentek/IP/2019.2/pentek/ip/px_test_sig_gen_48/px_test_sig_gen_48.srcs/sources_1/new/px_test_sig_gen_48_csr.vhd' is not found in the project sources. It will be removed from the packaged IP when the sources are merged. If still required, please add this file to the project and re-package.
WARNING: [IP_Flow 19-3898] File Group 'xilinx_anylanguagesynthesis (Synthesis)': File 'c:/Pentek/IP/2019.2/pentek/ip/px_test_sig_gen_48/px_test_sig_gen_48.srcs/sources_1/new/px_test_sig_gen_48.vhd' is not found in the project sources. It will be removed from the packaged IP when the sources are merged. If still required, please add this file to the project and re-package.
WARNING: [IP_Flow 19-3898] File Group 'xilinx_anylanguagebehavioralsimulation (Simulation)': File 'c:/Pentek/IP/2019.2/pentek/ip/px_test_sig_gen_48/px_test_sig_gen_48.srcs/sources_1/ip/px_test_sig_gen48_dds/px_test_sig_gen48_dds.xci' is not found in the project sources. It will be removed from the packaged IP when the sources are merged. If still required, please add this file to the project and re-package.
WARNING: [IP_Flow 19-3898] File Group 'xilinx_anylanguagebehavioralsimulation (Simulation)': File 'c:/Pentek/IP/2019.2/pentek/ip/px_test_sig_gen_48/px_test_sig_gen_48.srcs/sources_1/ip/px_axil_csr_tsig_48/px_axil_csr_tsig_48.xci' is not found in the project sources. It will be removed from the packaged IP when the sources are merged. If still required, please add this file to the project and re-package.
WARNING: [IP_Flow 19-3898] File Group 'xilinx_anylanguagebehavioralsimulation (Simulation)': File 'c:/Pentek/IP/2019.2/pentek/ip/px_test_sig_gen_48/px_test_sig_gen_48.srcs/sources_1/new/px_test_sig_gen_mod.vhd' is not found in the project sources. It will be removed from the packaged IP when the sources are merged. If still required, please add this file to the project and re-package.
WARNING: [IP_Flow 19-3898] File Group 'xilinx_anylanguagebehavioralsimulation (Simulation)': File 'c:/Pentek/IP/2019.2/pentek/ip/px_test_sig_gen_48/px_test_sig_gen_48.srcs/sources_1/new/px_test_sig_gen_48_csr.vhd' is not found in the project sources. It will be removed from the packaged IP when the sources are merged. If still required, please add this file to the project and re-package.
WARNING: [IP_Flow 19-3898] File Group 'xilinx_anylanguagebehavioralsimulation (Simulation)': File 'c:/Pentek/IP/2019.2/pentek/ip/px_test_sig_gen_48/px_test_sig_gen_48.srcs/sources_1/new/px_test_sig_gen_48.vhd' is not found in the project sources. It will be removed from the packaged IP when the sources are merged. If still required, please add this file to the project and re-package.
WARNING: [IP_Flow 19-3898] File Group 'xilinx_testbench (Test Bench)': File 'c:/Pentek/IP/2019.2/pentek/ip/px_test_sig_gen_48/px_test_sig_gen_48.srcs/sim_1/new/tb_px_test_sig_gen_48.vhd' is not found in the project sources. It will be removed from the packaged IP when the sources are merged. If still required, please add this file to the project and re-package.
set_property core_revision 42 [ipx::current_core]
ipx::create_xgui_files [ipx::current_core]
ipx::update_checksums [ipx::current_core]
ipx::save_core [ipx::current_core]
update_ip_catalog -rebuild -repo_path c:/Pentek/IP/2019.2/pentek
INFO: [IP_Flow 19-725] Reloaded user IP repository 'c:/Pentek/IP/2019.2/pentek'
update_compile_order -fileset sources_1
close_project
open_project C:/Pentek/IP/2019.2/pentek/ip/px_axis_decompose/px_axis_decompose.xpr
INFO: [Project 1-313] Project file moved from 'C:/Pentek/IP/2019.1/pentek/ip/px_axis_decompose' since last save.
Scanning sources...
Finished scanning sources
WARNING: [filemgmt 56-2] IPUserFilesDir: Could not find the directory 'C:/Pentek/IP/2019.2/pentek/ip/px_axis_decompose/px_axis_decompose.ip_user_files', nor could it be found using path 'C:/Pentek/IP/2019.1/pentek/ip/px_axis_decompose/px_axis_decompose.ip_user_files'.
INFO: [Project 1-230] Project 'px_axis_decompose.xpr' upgraded for this version of Vivado.
INFO: [IP_Flow 19-234] Refreshing IP repositories
INFO: [IP_Flow 19-1700] Loaded user IP repository 'c:/Pentek/IP/2019.2/pentek/ip/px_axis_decompose/px_axis_decompose.srcs/sources_1/new'.
INFO: [IP_Flow 19-2313] Loaded Vivado IP repository 'C:/Xilinx/Vivado/2019.2/data/ip'.
update_compile_order -fileset sources_1
set_property  ip_repo_paths  {} [current_project]
update_ip_catalog
INFO: [IP_Flow 19-234] Refreshing IP repositories
INFO: [IP_Flow 19-1704] No user IP repositories specified
ipx::open_ipxact_file {C:\Pentek\IP\2019.2\pentek\ip\px_axis_decompose\px_axis_decompose.srcs\sources_1\new\component.xml}
WARNING: [IP_Flow 19-5226] Project source file 'c:/Pentek/IP/2019.2/pentek/ip/px_axis_decompose/px_axis_decompose.srcs/sources_1/new/component.xml' ignored by IP packager.
WARNING: [IP_Flow 19-3898] File Group 'xilinx_anylanguagesynthesis (Synthesis)': File 'c:/Pentek/IP/2019.2/pentek/ip/px_axis_decompose/px_axis_decompose.srcs/sources_1/new/px_axis_decompose.vhd' is not found in the project sources. It will be removed from the packaged IP when the sources are merged. If still required, please add this file to the project and re-package.
WARNING: [IP_Flow 19-3898] File Group 'xilinx_anylanguagebehavioralsimulation (Simulation)': File 'c:/Pentek/IP/2019.2/pentek/ip/px_axis_decompose/px_axis_decompose.srcs/sources_1/new/px_axis_decompose.vhd' is not found in the project sources. It will be removed from the packaged IP when the sources are merged. If still required, please add this file to the project and re-package.
set_property core_revision 15 [ipx::current_core]
ipx::create_xgui_files [ipx::current_core]
ipx::update_checksums [ipx::current_core]
ipx::save_core [ipx::current_core]
set_property  ip_repo_paths  c:/Pentek/IP/2019.2/pentek/ip/px_axis_decompose/px_axis_decompose.srcs/sources_1/new [current_project]
update_ip_catalog
INFO: [IP_Flow 19-234] Refreshing IP repositories
INFO: [IP_Flow 19-1700] Loaded user IP repository 'c:/Pentek/IP/2019.2/pentek/ip/px_axis_decompose/px_axis_decompose.srcs/sources_1/new'.
close_project
exit
INFO: [Common 17-206] Exiting Vivado at Tue Nov 12 12:06:53 2019...
