#-----------------------------------------------------------
# Vivado v2016.4 (64-bit)
# SW Build 1733598 on Wed Dec 14 22:35:39 MST 2016
# IP Build 1731160 on Wed Dec 14 23:47:21 MST 2016
# Start of session at: Fri Jan 13 08:39:20 2017
# Process ID: 9136
# Current directory: C:/Pentek/IP/2016.4/pentek/ip/px_axis_intfir32_1
# Command line: vivado.exe -gui_launcher_event rodinguilauncherevent9100 C:\Pentek\IP\2016.4\pentek\ip\px_axis_intfir32_1\px_axis_intfir32_1.xpr
# Log file: C:/Pentek/IP/2016.4/pentek/ip/px_axis_intfir32_1/vivado.log
# Journal file: C:/Pentek/IP/2016.4/pentek/ip/px_axis_intfir32_1\vivado.jou
#-----------------------------------------------------------
start_gui
open_project C:/Pentek/IP/2016.4/pentek/ip/px_axis_intfir32_1/px_axis_intfir32_1.xpr
INFO: [Project 1-313] Project file moved from 'C:/Xilinx/Vivado/2016.3/data/ip/pentek/ip/px_axis_intfir32_1' since last save.
Scanning sources...
Finished scanning sources
WARNING: [Project 1-509] GeneratedRun file for 'synth_1' not found
WARNING: [filemgmt 56-2] IPUserFilesDir: Could not find the directory 'C:/Pentek/IP/2016.4/pentek/ip/px_axis_intfir32_1/px_axis_intfir32_1.ip_user_files', nor could it be found using path 'C:/Xilinx/Vivado/2016.3/data/ip/pentek/ip/px_axis_intfir32_1/px_axis_intfir32_1.ip_user_files'.
INFO: [IP_Flow 19-234] Refreshing IP repositories
INFO: [IP_Flow 19-1700] Loaded user IP repository 'c:/Pentek/IP/2016.4/pentek/ip'.
WARNING: [IP_Flow 19-3656] If you move the project, the path for repository 'c:/Pentek/IP/2016.4/pentek/ip' may become invalid. A better location for the repository would be in a path adjacent to the project. (Current project location is 'c:/Pentek/IP/2016.4/pentek/ip/px_axis_intfir32_1'.)
INFO: [IP_Flow 19-2313] Loaded Vivado IP repository 'C:/Xilinx/Vivado/2016.4/data/ip'.
WARNING: [IP_Flow 19-2162] IP 'px_axis_intfir32_1_outfifo' is locked:
* IP definition 'FIFO Generator (13.1)' for IP 'px_axis_intfir32_1_outfifo' (customized with software release 2016.3) has a different revision in the IP Catalog.
Please select 'Report IP Status' from the 'Tools/Report' menu or run Tcl command 'report_ip_status' for more information.
WARNING: [IP_Flow 19-2162] IP 'px_axis_intfir32_axi_xbar' is locked:
* IP definition 'AXI Crossbar (2.1)' for IP 'px_axis_intfir32_axi_xbar' (customized with software release 2016.3) has a different revision in the IP Catalog.
Please select 'Report IP Status' from the 'Tools/Report' menu or run Tcl command 'report_ip_status' for more information.
WARNING: [IP_Flow 19-2162] IP 'px_axis_intfir32_brctlr' is locked:
* IP definition 'px_axil_bram_ctlr_v1_0 (1.0)' for IP 'px_axis_intfir32_brctlr' (customized with software release 2016.3) has a different revision in the IP Catalog.
Please select 'Report IP Status' from the 'Tools/Report' menu or run Tcl command 'report_ip_status' for more information.
WARNING: [IP_Flow 19-2162] IP 'px_axis_intfir32_dlyr' is locked:
* IP definition 'Block Memory Generator (8.3)' for IP 'px_axis_intfir32_dlyr' (customized with software release 2016.3) has a different revision in the IP Catalog.
Please select 'Report IP Status' from the 'Tools/Report' menu or run Tcl command 'report_ip_status' for more information.
WARNING: [IP_Flow 19-2162] IP 'px_axis_intfir32_mem' is locked:
* IP definition 'Block Memory Generator (8.3)' for IP 'px_axis_intfir32_mem' (customized with software release 2016.3) has a different revision in the IP Catalog.
Please select 'Report IP Status' from the 'Tools/Report' menu or run Tcl command 'report_ip_status' for more information.
WARNING: [IP_Flow 19-2162] IP 'px_axis_intfir32_rnd16' is locked:
* IP definition 'px_axis_round_v1_0 (1.0)' for IP 'px_axis_intfir32_rnd16' (customized with software release 2016.3) has a different revision in the IP Catalog.
Please select 'Report IP Status' from the 'Tools/Report' menu or run Tcl command 'report_ip_status' for more information.
WARNING: [IP_Flow 19-2162] IP 'px_axis_intfir32_rnd24' is locked:
* IP definition 'px_axis_round_v1_0 (1.0)' for IP 'px_axis_intfir32_rnd24' (customized with software release 2016.3) has a different revision in the IP Catalog.
Please select 'Report IP Status' from the 'Tools/Report' menu or run Tcl command 'report_ip_status' for more information.
WARNING: [IP_Flow 19-2162] IP 'px_axis_intfir32_sat' is locked:
* IP definition 'px_axis_saturate_v1_0 (1.0)' for IP 'px_axis_intfir32_sat' (customized with software release 2016.3) has a different revision in the IP Catalog.
Please select 'Report IP Status' from the 'Tools/Report' menu or run Tcl command 'report_ip_status' for more information.
WARNING: [IP_Flow 19-2162] IP 'px_axis_intfir32_xclk' is locked:
* IP definition 'px_lvl_trans_xclk_v1_0 (1.0)' for IP 'px_axis_intfir32_xclk' (customized with software release 2016.3) has a different revision in the IP Catalog.
Please select 'Report IP Status' from the 'Tools/Report' menu or run Tcl command 'report_ip_status' for more information.
WARNING: [IP_Flow 19-2162] IP 'px_axis_intfir32l_csr' is locked:
* IP definition 'px_axil_csr_v1_0 (1.0)' for IP 'px_axis_intfir32l_csr' (customized with software release 2016.3) has a different revision in the IP Catalog.
Please select 'Report IP Status' from the 'Tools/Report' menu or run Tcl command 'report_ip_status' for more information.
open_project: Time (s): cpu = 00:00:12 ; elapsed = 00:00:10 . Memory (MB): peak = 940.398 ; gain = 238.730
exit
INFO: [Common 17-206] Exiting Vivado at Fri Jan 13 14:36:28 2017...
