Copyright 1986-2019 Xilinx, Inc. All Rights Reserved.
------------------------------------------------------------------------------------
| Tool Version : Vivado v.2019.2 (win64) Build 2700185 Thu Oct 24 18:46:05 MDT 2019
| Date         : Tue Nov 12 09:49:10 2019
| Host         : Rich-PC running 64-bit major release  (build 9200)
| Command      : upgrade_ip
| Device       : xczu27dr-ffvg1517-1-e
------------------------------------------------------------------------------------

Upgrade Log for IP 'px_axis_ppkt_uram_fifo_csr'

1. Summary
----------

SUCCESS in the upgrade of px_axis_ppkt_uram_fifo_csr (pentek.com:px_ip:px_axil_csr:1.0) from (Rev. 23) to (Rev. 24)






Copyright 1986-2019 Xilinx, Inc. All Rights Reserved.
------------------------------------------------------------------------------------
| Tool Version : Vivado v.2019.1 (win64) Build 2552052 Fri May 24 14:49:42 MDT 2019
| Date         : Sat Jun  8 19:00:35 2019
| Host         : Igor2 running 64-bit major release  (build 9200)
| Command      : upgrade_ip
| Device       : xczu27dr-ffvg1517-1-e
------------------------------------------------------------------------------------

Upgrade Log for IP 'px_axis_ppkt_uram_fifo_csr'

1. Summary
----------

SUCCESS in the upgrade of px_axis_ppkt_uram_fifo_csr (pentek.com:px_ip:px_axil_csr:1.0) from (Rev. 22) to (Rev. 23)






Copyright 1986-2018 Xilinx, Inc. All Rights Reserved.
------------------------------------------------------------------------------------
| Tool Version : Vivado v.2018.3 (win64) Build 2405991 Thu Dec  6 23:38:27 MST 2018
| Date         : Fri Dec 14 10:44:22 2018
| Host         : Rich-PC running 64-bit major release  (build 9200)
| Command      : upgrade_ip
| Device       : xczu27dr-ffvg1517-1-e
------------------------------------------------------------------------------------

Upgrade Log for IP 'px_axis_ppkt_uram_fifo_csr'

1. Summary
----------

SUCCESS in the upgrade of px_axis_ppkt_uram_fifo_csr (pentek.com:px_ip:px_axil_csr:1.0) from (Rev. 21) to (Rev. 22)






Copyright 1986-2018 Xilinx, Inc. All Rights Reserved.
------------------------------------------------------------------------------------
| Tool Version : Vivado v.2018.1 (win64) Build 2188600 Wed Apr  4 18:40:38 MDT 2018
| Date         : Tue May  1 15:15:30 2018
| Host         : Rich-PC running 64-bit major release  (build 9200)
| Command      : upgrade_ip
| Device       : xczu27dr-ffvg1517-1-e-es1
------------------------------------------------------------------------------------

Upgrade Log for IP 'px_axis_ppkt_uram_fifo_csr'

1. Summary
----------

SUCCESS in the upgrade of px_axis_ppkt_uram_fifo_csr (pentek.com:px_ip:px_axil_csr:1.0) from (Rev. 19) to (Rev. 21)

