#-----------------------------------------------------------
# Vivado v2019.1 (64-bit)
# SW Build 2552052 on Fri May 24 14:49:42 MDT 2019
# IP Build 2548770 on Fri May 24 18:01:18 MDT 2019
# Start of session at: Sat Jun  8 07:57:14 2019
# Process ID: 12164
# Current directory: C:/Pentek/IP/2019.1/pentek/ip/px_axil_bram_ctlr
# Command line: vivado.exe -gui_launcher_event rodinguilauncherevent11060 C:\Pentek\IP\2019.1\pentek\ip\px_axil_bram_ctlr\px_axil_bram_ctlr.xpr
# Log file: C:/Pentek/IP/2019.1/pentek/ip/px_axil_bram_ctlr/vivado.log
# Journal file: C:/Pentek/IP/2019.1/pentek/ip/px_axil_bram_ctlr\vivado.jou
#-----------------------------------------------------------
Sourcing tcl script 'C:/Users/Rich/AppData/Roaming/Xilinx/Vivado/Vivado_init.tcl'
4 Beta devices matching pattern found, 0 enabled.
start_gui
open_project C:/Pentek/IP/2019.1/pentek/ip/px_axil_bram_ctlr/px_axil_bram_ctlr.xpr
INFO: [Project 1-313] Project file moved from 'C:/Pentek/IP/2018.3/pentek/ip/px_axil_bram_ctlr' since last save.
Scanning sources...
Finished scanning sources
WARNING: [filemgmt 56-2] IPUserFilesDir: Could not find the directory 'C:/Pentek/IP/2019.1/pentek/ip/px_axil_bram_ctlr/px_axil_bram_ctlr.ip_user_files', nor could it be found using path 'C:/Pentek/IP/2018.3/pentek/ip/px_axil_bram_ctlr/px_axil_bram_ctlr.ip_user_files'.
INFO: [Project 1-230] Project 'px_axil_bram_ctlr.xpr' upgraded for this version of Vivado.
INFO: [IP_Flow 19-234] Refreshing IP repositories
INFO: [IP_Flow 19-1704] No user IP repositories specified
INFO: [IP_Flow 19-2313] Loaded Vivado IP repository 'C:/Xilinx/Vivado/2019.1/data/ip'.
update_compile_order -fileset sources_1
ipx::open_ipxact_file {C:\Pentek\IP\2019.1\pentek\ip\px_axil_bram_ctlr\px_axil_bram_ctlr.srcs\component.xml}
WARNING: [IP_Flow 19-5226] Project source file 'c:/Pentek/IP/2019.1/pentek/ip/px_axil_bram_ctlr/px_axil_bram_ctlr.srcs/component.xml' ignored by IP packager.
WARNING: [IP_Flow 19-3898] File Group 'xilinx_anylanguagesynthesis (Synthesis)': File 'c:/Pentek/IP/2019.1/pentek/ip/px_axil_bram_ctlr/px_axil_bram_ctlr.srcs/sources_1/new/px_axil_bram_ctlr.vhd' is not found in the project sources. It will be removed from the packaged IP when the sources are merged. If still required, please add this file to the project and re-package.
WARNING: [IP_Flow 19-3898] File Group 'xilinx_anylanguagebehavioralsimulation (Simulation)': File 'c:/Pentek/IP/2019.1/pentek/ip/px_axil_bram_ctlr/px_axil_bram_ctlr.srcs/sources_1/new/px_axil_bram_ctlr.vhd' is not found in the project sources. It will be removed from the packaged IP when the sources are merged. If still required, please add this file to the project and re-package.
set_property core_revision 26 [ipx::current_core]
ipx::create_xgui_files [ipx::current_core]
ipx::update_checksums [ipx::current_core]
ipx::save_core [ipx::current_core]
set_property  ip_repo_paths  c:/Pentek/IP/2019.1/pentek/ip/px_axil_bram_ctlr/px_axil_bram_ctlr.srcs [current_project]
update_ip_catalog
INFO: [IP_Flow 19-234] Refreshing IP repositories
INFO: [IP_Flow 19-1700] Loaded user IP repository 'c:/Pentek/IP/2019.1/pentek/ip/px_axil_bram_ctlr/px_axil_bram_ctlr.srcs'.
close_project
exit
INFO: [Common 17-206] Exiting Vivado at Sat Jun  8 09:14:58 2019...
