Copyright 1986-2019 Xilinx, Inc. All Rights Reserved.
------------------------------------------------------------------------------------
| Tool Version : Vivado v.2019.2 (win64) Build 2700185 Thu Oct 24 18:46:05 MDT 2019
| Date         : Tue Nov 12 08:27:35 2019
| Host         : Rich-PC running 64-bit major release  (build 9200)
| Command      : upgrade_ip
| Device       : xcku060-ffva1156-2-e
------------------------------------------------------------------------------------

Upgrade Log for IP 'tb_dds'

1. Summary
----------

SUCCESS in the upgrade of tb_dds (xilinx.com:ip:dds_compiler:6.0) from (Rev. 18) to (Rev. 19)






Copyright 1986-2019 Xilinx, Inc. All Rights Reserved.
------------------------------------------------------------------------------------
| Tool Version : Vivado v.2019.2 (win64) Build 2700185 Thu Oct 24 18:46:05 MDT 2019
| Date         : Tue Nov 12 08:27:34 2019
| Host         : Rich-PC running 64-bit major release  (build 9200)
| Command      : upgrade_ip
| Device       : xcku060-ffva1156-2-e
------------------------------------------------------------------------------------

Upgrade Log for IP 'px_2chdec2fir_mem'

1. Summary
----------

SUCCESS in the upgrade of px_2chdec2fir_mem (xilinx.com:ip:blk_mem_gen:8.4) from (Rev. 3) to (Rev. 4)






Copyright 1986-2019 Xilinx, Inc. All Rights Reserved.
------------------------------------------------------------------------------------
| Tool Version : Vivado v.2019.2 (win64) Build 2700185 Thu Oct 24 18:46:05 MDT 2019
| Date         : Tue Nov 12 08:27:32 2019
| Host         : Rich-PC running 64-bit major release  (build 9200)
| Command      : upgrade_ip
| Device       : xcku060-ffva1156-2-e
------------------------------------------------------------------------------------

Upgrade Log for IP 'px_2chdec2fir_fifo'

1. Summary
----------

SUCCESS in the upgrade of px_2chdec2fir_fifo (xilinx.com:ip:fifo_generator:13.2) from (Rev. 4) to (Rev. 5)






Copyright 1986-2019 Xilinx, Inc. All Rights Reserved.
------------------------------------------------------------------------------------
| Tool Version : Vivado v.2019.2 (win64) Build 2700185 Thu Oct 24 18:46:05 MDT 2019
| Date         : Tue Nov 12 08:27:32 2019
| Host         : Rich-PC running 64-bit major release  (build 9200)
| Command      : upgrade_ip
| Device       : xcku060-ffva1156-2-e
------------------------------------------------------------------------------------

Upgrade Log for IP 'px_2chdec2fir_brctlr'

1. Summary
----------

SUCCESS in the upgrade of px_2chdec2fir_brctlr (pentek.com:px_ip:px_axil_bram_ctlr:1.0) from (Rev. 26) to (Rev. 27)






Copyright 1986-2019 Xilinx, Inc. All Rights Reserved.
------------------------------------------------------------------------------------
| Tool Version : Vivado v.2019.2 (win64) Build 2700185 Thu Oct 24 18:46:05 MDT 2019
| Date         : Tue Nov 12 08:27:31 2019
| Host         : Rich-PC running 64-bit major release  (build 9200)
| Command      : upgrade_ip
| Device       : xcku060-ffva1156-2-e
------------------------------------------------------------------------------------

Upgrade Log for IP 'px_2chdec2fir_axi_xbar'

1. Summary
----------

SUCCESS in the upgrade of px_2chdec2fir_axi_xbar (xilinx.com:ip:axi_crossbar:2.1) from (Rev. 20) to (Rev. 21)






Copyright 1986-2019 Xilinx, Inc. All Rights Reserved.
------------------------------------------------------------------------------------
| Tool Version : Vivado v.2019.2 (win64) Build 2700185 Thu Oct 24 18:46:05 MDT 2019
| Date         : Tue Nov 12 08:27:30 2019
| Host         : Rich-PC running 64-bit major release  (build 9200)
| Command      : upgrade_ip
| Device       : xcku060-ffva1156-2-e
------------------------------------------------------------------------------------

Upgrade Log for IP 'px_2ch_dec2fir_tuserdly2'

1. Summary
----------

SUCCESS in the upgrade of px_2ch_dec2fir_tuserdly2 (xilinx.com:ip:c_shift_ram:12.0) from (Rev. 13) to (Rev. 14)






Copyright 1986-2019 Xilinx, Inc. All Rights Reserved.
------------------------------------------------------------------------------------
| Tool Version : Vivado v.2019.2 (win64) Build 2700185 Thu Oct 24 18:46:05 MDT 2019
| Date         : Tue Nov 12 08:27:30 2019
| Host         : Rich-PC running 64-bit major release  (build 9200)
| Command      : upgrade_ip
| Device       : xcku060-ffva1156-2-e
------------------------------------------------------------------------------------

Upgrade Log for IP 'px_2ch_dec2fir_tuserdly'

1. Summary
----------

SUCCESS in the upgrade of px_2ch_dec2fir_tuserdly (xilinx.com:ip:c_shift_ram:12.0) from (Rev. 13) to (Rev. 14)






Copyright 1986-2019 Xilinx, Inc. All Rights Reserved.
------------------------------------------------------------------------------------
| Tool Version : Vivado v.2019.2 (win64) Build 2700185 Thu Oct 24 18:46:05 MDT 2019
| Date         : Tue Nov 12 08:27:30 2019
| Host         : Rich-PC running 64-bit major release  (build 9200)
| Command      : upgrade_ip
| Device       : xcku060-ffva1156-2-e
------------------------------------------------------------------------------------

Upgrade Log for IP 'px_2ch_dec2fir_sat'

1. Summary
----------

SUCCESS in the upgrade of px_2ch_dec2fir_sat (pentek.com:px_ip:px_axis_saturate:1.1) from (Rev. 23) to (Rev. 24)






Copyright 1986-2019 Xilinx, Inc. All Rights Reserved.
------------------------------------------------------------------------------------
| Tool Version : Vivado v.2019.2 (win64) Build 2700185 Thu Oct 24 18:46:05 MDT 2019
| Date         : Tue Nov 12 08:27:30 2019
| Host         : Rich-PC running 64-bit major release  (build 9200)
| Command      : upgrade_ip
| Device       : xcku060-ffva1156-2-e
------------------------------------------------------------------------------------

Upgrade Log for IP 'px_2ch_dec2fir_rnd24'

1. Summary
----------

SUCCESS in the upgrade of px_2ch_dec2fir_rnd24 (pentek.com:px_ip:px_axis_round:1.0) from (Rev. 19) to (Rev. 20)






Copyright 1986-2019 Xilinx, Inc. All Rights Reserved.
------------------------------------------------------------------------------------
| Tool Version : Vivado v.2019.2 (win64) Build 2700185 Thu Oct 24 18:46:05 MDT 2019
| Date         : Tue Nov 12 08:27:29 2019
| Host         : Rich-PC running 64-bit major release  (build 9200)
| Command      : upgrade_ip
| Device       : xcku060-ffva1156-2-e
------------------------------------------------------------------------------------

Upgrade Log for IP 'px_2ch_dec2fir_rnd16'

1. Summary
----------

SUCCESS in the upgrade of px_2ch_dec2fir_rnd16 (pentek.com:px_ip:px_axis_round:1.0) from (Rev. 19) to (Rev. 20)






Copyright 1986-2019 Xilinx, Inc. All Rights Reserved.
------------------------------------------------------------------------------------
| Tool Version : Vivado v.2019.2 (win64) Build 2700185 Thu Oct 24 18:46:05 MDT 2019
| Date         : Tue Nov 12 08:27:29 2019
| Host         : Rich-PC running 64-bit major release  (build 9200)
| Command      : upgrade_ip
| Device       : xcku060-ffva1156-2-e
------------------------------------------------------------------------------------

Upgrade Log for IP 'px_2ch_dec2fir_fir'

1. Summary
----------

SUCCESS in the upgrade of px_2ch_dec2fir_fir (xilinx.com:ip:fir_compiler:7.2) from (Rev. 12) to (Rev. 13)






Copyright 1986-2019 Xilinx, Inc. All Rights Reserved.
------------------------------------------------------------------------------------
| Tool Version : Vivado v.2019.2 (win64) Build 2700185 Thu Oct 24 18:46:05 MDT 2019
| Date         : Tue Nov 12 08:27:28 2019
| Host         : Rich-PC running 64-bit major release  (build 9200)
| Command      : upgrade_ip
| Device       : xcku060-ffva1156-2-e
------------------------------------------------------------------------------------

Upgrade Log for IP 'px_2ch_dec2fir_csr'

1. Summary
----------

SUCCESS in the upgrade of px_2ch_dec2fir_csr (pentek.com:px_ip:px_axil_csr:1.0) from (Rev. 23) to (Rev. 24)






Copyright 1986-2019 Xilinx, Inc. All Rights Reserved.
------------------------------------------------------------------------------------
| Tool Version : Vivado v.2019.1 (win64) Build 2552052 Fri May 24 14:49:42 MDT 2019
| Date         : Sat Jun  8 08:48:17 2019
| Host         : Igor2 running 64-bit major release  (build 9200)
| Command      : upgrade_ip
| Device       : xcku060-ffva1156-2-e
------------------------------------------------------------------------------------

Upgrade Log for IP 'tb_dds'

1. Summary
----------

SUCCESS in the upgrade of tb_dds (xilinx.com:ip:dds_compiler:6.0) from (Rev. 17) to (Rev. 18)






Copyright 1986-2019 Xilinx, Inc. All Rights Reserved.
------------------------------------------------------------------------------------
| Tool Version : Vivado v.2019.1 (win64) Build 2552052 Fri May 24 14:49:42 MDT 2019
| Date         : Sat Jun  8 08:48:16 2019
| Host         : Igor2 running 64-bit major release  (build 9200)
| Command      : upgrade_ip
| Device       : xcku060-ffva1156-2-e
------------------------------------------------------------------------------------

Upgrade Log for IP 'px_2chdec2fir_mem'

1. Summary
----------

SUCCESS in the upgrade of px_2chdec2fir_mem (xilinx.com:ip:blk_mem_gen:8.4) from (Rev. 2) to (Rev. 3)






Copyright 1986-2019 Xilinx, Inc. All Rights Reserved.
------------------------------------------------------------------------------------
| Tool Version : Vivado v.2019.1 (win64) Build 2552052 Fri May 24 14:49:42 MDT 2019
| Date         : Sat Jun  8 08:48:15 2019
| Host         : Igor2 running 64-bit major release  (build 9200)
| Command      : upgrade_ip
| Device       : xcku060-ffva1156-2-e
------------------------------------------------------------------------------------

Upgrade Log for IP 'px_2chdec2fir_fifo'

1. Summary
----------

SUCCESS in the upgrade of px_2chdec2fir_fifo (xilinx.com:ip:fifo_generator:13.2) from (Rev. 3) to (Rev. 4)






Copyright 1986-2019 Xilinx, Inc. All Rights Reserved.
------------------------------------------------------------------------------------
| Tool Version : Vivado v.2019.1 (win64) Build 2552052 Fri May 24 14:49:42 MDT 2019
| Date         : Sat Jun  8 08:48:14 2019
| Host         : Igor2 running 64-bit major release  (build 9200)
| Command      : upgrade_ip
| Device       : xcku060-ffva1156-2-e
------------------------------------------------------------------------------------

Upgrade Log for IP 'px_2chdec2fir_brctlr'

1. Summary
----------

SUCCESS in the upgrade of px_2chdec2fir_brctlr (pentek.com:px_ip:px_axil_bram_ctlr:1.0) from (Rev. 25) to (Rev. 26)






Copyright 1986-2019 Xilinx, Inc. All Rights Reserved.
------------------------------------------------------------------------------------
| Tool Version : Vivado v.2019.1 (win64) Build 2552052 Fri May 24 14:49:42 MDT 2019
| Date         : Sat Jun  8 08:48:14 2019
| Host         : Igor2 running 64-bit major release  (build 9200)
| Command      : upgrade_ip
| Device       : xcku060-ffva1156-2-e
------------------------------------------------------------------------------------

Upgrade Log for IP 'px_2chdec2fir_axi_xbar'

1. Summary
----------

SUCCESS in the upgrade of px_2chdec2fir_axi_xbar (xilinx.com:ip:axi_crossbar:2.1) from (Rev. 19) to (Rev. 20)






Copyright 1986-2019 Xilinx, Inc. All Rights Reserved.
------------------------------------------------------------------------------------
| Tool Version : Vivado v.2019.1 (win64) Build 2552052 Fri May 24 14:49:42 MDT 2019
| Date         : Sat Jun  8 08:48:11 2019
| Host         : Igor2 running 64-bit major release  (build 9200)
| Command      : upgrade_ip
| Device       : xcku060-ffva1156-2-e
------------------------------------------------------------------------------------

Upgrade Log for IP 'px_2ch_dec2fir_tuserdly2'

1. Summary
----------

SUCCESS in the upgrade of px_2ch_dec2fir_tuserdly2 (xilinx.com:ip:c_shift_ram:12.0) from (Rev. 12) to (Rev. 13)






Copyright 1986-2019 Xilinx, Inc. All Rights Reserved.
------------------------------------------------------------------------------------
| Tool Version : Vivado v.2019.1 (win64) Build 2552052 Fri May 24 14:49:42 MDT 2019
| Date         : Sat Jun  8 08:48:11 2019
| Host         : Igor2 running 64-bit major release  (build 9200)
| Command      : upgrade_ip
| Device       : xcku060-ffva1156-2-e
------------------------------------------------------------------------------------

Upgrade Log for IP 'px_2ch_dec2fir_tuserdly'

1. Summary
----------

SUCCESS in the upgrade of px_2ch_dec2fir_tuserdly (xilinx.com:ip:c_shift_ram:12.0) from (Rev. 12) to (Rev. 13)






Copyright 1986-2019 Xilinx, Inc. All Rights Reserved.
------------------------------------------------------------------------------------
| Tool Version : Vivado v.2019.1 (win64) Build 2552052 Fri May 24 14:49:42 MDT 2019
| Date         : Sat Jun  8 08:48:10 2019
| Host         : Igor2 running 64-bit major release  (build 9200)
| Command      : upgrade_ip
| Device       : xcku060-ffva1156-2-e
------------------------------------------------------------------------------------

Upgrade Log for IP 'px_2ch_dec2fir_sat'

1. Summary
----------

SUCCESS in the upgrade of px_2ch_dec2fir_sat (pentek.com:px_ip:px_axis_saturate:1.1) from (Rev. 22) to (Rev. 23)






Copyright 1986-2019 Xilinx, Inc. All Rights Reserved.
------------------------------------------------------------------------------------
| Tool Version : Vivado v.2019.1 (win64) Build 2552052 Fri May 24 14:49:42 MDT 2019
| Date         : Sat Jun  8 08:48:10 2019
| Host         : Igor2 running 64-bit major release  (build 9200)
| Command      : upgrade_ip
| Device       : xcku060-ffva1156-2-e
------------------------------------------------------------------------------------

Upgrade Log for IP 'px_2ch_dec2fir_rnd24'

1. Summary
----------

SUCCESS in the upgrade of px_2ch_dec2fir_rnd24 (pentek.com:px_ip:px_axis_round:1.0) from (Rev. 18) to (Rev. 19)






Copyright 1986-2019 Xilinx, Inc. All Rights Reserved.
------------------------------------------------------------------------------------
| Tool Version : Vivado v.2019.1 (win64) Build 2552052 Fri May 24 14:49:42 MDT 2019
| Date         : Sat Jun  8 08:48:10 2019
| Host         : Igor2 running 64-bit major release  (build 9200)
| Command      : upgrade_ip
| Device       : xcku060-ffva1156-2-e
------------------------------------------------------------------------------------

Upgrade Log for IP 'px_2ch_dec2fir_rnd16'

1. Summary
----------

SUCCESS in the upgrade of px_2ch_dec2fir_rnd16 (pentek.com:px_ip:px_axis_round:1.0) from (Rev. 18) to (Rev. 19)






Copyright 1986-2019 Xilinx, Inc. All Rights Reserved.
------------------------------------------------------------------------------------
| Tool Version : Vivado v.2019.1 (win64) Build 2552052 Fri May 24 14:49:42 MDT 2019
| Date         : Sat Jun  8 08:48:09 2019
| Host         : Igor2 running 64-bit major release  (build 9200)
| Command      : upgrade_ip
| Device       : xcku060-ffva1156-2-e
------------------------------------------------------------------------------------

Upgrade Log for IP 'px_2ch_dec2fir_mult'

1. Summary
----------

SUCCESS in the upgrade of px_2ch_dec2fir_mult (xilinx.com:ip:xbip_dsp48_macro:3.0) from (Rev. 16) to (Rev. 17)






Copyright 1986-2019 Xilinx, Inc. All Rights Reserved.
------------------------------------------------------------------------------------
| Tool Version : Vivado v.2019.1 (win64) Build 2552052 Fri May 24 14:49:42 MDT 2019
| Date         : Sat Jun  8 08:48:07 2019
| Host         : Igor2 running 64-bit major release  (build 9200)
| Command      : upgrade_ip
| Device       : xcku060-ffva1156-2-e
------------------------------------------------------------------------------------

Upgrade Log for IP 'px_2ch_dec2fir_fir'

1. Summary
----------

SUCCESS in the upgrade of px_2ch_dec2fir_fir (xilinx.com:ip:fir_compiler:7.2) from (Rev. 11) to (Rev. 12)






Copyright 1986-2019 Xilinx, Inc. All Rights Reserved.
------------------------------------------------------------------------------------
| Tool Version : Vivado v.2019.1 (win64) Build 2552052 Fri May 24 14:49:42 MDT 2019
| Date         : Sat Jun  8 08:48:06 2019
| Host         : Igor2 running 64-bit major release  (build 9200)
| Command      : upgrade_ip
| Device       : xcku060-ffva1156-2-e
------------------------------------------------------------------------------------

Upgrade Log for IP 'px_2ch_dec2fir_csr'

1. Summary
----------

SUCCESS in the upgrade of px_2ch_dec2fir_csr (pentek.com:px_ip:px_axil_csr:1.0) from (Rev. 22) to (Rev. 23)






Copyright 1986-2018 Xilinx, Inc. All Rights Reserved.
------------------------------------------------------------------------------------
| Tool Version : Vivado v.2018.3 (win64) Build 2405991 Thu Dec  6 23:38:27 MST 2018
| Date         : Thu Dec 13 14:20:25 2018
| Host         : Rich-PC running 64-bit major release  (build 9200)
| Command      : upgrade_ip
| Device       : xcku060-ffva1156-2-e
------------------------------------------------------------------------------------

Upgrade Log for IP 'tb_dds'

1. Summary
----------

SUCCESS in the upgrade of tb_dds (xilinx.com:ip:dds_compiler:6.0) from (Rev. 16) to (Rev. 17)






Copyright 1986-2018 Xilinx, Inc. All Rights Reserved.
------------------------------------------------------------------------------------
| Tool Version : Vivado v.2018.3 (win64) Build 2405991 Thu Dec  6 23:38:27 MST 2018
| Date         : Thu Dec 13 14:20:23 2018
| Host         : Rich-PC running 64-bit major release  (build 9200)
| Command      : upgrade_ip
| Device       : xcku060-ffva1156-2-e
------------------------------------------------------------------------------------

Upgrade Log for IP 'px_2chdec2fir_mem'

1. Summary
----------

SUCCESS in the upgrade of px_2chdec2fir_mem (xilinx.com:ip:blk_mem_gen:8.4) from (Rev. 1) to (Rev. 2)






Copyright 1986-2018 Xilinx, Inc. All Rights Reserved.
------------------------------------------------------------------------------------
| Tool Version : Vivado v.2018.3 (win64) Build 2405991 Thu Dec  6 23:38:27 MST 2018
| Date         : Thu Dec 13 14:20:14 2018
| Host         : Rich-PC running 64-bit major release  (build 9200)
| Command      : upgrade_ip
| Device       : xcku060-ffva1156-2-e
------------------------------------------------------------------------------------

Upgrade Log for IP 'px_2chdec2fir_fifo'

1. Summary
----------

SUCCESS in the upgrade of px_2chdec2fir_fifo (xilinx.com:ip:fifo_generator:13.2) from (Rev. 2) to (Rev. 3)






Copyright 1986-2018 Xilinx, Inc. All Rights Reserved.
------------------------------------------------------------------------------------
| Tool Version : Vivado v.2018.3 (win64) Build 2405991 Thu Dec  6 23:38:27 MST 2018
| Date         : Thu Dec 13 14:20:12 2018
| Host         : Rich-PC running 64-bit major release  (build 9200)
| Command      : upgrade_ip
| Device       : xcku060-ffva1156-2-e
------------------------------------------------------------------------------------

Upgrade Log for IP 'px_2chdec2fir_brctlr'

1. Summary
----------

SUCCESS in the upgrade of px_2chdec2fir_brctlr (pentek.com:px_ip:px_axil_bram_ctlr:1.0) from (Rev. 24) to (Rev. 25)






Copyright 1986-2018 Xilinx, Inc. All Rights Reserved.
------------------------------------------------------------------------------------
| Tool Version : Vivado v.2018.3 (win64) Build 2405991 Thu Dec  6 23:38:27 MST 2018
| Date         : Thu Dec 13 14:20:12 2018
| Host         : Rich-PC running 64-bit major release  (build 9200)
| Command      : upgrade_ip
| Device       : xcku060-ffva1156-2-e
------------------------------------------------------------------------------------

Upgrade Log for IP 'px_2chdec2fir_axi_xbar'

1. Summary
----------

SUCCESS in the upgrade of px_2chdec2fir_axi_xbar (xilinx.com:ip:axi_crossbar:2.1) from (Rev. 17) to (Rev. 19)






Copyright 1986-2018 Xilinx, Inc. All Rights Reserved.
------------------------------------------------------------------------------------
| Tool Version : Vivado v.2018.3 (win64) Build 2405991 Thu Dec  6 23:38:27 MST 2018
| Date         : Thu Dec 13 14:20:06 2018
| Host         : Rich-PC running 64-bit major release  (build 9200)
| Command      : upgrade_ip
| Device       : xcku060-ffva1156-2-e
------------------------------------------------------------------------------------

Upgrade Log for IP 'px_2ch_dec2fir_sat'

1. Summary
----------

SUCCESS in the upgrade of px_2ch_dec2fir_sat (pentek.com:px_ip:px_axis_saturate:1.1) from (Rev. 20) to (Rev. 22)






Copyright 1986-2018 Xilinx, Inc. All Rights Reserved.
------------------------------------------------------------------------------------
| Tool Version : Vivado v.2018.3 (win64) Build 2405991 Thu Dec  6 23:38:27 MST 2018
| Date         : Thu Dec 13 14:20:05 2018
| Host         : Rich-PC running 64-bit major release  (build 9200)
| Command      : upgrade_ip
| Device       : xcku060-ffva1156-2-e
------------------------------------------------------------------------------------

Upgrade Log for IP 'px_2ch_dec2fir_rnd24'

1. Summary
----------

SUCCESS in the upgrade of px_2ch_dec2fir_rnd24 (pentek.com:px_ip:px_axis_round:1.0) from (Rev. 17) to (Rev. 18)






Copyright 1986-2018 Xilinx, Inc. All Rights Reserved.
------------------------------------------------------------------------------------
| Tool Version : Vivado v.2018.3 (win64) Build 2405991 Thu Dec  6 23:38:27 MST 2018
| Date         : Thu Dec 13 14:20:05 2018
| Host         : Rich-PC running 64-bit major release  (build 9200)
| Command      : upgrade_ip
| Device       : xcku060-ffva1156-2-e
------------------------------------------------------------------------------------

Upgrade Log for IP 'px_2ch_dec2fir_rnd16'

1. Summary
----------

SUCCESS in the upgrade of px_2ch_dec2fir_rnd16 (pentek.com:px_ip:px_axis_round:1.0) from (Rev. 17) to (Rev. 18)






Copyright 1986-2018 Xilinx, Inc. All Rights Reserved.
------------------------------------------------------------------------------------
| Tool Version : Vivado v.2018.3 (win64) Build 2405991 Thu Dec  6 23:38:27 MST 2018
| Date         : Thu Dec 13 14:20:05 2018
| Host         : Rich-PC running 64-bit major release  (build 9200)
| Command      : upgrade_ip
| Device       : xcku060-ffva1156-2-e
------------------------------------------------------------------------------------

Upgrade Log for IP 'px_2ch_dec2fir_fir'

1. Summary
----------

SUCCESS in the conversion of px_2ch_dec2fir_fir (xilinx.com:ip:fir_compiler:7.2 (Rev. 11)) to Vivado generation flows.






Copyright 1986-2018 Xilinx, Inc. All Rights Reserved.
------------------------------------------------------------------------------------
| Tool Version : Vivado v.2018.3 (win64) Build 2405991 Thu Dec  6 23:38:27 MST 2018
| Date         : Thu Dec 13 14:20:02 2018
| Host         : Rich-PC running 64-bit major release  (build 9200)
| Command      : upgrade_ip
| Device       : xcku060-ffva1156-2-e
------------------------------------------------------------------------------------

Upgrade Log for IP 'px_2ch_dec2fir_csr'

1. Summary
----------

SUCCESS in the upgrade of px_2ch_dec2fir_csr (pentek.com:px_ip:px_axil_csr:1.0) from (Rev. 21) to (Rev. 22)






Copyright 1986-2018 Xilinx, Inc. All Rights Reserved.
------------------------------------------------------------------------------------
| Tool Version : Vivado v.2018.1 (win64) Build 2188600 Wed Apr  4 18:40:38 MDT 2018
| Date         : Tue May  1 08:00:38 2018
| Host         : Rich-PC running 64-bit major release  (build 9200)
| Command      : upgrade_ip
| Device       : xcku060-ffva1156-2-e
------------------------------------------------------------------------------------

Upgrade Log for IP 'px_2chdec2fir_brctlr'

1. Summary
----------

SUCCESS in the upgrade of px_2chdec2fir_brctlr (pentek.com:px_ip:px_axil_bram_ctlr:1.0) from (Rev. 23) to (Rev. 24)






Copyright 1986-2018 Xilinx, Inc. All Rights Reserved.
------------------------------------------------------------------------------------
| Tool Version : Vivado v.2018.1 (win64) Build 2188600 Wed Apr  4 18:40:38 MDT 2018
| Date         : Tue May  1 08:00:38 2018
| Host         : Rich-PC running 64-bit major release  (build 9200)
| Command      : upgrade_ip
| Device       : xcku060-ffva1156-2-e
------------------------------------------------------------------------------------

Upgrade Log for IP 'px_2ch_dec2fir_sat'

1. Summary
----------

SUCCESS in the upgrade of px_2ch_dec2fir_sat (pentek.com:px_ip:px_axis_saturate:1.1) from (Rev. 19) to (Rev. 20)






Copyright 1986-2018 Xilinx, Inc. All Rights Reserved.
------------------------------------------------------------------------------------
| Tool Version : Vivado v.2018.1 (win64) Build 2188600 Wed Apr  4 18:40:38 MDT 2018
| Date         : Tue May  1 08:00:37 2018
| Host         : Rich-PC running 64-bit major release  (build 9200)
| Command      : upgrade_ip
| Device       : xcku060-ffva1156-2-e
------------------------------------------------------------------------------------

Upgrade Log for IP 'px_2ch_dec2fir_rnd24'

1. Summary
----------

SUCCESS in the upgrade of px_2ch_dec2fir_rnd24 (pentek.com:px_ip:px_axis_round:1.0) from (Rev. 16) to (Rev. 17)






Copyright 1986-2018 Xilinx, Inc. All Rights Reserved.
------------------------------------------------------------------------------------
| Tool Version : Vivado v.2018.1 (win64) Build 2188600 Wed Apr  4 18:40:38 MDT 2018
| Date         : Tue May  1 08:00:37 2018
| Host         : Rich-PC running 64-bit major release  (build 9200)
| Command      : upgrade_ip
| Device       : xcku060-ffva1156-2-e
------------------------------------------------------------------------------------

Upgrade Log for IP 'px_2ch_dec2fir_rnd16'

1. Summary
----------

SUCCESS in the upgrade of px_2ch_dec2fir_rnd16 (pentek.com:px_ip:px_axis_round:1.0) from (Rev. 16) to (Rev. 17)






Copyright 1986-2018 Xilinx, Inc. All Rights Reserved.
------------------------------------------------------------------------------------
| Tool Version : Vivado v.2018.1 (win64) Build 2188600 Wed Apr  4 18:40:38 MDT 2018
| Date         : Tue May  1 08:00:36 2018
| Host         : Rich-PC running 64-bit major release  (build 9200)
| Command      : upgrade_ip
| Device       : xcku060-ffva1156-2-e
------------------------------------------------------------------------------------

Upgrade Log for IP 'px_2ch_dec2fir_csr'

1. Summary
----------

SUCCESS in the upgrade of px_2ch_dec2fir_csr (pentek.com:px_ip:px_axil_csr:1.0) from (Rev. 20) to (Rev. 21)






Copyright 1986-2018 Xilinx, Inc. All Rights Reserved.
------------------------------------------------------------------------------------
| Tool Version : Vivado v.2018.1 (win64) Build 2188600 Wed Apr  4 18:40:38 MDT 2018
| Date         : Sat Apr 28 09:38:25 2018
| Host         : Igor2 running 64-bit major release  (build 9200)
| Command      : upgrade_ip
| Device       : xcku060-ffva1156-2-e
------------------------------------------------------------------------------------

Upgrade Log for IP 'tb_dds'

1. Summary
----------

SUCCESS in the upgrade of tb_dds (xilinx.com:ip:dds_compiler:6.0) from (Rev. 14) to (Rev. 16)






Copyright 1986-2018 Xilinx, Inc. All Rights Reserved.
------------------------------------------------------------------------------------
| Tool Version : Vivado v.2018.1 (win64) Build 2188600 Wed Apr  4 18:40:38 MDT 2018
| Date         : Sat Apr 28 09:38:24 2018
| Host         : Igor2 running 64-bit major release  (build 9200)
| Command      : upgrade_ip
| Device       : xcku060-ffva1156-2-e
------------------------------------------------------------------------------------

Upgrade Log for IP 'px_2chdec2fir_mem'

1. Summary
----------

SUCCESS in the upgrade of px_2chdec2fir_mem (xilinx.com:ip:blk_mem_gen:8.4) to (Rev. 1)






Copyright 1986-2018 Xilinx, Inc. All Rights Reserved.
------------------------------------------------------------------------------------
| Tool Version : Vivado v.2018.1 (win64) Build 2188600 Wed Apr  4 18:40:38 MDT 2018
| Date         : Sat Apr 28 09:38:19 2018
| Host         : Igor2 running 64-bit major release  (build 9200)
| Command      : upgrade_ip
| Device       : xcku060-ffva1156-2-e
------------------------------------------------------------------------------------

Upgrade Log for IP 'px_2chdec2fir_fifo'

1. Summary
----------

SUCCESS in the upgrade of px_2chdec2fir_fifo (xilinx.com:ip:fifo_generator:13.2) to (Rev. 2)






Copyright 1986-2018 Xilinx, Inc. All Rights Reserved.
------------------------------------------------------------------------------------
| Tool Version : Vivado v.2018.1 (win64) Build 2188600 Wed Apr  4 18:40:38 MDT 2018
| Date         : Sat Apr 28 09:38:18 2018
| Host         : Igor2 running 64-bit major release  (build 9200)
| Command      : upgrade_ip
| Device       : xcku060-ffva1156-2-e
------------------------------------------------------------------------------------

Upgrade Log for IP 'px_2chdec2fir_brctlr'

1. Summary
----------

SUCCESS in the upgrade of px_2chdec2fir_brctlr (pentek.com:px_ip:px_axil_bram_ctlr:1.0) from (Rev. 22) to (Rev. 23)






Copyright 1986-2018 Xilinx, Inc. All Rights Reserved.
------------------------------------------------------------------------------------
| Tool Version : Vivado v.2018.1 (win64) Build 2188600 Wed Apr  4 18:40:38 MDT 2018
| Date         : Sat Apr 28 09:38:18 2018
| Host         : Igor2 running 64-bit major release  (build 9200)
| Command      : upgrade_ip
| Device       : xcku060-ffva1156-2-e
------------------------------------------------------------------------------------

Upgrade Log for IP 'px_2chdec2fir_axi_xbar'

1. Summary
----------

SUCCESS in the upgrade of px_2chdec2fir_axi_xbar (xilinx.com:ip:axi_crossbar:2.1) from (Rev. 15) to (Rev. 17)






Copyright 1986-2018 Xilinx, Inc. All Rights Reserved.
------------------------------------------------------------------------------------
| Tool Version : Vivado v.2018.1 (win64) Build 2188600 Wed Apr  4 18:40:38 MDT 2018
| Date         : Sat Apr 28 09:38:15 2018
| Host         : Igor2 running 64-bit major release  (build 9200)
| Command      : upgrade_ip
| Device       : xcku060-ffva1156-2-e
------------------------------------------------------------------------------------

Upgrade Log for IP 'px_2ch_dec2fir_tuserdly2'

1. Summary
----------

SUCCESS in the upgrade of px_2ch_dec2fir_tuserdly2 (xilinx.com:ip:c_shift_ram:12.0) from (Rev. 11) to (Rev. 12)






Copyright 1986-2018 Xilinx, Inc. All Rights Reserved.
------------------------------------------------------------------------------------
| Tool Version : Vivado v.2018.1 (win64) Build 2188600 Wed Apr  4 18:40:38 MDT 2018
| Date         : Sat Apr 28 09:38:15 2018
| Host         : Igor2 running 64-bit major release  (build 9200)
| Command      : upgrade_ip
| Device       : xcku060-ffva1156-2-e
------------------------------------------------------------------------------------

Upgrade Log for IP 'px_2ch_dec2fir_tuserdly'

1. Summary
----------

SUCCESS in the upgrade of px_2ch_dec2fir_tuserdly (xilinx.com:ip:c_shift_ram:12.0) from (Rev. 11) to (Rev. 12)






Copyright 1986-2018 Xilinx, Inc. All Rights Reserved.
------------------------------------------------------------------------------------
| Tool Version : Vivado v.2018.1 (win64) Build 2188600 Wed Apr  4 18:40:38 MDT 2018
| Date         : Sat Apr 28 09:38:15 2018
| Host         : Igor2 running 64-bit major release  (build 9200)
| Command      : upgrade_ip
| Device       : xcku060-ffva1156-2-e
------------------------------------------------------------------------------------

Upgrade Log for IP 'px_2ch_dec2fir_sat'

1. Summary
----------

SUCCESS in the upgrade of px_2ch_dec2fir_sat (pentek.com:px_ip:px_axis_saturate:1.1) from (Rev. 18) to (Rev. 19)






Copyright 1986-2018 Xilinx, Inc. All Rights Reserved.
------------------------------------------------------------------------------------
| Tool Version : Vivado v.2018.1 (win64) Build 2188600 Wed Apr  4 18:40:38 MDT 2018
| Date         : Sat Apr 28 09:38:14 2018
| Host         : Igor2 running 64-bit major release  (build 9200)
| Command      : upgrade_ip
| Device       : xcku060-ffva1156-2-e
------------------------------------------------------------------------------------

Upgrade Log for IP 'px_2ch_dec2fir_rnd24'

1. Summary
----------

SUCCESS in the upgrade of px_2ch_dec2fir_rnd24 (pentek.com:px_ip:px_axis_round:1.0) from (Rev. 15) to (Rev. 16)






Copyright 1986-2018 Xilinx, Inc. All Rights Reserved.
------------------------------------------------------------------------------------
| Tool Version : Vivado v.2018.1 (win64) Build 2188600 Wed Apr  4 18:40:38 MDT 2018
| Date         : Sat Apr 28 09:38:14 2018
| Host         : Igor2 running 64-bit major release  (build 9200)
| Command      : upgrade_ip
| Device       : xcku060-ffva1156-2-e
------------------------------------------------------------------------------------

Upgrade Log for IP 'px_2ch_dec2fir_rnd16'

1. Summary
----------

SUCCESS in the upgrade of px_2ch_dec2fir_rnd16 (pentek.com:px_ip:px_axis_round:1.0) from (Rev. 15) to (Rev. 16)






Copyright 1986-2018 Xilinx, Inc. All Rights Reserved.
------------------------------------------------------------------------------------
| Tool Version : Vivado v.2018.1 (win64) Build 2188600 Wed Apr  4 18:40:38 MDT 2018
| Date         : Sat Apr 28 09:38:14 2018
| Host         : Igor2 running 64-bit major release  (build 9200)
| Command      : upgrade_ip
| Device       : xcku060-ffva1156-2-e
------------------------------------------------------------------------------------

Upgrade Log for IP 'px_2ch_dec2fir_mult'

1. Summary
----------

SUCCESS in the upgrade of px_2ch_dec2fir_mult (xilinx.com:ip:xbip_dsp48_macro:3.0) from (Rev. 15) to (Rev. 16)






Copyright 1986-2018 Xilinx, Inc. All Rights Reserved.
------------------------------------------------------------------------------------
| Tool Version : Vivado v.2018.1 (win64) Build 2188600 Wed Apr  4 18:40:38 MDT 2018
| Date         : Sat Apr 28 09:38:12 2018
| Host         : Igor2 running 64-bit major release  (build 9200)
| Command      : upgrade_ip
| Device       : xcku060-ffva1156-2-e
------------------------------------------------------------------------------------

Upgrade Log for IP 'px_2ch_dec2fir_fir'

1. Summary
----------

SUCCESS in the upgrade of px_2ch_dec2fir_fir (xilinx.com:ip:fir_compiler:7.2) from (Rev. 9) to (Rev. 11)






Copyright 1986-2018 Xilinx, Inc. All Rights Reserved.
------------------------------------------------------------------------------------
| Tool Version : Vivado v.2018.1 (win64) Build 2188600 Wed Apr  4 18:40:38 MDT 2018
| Date         : Sat Apr 28 09:38:11 2018
| Host         : Igor2 running 64-bit major release  (build 9200)
| Command      : upgrade_ip
| Device       : xcku060-ffva1156-2-e
------------------------------------------------------------------------------------

Upgrade Log for IP 'px_2ch_dec2fir_csr'

1. Summary
----------

SUCCESS in the upgrade of px_2ch_dec2fir_csr (pentek.com:px_ip:px_axil_csr:1.0) from (Rev. 19) to (Rev. 20)






Copyright 1986-2017 Xilinx, Inc. All Rights Reserved.
------------------------------------------------------------------------------------
| Tool Version : Vivado v.2017.3 (win64) Build 2018833 Wed Oct  4 19:58:22 MDT 2017
| Date         : Fri Nov  3 12:54:13 2017
| Host         : Rich-PC running 64-bit major release  (build 9200)
| Command      : upgrade_ip
| Device       : xcku060-ffva1156-2-e
------------------------------------------------------------------------------------

Upgrade Log for IP 'tb_dds'

1. Summary
----------

SUCCESS in the upgrade of tb_dds (xilinx.com:ip:dds_compiler:6.0) from (Rev. 13) to (Rev. 14)






Copyright 1986-2017 Xilinx, Inc. All Rights Reserved.
------------------------------------------------------------------------------------
| Tool Version : Vivado v.2017.3 (win64) Build 2018833 Wed Oct  4 19:58:22 MDT 2017
| Date         : Fri Nov  3 12:54:11 2017
| Host         : Rich-PC running 64-bit major release  (build 9200)
| Command      : upgrade_ip
| Device       : xcku060-ffva1156-2-e
------------------------------------------------------------------------------------

Upgrade Log for IP 'px_2chdec2fir_mem'

1. Summary
----------

SUCCESS in the upgrade of px_2chdec2fir_mem from xilinx.com:ip:blk_mem_gen:8.3 (Rev. 6) to xilinx.com:ip:blk_mem_gen:8.4






Copyright 1986-2017 Xilinx, Inc. All Rights Reserved.
------------------------------------------------------------------------------------
| Tool Version : Vivado v.2017.3 (win64) Build 2018833 Wed Oct  4 19:58:22 MDT 2017
| Date         : Fri Nov  3 12:54:00 2017
| Host         : Rich-PC running 64-bit major release  (build 9200)
| Command      : upgrade_ip
| Device       : xcku060-ffva1156-2-e
------------------------------------------------------------------------------------

Upgrade Log for IP 'px_2chdec2fir_fifo'

1. Summary
----------

SUCCESS in the upgrade of px_2chdec2fir_fifo from xilinx.com:ip:fifo_generator:13.1 (Rev. 4) to xilinx.com:ip:fifo_generator:13.2

2. Upgrade messages
-------------------

WARNING: upgrade cannot get value of option ARCHITECTURE : there is no project option called ARCHITECTURE
WARNING: there are only case-insensitive matches Reset_Pin for parameter RESET_PIN
WARNING: there are only case-insensitive matches Reset_Pin for parameter RESET_PIN






Copyright 1986-2017 Xilinx, Inc. All Rights Reserved.
------------------------------------------------------------------------------------
| Tool Version : Vivado v.2017.3 (win64) Build 2018833 Wed Oct  4 19:58:22 MDT 2017
| Date         : Fri Nov  3 12:53:59 2017
| Host         : Rich-PC running 64-bit major release  (build 9200)
| Command      : upgrade_ip
| Device       : xcku060-ffva1156-2-e
------------------------------------------------------------------------------------

Upgrade Log for IP 'px_2chdec2fir_brctlr'

1. Summary
----------

SUCCESS in the upgrade of px_2chdec2fir_brctlr (pentek.com:px_ip:px_axil_bram_ctlr:1.0) from (Rev. 21) to (Rev. 22)






Copyright 1986-2017 Xilinx, Inc. All Rights Reserved.
------------------------------------------------------------------------------------
| Tool Version : Vivado v.2017.3 (win64) Build 2018833 Wed Oct  4 19:58:22 MDT 2017
| Date         : Fri Nov  3 12:53:59 2017
| Host         : Rich-PC running 64-bit major release  (build 9200)
| Command      : upgrade_ip
| Device       : xcku060-ffva1156-2-e
------------------------------------------------------------------------------------

Upgrade Log for IP 'px_2chdec2fir_axi_xbar'

1. Summary
----------

SUCCESS in the upgrade of px_2chdec2fir_axi_xbar (xilinx.com:ip:axi_crossbar:2.1) from (Rev. 14) to (Rev. 15)






Copyright 1986-2017 Xilinx, Inc. All Rights Reserved.
------------------------------------------------------------------------------------
| Tool Version : Vivado v.2017.3 (win64) Build 2018833 Wed Oct  4 19:58:22 MDT 2017
| Date         : Fri Nov  3 12:53:54 2017
| Host         : Rich-PC running 64-bit major release  (build 9200)
| Command      : upgrade_ip
| Device       : xcku060-ffva1156-2-e
------------------------------------------------------------------------------------

Upgrade Log for IP 'px_2ch_dec2fir_tuserdly2'

1. Summary
----------

SUCCESS in the upgrade of px_2ch_dec2fir_tuserdly2 (xilinx.com:ip:c_shift_ram:12.0) from (Rev. 10) to (Rev. 11)






Copyright 1986-2017 Xilinx, Inc. All Rights Reserved.
------------------------------------------------------------------------------------
| Tool Version : Vivado v.2017.3 (win64) Build 2018833 Wed Oct  4 19:58:22 MDT 2017
| Date         : Fri Nov  3 12:53:53 2017
| Host         : Rich-PC running 64-bit major release  (build 9200)
| Command      : upgrade_ip
| Device       : xcku060-ffva1156-2-e
------------------------------------------------------------------------------------

Upgrade Log for IP 'px_2ch_dec2fir_tuserdly'

1. Summary
----------

SUCCESS in the upgrade of px_2ch_dec2fir_tuserdly (xilinx.com:ip:c_shift_ram:12.0) from (Rev. 10) to (Rev. 11)






Copyright 1986-2017 Xilinx, Inc. All Rights Reserved.
------------------------------------------------------------------------------------
| Tool Version : Vivado v.2017.3 (win64) Build 2018833 Wed Oct  4 19:58:22 MDT 2017
| Date         : Fri Nov  3 12:53:52 2017
| Host         : Rich-PC running 64-bit major release  (build 9200)
| Command      : upgrade_ip
| Device       : xcku060-ffva1156-2-e
------------------------------------------------------------------------------------

Upgrade Log for IP 'px_2ch_dec2fir_sat'

1. Summary
----------

SUCCESS in the upgrade of px_2ch_dec2fir_sat (pentek.com:px_ip:px_axis_saturate:1.1) from (Rev. 17) to (Rev. 18)






Copyright 1986-2017 Xilinx, Inc. All Rights Reserved.
------------------------------------------------------------------------------------
| Tool Version : Vivado v.2017.3 (win64) Build 2018833 Wed Oct  4 19:58:22 MDT 2017
| Date         : Fri Nov  3 12:53:52 2017
| Host         : Rich-PC running 64-bit major release  (build 9200)
| Command      : upgrade_ip
| Device       : xcku060-ffva1156-2-e
------------------------------------------------------------------------------------

Upgrade Log for IP 'px_2ch_dec2fir_rnd24'

1. Summary
----------

SUCCESS in the upgrade of px_2ch_dec2fir_rnd24 (pentek.com:px_ip:px_axis_round:1.0) from (Rev. 14) to (Rev. 15)






Copyright 1986-2017 Xilinx, Inc. All Rights Reserved.
------------------------------------------------------------------------------------
| Tool Version : Vivado v.2017.3 (win64) Build 2018833 Wed Oct  4 19:58:22 MDT 2017
| Date         : Fri Nov  3 12:53:52 2017
| Host         : Rich-PC running 64-bit major release  (build 9200)
| Command      : upgrade_ip
| Device       : xcku060-ffva1156-2-e
------------------------------------------------------------------------------------

Upgrade Log for IP 'px_2ch_dec2fir_rnd16'

1. Summary
----------

SUCCESS in the upgrade of px_2ch_dec2fir_rnd16 (pentek.com:px_ip:px_axis_round:1.0) from (Rev. 14) to (Rev. 15)






Copyright 1986-2017 Xilinx, Inc. All Rights Reserved.
------------------------------------------------------------------------------------
| Tool Version : Vivado v.2017.3 (win64) Build 2018833 Wed Oct  4 19:58:22 MDT 2017
| Date         : Fri Nov  3 12:53:51 2017
| Host         : Rich-PC running 64-bit major release  (build 9200)
| Command      : upgrade_ip
| Device       : xcku060-ffva1156-2-e
------------------------------------------------------------------------------------

Upgrade Log for IP 'px_2ch_dec2fir_mult'

1. Summary
----------

SUCCESS in the upgrade of px_2ch_dec2fir_mult (xilinx.com:ip:xbip_dsp48_macro:3.0) from (Rev. 14) to (Rev. 15)






Copyright 1986-2017 Xilinx, Inc. All Rights Reserved.
------------------------------------------------------------------------------------
| Tool Version : Vivado v.2017.3 (win64) Build 2018833 Wed Oct  4 19:58:22 MDT 2017
| Date         : Fri Nov  3 12:53:47 2017
| Host         : Rich-PC running 64-bit major release  (build 9200)
| Command      : upgrade_ip
| Device       : xcku060-ffva1156-2-e
------------------------------------------------------------------------------------

Upgrade Log for IP 'px_2ch_dec2fir_fir'

1. Summary
----------

SUCCESS in the upgrade of px_2ch_dec2fir_fir (xilinx.com:ip:fir_compiler:7.2) from (Rev. 8) to (Rev. 9)






Copyright 1986-2017 Xilinx, Inc. All Rights Reserved.
------------------------------------------------------------------------------------
| Tool Version : Vivado v.2017.3 (win64) Build 2018833 Wed Oct  4 19:58:22 MDT 2017
| Date         : Fri Nov  3 12:53:46 2017
| Host         : Rich-PC running 64-bit major release  (build 9200)
| Command      : upgrade_ip
| Device       : xcku060-ffva1156-2-e
------------------------------------------------------------------------------------

Upgrade Log for IP 'px_2ch_dec2fir_csr'

1. Summary
----------

SUCCESS in the upgrade of px_2ch_dec2fir_csr (pentek.com:px_ip:px_axil_csr:1.0) from (Rev. 18) to (Rev. 19)






Copyright 1986-2017 Xilinx, Inc. All Rights Reserved.
------------------------------------------------------------------------------------
| Tool Version : Vivado v.2017.2 (win64) Build 1909853 Thu Jun 15 18:39:09 MDT 2017
| Date         : Wed Aug  9 09:52:58 2017
| Host         : Rich-PC running 64-bit major release  (build 9200)
| Command      : upgrade_ip
| Device       : xcku060-ffva1156-2-e
------------------------------------------------------------------------------------

Upgrade Log for IP 'px_2chdec2fir_brctlr'

1. Summary
----------

SUCCESS in the upgrade of px_2chdec2fir_brctlr (pentek.com:px_ip:px_axil_bram_ctlr:1.0) from (Rev. 19) to (Rev. 21)






Copyright 1986-2017 Xilinx, Inc. All Rights Reserved.
------------------------------------------------------------------------------------
| Tool Version : Vivado v.2017.2 (win64) Build 1909853 Thu Jun 15 18:39:09 MDT 2017
| Date         : Wed Aug  9 09:52:58 2017
| Host         : Rich-PC running 64-bit major release  (build 9200)
| Command      : upgrade_ip
| Device       : xcku060-ffva1156-2-e
------------------------------------------------------------------------------------

Upgrade Log for IP 'px_2chdec2fir_axi_xbar'

1. Summary
----------

SUCCESS in the upgrade of px_2chdec2fir_axi_xbar (xilinx.com:ip:axi_crossbar:2.1) from (Rev. 13) to (Rev. 14)






Copyright 1986-2017 Xilinx, Inc. All Rights Reserved.
------------------------------------------------------------------------------------
| Tool Version : Vivado v.2017.2 (win64) Build 1909853 Thu Jun 15 18:39:09 MDT 2017
| Date         : Wed Aug  9 09:52:53 2017
| Host         : Rich-PC running 64-bit major release  (build 9200)
| Command      : upgrade_ip
| Device       : xcku060-ffva1156-2-e
------------------------------------------------------------------------------------

Upgrade Log for IP 'px_2ch_dec2fir_sat'

1. Summary
----------

SUCCESS in the upgrade of px_2ch_dec2fir_sat from pentek.com:px_ip:px_axis_saturate:1.0 (Rev. 15) to pentek.com:px_ip:px_axis_saturate:1.1 (Rev. 17)






Copyright 1986-2017 Xilinx, Inc. All Rights Reserved.
------------------------------------------------------------------------------------
| Tool Version : Vivado v.2017.2 (win64) Build 1909853 Thu Jun 15 18:39:09 MDT 2017
| Date         : Wed Aug  9 09:52:53 2017
| Host         : Rich-PC running 64-bit major release  (build 9200)
| Command      : upgrade_ip
| Device       : xcku060-ffva1156-2-e
------------------------------------------------------------------------------------

Upgrade Log for IP 'px_2ch_dec2fir_rnd24'

1. Summary
----------

SUCCESS in the upgrade of px_2ch_dec2fir_rnd24 (pentek.com:px_ip:px_axis_round:1.0) from (Rev. 12) to (Rev. 14)






Copyright 1986-2017 Xilinx, Inc. All Rights Reserved.
------------------------------------------------------------------------------------
| Tool Version : Vivado v.2017.2 (win64) Build 1909853 Thu Jun 15 18:39:09 MDT 2017
| Date         : Wed Aug  9 09:52:53 2017
| Host         : Rich-PC running 64-bit major release  (build 9200)
| Command      : upgrade_ip
| Device       : xcku060-ffva1156-2-e
------------------------------------------------------------------------------------

Upgrade Log for IP 'px_2ch_dec2fir_rnd16'

1. Summary
----------

SUCCESS in the upgrade of px_2ch_dec2fir_rnd16 (pentek.com:px_ip:px_axis_round:1.0) from (Rev. 12) to (Rev. 14)






Copyright 1986-2017 Xilinx, Inc. All Rights Reserved.
------------------------------------------------------------------------------------
| Tool Version : Vivado v.2017.2 (win64) Build 1909853 Thu Jun 15 18:39:09 MDT 2017
| Date         : Wed Aug  9 09:51:29 2017
| Host         : Rich-PC running 64-bit major release  (build 9200)
| Command      : upgrade_ip
| Device       : xcku060-ffva1156-2-e
------------------------------------------------------------------------------------

Upgrade Log for IP 'px_2ch_dec2fir_csr'

1. Summary
----------

SUCCESS in the upgrade of px_2ch_dec2fir_csr (pentek.com:px_ip:px_axil_csr:1.0) from (Rev. 16) to (Rev. 18)






Copyright 1986-2017 Xilinx, Inc. All Rights Reserved.
------------------------------------------------------------------------------------
| Tool Version : Vivado v.2017.1 (win64) Build 1846317 Fri Apr 14 18:55:03 MDT 2017
| Date         : Thu May  4 07:41:43 2017
| Host         : Rich-PC running 64-bit major release  (build 9200)
| Command      : upgrade_ip
| Device       : xcku060-ffva1156-2-e
------------------------------------------------------------------------------------

Upgrade Log for IP 'px_2chdec2fir_brctlr'

1. Summary
----------

SUCCESS in the upgrade of px_2chdec2fir_brctlr (pentek.com:px_ip:px_axil_bram_ctlr:1.0) from (Rev. 18) to (Rev. 19)






Copyright 1986-2017 Xilinx, Inc. All Rights Reserved.
------------------------------------------------------------------------------------
| Tool Version : Vivado v.2017.1 (win64) Build 1846317 Fri Apr 14 18:55:03 MDT 2017
| Date         : Fri Apr 21 09:56:40 2017
| Host         : Rich-PC running 64-bit major release  (build 9200)
| Command      : upgrade_ip
| Device       : xcku060-ffva1156-2-e
------------------------------------------------------------------------------------

Upgrade Log for IP 'px_2chdec2fir_mem'

1. Summary
----------

SUCCESS in the upgrade of px_2chdec2fir_mem (xilinx.com:ip:blk_mem_gen:8.3) from (Rev. 5) to (Rev. 6)






Copyright 1986-2017 Xilinx, Inc. All Rights Reserved.
------------------------------------------------------------------------------------
| Tool Version : Vivado v.2017.1 (win64) Build 1846317 Fri Apr 14 18:55:03 MDT 2017
| Date         : Fri Apr 21 09:56:30 2017
| Host         : Rich-PC running 64-bit major release  (build 9200)
| Command      : upgrade_ip
| Device       : xcku060-ffva1156-2-e
------------------------------------------------------------------------------------

Upgrade Log for IP 'px_2chdec2fir_fifo'

1. Summary
----------

SUCCESS in the upgrade of px_2chdec2fir_fifo (xilinx.com:ip:fifo_generator:13.1) from (Rev. 3) to (Rev. 4)






Copyright 1986-2017 Xilinx, Inc. All Rights Reserved.
------------------------------------------------------------------------------------
| Tool Version : Vivado v.2017.1 (win64) Build 1846317 Fri Apr 14 18:55:03 MDT 2017
| Date         : Fri Apr 21 09:56:28 2017
| Host         : Rich-PC running 64-bit major release  (build 9200)
| Command      : upgrade_ip
| Device       : xcku060-ffva1156-2-e
------------------------------------------------------------------------------------

Upgrade Log for IP 'px_2chdec2fir_brctlr'

1. Summary
----------

SUCCESS in the upgrade of px_2chdec2fir_brctlr (pentek.com:px_ip:px_axil_bram_ctlr:1.0) from (Rev. 17) to (Rev. 18)






Copyright 1986-2017 Xilinx, Inc. All Rights Reserved.
------------------------------------------------------------------------------------
| Tool Version : Vivado v.2017.1 (win64) Build 1846317 Fri Apr 14 18:55:03 MDT 2017
| Date         : Fri Apr 21 09:56:28 2017
| Host         : Rich-PC running 64-bit major release  (build 9200)
| Command      : upgrade_ip
| Device       : xcku060-ffva1156-2-e
------------------------------------------------------------------------------------

Upgrade Log for IP 'px_2chdec2fir_axi_xbar'

1. Summary
----------

SUCCESS in the upgrade of px_2chdec2fir_axi_xbar (xilinx.com:ip:axi_crossbar:2.1) from (Rev. 12) to (Rev. 13)






Copyright 1986-2017 Xilinx, Inc. All Rights Reserved.
------------------------------------------------------------------------------------
| Tool Version : Vivado v.2017.1 (win64) Build 1846317 Fri Apr 14 18:55:03 MDT 2017
| Date         : Fri Apr 21 09:56:24 2017
| Host         : Rich-PC running 64-bit major release  (build 9200)
| Command      : upgrade_ip
| Device       : xcku060-ffva1156-2-e
------------------------------------------------------------------------------------

Upgrade Log for IP 'px_2ch_dec2fir_sat'

1. Summary
----------

SUCCESS in the upgrade of px_2ch_dec2fir_sat (pentek.com:px_ip:px_axis_saturate:1.0) from (Rev. 14) to (Rev. 15)






Copyright 1986-2017 Xilinx, Inc. All Rights Reserved.
------------------------------------------------------------------------------------
| Tool Version : Vivado v.2017.1 (win64) Build 1846317 Fri Apr 14 18:55:03 MDT 2017
| Date         : Fri Apr 21 09:56:23 2017
| Host         : Rich-PC running 64-bit major release  (build 9200)
| Command      : upgrade_ip
| Device       : xcku060-ffva1156-2-e
------------------------------------------------------------------------------------

Upgrade Log for IP 'px_2ch_dec2fir_rnd24'

1. Summary
----------

SUCCESS in the upgrade of px_2ch_dec2fir_rnd24 (pentek.com:px_ip:px_axis_round:1.0) from (Rev. 11) to (Rev. 12)






Copyright 1986-2017 Xilinx, Inc. All Rights Reserved.
------------------------------------------------------------------------------------
| Tool Version : Vivado v.2017.1 (win64) Build 1846317 Fri Apr 14 18:55:03 MDT 2017
| Date         : Fri Apr 21 09:56:23 2017
| Host         : Rich-PC running 64-bit major release  (build 9200)
| Command      : upgrade_ip
| Device       : xcku060-ffva1156-2-e
------------------------------------------------------------------------------------

Upgrade Log for IP 'px_2ch_dec2fir_rnd16'

1. Summary
----------

SUCCESS in the upgrade of px_2ch_dec2fir_rnd16 (pentek.com:px_ip:px_axis_round:1.0) from (Rev. 11) to (Rev. 12)






Copyright 1986-2017 Xilinx, Inc. All Rights Reserved.
------------------------------------------------------------------------------------
| Tool Version : Vivado v.2017.1 (win64) Build 1846317 Fri Apr 14 18:55:03 MDT 2017
| Date         : Fri Apr 21 09:56:23 2017
| Host         : Rich-PC running 64-bit major release  (build 9200)
| Command      : upgrade_ip
| Device       : xcku060-ffva1156-2-e
------------------------------------------------------------------------------------

Upgrade Log for IP 'px_2ch_dec2fir_mult'

1. Summary
----------

SUCCESS in the upgrade of px_2ch_dec2fir_mult (xilinx.com:ip:xbip_dsp48_macro:3.0) from (Rev. 13) to (Rev. 14)






Copyright 1986-2017 Xilinx, Inc. All Rights Reserved.
------------------------------------------------------------------------------------
| Tool Version : Vivado v.2017.1 (win64) Build 1846317 Fri Apr 14 18:55:03 MDT 2017
| Date         : Fri Apr 21 09:56:19 2017
| Host         : Rich-PC running 64-bit major release  (build 9200)
| Command      : upgrade_ip
| Device       : xcku060-ffva1156-2-e
------------------------------------------------------------------------------------

Upgrade Log for IP 'px_2ch_dec2fir_fir'

1. Summary
----------

SUCCESS in the upgrade of px_2ch_dec2fir_fir (xilinx.com:ip:fir_compiler:7.2) from (Rev. 7) to (Rev. 8)






Copyright 1986-2017 Xilinx, Inc. All Rights Reserved.
------------------------------------------------------------------------------------
| Tool Version : Vivado v.2017.1 (win64) Build 1846317 Fri Apr 14 18:55:03 MDT 2017
| Date         : Fri Apr 21 09:56:16 2017
| Host         : Rich-PC running 64-bit major release  (build 9200)
| Command      : upgrade_ip
| Device       : xcku060-ffva1156-2-e
------------------------------------------------------------------------------------

Upgrade Log for IP 'px_2ch_dec2fir_csr'

1. Summary
----------

SUCCESS in the upgrade of px_2ch_dec2fir_csr (pentek.com:px_ip:px_axil_csr:1.0) from (Rev. 15) to (Rev. 16)






Copyright 1986-2016 Xilinx, Inc. All Rights Reserved.
------------------------------------------------------------------------------------
| Tool Version : Vivado v.2016.4 (win64) Build 1733598 Wed Dec 14 22:35:39 MST 2016
| Date         : Mon Dec 26 08:58:41 2016
| Host         : Igor2 running 64-bit major release  (build 9200)
| Command      : upgrade_ip
| Device       : xcku060-ffva1156-2-e
------------------------------------------------------------------------------------

Upgrade Log for IP 'px_2chdec2fir_mem'

1. Summary
----------

SUCCESS in the upgrade of px_2chdec2fir_mem (xilinx.com:ip:blk_mem_gen:8.3) from (Rev. 4) to (Rev. 5)






Copyright 1986-2016 Xilinx, Inc. All Rights Reserved.
------------------------------------------------------------------------------------
| Tool Version : Vivado v.2016.4 (win64) Build 1733598 Wed Dec 14 22:35:39 MST 2016
| Date         : Mon Dec 26 08:58:34 2016
| Host         : Igor2 running 64-bit major release  (build 9200)
| Command      : upgrade_ip
| Device       : xcku060-ffva1156-2-e
------------------------------------------------------------------------------------

Upgrade Log for IP 'px_2chdec2fir_fifo'

1. Summary
----------

SUCCESS in the upgrade of px_2chdec2fir_fifo (xilinx.com:ip:fifo_generator:13.1) from (Rev. 2) to (Rev. 3)






Copyright 1986-2016 Xilinx, Inc. All Rights Reserved.
------------------------------------------------------------------------------------
| Tool Version : Vivado v.2016.4 (win64) Build 1733598 Wed Dec 14 22:35:39 MST 2016
| Date         : Mon Dec 26 08:58:33 2016
| Host         : Igor2 running 64-bit major release  (build 9200)
| Command      : upgrade_ip
| Device       : xcku060-ffva1156-2-e
------------------------------------------------------------------------------------

Upgrade Log for IP 'px_2chdec2fir_brctlr'

1. Summary
----------

SUCCESS in the upgrade of px_2chdec2fir_brctlr (pentek.com:px_ip:px_axil_bram_ctlr:1.0) from (Rev. 16) to (Rev. 17)






Copyright 1986-2016 Xilinx, Inc. All Rights Reserved.
------------------------------------------------------------------------------------
| Tool Version : Vivado v.2016.4 (win64) Build 1733598 Wed Dec 14 22:35:39 MST 2016
| Date         : Mon Dec 26 08:58:33 2016
| Host         : Igor2 running 64-bit major release  (build 9200)
| Command      : upgrade_ip
| Device       : xcku060-ffva1156-2-e
------------------------------------------------------------------------------------

Upgrade Log for IP 'px_2chdec2fir_axi_xbar'

1. Summary
----------

SUCCESS in the upgrade of px_2chdec2fir_axi_xbar (xilinx.com:ip:axi_crossbar:2.1) from (Rev. 11) to (Rev. 12)






Copyright 1986-2016 Xilinx, Inc. All Rights Reserved.
------------------------------------------------------------------------------------
| Tool Version : Vivado v.2016.4 (win64) Build 1733598 Wed Dec 14 22:35:39 MST 2016
| Date         : Mon Dec 26 08:58:30 2016
| Host         : Igor2 running 64-bit major release  (build 9200)
| Command      : upgrade_ip
| Device       : xcku060-ffva1156-2-e
------------------------------------------------------------------------------------

Upgrade Log for IP 'px_2ch_dec2fir_sat'

1. Summary
----------

SUCCESS in the upgrade of px_2ch_dec2fir_sat (pentek.com:px_ip:px_axis_saturate:1.0) from (Rev. 12) to (Rev. 14)






Copyright 1986-2016 Xilinx, Inc. All Rights Reserved.
------------------------------------------------------------------------------------
| Tool Version : Vivado v.2016.4 (win64) Build 1733598 Wed Dec 14 22:35:39 MST 2016
| Date         : Mon Dec 26 08:58:30 2016
| Host         : Igor2 running 64-bit major release  (build 9200)
| Command      : upgrade_ip
| Device       : xcku060-ffva1156-2-e
------------------------------------------------------------------------------------

Upgrade Log for IP 'px_2ch_dec2fir_rnd24'

1. Summary
----------

SUCCESS in the upgrade of px_2ch_dec2fir_rnd24 (pentek.com:px_ip:px_axis_round:1.0) from (Rev. 10) to (Rev. 11)






Copyright 1986-2016 Xilinx, Inc. All Rights Reserved.
------------------------------------------------------------------------------------
| Tool Version : Vivado v.2016.4 (win64) Build 1733598 Wed Dec 14 22:35:39 MST 2016
| Date         : Mon Dec 26 08:58:30 2016
| Host         : Igor2 running 64-bit major release  (build 9200)
| Command      : upgrade_ip
| Device       : xcku060-ffva1156-2-e
------------------------------------------------------------------------------------

Upgrade Log for IP 'px_2ch_dec2fir_rnd16'

1. Summary
----------

SUCCESS in the upgrade of px_2ch_dec2fir_rnd16 (pentek.com:px_ip:px_axis_round:1.0) from (Rev. 10) to (Rev. 11)






Copyright 1986-2016 Xilinx, Inc. All Rights Reserved.
------------------------------------------------------------------------------------
| Tool Version : Vivado v.2016.4 (win64) Build 1733598 Wed Dec 14 22:35:39 MST 2016
| Date         : Mon Dec 26 08:58:29 2016
| Host         : Igor2 running 64-bit major release  (build 9200)
| Command      : upgrade_ip
| Device       : xcku060-ffva1156-2-e
------------------------------------------------------------------------------------

Upgrade Log for IP 'px_2ch_dec2fir_csr'

1. Summary
----------

SUCCESS in the upgrade of px_2ch_dec2fir_csr (pentek.com:px_ip:px_axil_csr:1.0) from (Rev. 14) to (Rev. 15)






Copyright 1986-2016 Xilinx, Inc. All Rights Reserved.
------------------------------------------------------------------------------------
| Tool Version : Vivado v.2016.3 (win64) Build 1682563 Mon Oct 10 19:07:27 MDT 2016
| Date         : Sun Dec 11 15:35:27 2016
| Host         : Igor2 running 64-bit major release  (build 9200)
| Command      : upgrade_ip
| Device       : xcku060-ffva1156-2-e
------------------------------------------------------------------------------------

Upgrade Log for IP 'px_2chdec2fir_brctlr'

1. Summary
----------

SUCCESS in the upgrade of px_2chdec2fir_brctlr (pentek.com:px_ip:px_axil_bram_ctlr:1.0) from (Rev. 15) to (Rev. 16)






Copyright 1986-2016 Xilinx, Inc. All Rights Reserved.
------------------------------------------------------------------------------------
| Tool Version : Vivado v.2016.3 (win64) Build 1682563 Mon Oct 10 19:07:27 MDT 2016
| Date         : Sun Dec 11 15:35:26 2016
| Host         : Igor2 running 64-bit major release  (build 9200)
| Command      : upgrade_ip
| Device       : xcku060-ffva1156-2-e
------------------------------------------------------------------------------------

Upgrade Log for IP 'px_2ch_dec2fir_sat'

1. Summary
----------

SUCCESS in the upgrade of px_2ch_dec2fir_sat (pentek.com:px_ip:px_axis_saturate:1.0) from (Rev. 11) to (Rev. 12)






Copyright 1986-2016 Xilinx, Inc. All Rights Reserved.
------------------------------------------------------------------------------------
| Tool Version : Vivado v.2016.3 (win64) Build 1682563 Mon Oct 10 19:07:27 MDT 2016
| Date         : Sun Dec 11 15:35:26 2016
| Host         : Igor2 running 64-bit major release  (build 9200)
| Command      : upgrade_ip
| Device       : xcku060-ffva1156-2-e
------------------------------------------------------------------------------------

Upgrade Log for IP 'px_2ch_dec2fir_rnd24'

1. Summary
----------

SUCCESS in the upgrade of px_2ch_dec2fir_rnd24 (pentek.com:px_ip:px_axis_round:1.0) from (Rev. 9) to (Rev. 10)






Copyright 1986-2016 Xilinx, Inc. All Rights Reserved.
------------------------------------------------------------------------------------
| Tool Version : Vivado v.2016.3 (win64) Build 1682563 Mon Oct 10 19:07:27 MDT 2016
| Date         : Sun Dec 11 15:35:26 2016
| Host         : Igor2 running 64-bit major release  (build 9200)
| Command      : upgrade_ip
| Device       : xcku060-ffva1156-2-e
------------------------------------------------------------------------------------

Upgrade Log for IP 'px_2ch_dec2fir_rnd16'

1. Summary
----------

SUCCESS in the upgrade of px_2ch_dec2fir_rnd16 (pentek.com:px_ip:px_axis_round:1.0) from (Rev. 9) to (Rev. 10)






Copyright 1986-2016 Xilinx, Inc. All Rights Reserved.
------------------------------------------------------------------------------------
| Tool Version : Vivado v.2016.3 (win64) Build 1682563 Mon Oct 10 19:07:27 MDT 2016
| Date         : Sun Dec 11 15:35:26 2016
| Host         : Igor2 running 64-bit major release  (build 9200)
| Command      : upgrade_ip
| Device       : xcku060-ffva1156-2-e
------------------------------------------------------------------------------------

Upgrade Log for IP 'px_2ch_dec2fir_csr'

1. Summary
----------

SUCCESS in the upgrade of px_2ch_dec2fir_csr (pentek.com:px_ip:px_axil_csr:1.0) from (Rev. 13) to (Rev. 14)






Copyright 1986-2016 Xilinx, Inc. All Rights Reserved.
------------------------------------------------------------------------------------
| Tool Version : Vivado v.2016.3 (win64) Build 1682563 Mon Oct 10 19:07:27 MDT 2016
| Date         : Tue Oct 18 15:15:48 2016
| Host         : Rich-PC running 64-bit major release  (build 9200)
| Command      : upgrade_ip
| Device       : xcku060-ffva1156-2-e
------------------------------------------------------------------------------------

Upgrade Log for IP 'px_2ch_dec2fir_xclk'

1. Summary
----------

SUCCESS in the upgrade of px_2ch_dec2fir_xclk (pentek.com:user:px_lvl_trans_xclk:1.0) from (Rev. 7) to (Rev. 8)






Copyright 1986-2016 Xilinx, Inc. All Rights Reserved.
------------------------------------------------------------------------------------
| Tool Version : Vivado v.2016.3 (win64) Build 1682563 Mon Oct 10 19:07:27 MDT 2016
| Date         : Tue Oct 18 09:07:43 2016
| Host         : Rich-PC running 64-bit major release  (build 9200)
| Command      : upgrade_ip
| Device       : xcku060-ffva1156-2-e
------------------------------------------------------------------------------------

Upgrade Log for IP 'tb_dds'

1. Summary
----------

SUCCESS in the upgrade of tb_dds (xilinx.com:ip:dds_compiler:6.0) from (Rev. 12) to (Rev. 13)






Copyright 1986-2016 Xilinx, Inc. All Rights Reserved.
------------------------------------------------------------------------------------
| Tool Version : Vivado v.2016.3 (win64) Build 1682563 Mon Oct 10 19:07:27 MDT 2016
| Date         : Tue Oct 18 09:07:41 2016
| Host         : Rich-PC running 64-bit major release  (build 9200)
| Command      : upgrade_ip
| Device       : xcku060-ffva1156-2-e
------------------------------------------------------------------------------------

Upgrade Log for IP 'px_2chdec2fir_mem'

1. Summary
----------

SUCCESS in the upgrade of px_2chdec2fir_mem (xilinx.com:ip:blk_mem_gen:8.3) from (Rev. 3) to (Rev. 4)






Copyright 1986-2016 Xilinx, Inc. All Rights Reserved.
------------------------------------------------------------------------------------
| Tool Version : Vivado v.2016.3 (win64) Build 1682563 Mon Oct 10 19:07:27 MDT 2016
| Date         : Tue Oct 18 09:07:27 2016
| Host         : Rich-PC running 64-bit major release  (build 9200)
| Command      : upgrade_ip
| Device       : xcku060-ffva1156-2-e
------------------------------------------------------------------------------------

Upgrade Log for IP 'px_2chdec2fir_fifo'

1. Summary
----------

SUCCESS in the upgrade of px_2chdec2fir_fifo (xilinx.com:ip:fifo_generator:13.1) from (Rev. 1) to (Rev. 2)






Copyright 1986-2016 Xilinx, Inc. All Rights Reserved.
------------------------------------------------------------------------------------
| Tool Version : Vivado v.2016.3 (win64) Build 1682563 Mon Oct 10 19:07:27 MDT 2016
| Date         : Tue Oct 18 09:07:26 2016
| Host         : Rich-PC running 64-bit major release  (build 9200)
| Command      : upgrade_ip
| Device       : xcku060-ffva1156-2-e
------------------------------------------------------------------------------------

Upgrade Log for IP 'px_2chdec2fir_brctlr'

1. Summary
----------

SUCCESS in the upgrade of px_2chdec2fir_brctlr (pentek.com:px_ip:px_axil_bram_ctlr:1.0) from (Rev. 14) to (Rev. 15)

2. Interface Information
------------------------

Detected external interface differences while upgrading 'px_2chdec2fir_brctlr'.


-Upgrade has removed interface 'bram_signal_clock'

-Upgrade has removed interface 's_axi_signal_clock'

-Upgrade has removed interface 's_axi_signal_reset'

-Upgrade has added interface 'bram_clk' (xilinx.com:signal:clock:1.0)

-Upgrade has added interface 'bram_rst' (xilinx.com:signal:reset:1.0)

-Upgrade has added interface 's_axi_aclk' (xilinx.com:signal:clock:1.0)

-Upgrade has added interface 's_axi_aresetn' (xilinx.com:signal:reset:1.0)







Copyright 1986-2016 Xilinx, Inc. All Rights Reserved.
------------------------------------------------------------------------------------
| Tool Version : Vivado v.2016.3 (win64) Build 1682563 Mon Oct 10 19:07:27 MDT 2016
| Date         : Tue Oct 18 09:07:25 2016
| Host         : Rich-PC running 64-bit major release  (build 9200)
| Command      : upgrade_ip
| Device       : xcku060-ffva1156-2-e
------------------------------------------------------------------------------------

Upgrade Log for IP 'px_2chdec2fir_axi_xbar'

1. Summary
----------

SUCCESS in the upgrade of px_2chdec2fir_axi_xbar (xilinx.com:ip:axi_crossbar:2.1) from (Rev. 10) to (Rev. 11)






Copyright 1986-2016 Xilinx, Inc. All Rights Reserved.
------------------------------------------------------------------------------------
| Tool Version : Vivado v.2016.3 (win64) Build 1682563 Mon Oct 10 19:07:27 MDT 2016
| Date         : Tue Oct 18 09:07:19 2016
| Host         : Rich-PC running 64-bit major release  (build 9200)
| Command      : upgrade_ip
| Device       : xcku060-ffva1156-2-e
------------------------------------------------------------------------------------

Upgrade Log for IP 'px_2ch_dec2fir_tuserdly2'

1. Summary
----------

SUCCESS in the upgrade of px_2ch_dec2fir_tuserdly2 (xilinx.com:ip:c_shift_ram:12.0) from (Rev. 9) to (Rev. 10)






Copyright 1986-2016 Xilinx, Inc. All Rights Reserved.
------------------------------------------------------------------------------------
| Tool Version : Vivado v.2016.3 (win64) Build 1682563 Mon Oct 10 19:07:27 MDT 2016
| Date         : Tue Oct 18 09:07:19 2016
| Host         : Rich-PC running 64-bit major release  (build 9200)
| Command      : upgrade_ip
| Device       : xcku060-ffva1156-2-e
------------------------------------------------------------------------------------

Upgrade Log for IP 'px_2ch_dec2fir_tuserdly'

1. Summary
----------

SUCCESS in the upgrade of px_2ch_dec2fir_tuserdly (xilinx.com:ip:c_shift_ram:12.0) from (Rev. 9) to (Rev. 10)






Copyright 1986-2016 Xilinx, Inc. All Rights Reserved.
------------------------------------------------------------------------------------
| Tool Version : Vivado v.2016.3 (win64) Build 1682563 Mon Oct 10 19:07:27 MDT 2016
| Date         : Tue Oct 18 09:07:18 2016
| Host         : Rich-PC running 64-bit major release  (build 9200)
| Command      : upgrade_ip
| Device       : xcku060-ffva1156-2-e
------------------------------------------------------------------------------------

Upgrade Log for IP 'px_2ch_dec2fir_sat'

1. Summary
----------

SUCCESS in the upgrade of px_2ch_dec2fir_sat (pentek.com:px_ip:px_axis_saturate:1.0) from (Rev. 9) to (Rev. 11)






Copyright 1986-2016 Xilinx, Inc. All Rights Reserved.
------------------------------------------------------------------------------------
| Tool Version : Vivado v.2016.3 (win64) Build 1682563 Mon Oct 10 19:07:27 MDT 2016
| Date         : Tue Oct 18 09:07:17 2016
| Host         : Rich-PC running 64-bit major release  (build 9200)
| Command      : upgrade_ip
| Device       : xcku060-ffva1156-2-e
------------------------------------------------------------------------------------

Upgrade Log for IP 'px_2ch_dec2fir_rnd24'

1. Summary
----------

SUCCESS in the upgrade of px_2ch_dec2fir_rnd24 (pentek.com:px_ip:px_axis_round:1.0) from (Rev. 7) to (Rev. 9)






Copyright 1986-2016 Xilinx, Inc. All Rights Reserved.
------------------------------------------------------------------------------------
| Tool Version : Vivado v.2016.3 (win64) Build 1682563 Mon Oct 10 19:07:27 MDT 2016
| Date         : Tue Oct 18 09:07:16 2016
| Host         : Rich-PC running 64-bit major release  (build 9200)
| Command      : upgrade_ip
| Device       : xcku060-ffva1156-2-e
------------------------------------------------------------------------------------

Upgrade Log for IP 'px_2ch_dec2fir_rnd16'

1. Summary
----------

SUCCESS in the upgrade of px_2ch_dec2fir_rnd16 (pentek.com:px_ip:px_axis_round:1.0) from (Rev. 7) to (Rev. 9)






Copyright 1986-2016 Xilinx, Inc. All Rights Reserved.
------------------------------------------------------------------------------------
| Tool Version : Vivado v.2016.3 (win64) Build 1682563 Mon Oct 10 19:07:27 MDT 2016
| Date         : Tue Oct 18 09:07:15 2016
| Host         : Rich-PC running 64-bit major release  (build 9200)
| Command      : upgrade_ip
| Device       : xcku060-ffva1156-2-e
------------------------------------------------------------------------------------

Upgrade Log for IP 'px_2ch_dec2fir_mult'

1. Summary
----------

SUCCESS in the upgrade of px_2ch_dec2fir_mult (xilinx.com:ip:xbip_dsp48_macro:3.0) from (Rev. 12) to (Rev. 13)






Copyright 1986-2016 Xilinx, Inc. All Rights Reserved.
------------------------------------------------------------------------------------
| Tool Version : Vivado v.2016.3 (win64) Build 1682563 Mon Oct 10 19:07:27 MDT 2016
| Date         : Tue Oct 18 09:07:10 2016
| Host         : Rich-PC running 64-bit major release  (build 9200)
| Command      : upgrade_ip
| Device       : xcku060-ffva1156-2-e
------------------------------------------------------------------------------------

Upgrade Log for IP 'px_2ch_dec2fir_fir'

1. Summary
----------

CAUTION (success, with warnings) in the upgrade of px_2ch_dec2fir_fir (xilinx.com:ip:fir_compiler:7.2) from (Rev. 6) to (Rev. 7)

After upgrade, an IP may have parameter differences compared to the original customization. Please review the parameters within the IP customization GUI to ensure proper functionality.

2. Customization warnings
-------------------------

An attempt to modify the value of disabled parameter 'DATA_TUSER_Width' from '1' to '128' has been ignored for IP 'px_2ch_dec2fir_fir'


3. Debug Commands
-----------------

  The following debug information can be passed to Vivado as Tcl commands,
in order to validate or debug the output of the upgrade flow.
  You may consult any warnings from within this upgrade, and alter or remove
the configuration parameter(s) which caused the warning; then execute the Tcl
commands, and use the IP Customization GUI to verify the IP configuration.

create_ip -vlnv xilinx.com:ip:fir_compiler:7.2 -user_name px_2ch_dec2fir_fir
set_property -dict "\
  CONFIG.BestPrecision {false} \
  CONFIG.Blank_Output {false} \
  CONFIG.Channel_Sequence {Basic} \
  CONFIG.Clock_Frequency {450} \
  CONFIG.CoefficientSource {COE_File} \
  CONFIG.CoefficientVector {6,0,-4,-3,5,6,-6,-13,7,44,64,44,7,-13,-6,6,5,-3,-4,0,6} \
  CONFIG.Coefficient_Buffer_Type {Automatic} \
  CONFIG.Coefficient_File {../../coef/coef_80_2.coe} \
  CONFIG.Coefficient_Fractional_Bits {0} \
  CONFIG.Coefficient_Reload {true} \
  CONFIG.Coefficient_Sets {1} \
  CONFIG.Coefficient_Sign {Signed} \
  CONFIG.Coefficient_Structure {Inferred} \
  CONFIG.Coefficient_Width {18} \
  CONFIG.ColumnConfig {14} \
  CONFIG.Component_Name {px_2ch_dec2fir_fir} \
  CONFIG.DATA_Has_TLAST {Not_Required} \
  CONFIG.DATA_TUSER_Width {128} \
  CONFIG.Data_Buffer_Type {Automatic} \
  CONFIG.Data_Fractional_Bits {0} \
  CONFIG.Data_Sign {Signed} \
  CONFIG.Data_Width {16} \
  CONFIG.Decimation_Rate {2} \
  CONFIG.DisplayReloadOrder {false} \
  CONFIG.Filter_Architecture {Systolic_Multiply_Accumulate} \
  CONFIG.Filter_Selection {1} \
  CONFIG.Filter_Type {Decimation} \
  CONFIG.GUI_Behaviour {Coregen} \
  CONFIG.Gen_MIF_Files {false} \
  CONFIG.Gen_MIF_from_COE {false} \
  CONFIG.Gen_MIF_from_Spec {false} \
  CONFIG.HardwareOversamplingRate {1} \
  CONFIG.Has_ACLKEN {false} \
  CONFIG.Has_ARESETn {true} \
  CONFIG.Input_Buffer_Type {Automatic} \
  CONFIG.Inter_Column_Pipe_Length {4} \
  CONFIG.Interpolation_Rate {1} \
  CONFIG.M_DATA_Has_TREADY {false} \
  CONFIG.M_DATA_Has_TUSER {Not_Required} \
  CONFIG.Multi_Column_Support {Automatic} \
  CONFIG.Num_Reload_Slots {1} \
  CONFIG.Number_Channels {1} \
  CONFIG.Number_Paths {2} \
  CONFIG.Optimization_Goal {Area} \
  CONFIG.Optimization_List {None} \
  CONFIG.Optimization_Selection {None} \
  CONFIG.Output_Buffer_Type {Automatic} \
  CONFIG.Output_Rounding_Mode {Symmetric_Rounding_to_Zero} \
  CONFIG.Output_Width {27} \
  CONFIG.Passband_Max {0.5} \
  CONFIG.Passband_Min {0.0} \
  CONFIG.Pattern_List {P4-0,P4-1,P4-2,P4-3,P4-4} \
  CONFIG.Preference_For_Other_Storage {Automatic} \
  CONFIG.Quantization {Integer_Coefficients} \
  CONFIG.RateSpecification {Frequency_Specification} \
  CONFIG.Rate_Change_Type {Integer} \
  CONFIG.Reload_File {no_coe_file_loaded} \
  CONFIG.Reset_Data_Vector {false} \
  CONFIG.S_CONFIG_Method {Single} \
  CONFIG.S_CONFIG_Sync_Mode {On_Vector} \
  CONFIG.S_DATA_Has_FIFO {false} \
  CONFIG.S_DATA_Has_TUSER {Not_Required} \
  CONFIG.SamplePeriod {1} \
  CONFIG.Sample_Frequency {450} \
  CONFIG.Select_Pattern {All} \
  CONFIG.Stopband_Max {1.0} \
  CONFIG.Stopband_Min {0.5} \
  CONFIG.Zero_Pack_Factor {1} \
  CONFIG.aclk_intf.ASSOCIATED_BUSIF {S_AXIS_CONFIG:M_AXIS_DATA:S_AXIS_DATA:S_AXIS_RELOAD} \
  CONFIG.aclk_intf.ASSOCIATED_CLKEN {aclken} \
  CONFIG.aclk_intf.ASSOCIATED_RESET {aresetn} \
  CONFIG.aclk_intf.FREQ_HZ {100000000} \
  CONFIG.aresetn_intf.POLARITY {ACTIVE_LOW} \
  CONFIG.event_s_config_tlast_missing_intf.SENSITIVITY {EDGE_RISING} \
  CONFIG.event_s_config_tlast_unexpected_intf.SENSITIVITY {EDGE_RISING} \
  CONFIG.event_s_data_chanid_incorrect_intf.SENSITIVITY {EDGE_RISING} \
  CONFIG.event_s_data_tlast_missing_intf.SENSITIVITY {EDGE_RISING} \
  CONFIG.event_s_data_tlast_unexpected_intf.SENSITIVITY {EDGE_RISING} \
  CONFIG.event_s_reload_tlast_missing_intf.SENSITIVITY {EDGE_RISING} \
  CONFIG.event_s_reload_tlast_unexpected_intf.SENSITIVITY {EDGE_RISING} " [get_ips px_2ch_dec2fir_fir]







Copyright 1986-2016 Xilinx, Inc. All Rights Reserved.
------------------------------------------------------------------------------------
| Tool Version : Vivado v.2016.3 (win64) Build 1682563 Mon Oct 10 19:07:27 MDT 2016
| Date         : Tue Oct 18 09:07:08 2016
| Host         : Rich-PC running 64-bit major release  (build 9200)
| Command      : upgrade_ip
| Device       : xcku060-ffva1156-2-e
------------------------------------------------------------------------------------

Upgrade Log for IP 'px_2ch_dec2fir_csr'

1. Summary
----------

SUCCESS in the upgrade of px_2ch_dec2fir_csr (pentek.com:px_ip:px_axil_csr:1.0) from (Rev. 11) to (Rev. 13)






Copyright 1986-2016 Xilinx, Inc. All Rights Reserved.
------------------------------------------------------------------------------------
| Tool Version : Vivado v.2016.2 (win64) Build 1577090 Thu Jun  2 16:32:40 MDT 2016
| Date         : Thu Jun 23 08:14:15 2016
| Host         : Rich-PC running 64-bit Service Pack 1  (build 7601)
| Command      : upgrade_ip
| Device       : xcku060-ffva1156-2-e
------------------------------------------------------------------------------------

Upgrade Log for IP 'px_2ch_dec2fir_csr'

1. Summary
----------

SUCCESS in the upgrade of px_2ch_dec2fir_csr (pentek.com:px_ip:px_axil_csr:1.0) from (Rev. 10) to (Rev. 11)






Copyright 1986-2016 Xilinx, Inc. All Rights Reserved.
------------------------------------------------------------------------------------
| Tool Version : Vivado v.2016.2 (win64) Build 1577090 Thu Jun  2 16:32:40 MDT 2016
| Date         : Thu Jun 09 08:53:58 2016
| Host         : Rich-PC running 64-bit Service Pack 1  (build 7601)
| Command      : upgrade_ip
| Device       : xcku060-ffva1156-2-e
------------------------------------------------------------------------------------

Upgrade Log for IP 'px_2ch_dec2fir_csr'

1. Summary
----------

SUCCESS in the upgrade of px_2ch_dec2fir_csr (pentek.com:px_ip:px_axil_csr:1.0) from (Rev. 9) to (Rev. 10)






Copyright 1986-2016 Xilinx, Inc. All Rights Reserved.
------------------------------------------------------------------------------------
| Tool Version : Vivado v.2016.2 (win64) Build 1577090 Thu Jun  2 16:32:40 MDT 2016
| Date         : Thu Jun 09 08:45:20 2016
| Host         : Rich-PC running 64-bit Service Pack 1  (build 7601)
| Command      : upgrade_ip
| Device       : xcku060-ffva1156-2-e
------------------------------------------------------------------------------------

Upgrade Log for IP 'px_2ch_dec2fir_xclk'

1. Summary
----------

SUCCESS in the upgrade of px_2ch_dec2fir_xclk (pentek.com:user:px_lvl_trans_xclk:1.0) from (Rev. 6) to (Rev. 7)






Copyright 1986-2016 Xilinx, Inc. All Rights Reserved.
------------------------------------------------------------------------------------
| Tool Version : Vivado v.2016.2 (win64) Build 1577090 Thu Jun  2 16:32:40 MDT 2016
| Date         : Thu Jun 09 08:45:19 2016
| Host         : Rich-PC running 64-bit Service Pack 1  (build 7601)
| Command      : upgrade_ip
| Device       : xcku060-ffva1156-2-e
------------------------------------------------------------------------------------

Upgrade Log for IP 'px_2ch_dec2fir_sat'

1. Summary
----------

SUCCESS in the upgrade of px_2ch_dec2fir_sat (pentek.com:px_ip:px_axis_saturate:1.0) from (Rev. 8) to (Rev. 9)






Copyright 1986-2016 Xilinx, Inc. All Rights Reserved.
------------------------------------------------------------------------------------
| Tool Version : Vivado v.2016.2 (win64) Build 1577090 Thu Jun  2 16:32:40 MDT 2016
| Date         : Thu Jun 09 08:45:18 2016
| Host         : Rich-PC running 64-bit Service Pack 1  (build 7601)
| Command      : upgrade_ip
| Device       : xcku060-ffva1156-2-e
------------------------------------------------------------------------------------

Upgrade Log for IP 'px_2ch_dec2fir_rnd24'

1. Summary
----------

SUCCESS in the upgrade of px_2ch_dec2fir_rnd24 (pentek.com:px_ip:px_axis_round:1.0) from (Rev. 6) to (Rev. 7)






Copyright 1986-2016 Xilinx, Inc. All Rights Reserved.
------------------------------------------------------------------------------------
| Tool Version : Vivado v.2016.2 (win64) Build 1577090 Thu Jun  2 16:32:40 MDT 2016
| Date         : Thu Jun 09 08:45:16 2016
| Host         : Rich-PC running 64-bit Service Pack 1  (build 7601)
| Command      : upgrade_ip
| Device       : xcku060-ffva1156-2-e
------------------------------------------------------------------------------------

Upgrade Log for IP 'px_2ch_dec2fir_rnd16'

1. Summary
----------

SUCCESS in the upgrade of px_2ch_dec2fir_rnd16 (pentek.com:px_ip:px_axis_round:1.0) from (Rev. 6) to (Rev. 7)

