#-----------------------------------------------------------
# Vivado v2016.3 (64-bit)
# SW Build 1682563 on Mon Oct 10 19:07:27 MDT 2016
# IP Build 1681267 on Mon Oct 10 21:28:31 MDT 2016
# Start of session at: Tue Oct 18 15:14:51 2016
# Process ID: 10828
# Current directory: C:/Xilinx/Vivado/2016.3/data/ip/pentek/ip/px_2ch_dec2fir
# Command line: vivado.exe -gui_launcher_event rodinguilauncherevent10940 C:\Xilinx\Vivado\2016.3\data\ip\pentek\ip\px_2ch_dec2fir\px_2ch_dec2fir.xpr
# Log file: C:/Xilinx/Vivado/2016.3/data/ip/pentek/ip/px_2ch_dec2fir/vivado.log
# Journal file: C:/Xilinx/Vivado/2016.3/data/ip/pentek/ip/px_2ch_dec2fir\vivado.jou
#-----------------------------------------------------------
start_gui
open_project C:/Xilinx/Vivado/2016.3/data/ip/pentek/ip/px_2ch_dec2fir/px_2ch_dec2fir.xpr
Scanning sources...
Finished scanning sources
WARNING: [Project 1-509] GeneratedRun file for 'synth_1' not found
WARNING: [Project 1-509] GeneratedRun file for 'px_2ch_dec2fir_xclk_synth_1' not found
WARNING: [filemgmt 56-3] IPUserFilesDir: Could not find the directory 'C:/Xilinx/Vivado/2016.3/data/ip/pentek/ip/px_2ch_dec2fir/px_2ch_dec2fir.ip_user_files'.
INFO: [IP_Flow 19-234] Refreshing IP repositories
INFO: [IP_Flow 19-1700] Loaded user IP repository 'c:/Xilinx/Vivado/2016.3/data/ip/pentek/ip'.
WARNING: [IP_Flow 19-3656] If you move the project, the path for repository 'c:/Xilinx/Vivado/2016.3/data/ip/pentek/ip' may become invalid. A better location for the repository would be in a path adjacent to the project. (Current project location is 'c:/Xilinx/Vivado/2016.3/data/ip/pentek/ip/px_2ch_dec2fir'.)
INFO: [IP_Flow 19-1700] Loaded user IP repository 'c:/Xilinx/Vivado/2016.3/data/ip/pentek/interface'.
INFO: [IP_Flow 19-2313] Loaded Vivado IP repository 'C:/Xilinx/Vivado/2016.3/data/ip'.
WARNING: [IP_Flow 19-2162] IP 'px_2ch_dec2fir_xclk' is locked:
* IP definition 'px_lvl_trans_xclk_v1_0 (1.0)' for IP 'px_2ch_dec2fir_xclk' (customized with software release 2016.2) has a different revision in the IP Catalog.
Please select 'Report IP Status' from the 'Tools/Report' menu or run Tcl command 'report_ip_status' for more information.
open_project: Time (s): cpu = 00:00:13 ; elapsed = 00:00:10 . Memory (MB): peak = 969.578 ; gain = 265.859
ipx::open_ipxact_file {C:\Xilinx\Vivado\2016.3\data\ip\pentek\ip\px_2ch_dec2fir\component.xml}
WARNING: [IP_Flow 19-3833] Unreferenced file from the top module is not packaged: 'C:/Xilinx/Vivado/2016.3/data/ip/pentek/ip/px_2ch_dec2fir/px_2ch_dec2fir.srcs/sources_1/ip/tb_dds/tb_dds.xci'.
ipx::remove_file coef_80_2.coe [ipx::get_file_groups xilinx_anylanguagesynthesis -of_objects [ipx::current_core]]
ipx::remove_file coef_80_2.coe [ipx::get_file_groups xilinx_anylanguagebehavioralsimulation -of_objects [ipx::current_core]]
upgrade_ip -srcset px_2ch_dec2fir_xclk -vlnv pentek.com:user:px_lvl_trans_xclk:1.0 [get_ips  px_2ch_dec2fir_xclk] -log ip_upgrade.log
Upgrading 'px_2ch_dec2fir_xclk'
INFO: [Project 1-386] Moving file 'C:/Xilinx/Vivado/2016.3/data/ip/pentek/ip/px_2ch_dec2fir/px_2ch_dec2fir.srcs/sources_1/ip/px_2ch_dec2fir_xclk/px_2ch_dec2fir_xclk.xci' from fileset 'px_2ch_dec2fir_xclk' to fileset 'sources_1'.
INFO: [IP_Flow 19-3422] Upgraded px_2ch_dec2fir_xclk (px_lvl_trans_xclk_v1_0 1.0) from revision 7 to revision 8
INFO: [IP_Flow 19-1686] Generating 'Instantiation Template' target for IP 'px_2ch_dec2fir_xclk'...
INFO: [Coretcl 2-1525] Wrote upgrade log to 'C:/Xilinx/Vivado/2016.3/data/ip/pentek/ip/px_2ch_dec2fir/ip_upgrade.log'.
export_ip_user_files -of_objects [get_ips px_2ch_dec2fir_xclk] -no_script -sync -force -quiet
ipx::merge_project_changes files [ipx::current_core]
WARNING: [IP_Flow 19-3833] Unreferenced file from the top module is not packaged: 'C:/Xilinx/Vivado/2016.3/data/ip/pentek/ip/px_2ch_dec2fir/px_2ch_dec2fir.srcs/sources_1/ip/tb_dds/tb_dds.xci'.
ipx::remove_file coef_80_2.coe [ipx::get_file_groups xilinx_anylanguagesynthesis -of_objects [ipx::current_core]]
ipx::remove_file coef_80_2.coe [ipx::get_file_groups xilinx_anylanguagebehavioralsimulation -of_objects [ipx::current_core]]
set_property core_revision 15 [ipx::current_core]
ipx::create_xgui_files [ipx::current_core]
ipx::update_checksums [ipx::current_core]
ipx::save_core [ipx::current_core]
exit
INFO: [Common 17-206] Exiting Vivado at Tue Oct 18 15:16:29 2016...
