#-----------------------------------------------------------
# Vivado v2018.1 (64-bit)
# SW Build 2188600 on Wed Apr  4 18:40:38 MDT 2018
# IP Build 2185939 on Wed Apr  4 20:55:05 MDT 2018
# Start of session at: Thu May  3 13:45:53 2018
# Process ID: 3884
# Current directory: C:/Pentek/IP/2018.1/pentek/ip/px_ppkt_width_upsizer
# Command line: vivado.exe -gui_launcher_event rodinguilauncherevent1216 C:\Pentek\IP\2018.1\pentek\ip\px_ppkt_width_upsizer\px_ppkt_width_upsizer.xpr
# Log file: C:/Pentek/IP/2018.1/pentek/ip/px_ppkt_width_upsizer/vivado.log
# Journal file: C:/Pentek/IP/2018.1/pentek/ip/px_ppkt_width_upsizer\vivado.jou
#-----------------------------------------------------------
Sourcing tcl script 'C:/Users/Rich/AppData/Roaming/Xilinx/Vivado/Vivado_init.tcl'
61 Beta devices matching pattern found, 54 enabled.
start_gui
open_project C:/Pentek/IP/2018.1/pentek/ip/px_ppkt_width_upsizer/px_ppkt_width_upsizer.xpr
Scanning sources...
Finished scanning sources
WARNING: [filemgmt 56-3] IPUserFilesDir: Could not find the directory 'C:/Pentek/IP/2018.1/pentek/ip/px_ppkt_width_upsizer/px_ppkt_width_upsizer.ip_user_files'.
INFO: [IP_Flow 19-234] Refreshing IP repositories
INFO: [IP_Flow 19-1700] Loaded user IP repository 'c:/Pentek/IP/2018.1/pentek/ip/px_ppkt_width_upsizer/px_ppkt_width_upsizer.srcs/sources_1/new'.
INFO: [IP_Flow 19-2313] Loaded Vivado IP repository 'C:/Xilinx/Vivado/2018.1/data/ip'.
open_project: Time (s): cpu = 00:00:10 ; elapsed = 00:00:05 . Memory (MB): peak = 862.082 ; gain = 40.992
update_compile_order -fileset sources_1
