#-----------------------------------------------------------
# Vivado v2017.1 (64-bit)
# SW Build 1846317 on Fri Apr 14 18:55:03 MDT 2017
# IP Build 1846188 on Fri Apr 14 20:52:08 MDT 2017
# Start of session at: Fri Jun  2 13:30:49 2017
# Process ID: 2352
# Current directory: C:/Pentek/IP/2017.1/wip/px_8ch_channelizer_ddc
# Command line: vivado.exe -gui_launcher_event rodinguilauncherevent4160 C:\Pentek\IP\2017.1\wip\px_8ch_channelizer_ddc\px_8ch_channelizer_ddc.xpr
# Log file: C:/Pentek/IP/2017.1/wip/px_8ch_channelizer_ddc/vivado.log
# Journal file: C:/Pentek/IP/2017.1/wip/px_8ch_channelizer_ddc\vivado.jou
#-----------------------------------------------------------
start_gui
open_project C:/Pentek/IP/2017.1/wip/px_8ch_channelizer_ddc/px_8ch_channelizer_ddc.xpr
Scanning sources...
Finished scanning sources
INFO: [IP_Flow 19-234] Refreshing IP repositories
INFO: [IP_Flow 19-1700] Loaded user IP repository 'c:/pentek/ip/2017.1/wip/px_8ch_channelizer_ddc'.
INFO: [IP_Flow 19-1700] Loaded user IP repository 'c:/Pentek/IP/2017.1/pentek'.
INFO: [IP_Flow 19-2313] Loaded Vivado IP repository 'C:/Xilinx/Vivado/2017.1/data/ip'.
WARNING: [IP_Flow 19-3664] IP 'px_8chddcs1_csr' generated file not found 'c:/Pentek/IP/2017.1/wip/px_8ch_channelizer_ddc/px_8ch_channelizer_ddc.srcs/sources_1/ip/px_8chddcs1_csr/stats.txt'. Please regenerate to continue.
open_project: Time (s): cpu = 00:00:32 ; elapsed = 00:00:39 . Memory (MB): peak = 982.469 ; gain = 206.082
update_compile_order -fileset sources_1
exit
INFO: [Common 17-206] Exiting Vivado at Fri Jun  2 14:02:31 2017...
