Copyright 1986-2019 Xilinx, Inc. All Rights Reserved.
------------------------------------------------------------------------------------
| Tool Version : Vivado v.2019.2 (lin64) Build 2708876 Wed Nov  6 21:39:14 MST 2019
| Date         : Wed Apr 28 01:49:40 2021
| Host         : wind running 64-bit unknown
| Command      : upgrade_ip
| Device       : xcku060-ffva1156-2-e
------------------------------------------------------------------------------------

Upgrade Log for IP 'user_block2_xlslice_0_1'

1. Summary
----------

SUCCESS in the upgrade of user_block2_xlslice_0_1 (xilinx.com:ip:xlslice:1.0) from (Rev. 1) to (Rev. 2)






Copyright 1986-2019 Xilinx, Inc. All Rights Reserved.
------------------------------------------------------------------------------------
| Tool Version : Vivado v.2019.2 (lin64) Build 2708876 Wed Nov  6 21:39:14 MST 2019
| Date         : Wed Apr 28 01:49:40 2021
| Host         : wind running 64-bit unknown
| Command      : upgrade_ip
| Device       : xcku060-ffva1156-2-e
------------------------------------------------------------------------------------

Upgrade Log for IP 'user_block2_xlslice_0_0'

1. Summary
----------

SUCCESS in the upgrade of user_block2_xlslice_0_0 (xilinx.com:ip:xlslice:1.0) from (Rev. 1) to (Rev. 2)






Copyright 1986-2019 Xilinx, Inc. All Rights Reserved.
------------------------------------------------------------------------------------
| Tool Version : Vivado v.2019.2 (lin64) Build 2708876 Wed Nov  6 21:39:14 MST 2019
| Date         : Wed Apr 28 01:49:40 2021
| Host         : wind running 64-bit unknown
| Command      : upgrade_ip
| Device       : xcku060-ffva1156-2-e
------------------------------------------------------------------------------------

Upgrade Log for IP 'user_block2_xlconstant_0_1'

1. Summary
----------

SUCCESS in the upgrade of user_block2_xlconstant_0_1 (xilinx.com:ip:xlconstant:1.1) from (Rev. 3) to (Rev. 6)






Copyright 1986-2019 Xilinx, Inc. All Rights Reserved.
------------------------------------------------------------------------------------
| Tool Version : Vivado v.2019.2 (lin64) Build 2708876 Wed Nov  6 21:39:14 MST 2019
| Date         : Wed Apr 28 01:49:40 2021
| Host         : wind running 64-bit unknown
| Command      : upgrade_ip
| Device       : xcku060-ffva1156-2-e
------------------------------------------------------------------------------------

Upgrade Log for IP 'user_block2_xlconstant_0_0'

1. Summary
----------

SUCCESS in the upgrade of user_block2_xlconstant_0_0 (xilinx.com:ip:xlconstant:1.1) from (Rev. 3) to (Rev. 6)






Copyright 1986-2019 Xilinx, Inc. All Rights Reserved.
------------------------------------------------------------------------------------
| Tool Version : Vivado v.2019.2 (lin64) Build 2708876 Wed Nov  6 21:39:14 MST 2019
| Date         : Wed Apr 28 01:49:40 2021
| Host         : wind running 64-bit unknown
| Command      : upgrade_ip
| Device       : xcku060-ffva1156-2-e
------------------------------------------------------------------------------------

Upgrade Log for IP 'user_block2_validate_kludge_1_0'

1. Summary
----------

SUCCESS in the upgrade of user_block2_validate_kludge_1_0 (xilinx.com:ip:axis_subset_converter:1.1) from (Rev. 13) to (Rev. 20)






Copyright 1986-2019 Xilinx, Inc. All Rights Reserved.
------------------------------------------------------------------------------------
| Tool Version : Vivado v.2019.2 (lin64) Build 2708876 Wed Nov  6 21:39:14 MST 2019
| Date         : Wed Apr 28 01:49:40 2021
| Host         : wind running 64-bit unknown
| Command      : upgrade_ip
| Device       : xcku060-ffva1156-2-e
------------------------------------------------------------------------------------

Upgrade Log for IP 'user_block2_validate_kludge_0_0'

1. Summary
----------

SUCCESS in the upgrade of user_block2_validate_kludge_0_0 (xilinx.com:ip:axis_subset_converter:1.1) from (Rev. 13) to (Rev. 20)






Copyright 1986-2019 Xilinx, Inc. All Rights Reserved.
------------------------------------------------------------------------------------
| Tool Version : Vivado v.2019.2 (lin64) Build 2708876 Wed Nov  6 21:39:14 MST 2019
| Date         : Wed Apr 28 01:49:40 2021
| Host         : wind running 64-bit unknown
| Command      : upgrade_ip
| Device       : xcku060-ffva1156-2-e
------------------------------------------------------------------------------------

Upgrade Log for IP 'user_block2_px_vctr2scalar_0_1'

1. Summary
----------

SUCCESS in the upgrade of user_block2_px_vctr2scalar_0_1 (pentek.com:px_ip:px_vctr2scalar:1.0) from (Rev. 15) to (Rev. 21)






Copyright 1986-2019 Xilinx, Inc. All Rights Reserved.
------------------------------------------------------------------------------------
| Tool Version : Vivado v.2019.2 (lin64) Build 2708876 Wed Nov  6 21:39:14 MST 2019
| Date         : Wed Apr 28 01:49:40 2021
| Host         : wind running 64-bit unknown
| Command      : upgrade_ip
| Device       : xcku060-ffva1156-2-e
------------------------------------------------------------------------------------

Upgrade Log for IP 'user_block2_px_vctr2scalar_0_0'

1. Summary
----------

SUCCESS in the upgrade of user_block2_px_vctr2scalar_0_0 (pentek.com:px_ip:px_vctr2scalar:1.0) from (Rev. 15) to (Rev. 21)






Copyright 1986-2019 Xilinx, Inc. All Rights Reserved.
------------------------------------------------------------------------------------
| Tool Version : Vivado v.2019.2 (lin64) Build 2708876 Wed Nov  6 21:39:14 MST 2019
| Date         : Wed Apr 28 01:49:40 2021
| Host         : wind running 64-bit unknown
| Command      : upgrade_ip
| Device       : xcku060-ffva1156-2-e
------------------------------------------------------------------------------------

Upgrade Log for IP 'user_block2_px_axil_csr_0_0'

1. Summary
----------

SUCCESS in the upgrade of user_block2_px_axil_csr_0_0 (pentek.com:px_ip:px_axil_csr:1.0) from (Rev. 18) to (Rev. 24)






Copyright 1986-2019 Xilinx, Inc. All Rights Reserved.
------------------------------------------------------------------------------------
| Tool Version : Vivado v.2019.2 (lin64) Build 2708876 Wed Nov  6 21:39:14 MST 2019
| Date         : Wed Apr 28 01:49:40 2021
| Host         : wind running 64-bit unknown
| Command      : upgrade_ip
| Device       : xcku060-ffva1156-2-e
------------------------------------------------------------------------------------

Upgrade Log for IP 'user_block2_pulse_fir_0_1'

1. Summary
----------

SUCCESS in the upgrade of user_block2_pulse_fir_0_1 (xilinx.com:ip:fir_compiler:7.2) from (Rev. 8) to (Rev. 13)






Copyright 1986-2019 Xilinx, Inc. All Rights Reserved.
------------------------------------------------------------------------------------
| Tool Version : Vivado v.2019.2 (lin64) Build 2708876 Wed Nov  6 21:39:14 MST 2019
| Date         : Wed Apr 28 01:49:40 2021
| Host         : wind running 64-bit unknown
| Command      : upgrade_ip
| Device       : xcku060-ffva1156-2-e
------------------------------------------------------------------------------------

Upgrade Log for IP 'user_block2_pulse_fir_0_0'

1. Summary
----------

SUCCESS in the upgrade of user_block2_pulse_fir_0_0 (xilinx.com:ip:fir_compiler:7.2) from (Rev. 8) to (Rev. 13)






Copyright 1986-2019 Xilinx, Inc. All Rights Reserved.
------------------------------------------------------------------------------------
| Tool Version : Vivado v.2019.2 (lin64) Build 2708876 Wed Nov  6 21:39:14 MST 2019
| Date         : Wed Apr 28 01:49:40 2021
| Host         : wind running 64-bit unknown
| Command      : upgrade_ip
| Device       : xcku060-ffva1156-2-e
------------------------------------------------------------------------------------

Upgrade Log for IP 'user_block2_one_1'

1. Summary
----------

SUCCESS in the upgrade of user_block2_one_1 (xilinx.com:ip:xlconstant:1.1) from (Rev. 3) to (Rev. 6)






Copyright 1986-2019 Xilinx, Inc. All Rights Reserved.
------------------------------------------------------------------------------------
| Tool Version : Vivado v.2019.2 (lin64) Build 2708876 Wed Nov  6 21:39:14 MST 2019
| Date         : Wed Apr 28 01:49:40 2021
| Host         : wind running 64-bit unknown
| Command      : upgrade_ip
| Device       : xcku060-ffva1156-2-e
------------------------------------------------------------------------------------

Upgrade Log for IP 'user_block2_one_0'

1. Summary
----------

SUCCESS in the upgrade of user_block2_one_0 (xilinx.com:ip:xlconstant:1.1) from (Rev. 3) to (Rev. 6)






Copyright 1986-2019 Xilinx, Inc. All Rights Reserved.
------------------------------------------------------------------------------------
| Tool Version : Vivado v.2019.2 (lin64) Build 2708876 Wed Nov  6 21:39:14 MST 2019
| Date         : Wed Apr 28 01:49:40 2021
| Host         : wind running 64-bit unknown
| Command      : upgrade_ip
| Device       : xcku060-ffva1156-2-e
------------------------------------------------------------------------------------

Upgrade Log for IP 'user_block2_map_data_0_1'

1. Summary
----------

SUCCESS in the upgrade of user_block2_map_data_0_1 (xilinx.com:ip:axis_subset_converter:1.1) from (Rev. 13) to (Rev. 20)






Copyright 1986-2019 Xilinx, Inc. All Rights Reserved.
------------------------------------------------------------------------------------
| Tool Version : Vivado v.2019.2 (lin64) Build 2708876 Wed Nov  6 21:39:14 MST 2019
| Date         : Wed Apr 28 01:49:40 2021
| Host         : wind running 64-bit unknown
| Command      : upgrade_ip
| Device       : xcku060-ffva1156-2-e
------------------------------------------------------------------------------------

Upgrade Log for IP 'user_block2_map_data_0_0'

1. Summary
----------

SUCCESS in the upgrade of user_block2_map_data_0_0 (xilinx.com:ip:axis_subset_converter:1.1) from (Rev. 13) to (Rev. 20)






Copyright 1986-2019 Xilinx, Inc. All Rights Reserved.
------------------------------------------------------------------------------------
| Tool Version : Vivado v.2019.2 (lin64) Build 2708876 Wed Nov  6 21:39:14 MST 2019
| Date         : Wed Apr 28 01:49:40 2021
| Host         : wind running 64-bit unknown
| Command      : upgrade_ip
| Device       : xcku060-ffva1156-2-e
------------------------------------------------------------------------------------

Upgrade Log for IP 'user_block2_map_cfg_0_1'

1. Summary
----------

SUCCESS in the upgrade of user_block2_map_cfg_0_1 (xilinx.com:ip:axis_subset_converter:1.1) from (Rev. 13) to (Rev. 20)






Copyright 1986-2019 Xilinx, Inc. All Rights Reserved.
------------------------------------------------------------------------------------
| Tool Version : Vivado v.2019.2 (lin64) Build 2708876 Wed Nov  6 21:39:14 MST 2019
| Date         : Wed Apr 28 01:49:40 2021
| Host         : wind running 64-bit unknown
| Command      : upgrade_ip
| Device       : xcku060-ffva1156-2-e
------------------------------------------------------------------------------------

Upgrade Log for IP 'user_block2_map_cfg_0_0'

1. Summary
----------

SUCCESS in the upgrade of user_block2_map_cfg_0_0 (xilinx.com:ip:axis_subset_converter:1.1) from (Rev. 13) to (Rev. 20)






Copyright 1986-2019 Xilinx, Inc. All Rights Reserved.
------------------------------------------------------------------------------------
| Tool Version : Vivado v.2019.2 (lin64) Build 2708876 Wed Nov  6 21:39:14 MST 2019
| Date         : Wed Apr 28 01:49:40 2021
| Host         : wind running 64-bit unknown
| Command      : upgrade_ip
| Device       : xcku060-ffva1156-2-e
------------------------------------------------------------------------------------

Upgrade Log for IP 'user_block2_irq_placeholder_0'

1. Summary
----------

SUCCESS in the upgrade of user_block2_irq_placeholder_0 (xilinx.com:ip:xlconstant:1.1) from (Rev. 3) to (Rev. 6)






Copyright 1986-2019 Xilinx, Inc. All Rights Reserved.
------------------------------------------------------------------------------------
| Tool Version : Vivado v.2019.2 (lin64) Build 2708876 Wed Nov  6 21:39:14 MST 2019
| Date         : Wed Apr 28 01:49:40 2021
| Host         : wind running 64-bit unknown
| Command      : upgrade_ip
| Device       : xcku060-ffva1156-2-e
------------------------------------------------------------------------------------

Upgrade Log for IP 'user_block2_fir_compiler_0_0'

1. Summary
----------

SUCCESS in the upgrade of user_block2_fir_compiler_0_0 (xilinx.com:ip:fir_compiler:7.2) from (Rev. 8) to (Rev. 13)






Copyright 1986-2019 Xilinx, Inc. All Rights Reserved.
------------------------------------------------------------------------------------
| Tool Version : Vivado v.2019.2 (lin64) Build 2708876 Wed Nov  6 21:39:14 MST 2019
| Date         : Wed Apr 28 01:49:40 2021
| Host         : wind running 64-bit unknown
| Command      : upgrade_ip
| Device       : xcku060-ffva1156-2-e
------------------------------------------------------------------------------------

Upgrade Log for IP 'user_block2_fifo_0_1'

1. Summary
----------

CAUTION (success, with warnings) in the upgrade of user_block2_fifo_0_1 from xilinx.com:ip:axis_data_fifo:1.1 (Rev. 14) to xilinx.com:ip:axis_data_fifo:2.0 (Rev. 2)

After upgrade, an IP may have parameter and port differences compared to the original customization. Please review the parameters within the IP customization GUI to ensure proper functionality. Also, please review the updated IP instantiation template to ensure proper connectivity, and update your design if required.

2. Connection Warnings
----------------------

Detected external port differences while upgrading 'user_block2_fifo_0_1'. These changes may impact your design.


-Upgrade has removed port 'axis_data_count'


3. Upgrade messages
-------------------

Added parameter HAS_WR_DATA_COUNT with value 1 (source 'default')
Added parameter HAS_RD_DATA_COUNT with value 1 (source 'default')

4. Customization warnings
-------------------------

An attempt to modify the value of disabled parameter 'SYNCHRONIZATION_STAGES' from '3' to '2' has been ignored for IP 'user_block2_fifo_0_1'


5. Debug Commands
-----------------

  The following debug information can be passed to Vivado as Tcl commands,
in order to validate or debug the output of the upgrade flow.
  You may consult any warnings from within this upgrade, and alter or remove
the configuration parameter(s) which caused the warning; then execute the Tcl
commands, and use the IP Customization GUI to verify the IP configuration.

create_ip -vlnv xilinx.com:ip:axis_data_fifo:2.0 -user_name user_block2_fifo_0_1
set_property -dict "\
  CONFIG.ACLKEN_CONV_MODE {0} \
  CONFIG.Component_Name {user_block2_fifo_0_1} \
  CONFIG.FIFO_DEPTH {16} \
  CONFIG.FIFO_MODE {1} \
  CONFIG.HAS_RD_DATA_COUNT {1} \
  CONFIG.HAS_TKEEP {0} \
  CONFIG.HAS_TLAST {0} \
  CONFIG.HAS_TREADY {1} \
  CONFIG.HAS_TSTRB {0} \
  CONFIG.HAS_WR_DATA_COUNT {1} \
  CONFIG.IS_ACLK_ASYNC {0} \
  CONFIG.M_AXIS.CLK_DOMAIN {user_block2_s_axis_adc_pdti_aclk} \
  CONFIG.M_AXIS.FREQ_HZ {200000000} \
  CONFIG.M_AXIS.HAS_TKEEP {0} \
  CONFIG.M_AXIS.HAS_TLAST {0} \
  CONFIG.M_AXIS.HAS_TREADY {1} \
  CONFIG.M_AXIS.HAS_TSTRB {0} \
  CONFIG.M_AXIS.LAYERED_METADATA {undef} \
  CONFIG.M_AXIS.PHASE {0.000} \
  CONFIG.M_AXIS.TDATA_NUM_BYTES {4} \
  CONFIG.M_AXIS.TDEST_WIDTH {0} \
  CONFIG.M_AXIS.TID_WIDTH {0} \
  CONFIG.M_AXIS.TUSER_WIDTH {128} \
  CONFIG.SYNCHRONIZATION_STAGES {2} \
  CONFIG.S_AXIS.CLK_DOMAIN {user_block2_s_axis_adc_pdti_aclk} \
  CONFIG.S_AXIS.FREQ_HZ {200000000} \
  CONFIG.S_AXIS.HAS_TKEEP {0} \
  CONFIG.S_AXIS.HAS_TLAST {0} \
  CONFIG.S_AXIS.HAS_TREADY {1} \
  CONFIG.S_AXIS.HAS_TSTRB {0} \
  CONFIG.S_AXIS.LAYERED_METADATA {undef} \
  CONFIG.S_AXIS.PHASE {0.000} \
  CONFIG.S_AXIS.TDATA_NUM_BYTES {4} \
  CONFIG.S_AXIS.TDEST_WIDTH {0} \
  CONFIG.S_AXIS.TID_WIDTH {0} \
  CONFIG.S_AXIS.TUSER_WIDTH {128} \
  CONFIG.S_CLKIF.ASSOCIATED_BUSIF {S_AXIS:M_AXIS} \
  CONFIG.S_CLKIF.ASSOCIATED_RESET {s_axis_aresetn} \
  CONFIG.S_CLKIF.CLK_DOMAIN {user_block2_s_axis_adc_pdti_aclk} \
  CONFIG.S_CLKIF.FREQ_HZ {200000000} \
  CONFIG.S_CLKIF.PHASE {0.000} \
  CONFIG.S_RSTIF.POLARITY {ACTIVE_LOW} \
  CONFIG.TDATA_NUM_BYTES {4} \
  CONFIG.TDEST_WIDTH {0} \
  CONFIG.TID_WIDTH {0} \
  CONFIG.TUSER_WIDTH {128} " [get_ips user_block2_fifo_0_1]







Copyright 1986-2019 Xilinx, Inc. All Rights Reserved.
------------------------------------------------------------------------------------
| Tool Version : Vivado v.2019.2 (lin64) Build 2708876 Wed Nov  6 21:39:14 MST 2019
| Date         : Wed Apr 28 01:49:40 2021
| Host         : wind running 64-bit unknown
| Command      : upgrade_ip
| Device       : xcku060-ffva1156-2-e
------------------------------------------------------------------------------------

Upgrade Log for IP 'user_block2_fifo_0_0'

1. Summary
----------

CAUTION (success, with warnings) in the upgrade of user_block2_fifo_0_0 from xilinx.com:ip:axis_data_fifo:1.1 (Rev. 14) to xilinx.com:ip:axis_data_fifo:2.0 (Rev. 2)

After upgrade, an IP may have parameter and port differences compared to the original customization. Please review the parameters within the IP customization GUI to ensure proper functionality. Also, please review the updated IP instantiation template to ensure proper connectivity, and update your design if required.

2. Connection Warnings
----------------------

Detected external port differences while upgrading 'user_block2_fifo_0_0'. These changes may impact your design.


-Upgrade has removed port 'axis_data_count'


3. Upgrade messages
-------------------

Added parameter HAS_WR_DATA_COUNT with value 1 (source 'default')
Added parameter HAS_RD_DATA_COUNT with value 1 (source 'default')

4. Customization warnings
-------------------------

An attempt to modify the value of disabled parameter 'SYNCHRONIZATION_STAGES' from '3' to '2' has been ignored for IP 'user_block2_fifo_0_0'


5. Debug Commands
-----------------

  The following debug information can be passed to Vivado as Tcl commands,
in order to validate or debug the output of the upgrade flow.
  You may consult any warnings from within this upgrade, and alter or remove
the configuration parameter(s) which caused the warning; then execute the Tcl
commands, and use the IP Customization GUI to verify the IP configuration.

create_ip -vlnv xilinx.com:ip:axis_data_fifo:2.0 -user_name user_block2_fifo_0_0
set_property -dict "\
  CONFIG.ACLKEN_CONV_MODE {0} \
  CONFIG.Component_Name {user_block2_fifo_0_0} \
  CONFIG.FIFO_DEPTH {16} \
  CONFIG.FIFO_MODE {1} \
  CONFIG.HAS_RD_DATA_COUNT {1} \
  CONFIG.HAS_TKEEP {0} \
  CONFIG.HAS_TLAST {0} \
  CONFIG.HAS_TREADY {1} \
  CONFIG.HAS_TSTRB {0} \
  CONFIG.HAS_WR_DATA_COUNT {1} \
  CONFIG.IS_ACLK_ASYNC {0} \
  CONFIG.M_AXIS.CLK_DOMAIN {user_block2_s_axis_adc_pdti_aclk} \
  CONFIG.M_AXIS.FREQ_HZ {200000000} \
  CONFIG.M_AXIS.HAS_TKEEP {0} \
  CONFIG.M_AXIS.HAS_TLAST {0} \
  CONFIG.M_AXIS.HAS_TREADY {1} \
  CONFIG.M_AXIS.HAS_TSTRB {0} \
  CONFIG.M_AXIS.LAYERED_METADATA {undef} \
  CONFIG.M_AXIS.PHASE {0.000} \
  CONFIG.M_AXIS.TDATA_NUM_BYTES {4} \
  CONFIG.M_AXIS.TDEST_WIDTH {0} \
  CONFIG.M_AXIS.TID_WIDTH {0} \
  CONFIG.M_AXIS.TUSER_WIDTH {128} \
  CONFIG.SYNCHRONIZATION_STAGES {2} \
  CONFIG.S_AXIS.CLK_DOMAIN {user_block2_s_axis_adc_pdti_aclk} \
  CONFIG.S_AXIS.FREQ_HZ {200000000} \
  CONFIG.S_AXIS.HAS_TKEEP {0} \
  CONFIG.S_AXIS.HAS_TLAST {0} \
  CONFIG.S_AXIS.HAS_TREADY {1} \
  CONFIG.S_AXIS.HAS_TSTRB {0} \
  CONFIG.S_AXIS.LAYERED_METADATA {undef} \
  CONFIG.S_AXIS.PHASE {0.000} \
  CONFIG.S_AXIS.TDATA_NUM_BYTES {4} \
  CONFIG.S_AXIS.TDEST_WIDTH {0} \
  CONFIG.S_AXIS.TID_WIDTH {0} \
  CONFIG.S_AXIS.TUSER_WIDTH {128} \
  CONFIG.S_CLKIF.ASSOCIATED_BUSIF {S_AXIS:M_AXIS} \
  CONFIG.S_CLKIF.ASSOCIATED_RESET {s_axis_aresetn} \
  CONFIG.S_CLKIF.CLK_DOMAIN {user_block2_s_axis_adc_pdti_aclk} \
  CONFIG.S_CLKIF.FREQ_HZ {200000000} \
  CONFIG.S_CLKIF.PHASE {0.000} \
  CONFIG.S_RSTIF.POLARITY {ACTIVE_LOW} \
  CONFIG.TDATA_NUM_BYTES {4} \
  CONFIG.TDEST_WIDTH {0} \
  CONFIG.TID_WIDTH {0} \
  CONFIG.TUSER_WIDTH {128} " [get_ips user_block2_fifo_0_0]







Copyright 1986-2019 Xilinx, Inc. All Rights Reserved.
------------------------------------------------------------------------------------
| Tool Version : Vivado v.2019.2 (lin64) Build 2708876 Wed Nov  6 21:39:14 MST 2019
| Date         : Wed Apr 28 01:49:40 2021
| Host         : wind running 64-bit unknown
| Command      : upgrade_ip
| Device       : xcku060-ffva1156-2-e
------------------------------------------------------------------------------------

Upgrade Log for IP 'user_block2_bcast_0_1'

1. Summary
----------

SUCCESS in the upgrade of user_block2_bcast_0_1 (xilinx.com:ip:axis_broadcaster:1.1) from (Rev. 13) to (Rev. 19)






Copyright 1986-2019 Xilinx, Inc. All Rights Reserved.
------------------------------------------------------------------------------------
| Tool Version : Vivado v.2019.2 (lin64) Build 2708876 Wed Nov  6 21:39:14 MST 2019
| Date         : Wed Apr 28 01:49:40 2021
| Host         : wind running 64-bit unknown
| Command      : upgrade_ip
| Device       : xcku060-ffva1156-2-e
------------------------------------------------------------------------------------

Upgrade Log for IP 'user_block2_bcast_0_0'

1. Summary
----------

SUCCESS in the upgrade of user_block2_bcast_0_0 (xilinx.com:ip:axis_broadcaster:1.1) from (Rev. 13) to (Rev. 19)






Copyright 1986-2019 Xilinx, Inc. All Rights Reserved.
------------------------------------------------------------------------------------
| Tool Version : Vivado v.2019.2 (lin64) Build 2708876 Wed Nov  6 21:39:14 MST 2019
| Date         : Wed Apr 28 01:49:40 2021
| Host         : wind running 64-bit unknown
| Command      : upgrade_ip
| Device       : xcku060-ffva1156-2-e
------------------------------------------------------------------------------------

Upgrade Log for IP 'user_block2_axis_subset_converter_1_0'

1. Summary
----------

SUCCESS in the upgrade of user_block2_axis_subset_converter_1_0 (xilinx.com:ip:axis_subset_converter:1.1) from (Rev. 13) to (Rev. 20)






Copyright 1986-2019 Xilinx, Inc. All Rights Reserved.
------------------------------------------------------------------------------------
| Tool Version : Vivado v.2019.2 (lin64) Build 2708876 Wed Nov  6 21:39:14 MST 2019
| Date         : Wed Apr 28 01:49:40 2021
| Host         : wind running 64-bit unknown
| Command      : upgrade_ip
| Device       : xcku060-ffva1156-2-e
------------------------------------------------------------------------------------

Upgrade Log for IP 'user_block2_axis_subset_converter_0_7'

1. Summary
----------

SUCCESS in the upgrade of user_block2_axis_subset_converter_0_7 (xilinx.com:ip:axis_subset_converter:1.1) from (Rev. 13) to (Rev. 20)






Copyright 1986-2019 Xilinx, Inc. All Rights Reserved.
------------------------------------------------------------------------------------
| Tool Version : Vivado v.2019.2 (lin64) Build 2708876 Wed Nov  6 21:39:14 MST 2019
| Date         : Wed Apr 28 01:49:40 2021
| Host         : wind running 64-bit unknown
| Command      : upgrade_ip
| Device       : xcku060-ffva1156-2-e
------------------------------------------------------------------------------------

Upgrade Log for IP 'user_block2_axis_subset_converter_0_6'

1. Summary
----------

SUCCESS in the upgrade of user_block2_axis_subset_converter_0_6 (xilinx.com:ip:axis_subset_converter:1.1) from (Rev. 13) to (Rev. 20)






Copyright 1986-2019 Xilinx, Inc. All Rights Reserved.
------------------------------------------------------------------------------------
| Tool Version : Vivado v.2019.2 (lin64) Build 2708876 Wed Nov  6 21:39:14 MST 2019
| Date         : Wed Apr 28 01:49:40 2021
| Host         : wind running 64-bit unknown
| Command      : upgrade_ip
| Device       : xcku060-ffva1156-2-e
------------------------------------------------------------------------------------

Upgrade Log for IP 'user_block2_axis_subset_converter_0_5'

1. Summary
----------

SUCCESS in the upgrade of user_block2_axis_subset_converter_0_5 (xilinx.com:ip:axis_subset_converter:1.1) from (Rev. 13) to (Rev. 20)






Copyright 1986-2019 Xilinx, Inc. All Rights Reserved.
------------------------------------------------------------------------------------
| Tool Version : Vivado v.2019.2 (lin64) Build 2708876 Wed Nov  6 21:39:14 MST 2019
| Date         : Wed Apr 28 01:49:40 2021
| Host         : wind running 64-bit unknown
| Command      : upgrade_ip
| Device       : xcku060-ffva1156-2-e
------------------------------------------------------------------------------------

Upgrade Log for IP 'user_block2_axis_subset_converter_0_4'

1. Summary
----------

SUCCESS in the upgrade of user_block2_axis_subset_converter_0_4 (xilinx.com:ip:axis_subset_converter:1.1) from (Rev. 13) to (Rev. 20)






Copyright 1986-2019 Xilinx, Inc. All Rights Reserved.
------------------------------------------------------------------------------------
| Tool Version : Vivado v.2019.2 (lin64) Build 2708876 Wed Nov  6 21:39:14 MST 2019
| Date         : Wed Apr 28 01:49:40 2021
| Host         : wind running 64-bit unknown
| Command      : upgrade_ip
| Device       : xcku060-ffva1156-2-e
------------------------------------------------------------------------------------

Upgrade Log for IP 'user_block2_axis_subset_converter_0_3'

1. Summary
----------

SUCCESS in the upgrade of user_block2_axis_subset_converter_0_3 (xilinx.com:ip:axis_subset_converter:1.1) from (Rev. 13) to (Rev. 20)






Copyright 1986-2019 Xilinx, Inc. All Rights Reserved.
------------------------------------------------------------------------------------
| Tool Version : Vivado v.2019.2 (lin64) Build 2708876 Wed Nov  6 21:39:14 MST 2019
| Date         : Wed Apr 28 01:49:40 2021
| Host         : wind running 64-bit unknown
| Command      : upgrade_ip
| Device       : xcku060-ffva1156-2-e
------------------------------------------------------------------------------------

Upgrade Log for IP 'user_block2_axis_subset_converter_0_2'

1. Summary
----------

SUCCESS in the upgrade of user_block2_axis_subset_converter_0_2 (xilinx.com:ip:axis_subset_converter:1.1) from (Rev. 13) to (Rev. 20)






Copyright 1986-2019 Xilinx, Inc. All Rights Reserved.
------------------------------------------------------------------------------------
| Tool Version : Vivado v.2019.2 (lin64) Build 2708876 Wed Nov  6 21:39:14 MST 2019
| Date         : Wed Apr 28 01:49:40 2021
| Host         : wind running 64-bit unknown
| Command      : upgrade_ip
| Device       : xcku060-ffva1156-2-e
------------------------------------------------------------------------------------

Upgrade Log for IP 'user_block2_axis_subset_converter_0_1'

1. Summary
----------

SUCCESS in the upgrade of user_block2_axis_subset_converter_0_1 (xilinx.com:ip:axis_subset_converter:1.1) from (Rev. 13) to (Rev. 20)






Copyright 1986-2019 Xilinx, Inc. All Rights Reserved.
------------------------------------------------------------------------------------
| Tool Version : Vivado v.2019.2 (lin64) Build 2708876 Wed Nov  6 21:39:14 MST 2019
| Date         : Wed Apr 28 01:49:40 2021
| Host         : wind running 64-bit unknown
| Command      : upgrade_ip
| Device       : xcku060-ffva1156-2-e
------------------------------------------------------------------------------------

Upgrade Log for IP 'user_block2_axis_subset_converter_0_0'

1. Summary
----------

SUCCESS in the upgrade of user_block2_axis_subset_converter_0_0 (xilinx.com:ip:axis_subset_converter:1.1) from (Rev. 13) to (Rev. 20)






Copyright 1986-2019 Xilinx, Inc. All Rights Reserved.
------------------------------------------------------------------------------------
| Tool Version : Vivado v.2019.2 (lin64) Build 2708876 Wed Nov  6 21:39:14 MST 2019
| Date         : Wed Apr 28 01:49:40 2021
| Host         : wind running 64-bit unknown
| Command      : upgrade_ip
| Device       : xcku060-ffva1156-2-e
------------------------------------------------------------------------------------

Upgrade Log for IP 'user_block2_axis_register_slice_0_0'

1. Summary
----------

SUCCESS in the upgrade of user_block2_axis_register_slice_0_0 (xilinx.com:ip:axis_register_slice:1.1) from (Rev. 13) to (Rev. 20)






Copyright 1986-2019 Xilinx, Inc. All Rights Reserved.
------------------------------------------------------------------------------------
| Tool Version : Vivado v.2019.2 (lin64) Build 2708876 Wed Nov  6 21:39:14 MST 2019
| Date         : Wed Apr 28 01:49:40 2021
| Host         : wind running 64-bit unknown
| Command      : upgrade_ip
| Device       : xcku060-ffva1156-2-e
------------------------------------------------------------------------------------

Upgrade Log for IP 'user_block2_axis_data_fifo_0_0'

1. Summary
----------

CAUTION (success, with warnings) in the upgrade of user_block2_axis_data_fifo_0_0 from xilinx.com:ip:axis_data_fifo:1.1 (Rev. 14) to xilinx.com:ip:axis_data_fifo:2.0 (Rev. 2)

After upgrade, an IP may have parameter and port differences compared to the original customization. Please review the parameters within the IP customization GUI to ensure proper functionality. Also, please review the updated IP instantiation template to ensure proper connectivity, and update your design if required.

2. Connection Warnings
----------------------

Detected external port differences while upgrading 'user_block2_axis_data_fifo_0_0'. These changes may impact your design.


-Upgrade has removed port 'axis_data_count'


3. Upgrade messages
-------------------

Added parameter HAS_WR_DATA_COUNT with value 1 (source 'default')
Added parameter HAS_RD_DATA_COUNT with value 1 (source 'default')

4. Customization warnings
-------------------------

An attempt to modify the value of disabled parameter 'SYNCHRONIZATION_STAGES' from '3' to '2' has been ignored for IP 'user_block2_axis_data_fifo_0_0'


5. Debug Commands
-----------------

  The following debug information can be passed to Vivado as Tcl commands,
in order to validate or debug the output of the upgrade flow.
  You may consult any warnings from within this upgrade, and alter or remove
the configuration parameter(s) which caused the warning; then execute the Tcl
commands, and use the IP Customization GUI to verify the IP configuration.

create_ip -vlnv xilinx.com:ip:axis_data_fifo:2.0 -user_name user_block2_axis_data_fifo_0_0
set_property -dict "\
  CONFIG.ACLKEN_CONV_MODE {0} \
  CONFIG.Component_Name {user_block2_axis_data_fifo_0_0} \
  CONFIG.FIFO_DEPTH {16} \
  CONFIG.FIFO_MODE {1} \
  CONFIG.HAS_RD_DATA_COUNT {1} \
  CONFIG.HAS_TKEEP {0} \
  CONFIG.HAS_TLAST {0} \
  CONFIG.HAS_TREADY {1} \
  CONFIG.HAS_TSTRB {0} \
  CONFIG.HAS_WR_DATA_COUNT {1} \
  CONFIG.IS_ACLK_ASYNC {0} \
  CONFIG.M_AXIS.CLK_DOMAIN {user_block2_s_axis_adc_pdti_aclk} \
  CONFIG.M_AXIS.FREQ_HZ {200000000} \
  CONFIG.M_AXIS.HAS_TKEEP {0} \
  CONFIG.M_AXIS.HAS_TLAST {0} \
  CONFIG.M_AXIS.HAS_TREADY {1} \
  CONFIG.M_AXIS.HAS_TSTRB {0} \
  CONFIG.M_AXIS.LAYERED_METADATA {undef} \
  CONFIG.M_AXIS.PHASE {0.000} \
  CONFIG.M_AXIS.TDATA_NUM_BYTES {4} \
  CONFIG.M_AXIS.TDEST_WIDTH {0} \
  CONFIG.M_AXIS.TID_WIDTH {0} \
  CONFIG.M_AXIS.TUSER_WIDTH {128} \
  CONFIG.SYNCHRONIZATION_STAGES {2} \
  CONFIG.S_AXIS.CLK_DOMAIN {user_block2_s_axis_adc_pdti_aclk} \
  CONFIG.S_AXIS.FREQ_HZ {200000000} \
  CONFIG.S_AXIS.HAS_TKEEP {0} \
  CONFIG.S_AXIS.HAS_TLAST {0} \
  CONFIG.S_AXIS.HAS_TREADY {1} \
  CONFIG.S_AXIS.HAS_TSTRB {0} \
  CONFIG.S_AXIS.LAYERED_METADATA {undef} \
  CONFIG.S_AXIS.PHASE {0.000} \
  CONFIG.S_AXIS.TDATA_NUM_BYTES {4} \
  CONFIG.S_AXIS.TDEST_WIDTH {0} \
  CONFIG.S_AXIS.TID_WIDTH {0} \
  CONFIG.S_AXIS.TUSER_WIDTH {128} \
  CONFIG.S_CLKIF.ASSOCIATED_BUSIF {S_AXIS:M_AXIS} \
  CONFIG.S_CLKIF.ASSOCIATED_RESET {s_axis_aresetn} \
  CONFIG.S_CLKIF.CLK_DOMAIN {user_block2_s_axis_adc_pdti_aclk} \
  CONFIG.S_CLKIF.FREQ_HZ {200000000} \
  CONFIG.S_CLKIF.PHASE {0.000} \
  CONFIG.S_RSTIF.POLARITY {ACTIVE_LOW} \
  CONFIG.TDATA_NUM_BYTES {4} \
  CONFIG.TDEST_WIDTH {0} \
  CONFIG.TID_WIDTH {0} \
  CONFIG.TUSER_WIDTH {128} " [get_ips user_block2_axis_data_fifo_0_0]







Copyright 1986-2019 Xilinx, Inc. All Rights Reserved.
------------------------------------------------------------------------------------
| Tool Version : Vivado v.2019.2 (lin64) Build 2708876 Wed Nov  6 21:39:14 MST 2019
| Date         : Wed Apr 28 01:49:40 2021
| Host         : wind running 64-bit unknown
| Command      : upgrade_ip
| Device       : xcku060-ffva1156-2-e
------------------------------------------------------------------------------------

Upgrade Log for IP 'user_block2_axis_broadcaster_0_0'

1. Summary
----------

SUCCESS in the upgrade of user_block2_axis_broadcaster_0_0 (xilinx.com:ip:axis_broadcaster:1.1) from (Rev. 13) to (Rev. 19)






Copyright 1986-2019 Xilinx, Inc. All Rights Reserved.
------------------------------------------------------------------------------------
| Tool Version : Vivado v.2019.2 (lin64) Build 2708876 Wed Nov  6 21:39:14 MST 2019
| Date         : Wed Apr 28 01:49:40 2021
| Host         : wind running 64-bit unknown
| Command      : upgrade_ip
| Device       : xcku060-ffva1156-2-e
------------------------------------------------------------------------------------

Upgrade Log for IP 'user_block2_axi_interc_0'

1. Summary
----------

SUCCESS in the upgrade of user_block2_axi_interc_0 (xilinx.com:ip:axi_interconnect:2.1) from (Rev. 14) to (Rev. 21)






Copyright 1986-2019 Xilinx, Inc. All Rights Reserved.
------------------------------------------------------------------------------------
| Tool Version : Vivado v.2019.2 (lin64) Build 2708876 Wed Nov  6 21:39:14 MST 2019
| Date         : Wed Apr 28 01:49:20 2021
| Host         : wind running 64-bit unknown
| Command      : upgrade_ip
| Device       : xcku060-ffva1156-2-e
------------------------------------------------------------------------------------

Upgrade Log for IP 'user_block1_xlslice_0_0'

1. Summary
----------

SUCCESS in the upgrade of user_block1_xlslice_0_0 (xilinx.com:ip:xlslice:1.0) from (Rev. 1) to (Rev. 2)






Copyright 1986-2019 Xilinx, Inc. All Rights Reserved.
------------------------------------------------------------------------------------
| Tool Version : Vivado v.2019.2 (lin64) Build 2708876 Wed Nov  6 21:39:14 MST 2019
| Date         : Wed Apr 28 01:49:20 2021
| Host         : wind running 64-bit unknown
| Command      : upgrade_ip
| Device       : xcku060-ffva1156-2-e
------------------------------------------------------------------------------------

Upgrade Log for IP 'user_block1_xlconstant_0_0'

1. Summary
----------

SUCCESS in the upgrade of user_block1_xlconstant_0_0 (xilinx.com:ip:xlconstant:1.1) from (Rev. 3) to (Rev. 6)






Copyright 1986-2019 Xilinx, Inc. All Rights Reserved.
------------------------------------------------------------------------------------
| Tool Version : Vivado v.2019.2 (lin64) Build 2708876 Wed Nov  6 21:39:14 MST 2019
| Date         : Wed Apr 28 01:49:20 2021
| Host         : wind running 64-bit unknown
| Command      : upgrade_ip
| Device       : xcku060-ffva1156-2-e
------------------------------------------------------------------------------------

Upgrade Log for IP 'user_block1_vio_0_1'

1. Summary
----------

SUCCESS in the upgrade of user_block1_vio_0_1 (xilinx.com:ip:vio:3.0) from (Rev. 16) to (Rev. 19)






Copyright 1986-2019 Xilinx, Inc. All Rights Reserved.
------------------------------------------------------------------------------------
| Tool Version : Vivado v.2019.2 (lin64) Build 2708876 Wed Nov  6 21:39:14 MST 2019
| Date         : Wed Apr 28 01:49:20 2021
| Host         : wind running 64-bit unknown
| Command      : upgrade_ip
| Device       : xcku060-ffva1156-2-e
------------------------------------------------------------------------------------

Upgrade Log for IP 'user_block1_px_s_axil_plc_hldr_0_0'

1. Summary
----------

SUCCESS in the upgrade of user_block1_px_s_axil_plc_hldr_0_0 (pentek.com:px_ip:px_s_axil_plc_hldr:1.0) from (Rev. 15) to (Rev. 20)






Copyright 1986-2019 Xilinx, Inc. All Rights Reserved.
------------------------------------------------------------------------------------
| Tool Version : Vivado v.2019.2 (lin64) Build 2708876 Wed Nov  6 21:39:14 MST 2019
| Date         : Wed Apr 28 01:49:20 2021
| Host         : wind running 64-bit unknown
| Command      : upgrade_ip
| Device       : xcku060-ffva1156-2-e
------------------------------------------------------------------------------------

Upgrade Log for IP 'user_block1_px_lvl_trans_xclk_0_0'

1. Summary
----------

SUCCESS in the upgrade of user_block1_px_lvl_trans_xclk_0_0 (pentek.com:user:px_lvl_trans_xclk:1.0) from (Rev. 12) to (Rev. 18)






Copyright 1986-2017 Xilinx, Inc. All Rights Reserved.
------------------------------------------------------------------------------------
| Tool Version : Vivado v.2017.2 (lin64) Build 1909853 Thu Jun 15 18:39:10 MDT 2017
| Date         : Tue Apr 27 22:11:23 2021
| Host         : wind running 64-bit unknown
| Command      : upgrade_ip
| Device       : xcku060-ffva1156-2-e
------------------------------------------------------------------------------------

Upgrade Log for IP 'user_block2_hcr_metadata_injector_0_2'

1. Summary
----------

SUCCESS in the upgrade of user_block2_hcr_metadata_injector_0_2 (NCAR:EOL:hcr_metadata_injector:1.0) from (Rev. 2104232016) to (Rev. 2104272203)






Copyright 1986-2017 Xilinx, Inc. All Rights Reserved.
------------------------------------------------------------------------------------
| Tool Version : Vivado v.2017.2 (lin64) Build 1909853 Thu Jun 15 18:39:10 MDT 2017
| Date         : Tue Apr 27 22:11:23 2021
| Host         : wind running 64-bit unknown
| Command      : upgrade_ip
| Device       : xcku060-ffva1156-2-e
------------------------------------------------------------------------------------

Upgrade Log for IP 'user_block2_hcr_metadata_injector_0_1'

1. Summary
----------

SUCCESS in the upgrade of user_block2_hcr_metadata_injector_0_1 (NCAR:EOL:hcr_metadata_injector:1.0) from (Rev. 2104232016) to (Rev. 2104272203)






Copyright 1986-2017 Xilinx, Inc. All Rights Reserved.
------------------------------------------------------------------------------------
| Tool Version : Vivado v.2017.2 (lin64) Build 1909853 Thu Jun 15 18:39:10 MDT 2017
| Date         : Tue Apr 27 22:11:23 2021
| Host         : wind running 64-bit unknown
| Command      : upgrade_ip
| Device       : xcku060-ffva1156-2-e
------------------------------------------------------------------------------------

Upgrade Log for IP 'user_block2_hcr_metadata_injector_0_0'

1. Summary
----------

SUCCESS in the upgrade of user_block2_hcr_metadata_injector_0_0 (NCAR:EOL:hcr_metadata_injector:1.0) from (Rev. 2104232016) to (Rev. 2104272203)






Copyright 1986-2017 Xilinx, Inc. All Rights Reserved.
------------------------------------------------------------------------------------
| Tool Version : Vivado v.2017.2 (lin64) Build 1909853 Thu Jun 15 18:39:10 MDT 2017
| Date         : Tue Apr 27 22:11:23 2021
| Host         : wind running 64-bit unknown
| Command      : upgrade_ip
| Device       : xcku060-ffva1156-2-e
------------------------------------------------------------------------------------

Upgrade Log for IP 'user_block2_enable_mux_0_3'

1. Summary
----------

SUCCESS in the conversion of user_block2_enable_mux_0_3 (eol:module_ref:enable_mux:1.0 (Rev. 1)) to Vivado generation flows.






Copyright 1986-2017 Xilinx, Inc. All Rights Reserved.
------------------------------------------------------------------------------------
| Tool Version : Vivado v.2017.2 (lin64) Build 1909853 Thu Jun 15 18:39:10 MDT 2017
| Date         : Tue Apr 27 22:11:23 2021
| Host         : wind running 64-bit unknown
| Command      : upgrade_ip
| Device       : xcku060-ffva1156-2-e
------------------------------------------------------------------------------------

Upgrade Log for IP 'user_block2_enable_mux_0_2'

1. Summary
----------

SUCCESS in the conversion of user_block2_enable_mux_0_2 (eol:module_ref:enable_mux:1.0 (Rev. 1)) to Vivado generation flows.






Copyright 1986-2017 Xilinx, Inc. All Rights Reserved.
------------------------------------------------------------------------------------
| Tool Version : Vivado v.2017.2 (lin64) Build 1909853 Thu Jun 15 18:39:10 MDT 2017
| Date         : Tue Apr 27 22:09:55 2021
| Host         : wind running 64-bit unknown
| Command      : upgrade_ip
| Device       : xcku060-ffva1156-2-e
------------------------------------------------------------------------------------

Upgrade Log for IP 'user_block1_pdti_adc_tweak_0_2'

1. Summary
----------

SUCCESS in the conversion of user_block1_pdti_adc_tweak_0_2 (eol:module_ref:pdti_adc_tweak:1.0 (Rev. 1)) to Vivado generation flows.






Copyright 1986-2017 Xilinx, Inc. All Rights Reserved.
------------------------------------------------------------------------------------
| Tool Version : Vivado v.2017.2 (lin64) Build 1909853 Thu Jun 15 18:39:10 MDT 2017
| Date         : Tue Apr 27 22:09:55 2021
| Host         : wind running 64-bit unknown
| Command      : upgrade_ip
| Device       : xcku060-ffva1156-2-e
------------------------------------------------------------------------------------

Upgrade Log for IP 'user_block1_pdti_adc_tweak_0_1'

1. Summary
----------

SUCCESS in the conversion of user_block1_pdti_adc_tweak_0_1 (eol:module_ref:pdti_adc_tweak:1.0 (Rev. 1)) to Vivado generation flows.






Copyright 1986-2017 Xilinx, Inc. All Rights Reserved.
------------------------------------------------------------------------------------
| Tool Version : Vivado v.2017.2 (lin64) Build 1909853 Thu Jun 15 18:39:10 MDT 2017
| Date         : Tue Apr 27 22:09:55 2021
| Host         : wind running 64-bit unknown
| Command      : upgrade_ip
| Device       : xcku060-ffva1156-2-e
------------------------------------------------------------------------------------

Upgrade Log for IP 'user_block1_pdti_adc_tweak_0_0'

1. Summary
----------

SUCCESS in the conversion of user_block1_pdti_adc_tweak_0_0 (eol:module_ref:pdti_adc_tweak:1.0 (Rev. 1)) to Vivado generation flows.






Copyright 1986-2017 Xilinx, Inc. All Rights Reserved.
------------------------------------------------------------------------------------
| Tool Version : Vivado v.2017.2 (lin64) Build 1909853 Thu Jun 15 18:39:10 MDT 2017
| Date         : Fri Apr 23 20:27:38 2021
| Host         : wind running 64-bit unknown
| Command      : upgrade_ip
| Device       : xcku060-ffva1156-2-e
------------------------------------------------------------------------------------

Upgrade Log for IP 'user_block2_pdti_dac_pulse_0_0'

1. Summary
----------

SUCCESS in the conversion of user_block2_pdti_dac_pulse_0_0 (eol:module_ref:pdti_dac_pulse:1.0 (Rev. 1)) to Vivado generation flows.






Copyright 1986-2017 Xilinx, Inc. All Rights Reserved.
------------------------------------------------------------------------------------
| Tool Version : Vivado v.2017.2 (lin64) Build 1909853 Thu Jun 15 18:39:10 MDT 2017
| Date         : Fri Apr 23 20:27:38 2021
| Host         : wind running 64-bit unknown
| Command      : upgrade_ip
| Device       : xcku060-ffva1156-2-e
------------------------------------------------------------------------------------

Upgrade Log for IP 'user_block2_hcr_metadata_injector_0_2'

1. Summary
----------

CAUTION (success, with warnings) in the upgrade of user_block2_hcr_metadata_injector_0_2 (NCAR:EOL:hcr_metadata_injector:1.0) from (Rev. 2103091418) to (Rev. 2104232016)

After upgrade, an IP may have parameter and port differences compared to the original customization. Please review the parameters within the IP customization GUI to ensure proper functionality. Also, please review the updated IP instantiation template to ensure proper connectivity, and update your design if required.

2. Connection Warnings
----------------------

Detected external port differences while upgrading 'user_block2_hcr_metadata_injector_0_2'. These changes may impact your design.


-Upgraded port 'pulse_metadata_V_TDATA' width 824 differs from original width 816







Copyright 1986-2017 Xilinx, Inc. All Rights Reserved.
------------------------------------------------------------------------------------
| Tool Version : Vivado v.2017.2 (lin64) Build 1909853 Thu Jun 15 18:39:10 MDT 2017
| Date         : Fri Apr 23 20:27:38 2021
| Host         : wind running 64-bit unknown
| Command      : upgrade_ip
| Device       : xcku060-ffva1156-2-e
------------------------------------------------------------------------------------

Upgrade Log for IP 'user_block2_hcr_metadata_injector_0_1'

1. Summary
----------

CAUTION (success, with warnings) in the upgrade of user_block2_hcr_metadata_injector_0_1 (NCAR:EOL:hcr_metadata_injector:1.0) from (Rev. 2103091418) to (Rev. 2104232016)

After upgrade, an IP may have parameter and port differences compared to the original customization. Please review the parameters within the IP customization GUI to ensure proper functionality. Also, please review the updated IP instantiation template to ensure proper connectivity, and update your design if required.

2. Connection Warnings
----------------------

Detected external port differences while upgrading 'user_block2_hcr_metadata_injector_0_1'. These changes may impact your design.


-Upgraded port 'pulse_metadata_V_TDATA' width 824 differs from original width 816







Copyright 1986-2017 Xilinx, Inc. All Rights Reserved.
------------------------------------------------------------------------------------
| Tool Version : Vivado v.2017.2 (lin64) Build 1909853 Thu Jun 15 18:39:10 MDT 2017
| Date         : Fri Apr 23 20:27:38 2021
| Host         : wind running 64-bit unknown
| Command      : upgrade_ip
| Device       : xcku060-ffva1156-2-e
------------------------------------------------------------------------------------

Upgrade Log for IP 'user_block2_hcr_metadata_injector_0_0'

1. Summary
----------

CAUTION (success, with warnings) in the upgrade of user_block2_hcr_metadata_injector_0_0 (NCAR:EOL:hcr_metadata_injector:1.0) from (Rev. 2103091418) to (Rev. 2104232016)

After upgrade, an IP may have parameter and port differences compared to the original customization. Please review the parameters within the IP customization GUI to ensure proper functionality. Also, please review the updated IP instantiation template to ensure proper connectivity, and update your design if required.

2. Connection Warnings
----------------------

Detected external port differences while upgrading 'user_block2_hcr_metadata_injector_0_0'. These changes may impact your design.


-Upgraded port 'pulse_metadata_V_TDATA' width 824 differs from original width 816







Copyright 1986-2017 Xilinx, Inc. All Rights Reserved.
------------------------------------------------------------------------------------
| Tool Version : Vivado v.2017.2 (lin64) Build 1909853 Thu Jun 15 18:39:10 MDT 2017
| Date         : Fri Apr 23 20:27:38 2021
| Host         : wind running 64-bit unknown
| Command      : upgrade_ip
| Device       : xcku060-ffva1156-2-e
------------------------------------------------------------------------------------

Upgrade Log for IP 'user_block2_hcr_controller_0_0'

1. Summary
----------

CAUTION (success, with warnings) in the upgrade of user_block2_hcr_controller_0_0 (NCAR:EOL:hcr_controller:1.0) from (Rev. 2103191540) to (Rev. 2104232021)

After upgrade, an IP may have parameter and port differences compared to the original customization. Please review the parameters within the IP customization GUI to ensure proper functionality. Also, please review the updated IP instantiation template to ensure proper connectivity, and update your design if required.

2. Connection Warnings
----------------------

Detected external port differences while upgrading 'user_block2_hcr_controller_0_0'. These changes may impact your design.


-Upgraded port 'pulse_metadata_ch0_V_TDATA' width 824 differs from original width 816

-Upgraded port 'pulse_metadata_ch1_V_TDATA' width 824 differs from original width 816

-Upgraded port 'pulse_metadata_ch2_V_TDATA' width 824 differs from original width 816







Copyright 1986-2017 Xilinx, Inc. All Rights Reserved.
------------------------------------------------------------------------------------
| Tool Version : Vivado v.2017.2 (lin64) Build 1909853 Thu Jun 15 18:39:10 MDT 2017
| Date         : Fri Apr 23 20:27:38 2021
| Host         : wind running 64-bit unknown
| Command      : upgrade_ip
| Device       : xcku060-ffva1156-2-e
------------------------------------------------------------------------------------

Upgrade Log for IP 'user_block2_enable_mux_0_3'

1. Summary
----------

SUCCESS in the conversion of user_block2_enable_mux_0_3 (eol:module_ref:enable_mux:1.0 (Rev. 1)) to Vivado generation flows.






Copyright 1986-2017 Xilinx, Inc. All Rights Reserved.
------------------------------------------------------------------------------------
| Tool Version : Vivado v.2017.2 (lin64) Build 1909853 Thu Jun 15 18:39:10 MDT 2017
| Date         : Fri Apr 23 20:27:38 2021
| Host         : wind running 64-bit unknown
| Command      : upgrade_ip
| Device       : xcku060-ffva1156-2-e
------------------------------------------------------------------------------------

Upgrade Log for IP 'user_block2_enable_mux_0_2'

1. Summary
----------

SUCCESS in the conversion of user_block2_enable_mux_0_2 (eol:module_ref:enable_mux:1.0 (Rev. 1)) to Vivado generation flows.






Copyright 1986-2017 Xilinx, Inc. All Rights Reserved.
------------------------------------------------------------------------------------
| Tool Version : Vivado v.2017.2 (lin64) Build 1909853 Thu Jun 15 18:39:10 MDT 2017
| Date         : Fri Apr 23 20:26:12 2021
| Host         : wind running 64-bit unknown
| Command      : upgrade_ip
| Device       : xcku060-ffva1156-2-e
------------------------------------------------------------------------------------

Upgrade Log for IP 'user_block1_pdti_dac_tweak_0_0'

1. Summary
----------

SUCCESS in the conversion of user_block1_pdti_dac_tweak_0_0 (eol:module_ref:pdti_dac_tweak:1.0 (Rev. 1)) to Vivado generation flows.






Copyright 1986-2017 Xilinx, Inc. All Rights Reserved.
------------------------------------------------------------------------------------
| Tool Version : Vivado v.2017.2 (lin64) Build 1909853 Thu Jun 15 18:39:10 MDT 2017
| Date         : Fri Apr 23 20:26:12 2021
| Host         : wind running 64-bit unknown
| Command      : upgrade_ip
| Device       : xcku060-ffva1156-2-e
------------------------------------------------------------------------------------

Upgrade Log for IP 'user_block1_pdti_adc_tweak_0_2'

1. Summary
----------

SUCCESS in the conversion of user_block1_pdti_adc_tweak_0_2 (eol:module_ref:pdti_adc_tweak:1.0 (Rev. 1)) to Vivado generation flows.






Copyright 1986-2017 Xilinx, Inc. All Rights Reserved.
------------------------------------------------------------------------------------
| Tool Version : Vivado v.2017.2 (lin64) Build 1909853 Thu Jun 15 18:39:10 MDT 2017
| Date         : Fri Apr 23 20:26:12 2021
| Host         : wind running 64-bit unknown
| Command      : upgrade_ip
| Device       : xcku060-ffva1156-2-e
------------------------------------------------------------------------------------

Upgrade Log for IP 'user_block1_pdti_adc_tweak_0_1'

1. Summary
----------

SUCCESS in the conversion of user_block1_pdti_adc_tweak_0_1 (eol:module_ref:pdti_adc_tweak:1.0 (Rev. 1)) to Vivado generation flows.






Copyright 1986-2017 Xilinx, Inc. All Rights Reserved.
------------------------------------------------------------------------------------
| Tool Version : Vivado v.2017.2 (lin64) Build 1909853 Thu Jun 15 18:39:10 MDT 2017
| Date         : Fri Apr 23 20:26:12 2021
| Host         : wind running 64-bit unknown
| Command      : upgrade_ip
| Device       : xcku060-ffva1156-2-e
------------------------------------------------------------------------------------

Upgrade Log for IP 'user_block1_pdti_adc_tweak_0_0'

1. Summary
----------

SUCCESS in the conversion of user_block1_pdti_adc_tweak_0_0 (eol:module_ref:pdti_adc_tweak:1.0 (Rev. 1)) to Vivado generation flows.

