#-----------------------------------------------------------
# Vivado v2016.2 (64-bit)
# SW Build 1577090 on Thu Jun  2 16:32:40 MDT 2016
# IP Build 1577682 on Fri Jun  3 12:00:54 MDT 2016
# Start of session at: Mon Jul 11 14:44:35 2016
# Process ID: 10036
# Current directory: C:/Xilinx/Vivado/2016.2/data/ip/pentek/ip/px_axis_dacflowctl_1
# Command line: vivado.exe -gui_launcher_event rodinguilauncherevent9104 C:\Xilinx\Vivado\2016.2\data\ip\pentek\ip\px_axis_dacflowctl_1\px_axis_dacflowctl_1.xpr
# Log file: C:/Xilinx/Vivado/2016.2/data/ip/pentek/ip/px_axis_dacflowctl_1/vivado.log
# Journal file: C:/Xilinx/Vivado/2016.2/data/ip/pentek/ip/px_axis_dacflowctl_1\vivado.jou
#-----------------------------------------------------------
start_gui
open_project C:/Xilinx/Vivado/2016.2/data/ip/pentek/ip/px_axis_dacflowctl_1/px_axis_dacflowctl_1.xpr
CRITICAL WARNING: [Project 1-19] Could not find the file 'C:/Xilinx/Vivado/2016.2/data/ip/pentek/ip/px_axis_dacflowctl_1/px_axis_dacflowctl_1.srcs/sources_1/ip/px_axis_dacflowctl_1_xclkfifo/px_axis_dacflowctl_1_xclkfifo.xci'.
CRITICAL WARNING: [Project 1-19] Could not find the file 'C:/Xilinx/Vivado/2016.2/data/ip/pentek/ip/px_axis_dacflowctl_1/px_axis_dacflowctl_1.srcs/sources_1/ip/px_axis_dacflowctl_1_axiclkcnv/px_axis_dacflowctl_1_axiclkcnv.xci'.
CRITICAL WARNING: [Project 1-19] Could not find the file 'C:/Xilinx/Vivado/2016.2/data/ip/pentek/ip/px_axis_dacflowctl_1/px_axis_pdti2ppkt_1.srcs/sources_1/new/px_axis_dacflowctl_1_dwncntr.vhd'.
CRITICAL WARNING: [Project 1-19] Could not find the file 'C:/Xilinx/Vivado/2016.2/data/ip/pentek/ip/px_axis_dacflowctl_1/px_axis_pdti2ppkt_1.srcs/sources_1/new/px_axis_dacflowctl_1_csr.vhd'.
CRITICAL WARNING: [Project 1-19] Could not find the file 'C:/Xilinx/Vivado/2016.2/data/ip/pentek/ip/px_axis_dacflowctl_1/px_axis_pdti2ppkt_1.srcs/sources_1/new/px_axis_dacflowctl_1.vhd'.
CRITICAL WARNING: [Project 1-19] Could not find the file 'C:/Xilinx/Vivado/2016.2/data/ip/pentek/ip/px_axis_dacflowctl_1/px_axis_dacflowctl_1.srcs/component.xml'.
CRITICAL WARNING: [Project 1-19] Could not find the file 'C:/Xilinx/Vivado/2016.2/data/ip/pentek/ip/px_axis_dacflowctl_1/px_axis_dacflowctl_1.srcs/sources_1/ip/px_axis_dacflowctl_1_axiclkcnv/px_axis_dacflowctl_1_axiclkcnv.upgrade_log'.
CRITICAL WARNING: [Project 1-19] Could not find the file 'C:/Xilinx/Vivado/2016.2/data/ip/pentek/ip/px_axis_dacflowctl_1/px_axis_dacflowctl_1.srcs/sources_1/ip/px_axis_dacflowctl_1_sub32/px_axis_dacflowctl_1_sub32.upgrade_log'.
CRITICAL WARNING: [Project 1-19] Could not find the file 'C:/Xilinx/Vivado/2016.2/data/ip/pentek/ip/px_axis_dacflowctl_1/px_axis_dacflowctl_1.srcs/sources_1/ip/px_axis_dacflowctl_1_xclkfifo/px_axis_dacflowctl_1_xclkfifo.upgrade_log'.
CRITICAL WARNING: [Project 1-19] Could not find the file 'C:/Xilinx/Vivado/2016.2/data/ip/pentek/ip/px_axis_dacflowctl_1/px_axis_dacflowctl_1.srcs/sources_1/ip/px_axis_dacflowctl_1_sub32/px_axis_dacflowctl_1_sub32.xci'.
Scanning sources...
Finished scanning sources
INFO: [IP_Flow 19-234] Refreshing IP repositories
INFO: [IP_Flow 19-1700] Loaded user IP repository 'c:/Xilinx/Vivado/2016.2/data/ip/pentek/ip'.
WARNING: [IP_Flow 19-3656] If you move the project, the path for repository 'c:/Xilinx/Vivado/2016.2/data/ip/pentek/ip' may become invalid. A better location for the repostory would be in a path adjacent to the project. (Current project location is 'c:/Xilinx/Vivado/2016.2/data/ip/pentek/ip/px_axis_dacflowctl_1'.)
INFO: [IP_Flow 19-1700] Loaded user IP repository 'c:/Xilinx/Vivado/2016.2/data/ip/pentek/interface'.
INFO: [IP_Flow 19-2313] Loaded Vivado IP repository 'C:/Xilinx/Vivado/2016.2/data/ip'.
open_project: Time (s): cpu = 00:00:19 ; elapsed = 00:00:17 . Memory (MB): peak = 970.477 ; gain = 267.094
update_compile_order -fileset sources_1
update_compile_order -fileset sim_1
update_compile_order -fileset sim_1
add_files -norecurse {C:/Xilinx/Vivado/2016.2/data/ip/pentek/ip/px_axis_dacflowctl_1/px_axis_dacflowctl_1.srcs/sources_1/ip/px_axis_pdti2ppkt_1_xclkfifo/px_axis_pdti2ppkt_1_xclkfifo.xci C:/Xilinx/Vivado/2016.2/data/ip/pentek/ip/px_axis_dacflowctl_1/px_axis_dacflowctl_1.srcs/sources_1/ip/px_axis_pdti2ppkt_1_axiclkcnv/px_axis_pdti2ppkt_1_axiclkcnv.xci C:/Xilinx/Vivado/2016.2/data/ip/pentek/ip/px_axis_dacflowctl_1/px_axis_dacflowctl_1.srcs/sources_1/ip/px_axis_pdti2ppkt_1_sub32/px_axis_pdti2ppkt_1_sub32.xci}
export_ip_user_files -of_objects  [get_files  {C:/Xilinx/Vivado/2016.2/data/ip/pentek/ip/px_axis_dacflowctl_1/px_axis_dacflowctl_1.srcs/sources_1/ip/px_axis_pdti2ppkt_1_xclkfifo/px_axis_pdti2ppkt_1_xclkfifo.xci C:/Xilinx/Vivado/2016.2/data/ip/pentek/ip/px_axis_dacflowctl_1/px_axis_dacflowctl_1.srcs/sources_1/ip/px_axis_pdti2ppkt_1_axiclkcnv/px_axis_pdti2ppkt_1_axiclkcnv.xci C:/Xilinx/Vivado/2016.2/data/ip/pentek/ip/px_axis_dacflowctl_1/px_axis_dacflowctl_1.srcs/sources_1/ip/px_axis_pdti2ppkt_1_sub32/px_axis_pdti2ppkt_1_sub32.xci}] -force -quiet
update_compile_order -fileset sources_1
update_files -from_files C:/Xilinx/Vivado/2016.2/data/ip/pentek/ip/px_axis_dacflowctl_1/px_axis_dacflowctl_1.srcs/sources_1/new/px_axis_dacflowctl_1.vhd -to_files C:/Xilinx/Vivado/2016.2/data/ip/pentek/ip/px_axis_dacflowctl_1/px_axis_pdti2ppkt_1.srcs/sources_1/new/px_axis_dacflowctl_1.vhd -filesets [get_filesets *]
INFO: [filemgmt 20-762] Replacing file 'C:/Xilinx/Vivado/2016.2/data/ip/pentek/ip/px_axis_dacflowctl_1/px_axis_pdti2ppkt_1.srcs/sources_1/new/px_axis_dacflowctl_1.vhd' with file 'C:/Xilinx/Vivado/2016.2/data/ip/pentek/ip/px_axis_dacflowctl_1/px_axis_dacflowctl_1.srcs/sources_1/new/px_axis_dacflowctl_1.vhd'.
update_compile_order -fileset sources_1
update_compile_order -fileset sources_1
update_files -from_files C:/Xilinx/Vivado/2016.2/data/ip/pentek/ip/px_axis_dacflowctl_1/px_axis_dacflowctl_1.srcs/sources_1/new/px_axis_dacflowctl_1_csr.vhd -to_files C:/Xilinx/Vivado/2016.2/data/ip/pentek/ip/px_axis_dacflowctl_1/px_axis_pdti2ppkt_1.srcs/sources_1/new/px_axis_dacflowctl_1_csr.vhd -filesets [get_filesets *]
INFO: [filemgmt 20-762] Replacing file 'C:/Xilinx/Vivado/2016.2/data/ip/pentek/ip/px_axis_dacflowctl_1/px_axis_pdti2ppkt_1.srcs/sources_1/new/px_axis_dacflowctl_1_csr.vhd' with file 'C:/Xilinx/Vivado/2016.2/data/ip/pentek/ip/px_axis_dacflowctl_1/px_axis_dacflowctl_1.srcs/sources_1/new/px_axis_dacflowctl_1_csr.vhd'.
update_compile_order -fileset sources_1
update_files -from_files C:/Xilinx/Vivado/2016.2/data/ip/pentek/ip/px_axis_dacflowctl_1/px_axis_dacflowctl_1.srcs/sources_1/new/px_axis_dacflowctl_1_dwncntr.vhd -to_files C:/Xilinx/Vivado/2016.2/data/ip/pentek/ip/px_axis_dacflowctl_1/px_axis_pdti2ppkt_1.srcs/sources_1/new/px_axis_dacflowctl_1_dwncntr.vhd -filesets [get_filesets *]
INFO: [filemgmt 20-762] Replacing file 'C:/Xilinx/Vivado/2016.2/data/ip/pentek/ip/px_axis_dacflowctl_1/px_axis_pdti2ppkt_1.srcs/sources_1/new/px_axis_dacflowctl_1_dwncntr.vhd' with file 'C:/Xilinx/Vivado/2016.2/data/ip/pentek/ip/px_axis_dacflowctl_1/px_axis_dacflowctl_1.srcs/sources_1/new/px_axis_dacflowctl_1_dwncntr.vhd'.
update_compile_order -fileset sources_1
copy_ip -name px_axis_dacflowctl_1_axiclkcnv -dir C:/Xilinx/Vivado/2016.2/data/ip/pentek/ip/px_axis_dacflowctl_1/px_axis_dacflowctl_1.srcs/sources_1/ip [get_ips  px_axis_pdti2ppkt_1_axiclkcnv]
WARNING: [filemgmt 56-12] File 'c:/Xilinx/Vivado/2016.2/data/ip/pentek/ip/px_axis_dacflowctl_1/px_axis_dacflowctl_1.srcs/sources_1/ip/px_axis_dacflowctl_1_axiclkcnv/px_axis_dacflowctl_1_axiclkcnv.xci' cannot be added to the project because it already exists in the project, skipping this file
