#-----------------------------------------------------------
# Vivado v2018.3 (64-bit)
# SW Build 2405991 on Thu Dec  6 23:38:27 MST 2018
# IP Build 2404404 on Fri Dec  7 01:43:56 MST 2018
# Start of session at: Mon Dec 17 09:26:49 2018
# Process ID: 13788
# Current directory: C:/Pentek/IP/2018.3/pentek/ip/px_axis_bram_delay
# Command line: vivado.exe -gui_launcher_event rodinguilauncherevent14268 C:\Pentek\IP\2018.3\pentek\ip\px_axis_bram_delay\px_axis_bram_delay.xpr
# Log file: C:/Pentek/IP/2018.3/pentek/ip/px_axis_bram_delay/vivado.log
# Journal file: C:/Pentek/IP/2018.3/pentek/ip/px_axis_bram_delay\vivado.jou
#-----------------------------------------------------------
Sourcing tcl script 'C:/Users/Rich/AppData/Roaming/Xilinx/Vivado/Vivado_init.tcl'
80 Beta devices matching pattern found, 0 enabled.
start_gui
open_project C:/Pentek/IP/2018.3/pentek/ip/px_axis_bram_delay/px_axis_bram_delay.xpr
Scanning sources...
Finished scanning sources
WARNING: [filemgmt 56-3] IPUserFilesDir: Could not find the directory 'C:/Pentek/IP/2018.3/pentek/ip/px_axis_bram_delay/px_axis_bram_delay.ip_user_files'.
INFO: [IP_Flow 19-234] Refreshing IP repositories
INFO: [IP_Flow 19-1700] Loaded user IP repository 'c:/Pentek/IP/2018.3/pentek'.
WARNING: [IP_Flow 19-3656] If you move the project, the path for repository 'c:/Pentek/IP/2018.3/pentek' may become invalid. A better location for the repository would be in a path adjacent to the project. (Current project location is 'c:/Pentek/IP/2018.3/pentek/ip/px_axis_bram_delay'.)
INFO: [IP_Flow 19-2313] Loaded Vivado IP repository 'C:/Xilinx/Vivado/2018.3/data/ip'.
open_project: Time (s): cpu = 00:00:17 ; elapsed = 00:00:13 . Memory (MB): peak = 792.563 ; gain = 66.012
update_compile_order -fileset sources_1
ipx::open_ipxact_file {C:\Pentek\IP\2018.3\pentek\ip\px_axis_bram_delay\component.xml}
WARNING: [IP_Flow 19-3833] Unreferenced file from the top module is not packaged: 'C:/Pentek/IP/2018.3/pentek/ip/px_axis_bram_delay/px_axis_bram_delay.srcs/sources_1/ip/tb_blk_ram/tb_blk_ram.xci'.
WARNING: [IP_Flow 19-5226] Project source file 'c:/Pentek/IP/2018.3/pentek/ip/px_axis_bram_delay/component.xml' ignored by IP packager.
WARNING: [IP_Flow 19-5226] Project source file 'c:/Pentek/IP/2018.3/pentek/ip/px_axis_bram_delay/px_axis_bram_delay.srcs/sources_1/ip/tb_blk_ram/tb_blk_ram.upgrade_log' ignored by IP packager.
WARNING: [IP_Flow 19-3898] File Group 'xilinx_anylanguagesynthesis (Synthesis)': File 'c:/Pentek/IP/2018.3/pentek/ip/px_axis_bram_delay/px_axis_bram_delay.srcs/sources_1/ip/px_axis_bram_dly_cdc/px_axis_bram_dly_cdc.xci' is not found in the project sources. It will be removed from the packaged IP when the sources are merged. If still required, please add this file to the project and re-package.
WARNING: [IP_Flow 19-3898] File Group 'xilinx_anylanguagesynthesis (Synthesis)': File 'c:/Pentek/IP/2018.3/pentek/ip/px_axis_bram_delay/px_axis_bram_delay.srcs/sources_1/new/px_axis_bram_delay.vhd' is not found in the project sources. It will be removed from the packaged IP when the sources are merged. If still required, please add this file to the project and re-package.
WARNING: [IP_Flow 19-3898] File Group 'xilinx_anylanguagebehavioralsimulation (Simulation)': File 'c:/Pentek/IP/2018.3/pentek/ip/px_axis_bram_delay/px_axis_bram_delay.srcs/sources_1/ip/tb_blk_ram/tb_blk_ram.xci' is not found in the project sources. It will be removed from the packaged IP when the sources are merged. If still required, please add this file to the project and re-package.
WARNING: [IP_Flow 19-3898] File Group 'xilinx_anylanguagebehavioralsimulation (Simulation)': File 'c:/Pentek/IP/2018.3/pentek/ip/px_axis_bram_delay/px_axis_bram_delay.srcs/sources_1/ip/px_axis_bram_dly_cdc/px_axis_bram_dly_cdc.xci' is not found in the project sources. It will be removed from the packaged IP when the sources are merged. If still required, please add this file to the project and re-package.
WARNING: [IP_Flow 19-3898] File Group 'xilinx_anylanguagebehavioralsimulation (Simulation)': File 'c:/Pentek/IP/2018.3/pentek/ip/px_axis_bram_delay/px_axis_bram_delay.srcs/sources_1/new/px_axis_bram_delay.vhd' is not found in the project sources. It will be removed from the packaged IP when the sources are merged. If still required, please add this file to the project and re-package.
WARNING: [IP_Flow 19-3898] File Group 'xilinx_testbench (Test Bench)': File 'c:/Pentek/IP/2018.3/pentek/ip/px_axis_bram_delay/px_axis_bram_delay.srcs/sim_1/new/tb_px_axis_bram_delay.vhd' is not found in the project sources. It will be removed from the packaged IP when the sources are merged. If still required, please add this file to the project and re-package.
set_property core_revision 26 [ipx::current_core]
ipx::create_xgui_files [ipx::current_core]
ipx::update_checksums [ipx::current_core]
ipx::save_core [ipx::current_core]
exit
INFO: [Common 17-206] Exiting Vivado at Mon Dec 17 09:29:01 2018...
