Copyright 1986-2019 Xilinx, Inc. All Rights Reserved.
------------------------------------------------------------------------------------
| Tool Version : Vivado v.2019.2 (win64) Build 2700185 Thu Oct 24 18:46:05 MDT 2019
| Date         : Tue Nov 12 10:58:44 2019
| Host         : Rich-PC running 64-bit major release  (build 9200)
| Command      : upgrade_ip
| Device       : xczu27dr-ffvg1517-2-i
------------------------------------------------------------------------------------

Upgrade Log for IP 'px_rf_adc_fmtr_w_conv'

1. Summary
----------

SUCCESS in the upgrade of px_rf_adc_fmtr_w_conv (xilinx.com:ip:axis_dwidth_converter:1.1) from (Rev. 18) to (Rev. 19)






Copyright 1986-2019 Xilinx, Inc. All Rights Reserved.
------------------------------------------------------------------------------------
| Tool Version : Vivado v.2019.2 (win64) Build 2700185 Thu Oct 24 18:46:05 MDT 2019
| Date         : Tue Nov 12 10:58:44 2019
| Host         : Rich-PC running 64-bit major release  (build 9200)
| Command      : upgrade_ip
| Device       : xczu27dr-ffvg1517-2-i
------------------------------------------------------------------------------------

Upgrade Log for IP 'px_rf_adc_fmtr_csr'

1. Summary
----------

SUCCESS in the upgrade of px_rf_adc_fmtr_csr (pentek.com:px_ip:px_axil_csr:1.0) from (Rev. 23) to (Rev. 24)






Copyright 1986-2019 Xilinx, Inc. All Rights Reserved.
------------------------------------------------------------------------------------
| Tool Version : Vivado v.2019.2 (win64) Build 2700185 Thu Oct 24 18:46:05 MDT 2019
| Date         : Tue Nov 12 10:58:44 2019
| Host         : Rich-PC running 64-bit major release  (build 9200)
| Command      : upgrade_ip
| Device       : xczu27dr-ffvg1517-2-i
------------------------------------------------------------------------------------

Upgrade Log for IP 'px_rf_adc_fmtr_clk_conv'

1. Summary
----------

SUCCESS in the upgrade of px_rf_adc_fmtr_clk_conv (xilinx.com:ip:axis_clock_converter:1.1) from (Rev. 20) to (Rev. 21)






Copyright 1986-2019 Xilinx, Inc. All Rights Reserved.
------------------------------------------------------------------------------------
| Tool Version : Vivado v.2019.1 (win64) Build 2552052 Fri May 24 14:49:42 MDT 2019
| Date         : Sun Jun  9 08:32:57 2019
| Host         : Igor2 running 64-bit major release  (build 9200)
| Command      : upgrade_ip
| Device       : xczu27dr-ffvg1517-2-i
------------------------------------------------------------------------------------

Upgrade Log for IP 'px_rf_adc_fmtr_w_conv'

1. Summary
----------

SUCCESS in the upgrade of px_rf_adc_fmtr_w_conv (xilinx.com:ip:axis_dwidth_converter:1.1) from (Rev. 17) to (Rev. 18)






Copyright 1986-2019 Xilinx, Inc. All Rights Reserved.
------------------------------------------------------------------------------------
| Tool Version : Vivado v.2019.1 (win64) Build 2552052 Fri May 24 14:49:42 MDT 2019
| Date         : Sun Jun  9 08:32:57 2019
| Host         : Igor2 running 64-bit major release  (build 9200)
| Command      : upgrade_ip
| Device       : xczu27dr-ffvg1517-2-i
------------------------------------------------------------------------------------

Upgrade Log for IP 'px_rf_adc_fmtr_csr'

1. Summary
----------

SUCCESS in the upgrade of px_rf_adc_fmtr_csr (pentek.com:px_ip:px_axil_csr:1.0) from (Rev. 22) to (Rev. 23)






Copyright 1986-2019 Xilinx, Inc. All Rights Reserved.
------------------------------------------------------------------------------------
| Tool Version : Vivado v.2019.1 (win64) Build 2552052 Fri May 24 14:49:42 MDT 2019
| Date         : Sun Jun  9 08:32:57 2019
| Host         : Igor2 running 64-bit major release  (build 9200)
| Command      : upgrade_ip
| Device       : xczu27dr-ffvg1517-2-i
------------------------------------------------------------------------------------

Upgrade Log for IP 'px_rf_adc_fmtr_clk_conv'

1. Summary
----------

SUCCESS in the upgrade of px_rf_adc_fmtr_clk_conv (xilinx.com:ip:axis_clock_converter:1.1) from (Rev. 19) to (Rev. 20)






Copyright 1986-2018 Xilinx, Inc. All Rights Reserved.
------------------------------------------------------------------------------------
| Tool Version : Vivado v.2018.3 (win64) Build 2405991 Thu Dec  6 23:38:27 MST 2018
| Date         : Fri Dec 14 13:21:11 2018
| Host         : Rich-PC running 64-bit major release  (build 9200)
| Command      : upgrade_ip
| Device       : xczu27dr-ffvg1517-2-i
------------------------------------------------------------------------------------

Upgrade Log for IP 'px_rf_adc_fmtr_w_conv'

1. Summary
----------

SUCCESS in the upgrade of px_rf_adc_fmtr_w_conv (xilinx.com:ip:axis_dwidth_converter:1.1) from (Rev. 16) to (Rev. 17)






Copyright 1986-2018 Xilinx, Inc. All Rights Reserved.
------------------------------------------------------------------------------------
| Tool Version : Vivado v.2018.3 (win64) Build 2405991 Thu Dec  6 23:38:27 MST 2018
| Date         : Fri Dec 14 13:21:10 2018
| Host         : Rich-PC running 64-bit major release  (build 9200)
| Command      : upgrade_ip
| Device       : xczu27dr-ffvg1517-2-i
------------------------------------------------------------------------------------

Upgrade Log for IP 'px_rf_adc_fmtr_csr'

1. Summary
----------

SUCCESS in the upgrade of px_rf_adc_fmtr_csr (pentek.com:px_ip:px_axil_csr:1.0) from (Rev. 21) to (Rev. 22)






Copyright 1986-2018 Xilinx, Inc. All Rights Reserved.
------------------------------------------------------------------------------------
| Tool Version : Vivado v.2018.3 (win64) Build 2405991 Thu Dec  6 23:38:27 MST 2018
| Date         : Fri Dec 14 13:21:08 2018
| Host         : Rich-PC running 64-bit major release  (build 9200)
| Command      : upgrade_ip
| Device       : xczu27dr-ffvg1517-2-i
------------------------------------------------------------------------------------

Upgrade Log for IP 'px_rf_adc_fmtr_clk_conv'

1. Summary
----------

SUCCESS in the upgrade of px_rf_adc_fmtr_clk_conv (xilinx.com:ip:axis_clock_converter:1.1) from (Rev. 18) to (Rev. 19)






Copyright 1986-2018 Xilinx, Inc. All Rights Reserved.
------------------------------------------------------------------------------------
| Tool Version : Vivado v.2018.2 (win64) Build 2258646 Thu Jun 14 20:03:12 MDT 2018
| Date         : Wed Aug 29 12:53:56 2018
| Host         : Rich-PC running 64-bit major release  (build 9200)
| Command      : upgrade_ip
| Device       : xczu27dr-ffvg1517-2-i-es1
------------------------------------------------------------------------------------

Upgrade Log for IP 'px_rf_adc_fmtr_w_conv'

1. Summary
----------

SUCCESS in the upgrade of px_rf_adc_fmtr_w_conv (xilinx.com:ip:axis_dwidth_converter:1.1) from (Rev. 15) to (Rev. 16)






Copyright 1986-2018 Xilinx, Inc. All Rights Reserved.
------------------------------------------------------------------------------------
| Tool Version : Vivado v.2018.2 (win64) Build 2258646 Thu Jun 14 20:03:12 MDT 2018
| Date         : Wed Aug 29 12:53:54 2018
| Host         : Rich-PC running 64-bit major release  (build 9200)
| Command      : upgrade_ip
| Device       : xczu27dr-ffvg1517-2-i-es1
------------------------------------------------------------------------------------

Upgrade Log for IP 'px_rf_adc_fmtr_clk_conv'

1. Summary
----------

SUCCESS in the upgrade of px_rf_adc_fmtr_clk_conv (xilinx.com:ip:axis_clock_converter:1.1) from (Rev. 17) to (Rev. 18)






Copyright 1986-2018 Xilinx, Inc. All Rights Reserved.
------------------------------------------------------------------------------------
| Tool Version : Vivado v.2018.1 (win64) Build 2188600 Wed Apr  4 18:40:38 MDT 2018
| Date         : Tue May  1 15:41:30 2018
| Host         : Rich-PC running 64-bit major release  (build 9200)
| Command      : upgrade_ip
| Device       : xczu27dr-ffvg1517-2-i-es1
------------------------------------------------------------------------------------

Upgrade Log for IP 'px_rf_adc_fmtr_w_conv'

1. Summary
----------

SUCCESS in the upgrade of px_rf_adc_fmtr_w_conv (xilinx.com:ip:axis_dwidth_converter:1.1) from (Rev. 13) to (Rev. 15)






Copyright 1986-2018 Xilinx, Inc. All Rights Reserved.
------------------------------------------------------------------------------------
| Tool Version : Vivado v.2018.1 (win64) Build 2188600 Wed Apr  4 18:40:38 MDT 2018
| Date         : Tue May  1 15:41:28 2018
| Host         : Rich-PC running 64-bit major release  (build 9200)
| Command      : upgrade_ip
| Device       : xczu27dr-ffvg1517-2-i-es1
------------------------------------------------------------------------------------

Upgrade Log for IP 'px_rf_adc_fmtr_csr'

1. Summary
----------

SUCCESS in the upgrade of px_rf_adc_fmtr_csr (pentek.com:px_ip:px_axil_csr:1.0) from (Rev. 19) to (Rev. 21)






Copyright 1986-2018 Xilinx, Inc. All Rights Reserved.
------------------------------------------------------------------------------------
| Tool Version : Vivado v.2018.1 (win64) Build 2188600 Wed Apr  4 18:40:38 MDT 2018
| Date         : Tue May  1 15:41:26 2018
| Host         : Rich-PC running 64-bit major release  (build 9200)
| Command      : upgrade_ip
| Device       : xczu27dr-ffvg1517-2-i-es1
------------------------------------------------------------------------------------

Upgrade Log for IP 'px_rf_adc_fmtr_clk_conv'

1. Summary
----------

SUCCESS in the upgrade of px_rf_adc_fmtr_clk_conv (xilinx.com:ip:axis_clock_converter:1.1) from (Rev. 15) to (Rev. 17)

