#-----------------------------------------------------------
# Vivado v2017.3_AR70218 (64-bit)
# SW Build 2018833 on Wed Oct  4 19:58:22 MDT 2017
# IP Build 2016188 on Wed Oct  4 21:52:56 MDT 2017
# Start of session at: Mon Mar  5 12:24:46 2018
# Process ID: 124
# Current directory: C:/Pentek/IP/2017.3/wip/px_rf_adc_pdti_fmtr
# Command line: vivado.exe -gui_launcher_event rodinguilauncherevent12616 C:\Pentek\IP\2017.3\wip\px_rf_adc_pdti_fmtr\px_rf_adc_pdti_fmtr.xpr
# Log file: C:/Pentek/IP/2017.3/wip/px_rf_adc_pdti_fmtr/vivado.log
# Journal file: C:/Pentek/IP/2017.3/wip/px_rf_adc_pdti_fmtr\vivado.jou
#-----------------------------------------------------------
Sourcing tcl script 'C:/Users/Rich/AppData/Roaming/Xilinx/Vivado/Vivado_init.tcl'
101 Beta devices matching pattern found, 54 enabled.
start_gui
open_project C:/Pentek/IP/2017.3/wip/px_rf_adc_pdti_fmtr/px_rf_adc_pdti_fmtr.xpr
Scanning sources...
Finished scanning sources
INFO: [IP_Flow 19-234] Refreshing IP repositories
INFO: [IP_Flow 19-1700] Loaded user IP repository 'c:/pentek/ip/2017.3/wip/px_rf_adc_pdti_fmtr'.
INFO: [IP_Flow 19-1700] Loaded user IP repository 'c:/Pentek/IP/2017.3/pentek'.
INFO: [IP_Flow 19-2313] Loaded Vivado IP repository 'C:/Xilinx/Vivado/2017.3/patches/AR70218/vivado/data/ip'.
INFO: [IP_Flow 19-2313] Loaded Vivado IP repository 'C:/Xilinx/Vivado/2017.3/data/ip'.
open_project: Time (s): cpu = 00:00:22 ; elapsed = 00:00:17 . Memory (MB): peak = 985.246 ; gain = 218.027
update_compile_order -fileset sources_1
create_ip -name px_axis_pdti_upsizer -vendor pentek.com -library px_ip -version 1.1 -module_name px_rf_adc_fmtr_2xupsizer -dir c:/Pentek/IP/2017.3/wip/px_rf_adc_pdti_fmtr/px_rf_adc_pdti_fmtr.srcs/sources_1/ip
set_property -dict [list CONFIG.bytes_per_sample {4} CONFIG.in_samples_per_cycle {4} CONFIG.out_samples_per_cycle {8} CONFIG.Component_Name {px_rf_adc_fmtr_2xupsizer}] [get_ips px_rf_adc_fmtr_2xupsizer]
WARNING: [Vivado 12-3523] Attempt to change 'Component_Name' from 'px_rf_adc_fmtr_2xupsizer' to 'px_rf_adc_fmtr_2xupsizer' is not allowed and is ignored.
generate_target {instantiation_template} [get_files c:/Pentek/IP/2017.3/wip/px_rf_adc_pdti_fmtr/px_rf_adc_pdti_fmtr.srcs/sources_1/ip/px_rf_adc_fmtr_2xupsizer/px_rf_adc_fmtr_2xupsizer.xci]
INFO: [IP_Flow 19-1686] Generating 'Instantiation Template' target for IP 'px_rf_adc_fmtr_2xupsizer'...
generate_target all [get_files  c:/Pentek/IP/2017.3/wip/px_rf_adc_pdti_fmtr/px_rf_adc_pdti_fmtr.srcs/sources_1/ip/px_rf_adc_fmtr_2xupsizer/px_rf_adc_fmtr_2xupsizer.xci]
INFO: [IP_Flow 19-1686] Generating 'Synthesis' target for IP 'px_rf_adc_fmtr_2xupsizer'...
INFO: [IP_Flow 19-1686] Generating 'Simulation' target for IP 'px_rf_adc_fmtr_2xupsizer'...
INFO: [IP_Flow 19-1686] Generating 'Test Bench' target for IP 'px_rf_adc_fmtr_2xupsizer'...
INFO: [IP_Flow 19-1686] Generating 'Change Log' target for IP 'px_rf_adc_fmtr_2xupsizer'...
catch { config_ip_cache -export [get_ips -all px_rf_adc_fmtr_2xupsizer] }
export_ip_user_files -of_objects [get_files c:/Pentek/IP/2017.3/wip/px_rf_adc_pdti_fmtr/px_rf_adc_pdti_fmtr.srcs/sources_1/ip/px_rf_adc_fmtr_2xupsizer/px_rf_adc_fmtr_2xupsizer.xci] -no_script -sync -force -quiet
create_ip_run [get_files -of_objects [get_fileset sources_1] c:/Pentek/IP/2017.3/wip/px_rf_adc_pdti_fmtr/px_rf_adc_pdti_fmtr.srcs/sources_1/ip/px_rf_adc_fmtr_2xupsizer/px_rf_adc_fmtr_2xupsizer.xci]
launch_runs -jobs 12 px_rf_adc_fmtr_2xupsizer_synth_1
[Mon Mar  5 12:48:55 2018] Launched px_rf_adc_fmtr_2xupsizer_synth_1...
Run output will be captured here: C:/Pentek/IP/2017.3/wip/px_rf_adc_pdti_fmtr/px_rf_adc_pdti_fmtr.runs/px_rf_adc_fmtr_2xupsizer_synth_1/runme.log
export_simulation -of_objects [get_files c:/Pentek/IP/2017.3/wip/px_rf_adc_pdti_fmtr/px_rf_adc_pdti_fmtr.srcs/sources_1/ip/px_rf_adc_fmtr_2xupsizer/px_rf_adc_fmtr_2xupsizer.xci] -directory C:/Pentek/IP/2017.3/wip/px_rf_adc_pdti_fmtr/px_rf_adc_pdti_fmtr.ip_user_files/sim_scripts -ip_user_files_dir C:/Pentek/IP/2017.3/wip/px_rf_adc_pdti_fmtr/px_rf_adc_pdti_fmtr.ip_user_files -ipstatic_source_dir C:/Pentek/IP/2017.3/wip/px_rf_adc_pdti_fmtr/px_rf_adc_pdti_fmtr.ip_user_files/ipstatic -lib_map_path [list {modelsim=C:/Pentek/IP/2017.3/wip/px_rf_adc_pdti_fmtr/px_rf_adc_pdti_fmtr.cache/compile_simlib/modelsim} {questa=C:/Pentek/IP/2017.3/wip/px_rf_adc_pdti_fmtr/px_rf_adc_pdti_fmtr.cache/compile_simlib/questa} {riviera=C:/Pentek/IP/2017.3/wip/px_rf_adc_pdti_fmtr/px_rf_adc_pdti_fmtr.cache/compile_simlib/riviera} {activehdl=C:/Pentek/IP/2017.3/wip/px_rf_adc_pdti_fmtr/px_rf_adc_pdti_fmtr.cache/compile_simlib/activehdl}] -use_ip_compiled_libs -force -quiet
export_ip_user_files -of_objects  [get_files c:/Pentek/IP/2017.3/wip/px_rf_adc_pdti_fmtr/px_rf_adc_pdti_fmtr.srcs/sources_1/ip/px_rf_adc_fmtr_2xupsizer/px_rf_adc_fmtr_2xupsizer.xci] -no_script -reset -force -quiet
remove_files  -fileset px_rf_adc_fmtr_2xupsizer c:/Pentek/IP/2017.3/wip/px_rf_adc_pdti_fmtr/px_rf_adc_pdti_fmtr.srcs/sources_1/ip/px_rf_adc_fmtr_2xupsizer/px_rf_adc_fmtr_2xupsizer.xci
INFO: [Project 1-386] Moving file 'c:/Pentek/IP/2017.3/wip/px_rf_adc_pdti_fmtr/px_rf_adc_pdti_fmtr.srcs/sources_1/ip/px_rf_adc_fmtr_2xupsizer/px_rf_adc_fmtr_2xupsizer.xci' from fileset 'px_rf_adc_fmtr_2xupsizer' to fileset 'sources_1'.
file delete -force c:/Pentek/IP/2017.3/wip/px_rf_adc_pdti_fmtr/px_rf_adc_pdti_fmtr.srcs/sources_1/ip/px_rf_adc_fmtr_2xupsizer
create_ip -name axis_clock_converter -vendor xilinx.com -library ip -version 1.1 -module_name px_rf_adc_fmtr_clk_conv -dir c:/Pentek/IP/2017.3/wip/px_rf_adc_pdti_fmtr/px_rf_adc_pdti_fmtr.srcs/sources_1/ip
set_property -dict [list CONFIG.TDATA_NUM_BYTES {32} CONFIG.TUSER_WIDTH {176} CONFIG.IS_ACLK_ASYNC {1} CONFIG.Component_Name {px_rf_adc_fmtr_clk_conv}] [get_ips px_rf_adc_fmtr_clk_conv]
WARNING: [Vivado 12-3523] Attempt to change 'Component_Name' from 'px_rf_adc_fmtr_clk_conv' to 'px_rf_adc_fmtr_clk_conv' is not allowed and is ignored.
generate_target {instantiation_template} [get_files c:/Pentek/IP/2017.3/wip/px_rf_adc_pdti_fmtr/px_rf_adc_pdti_fmtr.srcs/sources_1/ip/px_rf_adc_fmtr_clk_conv/px_rf_adc_fmtr_clk_conv.xci]
INFO: [IP_Flow 19-1686] Generating 'Instantiation Template' target for IP 'px_rf_adc_fmtr_clk_conv'...
update_compile_order -fileset sources_1
generate_target all [get_files  c:/Pentek/IP/2017.3/wip/px_rf_adc_pdti_fmtr/px_rf_adc_pdti_fmtr.srcs/sources_1/ip/px_rf_adc_fmtr_clk_conv/px_rf_adc_fmtr_clk_conv.xci]
INFO: [IP_Flow 19-1686] Generating 'Synthesis' target for IP 'px_rf_adc_fmtr_clk_conv'...
INFO: [IP_Flow 19-1686] Generating 'Simulation' target for IP 'px_rf_adc_fmtr_clk_conv'...
INFO: [IP_Flow 19-1686] Generating 'Change Log' target for IP 'px_rf_adc_fmtr_clk_conv'...
catch { config_ip_cache -export [get_ips -all px_rf_adc_fmtr_clk_conv] }
export_ip_user_files -of_objects [get_files c:/Pentek/IP/2017.3/wip/px_rf_adc_pdti_fmtr/px_rf_adc_pdti_fmtr.srcs/sources_1/ip/px_rf_adc_fmtr_clk_conv/px_rf_adc_fmtr_clk_conv.xci] -no_script -sync -force -quiet
create_ip_run [get_files -of_objects [get_fileset sources_1] c:/Pentek/IP/2017.3/wip/px_rf_adc_pdti_fmtr/px_rf_adc_pdti_fmtr.srcs/sources_1/ip/px_rf_adc_fmtr_clk_conv/px_rf_adc_fmtr_clk_conv.xci]
launch_runs -jobs 12 px_rf_adc_fmtr_clk_conv_synth_1
[Mon Mar  5 13:24:17 2018] Launched px_rf_adc_fmtr_clk_conv_synth_1...
Run output will be captured here: C:/Pentek/IP/2017.3/wip/px_rf_adc_pdti_fmtr/px_rf_adc_pdti_fmtr.runs/px_rf_adc_fmtr_clk_conv_synth_1/runme.log
export_simulation -of_objects [get_files c:/Pentek/IP/2017.3/wip/px_rf_adc_pdti_fmtr/px_rf_adc_pdti_fmtr.srcs/sources_1/ip/px_rf_adc_fmtr_clk_conv/px_rf_adc_fmtr_clk_conv.xci] -directory C:/Pentek/IP/2017.3/wip/px_rf_adc_pdti_fmtr/px_rf_adc_pdti_fmtr.ip_user_files/sim_scripts -ip_user_files_dir C:/Pentek/IP/2017.3/wip/px_rf_adc_pdti_fmtr/px_rf_adc_pdti_fmtr.ip_user_files -ipstatic_source_dir C:/Pentek/IP/2017.3/wip/px_rf_adc_pdti_fmtr/px_rf_adc_pdti_fmtr.ip_user_files/ipstatic -lib_map_path [list {modelsim=C:/Pentek/IP/2017.3/wip/px_rf_adc_pdti_fmtr/px_rf_adc_pdti_fmtr.cache/compile_simlib/modelsim} {questa=C:/Pentek/IP/2017.3/wip/px_rf_adc_pdti_fmtr/px_rf_adc_pdti_fmtr.cache/compile_simlib/questa} {riviera=C:/Pentek/IP/2017.3/wip/px_rf_adc_pdti_fmtr/px_rf_adc_pdti_fmtr.cache/compile_simlib/riviera} {activehdl=C:/Pentek/IP/2017.3/wip/px_rf_adc_pdti_fmtr/px_rf_adc_pdti_fmtr.cache/compile_simlib/activehdl}] -use_ip_compiled_libs -force -quiet
ipx::open_ipxact_file {C:\pentek\ip\2017.3\wip\px_rf_adc_pdti_fmtr\component.xml}
WARNING: [IP_Flow 19-3898] File Group 'xilinx_anylanguagesynthesis (Synthesis)': File 'px_rf_adc_pdti_fmtr.srcs/sources_1/ip/px_rf_adc_fmtr_csr/px_rf_adc_fmtr_csr.xci' is not found in the project sources. It will be removed from the packaged IP when the sources are merged. If still required, please add this file to the project and re-package.
WARNING: [IP_Flow 19-3898] File Group 'xilinx_anylanguagebehavioralsimulation (Simulation)': File 'px_rf_adc_pdti_fmtr.srcs/sources_1/ip/px_rf_adc_fmtr_csr/px_rf_adc_fmtr_csr.xci' is not found in the project sources. It will be removed from the packaged IP when the sources are merged. If still required, please add this file to the project and re-package.
ipx::unload_core c:/pentek/ip/2017.3/wip/px_rf_adc_pdti_fmtr/component.xml
create_ip -name axis_dwidth_converter -vendor xilinx.com -library ip -version 1.1 -module_name px_rf_adc_fmtr_w_conv -dir c:/Pentek/IP/2017.3/wip/px_rf_adc_pdti_fmtr/px_rf_adc_pdti_fmtr.srcs/sources_1/ip
set_property -dict [list CONFIG.S_TDATA_NUM_BYTES {16} CONFIG.M_TDATA_NUM_BYTES {32} CONFIG.TUSER_BITS_PER_BYTE {6} CONFIG.Component_Name {px_rf_adc_fmtr_w_conv}] [get_ips px_rf_adc_fmtr_w_conv]
WARNING: [Vivado 12-3523] Attempt to change 'Component_Name' from 'px_rf_adc_fmtr_w_conv' to 'px_rf_adc_fmtr_w_conv' is not allowed and is ignored.
generate_target {instantiation_template} [get_files c:/Pentek/IP/2017.3/wip/px_rf_adc_pdti_fmtr/px_rf_adc_pdti_fmtr.srcs/sources_1/ip/px_rf_adc_fmtr_w_conv/px_rf_adc_fmtr_w_conv.xci]
INFO: [IP_Flow 19-1686] Generating 'Instantiation Template' target for IP 'px_rf_adc_fmtr_w_conv'...
generate_target all [get_files  c:/Pentek/IP/2017.3/wip/px_rf_adc_pdti_fmtr/px_rf_adc_pdti_fmtr.srcs/sources_1/ip/px_rf_adc_fmtr_w_conv/px_rf_adc_fmtr_w_conv.xci]
INFO: [IP_Flow 19-1686] Generating 'Synthesis' target for IP 'px_rf_adc_fmtr_w_conv'...
INFO: [IP_Flow 19-1686] Generating 'Simulation' target for IP 'px_rf_adc_fmtr_w_conv'...
INFO: [IP_Flow 19-1686] Generating 'Change Log' target for IP 'px_rf_adc_fmtr_w_conv'...
catch { config_ip_cache -export [get_ips -all px_rf_adc_fmtr_w_conv] }
export_ip_user_files -of_objects [get_files c:/Pentek/IP/2017.3/wip/px_rf_adc_pdti_fmtr/px_rf_adc_pdti_fmtr.srcs/sources_1/ip/px_rf_adc_fmtr_w_conv/px_rf_adc_fmtr_w_conv.xci] -no_script -sync -force -quiet
create_ip_run [get_files -of_objects [get_fileset sources_1] c:/Pentek/IP/2017.3/wip/px_rf_adc_pdti_fmtr/px_rf_adc_pdti_fmtr.srcs/sources_1/ip/px_rf_adc_fmtr_w_conv/px_rf_adc_fmtr_w_conv.xci]
launch_runs -jobs 12 px_rf_adc_fmtr_w_conv_synth_1
[Mon Mar  5 14:37:11 2018] Launched px_rf_adc_fmtr_w_conv_synth_1...
Run output will be captured here: C:/Pentek/IP/2017.3/wip/px_rf_adc_pdti_fmtr/px_rf_adc_pdti_fmtr.runs/px_rf_adc_fmtr_w_conv_synth_1/runme.log
export_simulation -of_objects [get_files c:/Pentek/IP/2017.3/wip/px_rf_adc_pdti_fmtr/px_rf_adc_pdti_fmtr.srcs/sources_1/ip/px_rf_adc_fmtr_w_conv/px_rf_adc_fmtr_w_conv.xci] -directory C:/Pentek/IP/2017.3/wip/px_rf_adc_pdti_fmtr/px_rf_adc_pdti_fmtr.ip_user_files/sim_scripts -ip_user_files_dir C:/Pentek/IP/2017.3/wip/px_rf_adc_pdti_fmtr/px_rf_adc_pdti_fmtr.ip_user_files -ipstatic_source_dir C:/Pentek/IP/2017.3/wip/px_rf_adc_pdti_fmtr/px_rf_adc_pdti_fmtr.ip_user_files/ipstatic -lib_map_path [list {modelsim=C:/Pentek/IP/2017.3/wip/px_rf_adc_pdti_fmtr/px_rf_adc_pdti_fmtr.cache/compile_simlib/modelsim} {questa=C:/Pentek/IP/2017.3/wip/px_rf_adc_pdti_fmtr/px_rf_adc_pdti_fmtr.cache/compile_simlib/questa} {riviera=C:/Pentek/IP/2017.3/wip/px_rf_adc_pdti_fmtr/px_rf_adc_pdti_fmtr.cache/compile_simlib/riviera} {activehdl=C:/Pentek/IP/2017.3/wip/px_rf_adc_pdti_fmtr/px_rf_adc_pdti_fmtr.cache/compile_simlib/activehdl}] -use_ip_compiled_libs -force -quiet
launch_runs synth_1 -jobs 12
[Mon Mar  5 14:47:32 2018] Launched synth_1...
Run output will be captured here: C:/Pentek/IP/2017.3/wip/px_rf_adc_pdti_fmtr/px_rf_adc_pdti_fmtr.runs/synth_1/runme.log
reset_run synth_1
launch_runs synth_1 -jobs 12
[Mon Mar  5 14:53:21 2018] Launched synth_1...
Run output will be captured here: C:/Pentek/IP/2017.3/wip/px_rf_adc_pdti_fmtr/px_rf_adc_pdti_fmtr.runs/synth_1/runme.log
reset_run synth_1
launch_runs synth_1 -jobs 12
[Mon Mar  5 15:02:29 2018] Launched synth_1...
Run output will be captured here: C:/Pentek/IP/2017.3/wip/px_rf_adc_pdti_fmtr/px_rf_adc_pdti_fmtr.runs/synth_1/runme.log
reset_run synth_1
launch_runs synth_1 -jobs 12
[Mon Mar  5 15:04:26 2018] Launched synth_1...
Run output will be captured here: C:/Pentek/IP/2017.3/wip/px_rf_adc_pdti_fmtr/px_rf_adc_pdti_fmtr.runs/synth_1/runme.log
ipx::open_ipxact_file {C:\pentek\ip\2017.3\wip\px_rf_adc_pdti_fmtr\component.xml}
WARNING: [IP_Flow 19-3898] File Group 'xilinx_anylanguagesynthesis (Synthesis)': File 'px_rf_adc_pdti_fmtr.srcs/sources_1/ip/px_rf_adc_fmtr_csr/px_rf_adc_fmtr_csr.xci' is not found in the project sources. It will be removed from the packaged IP when the sources are merged. If still required, please add this file to the project and re-package.
WARNING: [IP_Flow 19-3898] File Group 'xilinx_anylanguagebehavioralsimulation (Simulation)': File 'px_rf_adc_pdti_fmtr.srcs/sources_1/ip/px_rf_adc_fmtr_csr/px_rf_adc_fmtr_csr.xci' is not found in the project sources. It will be removed from the packaged IP when the sources are merged. If still required, please add this file to the project and re-package.
ipx::merge_project_changes files [ipx::current_core]
ipx::merge_project_changes hdl_parameters [ipx::current_core]
INFO: [IP_Flow 19-5107] Inferred bus interface 'm_axis_pdti_aclk' of definition 'xilinx.com:signal:clock:1.0' (from 'X_INTERFACE_INFO' attribute).
INFO: [IP_Flow 19-4728] Bus Interface 'm_axis_pdti_aclk': Added interface parameter 'ASSOCIATED_BUSIF' with value 'm_axis_pdti'.
set_property core_revision 6 [ipx::current_core]
ipx::create_xgui_files [ipx::current_core]
ipx::update_checksums [ipx::current_core]
ipx::save_core [ipx::current_core]
update_ip_catalog -rebuild -repo_path c:/pentek/ip/2017.3/wip/px_rf_adc_pdti_fmtr
INFO: [IP_Flow 19-725] Reloaded user IP repository 'c:/pentek/ip/2017.3/wip/px_rf_adc_pdti_fmtr'
exit
INFO: [Common 17-206] Exiting Vivado at Mon Mar  5 16:08:14 2018...
