#-----------------------------------------------------------
# Vivado v2019.2 (64-bit)
# SW Build 2708876 on Wed Nov  6 21:40:23 MST 2019
# IP Build 2700528 on Thu Nov  7 00:09:20 MST 2019
# Start of session at: Tue Dec 17 16:58:02 2019
# Process ID: 1912
# Current directory: C:/Pentek/ip/2019.2/pentek/ip/px_dac38rf89intrfc
# Command line: vivado.exe -gui_launcher_event rodinguilauncherevent10824 C:\Pentek\ip\2019.2\pentek\ip\px_dac38rf89intrfc\px_dac38rf89intrfc.xpr
# Log file: C:/Pentek/ip/2019.2/pentek/ip/px_dac38rf89intrfc/vivado.log
# Journal file: C:/Pentek/ip/2019.2/pentek/ip/px_dac38rf89intrfc\vivado.jou
#-----------------------------------------------------------
start_gui
open_project C:/Pentek/ip/2019.2/pentek/ip/px_dac38rf89intrfc/px_dac38rf89intrfc.xpr
INFO: [Project 1-313] Project file moved from 'C:/Pentek/ip/2019.1/pentek/ip/px_dac38rf89intrfc' since last save.
Scanning sources...
Finished scanning sources
INFO: [IP_Flow 19-234] Refreshing IP repositories
INFO: [IP_Flow 19-1700] Loaded user IP repository 'c:/Pentek/ip/2019.2/pentek/ip'.
WARNING: [IP_Flow 19-3656] If you move the project, the path for repository 'c:/Pentek/ip/2019.2/pentek/ip' may become invalid. A better location for the repository would be in a path adjacent to the project. (Current project location is 'c:/Pentek/ip/2019.2/pentek/ip/px_dac38rf89intrfc'.)
INFO: [IP_Flow 19-2313] Loaded Vivado IP repository 'C:/Xilinx/Vivado/2019.2/data/ip'.
WARNING: [IP_Flow 19-2162] IP 'jesd_buff_fifo' is locked:
* IP definition 'FIFO Generator (13.2)' for IP 'jesd_buff_fifo' (customized with software release 2019.1) has a different revision in the IP Catalog.
WARNING: [IP_Flow 19-2162] IP 'jesd_buff_fifo_12bit' is locked:
* IP definition 'FIFO Generator (13.2)' for IP 'jesd_buff_fifo_12bit' (customized with software release 2019.1) has a different revision in the IP Catalog.
WARNING: [IP_Flow 19-2162] IP 'jesd_buff_fifo_12bit_dual' is locked:
* IP definition 'FIFO Generator (13.2)' for IP 'jesd_buff_fifo_12bit_dual' (customized with software release 2019.1) has a different revision in the IP Catalog.
WARNING: [IP_Flow 19-2162] IP 'jesd_buff_fifo_dual' is locked:
* IP definition 'FIFO Generator (13.2)' for IP 'jesd_buff_fifo_dual' (customized with software release 2019.1) has a different revision in the IP Catalog.
WARNING: [IP_Flow 19-2162] IP 'px_dac_csr' is locked:
* IP definition 'px_axil_csr_v1_0 (1.0)' for IP 'px_dac_csr' (customized with software release 2019.1) has a different revision in the IP Catalog.
WARNING: [IP_Flow 19-2162] IP 'px_serial_int_dac' is locked:
* IP definition 'px_serial_int_v1_0 (1.0)' for IP 'px_serial_int_dac' (customized with software release 2019.1) has a different revision in the IP Catalog.
INFO: [Project 1-230] Project 'px_dac38rf89intrfc.xpr' upgraded for this version of Vivado.
open_project: Time (s): cpu = 00:00:12 ; elapsed = 00:00:08 . Memory (MB): peak = 966.750 ; gain = 203.711
report_ip_status -name ip_status 
upgrade_ip -srcset jesd_buff_fifo [get_ips  {jesd_buff_fifo jesd_buff_fifo_12bit jesd_buff_fifo_12bit_dual jesd_buff_fifo_dual px_dac_csr px_serial_int_dac}] -log ip_upgrade.log
Upgrading 'jesd_buff_fifo'
INFO: [Project 1-386] Moving file 'C:/Pentek/ip/2019.2/pentek/ip/px_dac38rf89intrfc/px_dac38rf89intrfc.srcs/sources_1/ip/jesd_buff_fifo/jesd_buff_fifo.xci' from fileset 'jesd_buff_fifo' to fileset 'sources_1'.
INFO: [IP_Flow 19-3422] Upgraded jesd_buff_fifo (FIFO Generator 13.2) from revision 4 to revision 5
INFO: [IP_Flow 19-1686] Generating 'Instantiation Template' target for IP 'jesd_buff_fifo'...
Upgrading 'jesd_buff_fifo_12bit'
INFO: [Project 1-386] Moving file 'C:/Pentek/ip/2019.2/pentek/ip/px_dac38rf89intrfc/px_dac38rf89intrfc.srcs/sources_1/ip/jesd_buff_fifo_12bit/jesd_buff_fifo_12bit.xci' from fileset 'jesd_buff_fifo_12bit' to fileset 'sources_1'.
INFO: [IP_Flow 19-3422] Upgraded jesd_buff_fifo_12bit (FIFO Generator 13.2) from revision 4 to revision 5
INFO: [IP_Flow 19-1686] Generating 'Instantiation Template' target for IP 'jesd_buff_fifo_12bit'...
Upgrading 'jesd_buff_fifo_12bit_dual'
INFO: [Project 1-386] Moving file 'C:/Pentek/ip/2019.2/pentek/ip/px_dac38rf89intrfc/px_dac38rf89intrfc.srcs/sources_1/ip/jesd_buff_fifo_12bit_dual/jesd_buff_fifo_12bit_dual.xci' from fileset 'jesd_buff_fifo_12bit_dual' to fileset 'sources_1'.
INFO: [IP_Flow 19-3422] Upgraded jesd_buff_fifo_12bit_dual (FIFO Generator 13.2) from revision 4 to revision 5
INFO: [IP_Flow 19-1686] Generating 'Instantiation Template' target for IP 'jesd_buff_fifo_12bit_dual'...
Upgrading 'jesd_buff_fifo_dual'
INFO: [Project 1-386] Moving file 'C:/Pentek/ip/2019.2/pentek/ip/px_dac38rf89intrfc/px_dac38rf89intrfc.srcs/sources_1/ip/jesd_buff_fifo_dual/jesd_buff_fifo_dual.xci' from fileset 'jesd_buff_fifo_dual' to fileset 'sources_1'.
INFO: [IP_Flow 19-3422] Upgraded jesd_buff_fifo_dual (FIFO Generator 13.2) from revision 4 to revision 5
INFO: [IP_Flow 19-1686] Generating 'Instantiation Template' target for IP 'jesd_buff_fifo_dual'...
Upgrading 'px_dac_csr'
INFO: [Project 1-386] Moving file 'C:/Pentek/ip/2019.2/pentek/ip/px_dac38rf89intrfc/px_dac38rf89intrfc.srcs/sources_1/ip/px_dac_csr/px_dac_csr.xci' from fileset 'px_dac_csr' to fileset 'sources_1'.
INFO: [IP_Flow 19-3422] Upgraded px_dac_csr (px_axil_csr_v1_0 1.0) from revision 23 to revision 24
INFO: [IP_Flow 19-1686] Generating 'Instantiation Template' target for IP 'px_dac_csr'...
Upgrading 'px_serial_int_dac'
INFO: [Project 1-386] Moving file 'C:/Pentek/ip/2019.2/pentek/ip/px_dac38rf89intrfc/px_dac38rf89intrfc.srcs/sources_1/ip/px_serial_int_dac/px_serial_int_dac.xci' from fileset 'px_serial_int_dac' to fileset 'sources_1'.
INFO: [IP_Flow 19-3422] Upgraded px_serial_int_dac (px_serial_int_v1_0 1.0) from revision 16 to revision 17
INFO: [IP_Flow 19-1686] Generating 'Instantiation Template' target for IP 'px_serial_int_dac'...
INFO: [Coretcl 2-1525] Wrote upgrade log to 'C:/Pentek/ip/2019.2/pentek/ip/px_dac38rf89intrfc/ip_upgrade.log'.
export_ip_user_files -of_objects [get_ips {jesd_buff_fifo jesd_buff_fifo_12bit jesd_buff_fifo_12bit_dual jesd_buff_fifo_dual px_dac_csr px_serial_int_dac}] -no_script -sync -force -quiet
report_ip_status -name ip_status 
reset_target all [get_files  {C:/Pentek/ip/2019.2/pentek/ip/px_dac38rf89intrfc/px_dac38rf89intrfc.srcs/sources_1/ip/jesd_buff_fifo/jesd_buff_fifo.xci C:/Pentek/ip/2019.2/pentek/ip/px_dac38rf89intrfc/px_dac38rf89intrfc.srcs/sources_1/ip/jesd_buff_fifo_12bit/jesd_buff_fifo_12bit.xci C:/Pentek/ip/2019.2/pentek/ip/px_dac38rf89intrfc/px_dac38rf89intrfc.srcs/sources_1/ip/jesd_buff_fifo_12bit_dual/jesd_buff_fifo_12bit_dual.xci C:/Pentek/ip/2019.2/pentek/ip/px_dac38rf89intrfc/px_dac38rf89intrfc.srcs/sources_1/ip/jesd_buff_fifo_dual/jesd_buff_fifo_dual.xci C:/Pentek/ip/2019.2/pentek/ip/px_dac38rf89intrfc/px_dac38rf89intrfc.srcs/sources_1/ip/px_dac_csr/px_dac_csr.xci C:/Pentek/ip/2019.2/pentek/ip/px_dac38rf89intrfc/px_dac38rf89intrfc.srcs/sources_1/ip/px_serial_int_dac/px_serial_int_dac.xci}]
export_ip_user_files -of_objects  [get_files  {C:/Pentek/ip/2019.2/pentek/ip/px_dac38rf89intrfc/px_dac38rf89intrfc.srcs/sources_1/ip/jesd_buff_fifo/jesd_buff_fifo.xci C:/Pentek/ip/2019.2/pentek/ip/px_dac38rf89intrfc/px_dac38rf89intrfc.srcs/sources_1/ip/jesd_buff_fifo_12bit/jesd_buff_fifo_12bit.xci C:/Pentek/ip/2019.2/pentek/ip/px_dac38rf89intrfc/px_dac38rf89intrfc.srcs/sources_1/ip/jesd_buff_fifo_12bit_dual/jesd_buff_fifo_12bit_dual.xci C:/Pentek/ip/2019.2/pentek/ip/px_dac38rf89intrfc/px_dac38rf89intrfc.srcs/sources_1/ip/jesd_buff_fifo_dual/jesd_buff_fifo_dual.xci C:/Pentek/ip/2019.2/pentek/ip/px_dac38rf89intrfc/px_dac38rf89intrfc.srcs/sources_1/ip/px_dac_csr/px_dac_csr.xci C:/Pentek/ip/2019.2/pentek/ip/px_dac38rf89intrfc/px_dac38rf89intrfc.srcs/sources_1/ip/px_serial_int_dac/px_serial_int_dac.xci}] -sync -no_script -force -quiet
generate_target all [get_files  {C:/Pentek/ip/2019.2/pentek/ip/px_dac38rf89intrfc/px_dac38rf89intrfc.srcs/sources_1/ip/px_serial_int_dac/px_serial_int_dac.xci C:/Pentek/ip/2019.2/pentek/ip/px_dac38rf89intrfc/px_dac38rf89intrfc.srcs/sources_1/ip/px_dac_csr/px_dac_csr.xci C:/Pentek/ip/2019.2/pentek/ip/px_dac38rf89intrfc/px_dac38rf89intrfc.srcs/sources_1/ip/jesd_buff_fifo_dual/jesd_buff_fifo_dual.xci C:/Pentek/ip/2019.2/pentek/ip/px_dac38rf89intrfc/px_dac38rf89intrfc.srcs/sources_1/ip/jesd_buff_fifo_12bit_dual/jesd_buff_fifo_12bit_dual.xci C:/Pentek/ip/2019.2/pentek/ip/px_dac38rf89intrfc/px_dac38rf89intrfc.srcs/sources_1/ip/jesd_buff_fifo_12bit/jesd_buff_fifo_12bit.xci C:/Pentek/ip/2019.2/pentek/ip/px_dac38rf89intrfc/px_dac38rf89intrfc.srcs/sources_1/ip/jesd_buff_fifo/jesd_buff_fifo.xci}]
INFO: [IP_Flow 19-1686] Generating 'Instantiation Template' target for IP 'px_serial_int_dac'...
INFO: [IP_Flow 19-1686] Generating 'Synthesis' target for IP 'px_serial_int_dac'...
INFO: [IP_Flow 19-1686] Generating 'Simulation' target for IP 'px_serial_int_dac'...
INFO: [IP_Flow 19-1686] Generating 'Test Bench' target for IP 'px_serial_int_dac'...
INFO: [IP_Flow 19-1686] Generating 'Change Log' target for IP 'px_serial_int_dac'...
INFO: [IP_Flow 19-1686] Generating 'Instantiation Template' target for IP 'px_dac_csr'...
INFO: [IP_Flow 19-1686] Generating 'Synthesis' target for IP 'px_dac_csr'...
INFO: [IP_Flow 19-1686] Generating 'Simulation' target for IP 'px_dac_csr'...
INFO: [IP_Flow 19-1686] Generating 'Test Bench' target for IP 'px_dac_csr'...
INFO: [IP_Flow 19-1686] Generating 'Change Log' target for IP 'px_dac_csr'...
INFO: [IP_Flow 19-1686] Generating 'Instantiation Template' target for IP 'jesd_buff_fifo_dual'...
INFO: [IP_Flow 19-1686] Generating 'Synthesis' target for IP 'jesd_buff_fifo_dual'...
INFO: [IP_Flow 19-1686] Generating 'Simulation' target for IP 'jesd_buff_fifo_dual'...
INFO: [IP_Flow 19-1686] Generating 'Change Log' target for IP 'jesd_buff_fifo_dual'...
INFO: [IP_Flow 19-1686] Generating 'Instantiation Template' target for IP 'jesd_buff_fifo_12bit_dual'...
INFO: [IP_Flow 19-1686] Generating 'Synthesis' target for IP 'jesd_buff_fifo_12bit_dual'...
INFO: [IP_Flow 19-1686] Generating 'Simulation' target for IP 'jesd_buff_fifo_12bit_dual'...
INFO: [IP_Flow 19-1686] Generating 'Change Log' target for IP 'jesd_buff_fifo_12bit_dual'...
INFO: [IP_Flow 19-1686] Generating 'Instantiation Template' target for IP 'jesd_buff_fifo_12bit'...
INFO: [IP_Flow 19-1686] Generating 'Synthesis' target for IP 'jesd_buff_fifo_12bit'...
INFO: [IP_Flow 19-1686] Generating 'Simulation' target for IP 'jesd_buff_fifo_12bit'...
INFO: [IP_Flow 19-1686] Generating 'Change Log' target for IP 'jesd_buff_fifo_12bit'...
INFO: [IP_Flow 19-1686] Generating 'Instantiation Template' target for IP 'jesd_buff_fifo'...
INFO: [IP_Flow 19-1686] Generating 'Synthesis' target for IP 'jesd_buff_fifo'...
INFO: [IP_Flow 19-1686] Generating 'Simulation' target for IP 'jesd_buff_fifo'...
INFO: [IP_Flow 19-1686] Generating 'Change Log' target for IP 'jesd_buff_fifo'...
export_ip_user_files -of_objects [get_files C:/Pentek/ip/2019.2/pentek/ip/px_dac38rf89intrfc/px_dac38rf89intrfc.srcs/sources_1/ip/px_serial_int_dac/px_serial_int_dac.xci] -no_script -sync -force -quiet
export_ip_user_files -of_objects [get_files C:/Pentek/ip/2019.2/pentek/ip/px_dac38rf89intrfc/px_dac38rf89intrfc.srcs/sources_1/ip/px_dac_csr/px_dac_csr.xci] -no_script -sync -force -quiet
export_ip_user_files -of_objects [get_files C:/Pentek/ip/2019.2/pentek/ip/px_dac38rf89intrfc/px_dac38rf89intrfc.srcs/sources_1/ip/jesd_buff_fifo_dual/jesd_buff_fifo_dual.xci] -no_script -sync -force -quiet
export_ip_user_files -of_objects [get_files C:/Pentek/ip/2019.2/pentek/ip/px_dac38rf89intrfc/px_dac38rf89intrfc.srcs/sources_1/ip/jesd_buff_fifo_12bit_dual/jesd_buff_fifo_12bit_dual.xci] -no_script -sync -force -quiet
export_ip_user_files -of_objects [get_files C:/Pentek/ip/2019.2/pentek/ip/px_dac38rf89intrfc/px_dac38rf89intrfc.srcs/sources_1/ip/jesd_buff_fifo_12bit/jesd_buff_fifo_12bit.xci] -no_script -sync -force -quiet
export_ip_user_files -of_objects [get_files C:/Pentek/ip/2019.2/pentek/ip/px_dac38rf89intrfc/px_dac38rf89intrfc.srcs/sources_1/ip/jesd_buff_fifo/jesd_buff_fifo.xci] -no_script -sync -force -quiet
create_ip_run [get_files -of_objects [get_fileset sources_1] C:/Pentek/ip/2019.2/pentek/ip/px_dac38rf89intrfc/px_dac38rf89intrfc.srcs/sources_1/ip/px_serial_int_dac/px_serial_int_dac.xci]
create_ip_run [get_files -of_objects [get_fileset sources_1] C:/Pentek/ip/2019.2/pentek/ip/px_dac38rf89intrfc/px_dac38rf89intrfc.srcs/sources_1/ip/px_dac_csr/px_dac_csr.xci]
create_ip_run [get_files -of_objects [get_fileset sources_1] C:/Pentek/ip/2019.2/pentek/ip/px_dac38rf89intrfc/px_dac38rf89intrfc.srcs/sources_1/ip/jesd_buff_fifo_dual/jesd_buff_fifo_dual.xci]
create_ip_run [get_files -of_objects [get_fileset sources_1] C:/Pentek/ip/2019.2/pentek/ip/px_dac38rf89intrfc/px_dac38rf89intrfc.srcs/sources_1/ip/jesd_buff_fifo_12bit_dual/jesd_buff_fifo_12bit_dual.xci]
create_ip_run [get_files -of_objects [get_fileset sources_1] C:/Pentek/ip/2019.2/pentek/ip/px_dac38rf89intrfc/px_dac38rf89intrfc.srcs/sources_1/ip/jesd_buff_fifo_12bit/jesd_buff_fifo_12bit.xci]
create_ip_run [get_files -of_objects [get_fileset sources_1] C:/Pentek/ip/2019.2/pentek/ip/px_dac38rf89intrfc/px_dac38rf89intrfc.srcs/sources_1/ip/jesd_buff_fifo/jesd_buff_fifo.xci]
launch_runs -jobs 8 {px_serial_int_dac_synth_1 px_dac_csr_synth_1 jesd_buff_fifo_dual_synth_1 jesd_buff_fifo_12bit_dual_synth_1 jesd_buff_fifo_12bit_synth_1 jesd_buff_fifo_synth_1}
[Tue Dec 17 17:00:40 2019] Launched px_serial_int_dac_synth_1, px_dac_csr_synth_1, jesd_buff_fifo_dual_synth_1, jesd_buff_fifo_12bit_dual_synth_1, jesd_buff_fifo_12bit_synth_1, jesd_buff_fifo_synth_1...
Run output will be captured here:
px_serial_int_dac_synth_1: C:/Pentek/ip/2019.2/pentek/ip/px_dac38rf89intrfc/px_dac38rf89intrfc.runs/px_serial_int_dac_synth_1/runme.log
px_dac_csr_synth_1: C:/Pentek/ip/2019.2/pentek/ip/px_dac38rf89intrfc/px_dac38rf89intrfc.runs/px_dac_csr_synth_1/runme.log
jesd_buff_fifo_dual_synth_1: C:/Pentek/ip/2019.2/pentek/ip/px_dac38rf89intrfc/px_dac38rf89intrfc.runs/jesd_buff_fifo_dual_synth_1/runme.log
jesd_buff_fifo_12bit_dual_synth_1: C:/Pentek/ip/2019.2/pentek/ip/px_dac38rf89intrfc/px_dac38rf89intrfc.runs/jesd_buff_fifo_12bit_dual_synth_1/runme.log
jesd_buff_fifo_12bit_synth_1: C:/Pentek/ip/2019.2/pentek/ip/px_dac38rf89intrfc/px_dac38rf89intrfc.runs/jesd_buff_fifo_12bit_synth_1/runme.log
jesd_buff_fifo_synth_1: C:/Pentek/ip/2019.2/pentek/ip/px_dac38rf89intrfc/px_dac38rf89intrfc.runs/jesd_buff_fifo_synth_1/runme.log
export_simulation -of_objects [get_files C:/Pentek/ip/2019.2/pentek/ip/px_dac38rf89intrfc/px_dac38rf89intrfc.srcs/sources_1/ip/px_serial_int_dac/px_serial_int_dac.xci] -directory C:/Pentek/ip/2019.2/pentek/ip/px_dac38rf89intrfc/px_dac38rf89intrfc.ip_user_files/sim_scripts -ip_user_files_dir C:/Pentek/ip/2019.2/pentek/ip/px_dac38rf89intrfc/px_dac38rf89intrfc.ip_user_files -ipstatic_source_dir C:/Pentek/ip/2019.2/pentek/ip/px_dac38rf89intrfc/px_dac38rf89intrfc.ip_user_files/ipstatic -lib_map_path [list {modelsim=C:/Pentek/ip/2019.2/pentek/ip/px_dac38rf89intrfc/px_dac38rf89intrfc.cache/compile_simlib/modelsim} {questa=C:/Pentek/ip/2019.2/pentek/ip/px_dac38rf89intrfc/px_dac38rf89intrfc.cache/compile_simlib/questa} {riviera=C:/Pentek/ip/2019.2/pentek/ip/px_dac38rf89intrfc/px_dac38rf89intrfc.cache/compile_simlib/riviera} {activehdl=C:/Pentek/ip/2019.2/pentek/ip/px_dac38rf89intrfc/px_dac38rf89intrfc.cache/compile_simlib/activehdl}] -use_ip_compiled_libs -force -quiet
export_simulation -of_objects [get_files C:/Pentek/ip/2019.2/pentek/ip/px_dac38rf89intrfc/px_dac38rf89intrfc.srcs/sources_1/ip/px_dac_csr/px_dac_csr.xci] -directory C:/Pentek/ip/2019.2/pentek/ip/px_dac38rf89intrfc/px_dac38rf89intrfc.ip_user_files/sim_scripts -ip_user_files_dir C:/Pentek/ip/2019.2/pentek/ip/px_dac38rf89intrfc/px_dac38rf89intrfc.ip_user_files -ipstatic_source_dir C:/Pentek/ip/2019.2/pentek/ip/px_dac38rf89intrfc/px_dac38rf89intrfc.ip_user_files/ipstatic -lib_map_path [list {modelsim=C:/Pentek/ip/2019.2/pentek/ip/px_dac38rf89intrfc/px_dac38rf89intrfc.cache/compile_simlib/modelsim} {questa=C:/Pentek/ip/2019.2/pentek/ip/px_dac38rf89intrfc/px_dac38rf89intrfc.cache/compile_simlib/questa} {riviera=C:/Pentek/ip/2019.2/pentek/ip/px_dac38rf89intrfc/px_dac38rf89intrfc.cache/compile_simlib/riviera} {activehdl=C:/Pentek/ip/2019.2/pentek/ip/px_dac38rf89intrfc/px_dac38rf89intrfc.cache/compile_simlib/activehdl}] -use_ip_compiled_libs -force -quiet
export_simulation -of_objects [get_files C:/Pentek/ip/2019.2/pentek/ip/px_dac38rf89intrfc/px_dac38rf89intrfc.srcs/sources_1/ip/jesd_buff_fifo_dual/jesd_buff_fifo_dual.xci] -directory C:/Pentek/ip/2019.2/pentek/ip/px_dac38rf89intrfc/px_dac38rf89intrfc.ip_user_files/sim_scripts -ip_user_files_dir C:/Pentek/ip/2019.2/pentek/ip/px_dac38rf89intrfc/px_dac38rf89intrfc.ip_user_files -ipstatic_source_dir C:/Pentek/ip/2019.2/pentek/ip/px_dac38rf89intrfc/px_dac38rf89intrfc.ip_user_files/ipstatic -lib_map_path [list {modelsim=C:/Pentek/ip/2019.2/pentek/ip/px_dac38rf89intrfc/px_dac38rf89intrfc.cache/compile_simlib/modelsim} {questa=C:/Pentek/ip/2019.2/pentek/ip/px_dac38rf89intrfc/px_dac38rf89intrfc.cache/compile_simlib/questa} {riviera=C:/Pentek/ip/2019.2/pentek/ip/px_dac38rf89intrfc/px_dac38rf89intrfc.cache/compile_simlib/riviera} {activehdl=C:/Pentek/ip/2019.2/pentek/ip/px_dac38rf89intrfc/px_dac38rf89intrfc.cache/compile_simlib/activehdl}] -use_ip_compiled_libs -force -quiet
export_simulation -of_objects [get_files C:/Pentek/ip/2019.2/pentek/ip/px_dac38rf89intrfc/px_dac38rf89intrfc.srcs/sources_1/ip/jesd_buff_fifo_12bit_dual/jesd_buff_fifo_12bit_dual.xci] -directory C:/Pentek/ip/2019.2/pentek/ip/px_dac38rf89intrfc/px_dac38rf89intrfc.ip_user_files/sim_scripts -ip_user_files_dir C:/Pentek/ip/2019.2/pentek/ip/px_dac38rf89intrfc/px_dac38rf89intrfc.ip_user_files -ipstatic_source_dir C:/Pentek/ip/2019.2/pentek/ip/px_dac38rf89intrfc/px_dac38rf89intrfc.ip_user_files/ipstatic -lib_map_path [list {modelsim=C:/Pentek/ip/2019.2/pentek/ip/px_dac38rf89intrfc/px_dac38rf89intrfc.cache/compile_simlib/modelsim} {questa=C:/Pentek/ip/2019.2/pentek/ip/px_dac38rf89intrfc/px_dac38rf89intrfc.cache/compile_simlib/questa} {riviera=C:/Pentek/ip/2019.2/pentek/ip/px_dac38rf89intrfc/px_dac38rf89intrfc.cache/compile_simlib/riviera} {activehdl=C:/Pentek/ip/2019.2/pentek/ip/px_dac38rf89intrfc/px_dac38rf89intrfc.cache/compile_simlib/activehdl}] -use_ip_compiled_libs -force -quiet
export_simulation -of_objects [get_files C:/Pentek/ip/2019.2/pentek/ip/px_dac38rf89intrfc/px_dac38rf89intrfc.srcs/sources_1/ip/jesd_buff_fifo_12bit/jesd_buff_fifo_12bit.xci] -directory C:/Pentek/ip/2019.2/pentek/ip/px_dac38rf89intrfc/px_dac38rf89intrfc.ip_user_files/sim_scripts -ip_user_files_dir C:/Pentek/ip/2019.2/pentek/ip/px_dac38rf89intrfc/px_dac38rf89intrfc.ip_user_files -ipstatic_source_dir C:/Pentek/ip/2019.2/pentek/ip/px_dac38rf89intrfc/px_dac38rf89intrfc.ip_user_files/ipstatic -lib_map_path [list {modelsim=C:/Pentek/ip/2019.2/pentek/ip/px_dac38rf89intrfc/px_dac38rf89intrfc.cache/compile_simlib/modelsim} {questa=C:/Pentek/ip/2019.2/pentek/ip/px_dac38rf89intrfc/px_dac38rf89intrfc.cache/compile_simlib/questa} {riviera=C:/Pentek/ip/2019.2/pentek/ip/px_dac38rf89intrfc/px_dac38rf89intrfc.cache/compile_simlib/riviera} {activehdl=C:/Pentek/ip/2019.2/pentek/ip/px_dac38rf89intrfc/px_dac38rf89intrfc.cache/compile_simlib/activehdl}] -use_ip_compiled_libs -force -quiet
export_simulation -of_objects [get_files C:/Pentek/ip/2019.2/pentek/ip/px_dac38rf89intrfc/px_dac38rf89intrfc.srcs/sources_1/ip/jesd_buff_fifo/jesd_buff_fifo.xci] -directory C:/Pentek/ip/2019.2/pentek/ip/px_dac38rf89intrfc/px_dac38rf89intrfc.ip_user_files/sim_scripts -ip_user_files_dir C:/Pentek/ip/2019.2/pentek/ip/px_dac38rf89intrfc/px_dac38rf89intrfc.ip_user_files -ipstatic_source_dir C:/Pentek/ip/2019.2/pentek/ip/px_dac38rf89intrfc/px_dac38rf89intrfc.ip_user_files/ipstatic -lib_map_path [list {modelsim=C:/Pentek/ip/2019.2/pentek/ip/px_dac38rf89intrfc/px_dac38rf89intrfc.cache/compile_simlib/modelsim} {questa=C:/Pentek/ip/2019.2/pentek/ip/px_dac38rf89intrfc/px_dac38rf89intrfc.cache/compile_simlib/questa} {riviera=C:/Pentek/ip/2019.2/pentek/ip/px_dac38rf89intrfc/px_dac38rf89intrfc.cache/compile_simlib/riviera} {activehdl=C:/Pentek/ip/2019.2/pentek/ip/px_dac38rf89intrfc/px_dac38rf89intrfc.cache/compile_simlib/activehdl}] -use_ip_compiled_libs -force -quiet
reset_run synth_1
WARNING: [Vivado 12-1017] Problems encountered:
1. Failed to delete one or more files in run directory C:/Pentek/ip/2019.2/pentek/ip/px_dac38rf89intrfc/px_dac38rf89intrfc.runs/synth_1

launch_runs synth_1 -jobs 8
[Tue Dec 17 17:01:34 2019] Launched jesd_buff_fifo_dual_synth_1, jesd_buff_fifo_12bit_dual_synth_1, jesd_buff_fifo_12bit_synth_1, jesd_buff_fifo_synth_1...
Run output will be captured here:
jesd_buff_fifo_dual_synth_1: C:/Pentek/ip/2019.2/pentek/ip/px_dac38rf89intrfc/px_dac38rf89intrfc.runs/jesd_buff_fifo_dual_synth_1/runme.log
jesd_buff_fifo_12bit_dual_synth_1: C:/Pentek/ip/2019.2/pentek/ip/px_dac38rf89intrfc/px_dac38rf89intrfc.runs/jesd_buff_fifo_12bit_dual_synth_1/runme.log
jesd_buff_fifo_12bit_synth_1: C:/Pentek/ip/2019.2/pentek/ip/px_dac38rf89intrfc/px_dac38rf89intrfc.runs/jesd_buff_fifo_12bit_synth_1/runme.log
jesd_buff_fifo_synth_1: C:/Pentek/ip/2019.2/pentek/ip/px_dac38rf89intrfc/px_dac38rf89intrfc.runs/jesd_buff_fifo_synth_1/runme.log
[Tue Dec 17 17:01:35 2019] Launched synth_1...
Run output will be captured here: C:/Pentek/ip/2019.2/pentek/ip/px_dac38rf89intrfc/px_dac38rf89intrfc.runs/synth_1/runme.log
ipx::open_ipxact_file {C:\Pentek\ip\2019.2\pentek\ip\px_dac38rf89intrfc\px_dac38rf89intrfc.srcs\component.xml}
WARNING: [IP_Flow 19-5226] Project source file 'c:/Pentek/ip/2019.2/pentek/ip/px_dac38rf89intrfc/px_dac38rf89intrfc.srcs/component.xml' ignored by IP packager.
WARNING: [IP_Flow 19-3898] File Group 'xilinx_anylanguagesynthesis (Synthesis)': File 'c:/Pentek/ip/2019.2/pentek/ip/px_dac38rf89intrfc/px_dac38rf89intrfc.srcs/sources_1/new/px_dac38rf89intrfc_csr.vhd' is not found in the project sources. It will be removed from the packaged IP when the sources are merged. If still required, please add this file to the project and re-package.
WARNING: [IP_Flow 19-3898] File Group 'xilinx_anylanguagesynthesis (Synthesis)': File 'c:/Pentek/ip/2019.2/pentek/ip/px_dac38rf89intrfc/px_dac38rf89intrfc.srcs/sources_1/new/px_dac38rf89intrfc_pack.vhd' is not found in the project sources. It will be removed from the packaged IP when the sources are merged. If still required, please add this file to the project and re-package.
WARNING: [IP_Flow 19-3898] File Group 'xilinx_anylanguagesynthesis (Synthesis)': File 'c:/Pentek/ip/2019.2/pentek/ip/px_dac38rf89intrfc/px_dac38rf89intrfc.srcs/sources_1/ip/jesd_buff_fifo/jesd_buff_fifo.xci' is not found in the project sources. It will be removed from the packaged IP when the sources are merged. If still required, please add this file to the project and re-package.
WARNING: [IP_Flow 19-3898] File Group 'xilinx_anylanguagesynthesis (Synthesis)': File 'c:/Pentek/ip/2019.2/pentek/ip/px_dac38rf89intrfc/px_dac38rf89intrfc.srcs/sources_1/ip/px_serial_int_dac/px_serial_int_dac.xci' is not found in the project sources. It will be removed from the packaged IP when the sources are merged. If still required, please add this file to the project and re-package.
WARNING: [IP_Flow 19-3898] File Group 'xilinx_anylanguagesynthesis (Synthesis)': File 'c:/Pentek/ip/2019.2/pentek/ip/px_dac38rf89intrfc/px_dac38rf89intrfc.srcs/sources_1/ip/px_dac_csr/px_dac_csr.xci' is not found in the project sources. It will be removed from the packaged IP when the sources are merged. If still required, please add this file to the project and re-package.
WARNING: [IP_Flow 19-3898] File Group 'xilinx_anylanguagesynthesis (Synthesis)': File 'c:/Pentek/ip/2019.2/pentek/ip/px_dac38rf89intrfc/px_dac38rf89intrfc.srcs/sources_1/ip/jesd_buff_fifo_dual/jesd_buff_fifo_dual.xci' is not found in the project sources. It will be removed from the packaged IP when the sources are merged. If still required, please add this file to the project and re-package.
WARNING: [IP_Flow 19-3898] File Group 'xilinx_anylanguagesynthesis (Synthesis)': File 'c:/Pentek/ip/2019.2/pentek/ip/px_dac38rf89intrfc/px_dac38rf89intrfc.srcs/sources_1/ip/jesd_buff_fifo_12bit/jesd_buff_fifo_12bit.xci' is not found in the project sources. It will be removed from the packaged IP when the sources are merged. If still required, please add this file to the project and re-package.
WARNING: [IP_Flow 19-3898] File Group 'xilinx_anylanguagesynthesis (Synthesis)': File 'c:/Pentek/ip/2019.2/pentek/ip/px_dac38rf89intrfc/px_dac38rf89intrfc.srcs/sources_1/ip/jesd_buff_fifo_12bit_dual/jesd_buff_fifo_12bit_dual.xci' is not found in the project sources. It will be removed from the packaged IP when the sources are merged. If still required, please add this file to the project and re-package.
WARNING: [IP_Flow 19-3898] File Group 'xilinx_anylanguagesynthesis (Synthesis)': File 'c:/Pentek/ip/2019.2/pentek/ip/px_dac38rf89intrfc/px_dac38rf89intrfc.srcs/sources_1/new/px_dac38rf89intrfc.vhd' is not found in the project sources. It will be removed from the packaged IP when the sources are merged. If still required, please add this file to the project and re-package.
WARNING: [IP_Flow 19-3898] File Group 'xilinx_anylanguagebehavioralsimulation (Simulation)': File 'c:/Pentek/ip/2019.2/pentek/ip/px_dac38rf89intrfc/px_dac38rf89intrfc.srcs/sources_1/new/px_dac38rf89intrfc_csr.vhd' is not found in the project sources. It will be removed from the packaged IP when the sources are merged. If still required, please add this file to the project and re-package.
WARNING: [IP_Flow 19-3898] File Group 'xilinx_anylanguagebehavioralsimulation (Simulation)': File 'c:/Pentek/ip/2019.2/pentek/ip/px_dac38rf89intrfc/px_dac38rf89intrfc.srcs/sources_1/new/px_dac38rf89intrfc_pack.vhd' is not found in the project sources. It will be removed from the packaged IP when the sources are merged. If still required, please add this file to the project and re-package.
WARNING: [IP_Flow 19-3898] File Group 'xilinx_anylanguagebehavioralsimulation (Simulation)': File 'c:/Pentek/ip/2019.2/pentek/ip/px_dac38rf89intrfc/px_dac38rf89intrfc.srcs/sources_1/ip/jesd_buff_fifo/jesd_buff_fifo.xci' is not found in the project sources. It will be removed from the packaged IP when the sources are merged. If still required, please add this file to the project and re-package.
WARNING: [IP_Flow 19-3898] File Group 'xilinx_anylanguagebehavioralsimulation (Simulation)': File 'c:/Pentek/ip/2019.2/pentek/ip/px_dac38rf89intrfc/px_dac38rf89intrfc.srcs/sources_1/ip/px_serial_int_dac/px_serial_int_dac.xci' is not found in the project sources. It will be removed from the packaged IP when the sources are merged. If still required, please add this file to the project and re-package.
WARNING: [IP_Flow 19-3898] File Group 'xilinx_anylanguagebehavioralsimulation (Simulation)': File 'c:/Pentek/ip/2019.2/pentek/ip/px_dac38rf89intrfc/px_dac38rf89intrfc.srcs/sources_1/ip/px_dac_csr/px_dac_csr.xci' is not found in the project sources. It will be removed from the packaged IP when the sources are merged. If still required, please add this file to the project and re-package.
WARNING: [IP_Flow 19-3898] File Group 'xilinx_anylanguagebehavioralsimulation (Simulation)': File 'c:/Pentek/ip/2019.2/pentek/ip/px_dac38rf89intrfc/px_dac38rf89intrfc.srcs/sources_1/ip/jesd_buff_fifo_dual/jesd_buff_fifo_dual.xci' is not found in the project sources. It will be removed from the packaged IP when the sources are merged. If still required, please add this file to the project and re-package.
WARNING: [IP_Flow 19-3898] File Group 'xilinx_anylanguagebehavioralsimulation (Simulation)': File 'c:/Pentek/ip/2019.2/pentek/ip/px_dac38rf89intrfc/px_dac38rf89intrfc.srcs/sources_1/ip/jesd_buff_fifo_12bit/jesd_buff_fifo_12bit.xci' is not found in the project sources. It will be removed from the packaged IP when the sources are merged. If still required, please add this file to the project and re-package.
WARNING: [IP_Flow 19-3898] File Group 'xilinx_anylanguagebehavioralsimulation (Simulation)': File 'c:/Pentek/ip/2019.2/pentek/ip/px_dac38rf89intrfc/px_dac38rf89intrfc.srcs/sources_1/ip/jesd_buff_fifo_12bit_dual/jesd_buff_fifo_12bit_dual.xci' is not found in the project sources. It will be removed from the packaged IP when the sources are merged. If still required, please add this file to the project and re-package.
WARNING: [IP_Flow 19-3898] File Group 'xilinx_anylanguagebehavioralsimulation (Simulation)': File 'c:/Pentek/ip/2019.2/pentek/ip/px_dac38rf89intrfc/px_dac38rf89intrfc.srcs/sources_1/new/px_dac38rf89intrfc.vhd' is not found in the project sources. It will be removed from the packaged IP when the sources are merged. If still required, please add this file to the project and re-package.
WARNING: [IP_Flow 19-3898] File Group 'xilinx_testbench (Test Bench)': File 'c:/Pentek/ip/2019.2/pentek/ip/px_dac38rf89intrfc/px_dac38rf89intrfc.srcs/sim_1/new/tb_px_dac38rf89intrfc_pack.vhd' is not found in the project sources. It will be removed from the packaged IP when the sources are merged. If still required, please add this file to the project and re-package.
ipx::merge_project_changes ports [ipx::current_core]
WARNING: [IP_Flow 19-5226] Project source file 'c:/Pentek/ip/2019.2/pentek/ip/px_dac38rf89intrfc/px_dac38rf89intrfc.srcs/component.xml' ignored by IP packager.
INFO: [IP_Flow 19-3166] Bus Interface 's_axi_csr': References existing memory map 's_axi_csr'.
ipx::unload_core c:/Pentek/ip/2019.2/pentek/ip/px_dac38rf89intrfc/px_dac38rf89intrfc.srcs/component.xml
ipx::open_ipxact_file {C:\Pentek\ip\2019.2\pentek\ip\px_dac38rf89intrfc\px_dac38rf89intrfc.srcs\component.xml}
WARNING: [IP_Flow 19-5226] Project source file 'c:/Pentek/ip/2019.2/pentek/ip/px_dac38rf89intrfc/px_dac38rf89intrfc.srcs/component.xml' ignored by IP packager.
WARNING: [IP_Flow 19-3898] File Group 'xilinx_anylanguagesynthesis (Synthesis)': File 'c:/Pentek/ip/2019.2/pentek/ip/px_dac38rf89intrfc/px_dac38rf89intrfc.srcs/sources_1/new/px_dac38rf89intrfc_csr.vhd' is not found in the project sources. It will be removed from the packaged IP when the sources are merged. If still required, please add this file to the project and re-package.
WARNING: [IP_Flow 19-3898] File Group 'xilinx_anylanguagesynthesis (Synthesis)': File 'c:/Pentek/ip/2019.2/pentek/ip/px_dac38rf89intrfc/px_dac38rf89intrfc.srcs/sources_1/new/px_dac38rf89intrfc_pack.vhd' is not found in the project sources. It will be removed from the packaged IP when the sources are merged. If still required, please add this file to the project and re-package.
WARNING: [IP_Flow 19-3898] File Group 'xilinx_anylanguagesynthesis (Synthesis)': File 'c:/Pentek/ip/2019.2/pentek/ip/px_dac38rf89intrfc/px_dac38rf89intrfc.srcs/sources_1/ip/jesd_buff_fifo/jesd_buff_fifo.xci' is not found in the project sources. It will be removed from the packaged IP when the sources are merged. If still required, please add this file to the project and re-package.
WARNING: [IP_Flow 19-3898] File Group 'xilinx_anylanguagesynthesis (Synthesis)': File 'c:/Pentek/ip/2019.2/pentek/ip/px_dac38rf89intrfc/px_dac38rf89intrfc.srcs/sources_1/ip/px_serial_int_dac/px_serial_int_dac.xci' is not found in the project sources. It will be removed from the packaged IP when the sources are merged. If still required, please add this file to the project and re-package.
WARNING: [IP_Flow 19-3898] File Group 'xilinx_anylanguagesynthesis (Synthesis)': File 'c:/Pentek/ip/2019.2/pentek/ip/px_dac38rf89intrfc/px_dac38rf89intrfc.srcs/sources_1/ip/px_dac_csr/px_dac_csr.xci' is not found in the project sources. It will be removed from the packaged IP when the sources are merged. If still required, please add this file to the project and re-package.
WARNING: [IP_Flow 19-3898] File Group 'xilinx_anylanguagesynthesis (Synthesis)': File 'c:/Pentek/ip/2019.2/pentek/ip/px_dac38rf89intrfc/px_dac38rf89intrfc.srcs/sources_1/ip/jesd_buff_fifo_dual/jesd_buff_fifo_dual.xci' is not found in the project sources. It will be removed from the packaged IP when the sources are merged. If still required, please add this file to the project and re-package.
WARNING: [IP_Flow 19-3898] File Group 'xilinx_anylanguagesynthesis (Synthesis)': File 'c:/Pentek/ip/2019.2/pentek/ip/px_dac38rf89intrfc/px_dac38rf89intrfc.srcs/sources_1/ip/jesd_buff_fifo_12bit/jesd_buff_fifo_12bit.xci' is not found in the project sources. It will be removed from the packaged IP when the sources are merged. If still required, please add this file to the project and re-package.
WARNING: [IP_Flow 19-3898] File Group 'xilinx_anylanguagesynthesis (Synthesis)': File 'c:/Pentek/ip/2019.2/pentek/ip/px_dac38rf89intrfc/px_dac38rf89intrfc.srcs/sources_1/ip/jesd_buff_fifo_12bit_dual/jesd_buff_fifo_12bit_dual.xci' is not found in the project sources. It will be removed from the packaged IP when the sources are merged. If still required, please add this file to the project and re-package.
WARNING: [IP_Flow 19-3898] File Group 'xilinx_anylanguagesynthesis (Synthesis)': File 'c:/Pentek/ip/2019.2/pentek/ip/px_dac38rf89intrfc/px_dac38rf89intrfc.srcs/sources_1/new/px_dac38rf89intrfc.vhd' is not found in the project sources. It will be removed from the packaged IP when the sources are merged. If still required, please add this file to the project and re-package.
WARNING: [IP_Flow 19-3898] File Group 'xilinx_anylanguagebehavioralsimulation (Simulation)': File 'c:/Pentek/ip/2019.2/pentek/ip/px_dac38rf89intrfc/px_dac38rf89intrfc.srcs/sources_1/new/px_dac38rf89intrfc_csr.vhd' is not found in the project sources. It will be removed from the packaged IP when the sources are merged. If still required, please add this file to the project and re-package.
WARNING: [IP_Flow 19-3898] File Group 'xilinx_anylanguagebehavioralsimulation (Simulation)': File 'c:/Pentek/ip/2019.2/pentek/ip/px_dac38rf89intrfc/px_dac38rf89intrfc.srcs/sources_1/new/px_dac38rf89intrfc_pack.vhd' is not found in the project sources. It will be removed from the packaged IP when the sources are merged. If still required, please add this file to the project and re-package.
WARNING: [IP_Flow 19-3898] File Group 'xilinx_anylanguagebehavioralsimulation (Simulation)': File 'c:/Pentek/ip/2019.2/pentek/ip/px_dac38rf89intrfc/px_dac38rf89intrfc.srcs/sources_1/ip/jesd_buff_fifo/jesd_buff_fifo.xci' is not found in the project sources. It will be removed from the packaged IP when the sources are merged. If still required, please add this file to the project and re-package.
WARNING: [IP_Flow 19-3898] File Group 'xilinx_anylanguagebehavioralsimulation (Simulation)': File 'c:/Pentek/ip/2019.2/pentek/ip/px_dac38rf89intrfc/px_dac38rf89intrfc.srcs/sources_1/ip/px_serial_int_dac/px_serial_int_dac.xci' is not found in the project sources. It will be removed from the packaged IP when the sources are merged. If still required, please add this file to the project and re-package.
WARNING: [IP_Flow 19-3898] File Group 'xilinx_anylanguagebehavioralsimulation (Simulation)': File 'c:/Pentek/ip/2019.2/pentek/ip/px_dac38rf89intrfc/px_dac38rf89intrfc.srcs/sources_1/ip/px_dac_csr/px_dac_csr.xci' is not found in the project sources. It will be removed from the packaged IP when the sources are merged. If still required, please add this file to the project and re-package.
WARNING: [IP_Flow 19-3898] File Group 'xilinx_anylanguagebehavioralsimulation (Simulation)': File 'c:/Pentek/ip/2019.2/pentek/ip/px_dac38rf89intrfc/px_dac38rf89intrfc.srcs/sources_1/ip/jesd_buff_fifo_dual/jesd_buff_fifo_dual.xci' is not found in the project sources. It will be removed from the packaged IP when the sources are merged. If still required, please add this file to the project and re-package.
WARNING: [IP_Flow 19-3898] File Group 'xilinx_anylanguagebehavioralsimulation (Simulation)': File 'c:/Pentek/ip/2019.2/pentek/ip/px_dac38rf89intrfc/px_dac38rf89intrfc.srcs/sources_1/ip/jesd_buff_fifo_12bit/jesd_buff_fifo_12bit.xci' is not found in the project sources. It will be removed from the packaged IP when the sources are merged. If still required, please add this file to the project and re-package.
WARNING: [IP_Flow 19-3898] File Group 'xilinx_anylanguagebehavioralsimulation (Simulation)': File 'c:/Pentek/ip/2019.2/pentek/ip/px_dac38rf89intrfc/px_dac38rf89intrfc.srcs/sources_1/ip/jesd_buff_fifo_12bit_dual/jesd_buff_fifo_12bit_dual.xci' is not found in the project sources. It will be removed from the packaged IP when the sources are merged. If still required, please add this file to the project and re-package.
WARNING: [IP_Flow 19-3898] File Group 'xilinx_anylanguagebehavioralsimulation (Simulation)': File 'c:/Pentek/ip/2019.2/pentek/ip/px_dac38rf89intrfc/px_dac38rf89intrfc.srcs/sources_1/new/px_dac38rf89intrfc.vhd' is not found in the project sources. It will be removed from the packaged IP when the sources are merged. If still required, please add this file to the project and re-package.
WARNING: [IP_Flow 19-3898] File Group 'xilinx_testbench (Test Bench)': File 'c:/Pentek/ip/2019.2/pentek/ip/px_dac38rf89intrfc/px_dac38rf89intrfc.srcs/sim_1/new/tb_px_dac38rf89intrfc_pack.vhd' is not found in the project sources. It will be removed from the packaged IP when the sources are merged. If still required, please add this file to the project and re-package.
ipx::merge_project_changes ports [ipx::current_core]
WARNING: [IP_Flow 19-5226] Project source file 'c:/Pentek/ip/2019.2/pentek/ip/px_dac38rf89intrfc/px_dac38rf89intrfc.srcs/component.xml' ignored by IP packager.
INFO: [IP_Flow 19-3166] Bus Interface 's_axi_csr': References existing memory map 's_axi_csr'.
set_property core_revision 29 [ipx::current_core]
ipx::create_xgui_files [ipx::current_core]
ipx::update_checksums [ipx::current_core]
ipx::save_core [ipx::current_core]
update_ip_catalog -rebuild -repo_path c:/Pentek/ip/2019.2/pentek/ip
INFO: [IP_Flow 19-725] Reloaded user IP repository 'c:/Pentek/ip/2019.2/pentek/ip'
exit
INFO: [Common 17-206] Exiting Vivado at Tue Dec 17 17:04:19 2019...
