#-----------------------------------------------------------
# Vivado v2019.1_AR72445 (64-bit)
# SW Build 2552052 on Fri May 24 14:49:42 MDT 2019
# IP Build 2548770 on Fri May 24 18:01:18 MDT 2019
# Start of session at: Tue Aug 27 11:18:46 2019
# Process ID: 8588
# Current directory: C:/Pentek/IP/2019.1/pentek/ip/px_dma_ppkt2pcie_512
# Command line: vivado.exe -gui_launcher_event rodinguilauncherevent2444 C:\Pentek\IP\2019.1\pentek\ip\px_dma_ppkt2pcie_512\px_dma_ppkt2pcie_512.xpr
# Log file: C:/Pentek/IP/2019.1/pentek/ip/px_dma_ppkt2pcie_512/vivado.log
# Journal file: C:/Pentek/IP/2019.1/pentek/ip/px_dma_ppkt2pcie_512\vivado.jou
#-----------------------------------------------------------
INFO: [Common 17-1460] Use of init.tcl in C:/Users/Rich/AppData/Roaming/Xilinx/Vivado/init.tcl is deprecated. Please use Vivado_init.tcl 
Sourcing tcl script 'C:/Users/Rich/AppData/Roaming/Xilinx/Vivado/init.tcl'
start_gui
open_project C:/Pentek/IP/2019.1/pentek/ip/px_dma_ppkt2pcie_512/px_dma_ppkt2pcie_512.xpr
Scanning sources...
Finished scanning sources
INFO: [IP_Flow 19-234] Refreshing IP repositories
INFO: [IP_Flow 19-1700] Loaded user IP repository 'c:/Pentek/IP/2019.1/pentek'.
WARNING: [IP_Flow 19-3656] If you move the project, the path for repository 'c:/Pentek/IP/2019.1/pentek' may become invalid. A better location for the repository would be in a path adjacent to the project. (Current project location is 'c:/Pentek/IP/2019.1/pentek/ip/px_dma_ppkt2pcie_512'.)
INFO: [IP_Flow 19-2313] Loaded Vivado IP repository 'C:/Xilinx/Vivado/2019.1/patches/AR72445/vivado/data/ip'.
INFO: [IP_Flow 19-2313] Loaded Vivado IP repository 'C:/Xilinx/Vivado/2019.1/data/ip'.
WARNING: [IP_Flow 19-4830] Duplicate Interface found for 'xilinx.com:display_cmac_usplus:an_lt_ctrl_ports_int:2.0'. The one found in location 'c:/Xilinx/Vivado/2019.1/patches/AR72445/vivado/data/ip/xilinx/cmac_usplus_v2_6/interfaces/an_lt_ctrl_ports_int.xml' will take precedence over the same Interface in location 'c:/Xilinx/Vivado/2019.1/data/ip/xilinx/cmac_usplus_v2_4/interfaces/an_lt_ctrl_ports_int.xml'
WARNING: [IP_Flow 19-4830] Duplicate Interface found for 'xilinx.com:display_cmac_usplus:ctrl_ports_int:2.0'. The one found in location 'c:/Xilinx/Vivado/2019.1/patches/AR72445/vivado/data/ip/xilinx/cmac_usplus_v2_6/interfaces/ctrl_ports_int.xml' will take precedence over the same Interface in location 'c:/Xilinx/Vivado/2019.1/data/ip/xilinx/cmac_usplus_v2_4/interfaces/ctrl_ports_int.xml'
WARNING: [IP_Flow 19-4830] Duplicate Interface found for 'xilinx.com:display_cmac_usplus:drp_ports_int:2.0'. The one found in location 'c:/Xilinx/Vivado/2019.1/patches/AR72445/vivado/data/ip/xilinx/cmac_usplus_v2_6/interfaces/drp_ports_int.xml' will take precedence over the same Interface in location 'c:/Xilinx/Vivado/2019.1/data/ip/xilinx/cmac_usplus_v2_4/interfaces/drp_ports_int.xml'
WARNING: [IP_Flow 19-4830] Duplicate Interface found for 'xilinx.com:display_cmac_usplus:flowctrl_ports_int:2.0'. The one found in location 'c:/Xilinx/Vivado/2019.1/patches/AR72445/vivado/data/ip/xilinx/cmac_usplus_v2_6/interfaces/flowctrl_ports_int.xml' will take precedence over the same Interface in location 'c:/Xilinx/Vivado/2019.1/data/ip/xilinx/cmac_usplus_v2_4/interfaces/flowctrl_ports_int.xml'
WARNING: [IP_Flow 19-4830] Duplicate Interface found for 'xilinx.com:display_cmac_usplus:gt_ports_int:2.0'. The one found in location 'c:/Xilinx/Vivado/2019.1/patches/AR72445/vivado/data/ip/xilinx/cmac_usplus_v2_6/interfaces/gt_ports_int.xml' will take precedence over the same Interface in location 'c:/Xilinx/Vivado/2019.1/data/ip/xilinx/cmac_usplus_v2_4/interfaces/gt_ports_int.xml'
WARNING: [IP_Flow 19-4830] Duplicate Interface found for 'xilinx.com:display_cmac_usplus:ieee_1588_ports_int:2.0'. The one found in location 'c:/Xilinx/Vivado/2019.1/patches/AR72445/vivado/data/ip/xilinx/cmac_usplus_v2_6/interfaces/ieee_1588_ports_int.xml' will take precedence over the same Interface in location 'c:/Xilinx/Vivado/2019.1/data/ip/xilinx/cmac_usplus_v2_4/interfaces/ieee_1588_ports_int.xml'
WARNING: [IP_Flow 19-4830] Duplicate Interface found for 'xilinx.com:display_cmac_usplus:lbus_ports_int:2.0'. The one found in location 'c:/Xilinx/Vivado/2019.1/patches/AR72445/vivado/data/ip/xilinx/cmac_usplus_v2_6/interfaces/lbus_ports_int.xml' will take precedence over the same Interface in location 'c:/Xilinx/Vivado/2019.1/data/ip/xilinx/cmac_usplus_v2_4/interfaces/lbus_ports_int.xml'
WARNING: [IP_Flow 19-4830] Duplicate Interface found for 'xilinx.com:display_cmac_usplus:otn_ports_int:2.0'. The one found in location 'c:/Xilinx/Vivado/2019.1/patches/AR72445/vivado/data/ip/xilinx/cmac_usplus_v2_6/interfaces/otn_ports_int.xml' will take precedence over the same Interface in location 'c:/Xilinx/Vivado/2019.1/data/ip/xilinx/cmac_usplus_v2_4/interfaces/otn_ports_int.xml'
WARNING: [IP_Flow 19-4830] Duplicate Interface found for 'xilinx.com:display_cmac_usplus:rs_fec_ports_int:2.0'. The one found in location 'c:/Xilinx/Vivado/2019.1/patches/AR72445/vivado/data/ip/xilinx/cmac_usplus_v2_6/interfaces/rs_fec_ports_int.xml' will take precedence over the same Interface in location 'c:/Xilinx/Vivado/2019.1/data/ip/xilinx/cmac_usplus_v2_4/interfaces/rs_fec_ports_int.xml'
WARNING: [IP_Flow 19-4830] Duplicate Interface found for 'xilinx.com:display_cmac_usplus:shared_logic_ports_int:2.0'. The one found in location 'c:/Xilinx/Vivado/2019.1/patches/AR72445/vivado/data/ip/xilinx/cmac_usplus_v2_6/interfaces/shared_logic_ports_int.xml' will take precedence over the same Interface in location 'c:/Xilinx/Vivado/2019.1/data/ip/xilinx/cmac_usplus_v2_4/interfaces/shared_logic_ports_int.xml'
WARNING: [IP_Flow 19-4830] Duplicate Interface found for 'xilinx.com:display_cmac_usplus:statistics_ports_int:2.0'. The one found in location 'c:/Xilinx/Vivado/2019.1/patches/AR72445/vivado/data/ip/xilinx/cmac_usplus_v2_6/interfaces/statistics_ports_int.xml' will take precedence over the same Interface in location 'c:/Xilinx/Vivado/2019.1/data/ip/xilinx/cmac_usplus_v2_4/interfaces/statistics_ports_int.xml'
open_project: Time (s): cpu = 00:00:12 ; elapsed = 00:00:11 . Memory (MB): peak = 844.109 ; gain = 193.883
update_compile_order -fileset sources_1
ipx::open_ipxact_file {C:\Pentek\IP\2019.1\pentek\ip\px_dma_ppkt2pcie_512\px_dma_ppkt2pcie_512.srcs\component.xml}
WARNING: [IP_Flow 19-5226] Project source file 'c:/Pentek/IP/2019.1/pentek/ip/px_dma_ppkt2pcie_512/px_dma_ppkt2pcie_512.srcs/component.xml' ignored by IP packager.
WARNING: [IP_Flow 19-3898] File Group 'xilinx_anylanguagesynthesis (Synthesis)': File 'c:/Pentek/IP/2019.1/pentek/ip/px_dma_ppkt2pcie_512/px_dma_ppkt2pcie_512.srcs/sources_1/ip/px_dma_ppkt2pcie_reqpktcnstrfifo_512/px_dma_ppkt2pcie_reqpktcnstrfifo_512.xci' is not found in the project sources. It will be removed from the packaged IP when the sources are merged. If still required, please add this file to the project and re-package.
WARNING: [IP_Flow 19-3898] File Group 'xilinx_anylanguagesynthesis (Synthesis)': File 'c:/Pentek/IP/2019.1/pentek/ip/px_dma_ppkt2pcie_512/px_dma_ppkt2pcie_512.srcs/sources_1/ip/px_dma_ppkt2pcie_req_in_fifo/px_dma_ppkt2pcie_req_in_fifo.xci' is not found in the project sources. It will be removed from the packaged IP when the sources are merged. If still required, please add this file to the project and re-package.
WARNING: [IP_Flow 19-3898] File Group 'xilinx_anylanguagesynthesis (Synthesis)': File 'c:/Pentek/IP/2019.1/pentek/ip/px_dma_ppkt2pcie_512/px_dma_ppkt2pcie_512.srcs/sources_1/ip/px_dma_ppkt2pcie_hdr_fifo/px_dma_ppkt2pcie_hdr_fifo.xci' is not found in the project sources. It will be removed from the packaged IP when the sources are merged. If still required, please add this file to the project and re-package.
WARNING: [IP_Flow 19-3898] File Group 'xilinx_anylanguagesynthesis (Synthesis)': File 'c:/Pentek/IP/2019.1/pentek/ip/px_dma_ppkt2pcie_512/px_dma_ppkt2pcie_512.srcs/sources_1/ip/px_dma_ppkt2pcie_rdr_fifo/px_dma_ppkt2pcie_rdr_fifo.xci' is not found in the project sources. It will be removed from the packaged IP when the sources are merged. If still required, please add this file to the project and re-package.
WARNING: [IP_Flow 19-3898] File Group 'xilinx_anylanguagesynthesis (Synthesis)': File 'c:/Pentek/IP/2019.1/pentek/ip/px_dma_ppkt2pcie_512/px_dma_ppkt2pcie_512.srcs/sources_1/ip/px_dma_ppkt2pcie_descr_ram/px_dma_ppkt2pcie_descr_ram.xci' is not found in the project sources. It will be removed from the packaged IP when the sources are merged. If still required, please add this file to the project and re-package.
WARNING: [IP_Flow 19-3898] File Group 'xilinx_anylanguagesynthesis (Synthesis)': File 'c:/Pentek/IP/2019.1/pentek/ip/px_dma_ppkt2pcie_512/px_dma_ppkt2pcie_512.srcs/sources_1/ip/px_axil_bram_ctlr_dsp/px_axil_bram_ctlr_dsp.xci' is not found in the project sources. It will be removed from the packaged IP when the sources are merged. If still required, please add this file to the project and re-package.
WARNING: [IP_Flow 19-3898] File Group 'xilinx_anylanguagesynthesis (Synthesis)': File 'c:/Pentek/IP/2019.1/pentek/ip/px_dma_ppkt2pcie_512/px_dma_ppkt2pcie_512.srcs/sources_1/ip/px_dma_ppkt2pcie_in_strm_fifo32k/px_dma_ppkt2pcie_in_strm_fifo32k.xci' is not found in the project sources. It will be removed from the packaged IP when the sources are merged. If still required, please add this file to the project and re-package.
WARNING: [IP_Flow 19-3898] File Group 'xilinx_anylanguagesynthesis (Synthesis)': File 'c:/Pentek/IP/2019.1/pentek/ip/px_dma_ppkt2pcie_512/px_dma_ppkt2pcie_512.srcs/sources_1/new/px_axil_dma_csr.vhd' is not found in the project sources. It will be removed from the packaged IP when the sources are merged. If still required, please add this file to the project and re-package.
WARNING: [IP_Flow 19-3898] File Group 'xilinx_anylanguagesynthesis (Synthesis)': File 'c:/Pentek/IP/2019.1/pentek/ip/px_dma_ppkt2pcie_512/px_dma_ppkt2pcie_512.srcs/sources_1/new/px_dma_ppkt2pcie_512_csr.vhd' is not found in the project sources. It will be removed from the packaged IP when the sources are merged. If still required, please add this file to the project and re-package.
WARNING: [IP_Flow 19-3898] File Group 'xilinx_anylanguagesynthesis (Synthesis)': File 'c:/Pentek/IP/2019.1/pentek/ip/px_dma_ppkt2pcie_512/px_dma_ppkt2pcie_512.srcs/sources_1/new/px_dma_ppkt2pcie_512_packetizer.vhd' is not found in the project sources. It will be removed from the packaged IP when the sources are merged. If still required, please add this file to the project and re-package.
WARNING: [IP_Flow 19-3898] File Group 'xilinx_anylanguagesynthesis (Synthesis)': File 'c:/Pentek/IP/2019.1/pentek/ip/px_dma_ppkt2pcie_512/px_dma_ppkt2pcie_512.srcs/sources_1/new/px_dma_ppkt2pcie_512_reader.vhd' is not found in the project sources. It will be removed from the packaged IP when the sources are merged. If still required, please add this file to the project and re-package.
WARNING: [IP_Flow 19-3898] File Group 'xilinx_anylanguagesynthesis (Synthesis)': File 'c:/Pentek/IP/2019.1/pentek/ip/px_dma_ppkt2pcie_512/px_dma_ppkt2pcie_512.srcs/sources_1/new/px_dma_ppkt2pcie_512dmasm.vhd' is not found in the project sources. It will be removed from the packaged IP when the sources are merged. If still required, please add this file to the project and re-package.
WARNING: [IP_Flow 19-3898] File Group 'xilinx_anylanguagesynthesis (Synthesis)': File 'c:/Pentek/IP/2019.1/pentek/ip/px_dma_ppkt2pcie_512/px_dma_ppkt2pcie_512.srcs/sources_1/new/px_dma_ppkt2pcie_leastof4.vhd' is not found in the project sources. It will be removed from the packaged IP when the sources are merged. If still required, please add this file to the project and re-package.
WARNING: [IP_Flow 19-3898] File Group 'xilinx_anylanguagesynthesis (Synthesis)': File 'c:/Pentek/IP/2019.1/pentek/ip/px_dma_ppkt2pcie_512/px_dma_ppkt2pcie_512.srcs/sources_1/new/px_dma_ppkt2pcie_512.vhd' is not found in the project sources. It will be removed from the packaged IP when the sources are merged. If still required, please add this file to the project and re-package.
WARNING: [IP_Flow 19-3898] File Group 'xilinx_anylanguagebehavioralsimulation (Simulation)': File 'c:/Pentek/IP/2019.1/pentek/ip/px_dma_ppkt2pcie_512/px_dma_ppkt2pcie_512.srcs/sources_1/ip/px_dma_ppkt2pcie_reqpktcnstrfifo_512/px_dma_ppkt2pcie_reqpktcnstrfifo_512.xci' is not found in the project sources. It will be removed from the packaged IP when the sources are merged. If still required, please add this file to the project and re-package.
WARNING: [IP_Flow 19-3898] File Group 'xilinx_anylanguagebehavioralsimulation (Simulation)': File 'c:/Pentek/IP/2019.1/pentek/ip/px_dma_ppkt2pcie_512/px_dma_ppkt2pcie_512.srcs/sources_1/ip/px_dma_ppkt2pcie_req_in_fifo/px_dma_ppkt2pcie_req_in_fifo.xci' is not found in the project sources. It will be removed from the packaged IP when the sources are merged. If still required, please add this file to the project and re-package.
WARNING: [IP_Flow 19-3898] File Group 'xilinx_anylanguagebehavioralsimulation (Simulation)': File 'c:/Pentek/IP/2019.1/pentek/ip/px_dma_ppkt2pcie_512/px_dma_ppkt2pcie_512.srcs/sources_1/ip/px_dma_ppkt2pcie_hdr_fifo/px_dma_ppkt2pcie_hdr_fifo.xci' is not found in the project sources. It will be removed from the packaged IP when the sources are merged. If still required, please add this file to the project and re-package.
WARNING: [IP_Flow 19-3898] File Group 'xilinx_anylanguagebehavioralsimulation (Simulation)': File 'c:/Pentek/IP/2019.1/pentek/ip/px_dma_ppkt2pcie_512/px_dma_ppkt2pcie_512.srcs/sources_1/ip/px_dma_ppkt2pcie_rdr_fifo/px_dma_ppkt2pcie_rdr_fifo.xci' is not found in the project sources. It will be removed from the packaged IP when the sources are merged. If still required, please add this file to the project and re-package.
WARNING: [IP_Flow 19-3898] File Group 'xilinx_anylanguagebehavioralsimulation (Simulation)': File 'c:/Pentek/IP/2019.1/pentek/ip/px_dma_ppkt2pcie_512/px_dma_ppkt2pcie_512.srcs/sources_1/ip/px_dma_ppkt2pcie_descr_ram/px_dma_ppkt2pcie_descr_ram.xci' is not found in the project sources. It will be removed from the packaged IP when the sources are merged. If still required, please add this file to the project and re-package.
WARNING: [IP_Flow 19-3898] File Group 'xilinx_anylanguagebehavioralsimulation (Simulation)': File 'c:/Pentek/IP/2019.1/pentek/ip/px_dma_ppkt2pcie_512/px_dma_ppkt2pcie_512.srcs/sources_1/ip/px_axil_bram_ctlr_dsp/px_axil_bram_ctlr_dsp.xci' is not found in the project sources. It will be removed from the packaged IP when the sources are merged. If still required, please add this file to the project and re-package.
WARNING: [IP_Flow 19-3898] File Group 'xilinx_anylanguagebehavioralsimulation (Simulation)': File 'c:/Pentek/IP/2019.1/pentek/ip/px_dma_ppkt2pcie_512/px_dma_ppkt2pcie_512.srcs/sources_1/ip/px_dma_ppkt2pcie_in_strm_fifo32k/px_dma_ppkt2pcie_in_strm_fifo32k.xci' is not found in the project sources. It will be removed from the packaged IP when the sources are merged. If still required, please add this file to the project and re-package.
WARNING: [IP_Flow 19-3898] File Group 'xilinx_anylanguagebehavioralsimulation (Simulation)': File 'c:/Pentek/IP/2019.1/pentek/ip/px_dma_ppkt2pcie_512/px_dma_ppkt2pcie_512.srcs/sources_1/new/px_axil_dma_csr.vhd' is not found in the project sources. It will be removed from the packaged IP when the sources are merged. If still required, please add this file to the project and re-package.
WARNING: [IP_Flow 19-3898] File Group 'xilinx_anylanguagebehavioralsimulation (Simulation)': File 'c:/Pentek/IP/2019.1/pentek/ip/px_dma_ppkt2pcie_512/px_dma_ppkt2pcie_512.srcs/sources_1/new/px_dma_ppkt2pcie_512_csr.vhd' is not found in the project sources. It will be removed from the packaged IP when the sources are merged. If still required, please add this file to the project and re-package.
WARNING: [IP_Flow 19-3898] File Group 'xilinx_anylanguagebehavioralsimulation (Simulation)': File 'c:/Pentek/IP/2019.1/pentek/ip/px_dma_ppkt2pcie_512/px_dma_ppkt2pcie_512.srcs/sources_1/new/px_dma_ppkt2pcie_512_packetizer.vhd' is not found in the project sources. It will be removed from the packaged IP when the sources are merged. If still required, please add this file to the project and re-package.
WARNING: [IP_Flow 19-3898] File Group 'xilinx_anylanguagebehavioralsimulation (Simulation)': File 'c:/Pentek/IP/2019.1/pentek/ip/px_dma_ppkt2pcie_512/px_dma_ppkt2pcie_512.srcs/sources_1/new/px_dma_ppkt2pcie_512_reader.vhd' is not found in the project sources. It will be removed from the packaged IP when the sources are merged. If still required, please add this file to the project and re-package.
WARNING: [IP_Flow 19-3898] File Group 'xilinx_anylanguagebehavioralsimulation (Simulation)': File 'c:/Pentek/IP/2019.1/pentek/ip/px_dma_ppkt2pcie_512/px_dma_ppkt2pcie_512.srcs/sources_1/new/px_dma_ppkt2pcie_512dmasm.vhd' is not found in the project sources. It will be removed from the packaged IP when the sources are merged. If still required, please add this file to the project and re-package.
WARNING: [IP_Flow 19-3898] File Group 'xilinx_anylanguagebehavioralsimulation (Simulation)': File 'c:/Pentek/IP/2019.1/pentek/ip/px_dma_ppkt2pcie_512/px_dma_ppkt2pcie_512.srcs/sources_1/new/px_dma_ppkt2pcie_leastof4.vhd' is not found in the project sources. It will be removed from the packaged IP when the sources are merged. If still required, please add this file to the project and re-package.
WARNING: [IP_Flow 19-3898] File Group 'xilinx_anylanguagebehavioralsimulation (Simulation)': File 'c:/Pentek/IP/2019.1/pentek/ip/px_dma_ppkt2pcie_512/px_dma_ppkt2pcie_512.srcs/sources_1/new/px_dma_ppkt2pcie_512.vhd' is not found in the project sources. It will be removed from the packaged IP when the sources are merged. If still required, please add this file to the project and re-package.
WARNING: [IP_Flow 19-3898] File Group 'xilinx_testbench (Test Bench)': File 'c:/Pentek/IP/2019.1/pentek/ip/px_dma_ppkt2pcie_512/px_dma_ppkt2pcie_512.srcs/sources_1/imports/px_ip/px_utility_pkg/px_utility_pkg.vhd' is not found in the project sources. It will be removed from the packaged IP when the sources are merged. If still required, please add this file to the project and re-package.
WARNING: [IP_Flow 19-3898] File Group 'xilinx_testbench (Test Bench)': File 'c:/Pentek/IP/2019.1/pentek/ip/px_dma_ppkt2pcie_512/px_dma_ppkt2pcie_512.srcs/sim_1/new/tb_px_dma_ppkt2pcie_512.vhd' is not found in the project sources. It will be removed from the packaged IP when the sources are merged. If still required, please add this file to the project and re-package.
WARNING: [IP_Flow 19-3898] File Group 'xilinx_testbench (Test Bench)': File 'c:/Pentek/IP/2019.1/pentek/ip/px_dma_ppkt2pcie_512/test_parameters.txt' is not found in the project sources. It will be removed from the packaged IP when the sources are merged. If still required, please add this file to the project and re-package.
WARNING: [IP_Flow 19-3898] File Group 'xilinx_testbench (Test Bench)': File 'c:/Pentek/IP/2019.1/pentek/ip/px_dma_ppkt2pcie_512/test_results.txt' is not found in the project sources. It will be removed from the packaged IP when the sources are merged. If still required, please add this file to the project and re-package.
set_property core_revision 4 [ipx::current_core]
ipx::create_xgui_files [ipx::current_core]
ipx::update_checksums [ipx::current_core]
ipx::save_core [ipx::current_core]
update_ip_catalog -rebuild -repo_path c:/Pentek/IP/2019.1/pentek
INFO: [IP_Flow 19-725] Reloaded user IP repository 'c:/Pentek/IP/2019.1/pentek'
WARNING: [IP_Flow 19-4830] Duplicate Interface found for 'xilinx.com:display_cmac_usplus:an_lt_ctrl_ports_int:2.0'. The one found in location 'c:/Xilinx/Vivado/2019.1/patches/AR72445/vivado/data/ip/xilinx/cmac_usplus_v2_6/interfaces/an_lt_ctrl_ports_int.xml' will take precedence over the same Interface in location 'c:/Xilinx/Vivado/2019.1/data/ip/xilinx/cmac_usplus_v2_4/interfaces/an_lt_ctrl_ports_int.xml'
WARNING: [IP_Flow 19-4830] Duplicate Interface found for 'xilinx.com:display_cmac_usplus:ctrl_ports_int:2.0'. The one found in location 'c:/Xilinx/Vivado/2019.1/patches/AR72445/vivado/data/ip/xilinx/cmac_usplus_v2_6/interfaces/ctrl_ports_int.xml' will take precedence over the same Interface in location 'c:/Xilinx/Vivado/2019.1/data/ip/xilinx/cmac_usplus_v2_4/interfaces/ctrl_ports_int.xml'
WARNING: [IP_Flow 19-4830] Duplicate Interface found for 'xilinx.com:display_cmac_usplus:drp_ports_int:2.0'. The one found in location 'c:/Xilinx/Vivado/2019.1/patches/AR72445/vivado/data/ip/xilinx/cmac_usplus_v2_6/interfaces/drp_ports_int.xml' will take precedence over the same Interface in location 'c:/Xilinx/Vivado/2019.1/data/ip/xilinx/cmac_usplus_v2_4/interfaces/drp_ports_int.xml'
WARNING: [IP_Flow 19-4830] Duplicate Interface found for 'xilinx.com:display_cmac_usplus:flowctrl_ports_int:2.0'. The one found in location 'c:/Xilinx/Vivado/2019.1/patches/AR72445/vivado/data/ip/xilinx/cmac_usplus_v2_6/interfaces/flowctrl_ports_int.xml' will take precedence over the same Interface in location 'c:/Xilinx/Vivado/2019.1/data/ip/xilinx/cmac_usplus_v2_4/interfaces/flowctrl_ports_int.xml'
WARNING: [IP_Flow 19-4830] Duplicate Interface found for 'xilinx.com:display_cmac_usplus:gt_ports_int:2.0'. The one found in location 'c:/Xilinx/Vivado/2019.1/patches/AR72445/vivado/data/ip/xilinx/cmac_usplus_v2_6/interfaces/gt_ports_int.xml' will take precedence over the same Interface in location 'c:/Xilinx/Vivado/2019.1/data/ip/xilinx/cmac_usplus_v2_4/interfaces/gt_ports_int.xml'
WARNING: [IP_Flow 19-4830] Duplicate Interface found for 'xilinx.com:display_cmac_usplus:ieee_1588_ports_int:2.0'. The one found in location 'c:/Xilinx/Vivado/2019.1/patches/AR72445/vivado/data/ip/xilinx/cmac_usplus_v2_6/interfaces/ieee_1588_ports_int.xml' will take precedence over the same Interface in location 'c:/Xilinx/Vivado/2019.1/data/ip/xilinx/cmac_usplus_v2_4/interfaces/ieee_1588_ports_int.xml'
WARNING: [IP_Flow 19-4830] Duplicate Interface found for 'xilinx.com:display_cmac_usplus:lbus_ports_int:2.0'. The one found in location 'c:/Xilinx/Vivado/2019.1/patches/AR72445/vivado/data/ip/xilinx/cmac_usplus_v2_6/interfaces/lbus_ports_int.xml' will take precedence over the same Interface in location 'c:/Xilinx/Vivado/2019.1/data/ip/xilinx/cmac_usplus_v2_4/interfaces/lbus_ports_int.xml'
WARNING: [IP_Flow 19-4830] Duplicate Interface found for 'xilinx.com:display_cmac_usplus:otn_ports_int:2.0'. The one found in location 'c:/Xilinx/Vivado/2019.1/patches/AR72445/vivado/data/ip/xilinx/cmac_usplus_v2_6/interfaces/otn_ports_int.xml' will take precedence over the same Interface in location 'c:/Xilinx/Vivado/2019.1/data/ip/xilinx/cmac_usplus_v2_4/interfaces/otn_ports_int.xml'
WARNING: [IP_Flow 19-4830] Duplicate Interface found for 'xilinx.com:display_cmac_usplus:rs_fec_ports_int:2.0'. The one found in location 'c:/Xilinx/Vivado/2019.1/patches/AR72445/vivado/data/ip/xilinx/cmac_usplus_v2_6/interfaces/rs_fec_ports_int.xml' will take precedence over the same Interface in location 'c:/Xilinx/Vivado/2019.1/data/ip/xilinx/cmac_usplus_v2_4/interfaces/rs_fec_ports_int.xml'
WARNING: [IP_Flow 19-4830] Duplicate Interface found for 'xilinx.com:display_cmac_usplus:shared_logic_ports_int:2.0'. The one found in location 'c:/Xilinx/Vivado/2019.1/patches/AR72445/vivado/data/ip/xilinx/cmac_usplus_v2_6/interfaces/shared_logic_ports_int.xml' will take precedence over the same Interface in location 'c:/Xilinx/Vivado/2019.1/data/ip/xilinx/cmac_usplus_v2_4/interfaces/shared_logic_ports_int.xml'
WARNING: [IP_Flow 19-4830] Duplicate Interface found for 'xilinx.com:display_cmac_usplus:statistics_ports_int:2.0'. The one found in location 'c:/Xilinx/Vivado/2019.1/patches/AR72445/vivado/data/ip/xilinx/cmac_usplus_v2_6/interfaces/statistics_ports_int.xml' will take precedence over the same Interface in location 'c:/Xilinx/Vivado/2019.1/data/ip/xilinx/cmac_usplus_v2_4/interfaces/statistics_ports_int.xml'
set_property core_revision 5 [ipx::current_core]
ipx::create_xgui_files [ipx::current_core]
ipx::update_checksums [ipx::current_core]
ipx::save_core [ipx::current_core]
update_ip_catalog -rebuild -repo_path c:/Pentek/IP/2019.1/pentek
INFO: [IP_Flow 19-725] Reloaded user IP repository 'c:/Pentek/IP/2019.1/pentek'
WARNING: [IP_Flow 19-4830] Duplicate Interface found for 'xilinx.com:display_cmac_usplus:an_lt_ctrl_ports_int:2.0'. The one found in location 'c:/Xilinx/Vivado/2019.1/patches/AR72445/vivado/data/ip/xilinx/cmac_usplus_v2_6/interfaces/an_lt_ctrl_ports_int.xml' will take precedence over the same Interface in location 'c:/Xilinx/Vivado/2019.1/data/ip/xilinx/cmac_usplus_v2_4/interfaces/an_lt_ctrl_ports_int.xml'
WARNING: [IP_Flow 19-4830] Duplicate Interface found for 'xilinx.com:display_cmac_usplus:ctrl_ports_int:2.0'. The one found in location 'c:/Xilinx/Vivado/2019.1/patches/AR72445/vivado/data/ip/xilinx/cmac_usplus_v2_6/interfaces/ctrl_ports_int.xml' will take precedence over the same Interface in location 'c:/Xilinx/Vivado/2019.1/data/ip/xilinx/cmac_usplus_v2_4/interfaces/ctrl_ports_int.xml'
WARNING: [IP_Flow 19-4830] Duplicate Interface found for 'xilinx.com:display_cmac_usplus:drp_ports_int:2.0'. The one found in location 'c:/Xilinx/Vivado/2019.1/patches/AR72445/vivado/data/ip/xilinx/cmac_usplus_v2_6/interfaces/drp_ports_int.xml' will take precedence over the same Interface in location 'c:/Xilinx/Vivado/2019.1/data/ip/xilinx/cmac_usplus_v2_4/interfaces/drp_ports_int.xml'
WARNING: [IP_Flow 19-4830] Duplicate Interface found for 'xilinx.com:display_cmac_usplus:flowctrl_ports_int:2.0'. The one found in location 'c:/Xilinx/Vivado/2019.1/patches/AR72445/vivado/data/ip/xilinx/cmac_usplus_v2_6/interfaces/flowctrl_ports_int.xml' will take precedence over the same Interface in location 'c:/Xilinx/Vivado/2019.1/data/ip/xilinx/cmac_usplus_v2_4/interfaces/flowctrl_ports_int.xml'
WARNING: [IP_Flow 19-4830] Duplicate Interface found for 'xilinx.com:display_cmac_usplus:gt_ports_int:2.0'. The one found in location 'c:/Xilinx/Vivado/2019.1/patches/AR72445/vivado/data/ip/xilinx/cmac_usplus_v2_6/interfaces/gt_ports_int.xml' will take precedence over the same Interface in location 'c:/Xilinx/Vivado/2019.1/data/ip/xilinx/cmac_usplus_v2_4/interfaces/gt_ports_int.xml'
WARNING: [IP_Flow 19-4830] Duplicate Interface found for 'xilinx.com:display_cmac_usplus:ieee_1588_ports_int:2.0'. The one found in location 'c:/Xilinx/Vivado/2019.1/patches/AR72445/vivado/data/ip/xilinx/cmac_usplus_v2_6/interfaces/ieee_1588_ports_int.xml' will take precedence over the same Interface in location 'c:/Xilinx/Vivado/2019.1/data/ip/xilinx/cmac_usplus_v2_4/interfaces/ieee_1588_ports_int.xml'
WARNING: [IP_Flow 19-4830] Duplicate Interface found for 'xilinx.com:display_cmac_usplus:lbus_ports_int:2.0'. The one found in location 'c:/Xilinx/Vivado/2019.1/patches/AR72445/vivado/data/ip/xilinx/cmac_usplus_v2_6/interfaces/lbus_ports_int.xml' will take precedence over the same Interface in location 'c:/Xilinx/Vivado/2019.1/data/ip/xilinx/cmac_usplus_v2_4/interfaces/lbus_ports_int.xml'
WARNING: [IP_Flow 19-4830] Duplicate Interface found for 'xilinx.com:display_cmac_usplus:otn_ports_int:2.0'. The one found in location 'c:/Xilinx/Vivado/2019.1/patches/AR72445/vivado/data/ip/xilinx/cmac_usplus_v2_6/interfaces/otn_ports_int.xml' will take precedence over the same Interface in location 'c:/Xilinx/Vivado/2019.1/data/ip/xilinx/cmac_usplus_v2_4/interfaces/otn_ports_int.xml'
WARNING: [IP_Flow 19-4830] Duplicate Interface found for 'xilinx.com:display_cmac_usplus:rs_fec_ports_int:2.0'. The one found in location 'c:/Xilinx/Vivado/2019.1/patches/AR72445/vivado/data/ip/xilinx/cmac_usplus_v2_6/interfaces/rs_fec_ports_int.xml' will take precedence over the same Interface in location 'c:/Xilinx/Vivado/2019.1/data/ip/xilinx/cmac_usplus_v2_4/interfaces/rs_fec_ports_int.xml'
WARNING: [IP_Flow 19-4830] Duplicate Interface found for 'xilinx.com:display_cmac_usplus:shared_logic_ports_int:2.0'. The one found in location 'c:/Xilinx/Vivado/2019.1/patches/AR72445/vivado/data/ip/xilinx/cmac_usplus_v2_6/interfaces/shared_logic_ports_int.xml' will take precedence over the same Interface in location 'c:/Xilinx/Vivado/2019.1/data/ip/xilinx/cmac_usplus_v2_4/interfaces/shared_logic_ports_int.xml'
WARNING: [IP_Flow 19-4830] Duplicate Interface found for 'xilinx.com:display_cmac_usplus:statistics_ports_int:2.0'. The one found in location 'c:/Xilinx/Vivado/2019.1/patches/AR72445/vivado/data/ip/xilinx/cmac_usplus_v2_6/interfaces/statistics_ports_int.xml' will take precedence over the same Interface in location 'c:/Xilinx/Vivado/2019.1/data/ip/xilinx/cmac_usplus_v2_4/interfaces/statistics_ports_int.xml'
exit
INFO: [Common 17-206] Exiting Vivado at Tue Aug 27 11:48:55 2019...
