#-----------------------------------------------------------
# Vivado v2019.2 (64-bit)
# SW Build 2700185 on Thu Oct 24 18:46:05 MDT 2019
# IP Build 2699827 on Thu Oct 24 21:16:38 MDT 2019
# Start of session at: Tue Mar 10 08:27:56 2020
# Process ID: 14868
# Current directory: C:/Pentek/IP/2019.2/pentek/ip/px_axis_dacflowctl_256
# Command line: vivado.exe -gui_launcher_event rodinguilauncherevent17672 C:\Pentek\IP\2019.2\pentek\ip\px_axis_dacflowctl_256\px_axis_dacflowctl_256.xpr
# Log file: C:/Pentek/IP/2019.2/pentek/ip/px_axis_dacflowctl_256/vivado.log
# Journal file: C:/Pentek/IP/2019.2/pentek/ip/px_axis_dacflowctl_256\vivado.jou
#-----------------------------------------------------------
INFO: [Common 17-1460] Use of init.tcl in C:/Users/Rich/AppData/Roaming/Xilinx/Vivado/init.tcl is deprecated. Please use Vivado_init.tcl 
Sourcing tcl script 'C:/Users/Rich/AppData/Roaming/Xilinx/Vivado/init.tcl'
72 Beta devices matching pattern found, 72 enabled.
start_gui
open_project C:/Pentek/IP/2019.2/pentek/ip/px_axis_dacflowctl_256/px_axis_dacflowctl_256.xpr
Scanning sources...
Finished scanning sources
WARNING: [filemgmt 56-3] IPUserFilesDir: Could not find the directory 'C:/Pentek/IP/2019.2/pentek/ip/px_axis_dacflowctl_256/px_axis_dacflowctl_256.ip_user_files'.
INFO: [IP_Flow 19-234] Refreshing IP repositories
INFO: [IP_Flow 19-1700] Loaded user IP repository 'c:/Pentek/IP/2019.2/pentek'.
WARNING: [IP_Flow 19-3656] If you move the project, the path for repository 'c:/Pentek/IP/2019.2/pentek' may become invalid. A better location for the repository would be in a path adjacent to the project. (Current project location is 'c:/Pentek/IP/2019.2/pentek/ip/px_axis_dacflowctl_256'.)
INFO: [IP_Flow 19-2313] Loaded Vivado IP repository 'C:/Xilinx/Vivado/2019.2/data/ip'.
open_project: Time (s): cpu = 00:00:09 ; elapsed = 00:00:10 . Memory (MB): peak = 940.430 ; gain = 49.105
update_compile_order -fileset sources_1
ipx::open_ipxact_file {C:\Pentek\IP\2019.2\pentek\ip\px_axis_dacflowctl_256\component.xml}
WARNING: [IP_Flow 19-5226] Project source file 'c:/Pentek/IP/2019.2/pentek/ip/px_axis_dacflowctl_256/component.xml' ignored by IP packager.
WARNING: [IP_Flow 19-3833] Unreferenced file from the top module is not packaged: 'C:/Pentek/IP/2019.2/pentek/ip/px_axis_dacflowctl_256/px_axis_dacflowctl_256.srcs/sources_1/ip/px_axis_dacflowctl_256_wcnv/px_axis_dacflowctl_256_wcnv.xci'.
WARNING: [IP_Flow 19-3898] File Group 'xilinx_anylanguagesynthesis (Synthesis)': File 'c:/Pentek/IP/2019.2/pentek/ip/px_axis_dacflowctl_256/px_axis_dacflowctl_256.srcs/sources_1/new/px_axis_dacflowctl_256_csr.vhd' is not found in the project sources. It will be removed from the packaged IP when the sources are merged. If still required, please add this file to the project and re-package.
WARNING: [IP_Flow 19-3898] File Group 'xilinx_anylanguagesynthesis (Synthesis)': File 'c:/Pentek/IP/2019.2/pentek/ip/px_axis_dacflowctl_256/px_axis_dacflowctl_256.srcs/sources_1/new/px_axis_dacflowctl_256_dwncntr.vhd' is not found in the project sources. It will be removed from the packaged IP when the sources are merged. If still required, please add this file to the project and re-package.
WARNING: [IP_Flow 19-3898] File Group 'xilinx_anylanguagesynthesis (Synthesis)': File 'c:/Pentek/IP/2019.2/pentek/ip/px_axis_dacflowctl_256/px_axis_dacflowctl_256.srcs/sources_1/ip/px_axil_csr_dflw_256/px_axil_csr_dflw_256.xci' is not found in the project sources. It will be removed from the packaged IP when the sources are merged. If still required, please add this file to the project and re-package.
WARNING: [IP_Flow 19-3898] File Group 'xilinx_anylanguagesynthesis (Synthesis)': File 'c:/Pentek/IP/2019.2/pentek/ip/px_axis_dacflowctl_256/px_axis_dacflowctl_256.srcs/sources_1/ip/px_axis_dacflowctl_256_fifo/px_axis_dacflowctl_256_fifo.xci' is not found in the project sources. It will be removed from the packaged IP when the sources are merged. If still required, please add this file to the project and re-package.
WARNING: [IP_Flow 19-3898] File Group 'xilinx_anylanguagesynthesis (Synthesis)': File 'c:/Pentek/IP/2019.2/pentek/ip/px_axis_dacflowctl_256/px_axis_dacflowctl_256.srcs/sources_1/new/px_axis_dacflowctl_256.vhd' is not found in the project sources. It will be removed from the packaged IP when the sources are merged. If still required, please add this file to the project and re-package.
WARNING: [IP_Flow 19-3898] File Group 'xilinx_anylanguagebehavioralsimulation (Simulation)': File 'c:/Pentek/IP/2018.3/pentek/ip/px_axis_dacflowctl_256/px_axis_dacflowctl_256.srcs/sources_1/ip/px_axis_dacflowctl_256_wcnv/px_axis_dacflowctl_256_wcnv.xci' is not found in the project sources. It will be removed from the packaged IP when the sources are merged. If still required, please add this file to the project and re-package.
WARNING: [IP_Flow 19-3898] File Group 'xilinx_anylanguagebehavioralsimulation (Simulation)': File 'c:/Pentek/IP/2019.2/pentek/ip/px_axis_dacflowctl_256/px_axis_dacflowctl_256.srcs/sources_1/new/px_axis_dacflowctl_256_csr.vhd' is not found in the project sources. It will be removed from the packaged IP when the sources are merged. If still required, please add this file to the project and re-package.
WARNING: [IP_Flow 19-3898] File Group 'xilinx_anylanguagebehavioralsimulation (Simulation)': File 'c:/Pentek/IP/2019.2/pentek/ip/px_axis_dacflowctl_256/px_axis_dacflowctl_256.srcs/sources_1/new/px_axis_dacflowctl_256_dwncntr.vhd' is not found in the project sources. It will be removed from the packaged IP when the sources are merged. If still required, please add this file to the project and re-package.
WARNING: [IP_Flow 19-3898] File Group 'xilinx_anylanguagebehavioralsimulation (Simulation)': File 'c:/Pentek/IP/2019.2/pentek/ip/px_axis_dacflowctl_256/px_axis_dacflowctl_256.srcs/sources_1/ip/px_axil_csr_dflw_256/px_axil_csr_dflw_256.xci' is not found in the project sources. It will be removed from the packaged IP when the sources are merged. If still required, please add this file to the project and re-package.
WARNING: [IP_Flow 19-3898] File Group 'xilinx_anylanguagebehavioralsimulation (Simulation)': File 'c:/Pentek/IP/2019.2/pentek/ip/px_axis_dacflowctl_256/px_axis_dacflowctl_256.srcs/sources_1/ip/px_axis_dacflowctl_256_fifo/px_axis_dacflowctl_256_fifo.xci' is not found in the project sources. It will be removed from the packaged IP when the sources are merged. If still required, please add this file to the project and re-package.
WARNING: [IP_Flow 19-3898] File Group 'xilinx_anylanguagebehavioralsimulation (Simulation)': File 'c:/Pentek/IP/2019.2/pentek/ip/px_axis_dacflowctl_256/px_axis_dacflowctl_256.srcs/sources_1/new/px_axis_dacflowctl_256.vhd' is not found in the project sources. It will be removed from the packaged IP when the sources are merged. If still required, please add this file to the project and re-package.
WARNING: [IP_Flow 19-3898] File Group 'xilinx_testbench (Test Bench)': File 'c:/Pentek/IP/2019.2/pentek/ip/px_axis_dacflowctl_256/px_axis_dacflowctl_256.srcs/sim_1/new/tb_px_axis_dacflowctl_256.vhd' is not found in the project sources. It will be removed from the packaged IP when the sources are merged. If still required, please add this file to the project and re-package.
WARNING: [IP_Flow 19-3898] File Group 'xilinx_testbench (Test Bench)': File 'c:/Pentek/IP/2019.2/pentek/ip/px_axis_dacflowctl_256/tb_px_axis_dacflowctl_256_behav.wcfg' is not found in the project sources. It will be removed from the packaged IP when the sources are merged. If still required, please add this file to the project and re-package.
set_property core_revision 9 [ipx::current_core]
ipx::create_xgui_files [ipx::current_core]
ipx::update_checksums [ipx::current_core]
ipx::save_core [ipx::current_core]
update_ip_catalog -rebuild -repo_path c:/Pentek/IP/2019.2/pentek
INFO: [IP_Flow 19-725] Reloaded user IP repository 'c:/Pentek/IP/2019.2/pentek'
exit
INFO: [Common 17-206] Exiting Vivado at Tue Mar 10 08:44:20 2020...
