#-----------------------------------------------------------
# Vivado v2017.3 (64-bit)
# SW Build 2018833 on Wed Oct  4 19:58:22 MDT 2017
# IP Build 2016188 on Wed Oct  4 21:52:56 MDT 2017
# Start of session at: Mon Apr  2 11:02:34 2018
# Process ID: 2652
# Current directory: C:/pentek/ip/2017.3/pentek/ip/px_lmk04832intrfc
# Command line: vivado.exe -gui_launcher_event rodinguilauncherevent12604 C:\pentek\ip\2017.3\pentek\ip\px_lmk04832intrfc\px_lmk04832intrfc.xpr
# Log file: C:/pentek/ip/2017.3/pentek/ip/px_lmk04832intrfc/vivado.log
# Journal file: C:/pentek/ip/2017.3/pentek/ip/px_lmk04832intrfc\vivado.jou
#-----------------------------------------------------------
INFO: [Common 17-1460] Use of init.tcl in C:/Users/Germain/AppData/Roaming/Xilinx/Vivado/init.tcl is deprecated. Please use Vivado_init.tcl 
Sourcing tcl script 'C:/Users/Germain/AppData/Roaming/Xilinx/Vivado/init.tcl'
start_gui
open_project C:/pentek/ip/2017.3/pentek/ip/px_lmk04832intrfc/px_lmk04832intrfc.xpr
INFO: [Project 1-313] Project file moved from 'C:/pentek/ip/2017.2/pentek/ip/px_lmk04832intrfc' since last save.
Scanning sources...
Finished scanning sources
INFO: [filemgmt 56-1] IP Repository Path: Directory not found as 'C:/pentek/ip/2017.3/wip'; using path 'C:/pentek/ip/2017.2/wip' instead.
INFO: [IP_Flow 19-234] Refreshing IP repositories
INFO: [IP_Flow 19-1700] Loaded user IP repository 'c:/pentek/ip/2017.3/pentek/ip'.
WARNING: [IP_Flow 19-3656] If you move the project, the path for repository 'c:/pentek/ip/2017.3/pentek/ip' may become invalid. A better location for the repository would be in a path adjacent to the project. (Current project location is 'c:/pentek/ip/2017.3/pentek/ip/px_lmk04832intrfc'.)
INFO: [IP_Flow 19-1700] Loaded user IP repository 'c:/pentek/ip/2017.2/wip'.
INFO: [IP_Flow 19-2313] Loaded Vivado IP repository 'C:/Xilinx/Vivado/2017.3/data/ip'.
WARNING: [IP_Flow 19-2162] IP 'px_lmk_spi' is locked:
* IP definition 'px_serial_int_v1_0 (1.0)' for IP 'px_lmk_spi' (customized with software release 2017.2) has a different revision in the IP Catalog.
Please select 'Report IP Status' from the 'Tools/Report' menu or run Tcl command 'report_ip_status' for more information.
WARNING: [IP_Flow 19-2162] IP 'px_lmk04832_csr' is locked:
* IP definition 'px_axil_csr_v1_0 (1.0)' for IP 'px_lmk04832_csr' (customized with software release 2017.2) has a different revision in the IP Catalog.
Please select 'Report IP Status' from the 'Tools/Report' menu or run Tcl command 'report_ip_status' for more information.
INFO: [Project 1-230] Project 'px_lmk04832intrfc.xpr' upgraded for this version of Vivado.
open_project: Time (s): cpu = 00:00:18 ; elapsed = 00:00:16 . Memory (MB): peak = 842.063 ; gain = 120.551
update_compile_order -fileset sources_1
report_ip_status -name ip_status 
update_ip_catalog -rebuild -scan_changes
INFO: [IP_Flow 19-234] Refreshing IP repositories
INFO: [IP_Flow 19-1700] Loaded user IP repository 'c:/pentek/ip/2017.3/pentek/ip'.
WARNING: [IP_Flow 19-3656] If you move the project, the path for repository 'c:/pentek/ip/2017.3/pentek/ip' may become invalid. A better location for the repository would be in a path adjacent to the project. (Current project location is 'c:/pentek/ip/2017.3/pentek/ip/px_lmk04832intrfc'.)
INFO: [IP_Flow 19-1700] Loaded user IP repository 'c:/pentek/ip/2017.2/wip'.
report_ip_status -name ip_status
upgrade_ip [get_ips  {px_lmk04832_csr px_lmk_spi}] -log ip_upgrade.log
Upgrading 'px_lmk04832_csr'
INFO: [IP_Flow 19-3422] Upgraded px_lmk04832_csr (px_axil_csr_v1_0 1.0) from revision 18 to revision 19
INFO: [IP_Flow 19-1686] Generating 'Instantiation Template' target for IP 'px_lmk04832_csr'...
Upgrading 'px_lmk_spi'
INFO: [IP_Flow 19-3422] Upgraded px_lmk_spi (px_serial_int_v1_0 1.0) from revision 7 to revision 12
INFO: [IP_Flow 19-1686] Generating 'Instantiation Template' target for IP 'px_lmk_spi'...
INFO: [Coretcl 2-1525] Wrote upgrade log to 'C:/pentek/ip/2017.3/pentek/ip/px_lmk04832intrfc/ip_upgrade.log'.
export_ip_user_files -of_objects [get_ips {px_lmk04832_csr px_lmk_spi}] -no_script -sync -force -quiet
generate_target all [get_files  {C:/pentek/ip/2017.3/pentek/ip/px_lmk04832intrfc/px_lmk04832intrfc.srcs/sources_1/ip/px_lmk04832_csr/px_lmk04832_csr.xci C:/pentek/ip/2017.3/pentek/ip/px_lmk04832intrfc/px_lmk04832intrfc.srcs/sources_1/ip/px_lmk_spi/px_lmk_spi.xci}]
INFO: [IP_Flow 19-1686] Generating 'Synthesis' target for IP 'px_lmk04832_csr'...
INFO: [IP_Flow 19-1686] Generating 'Simulation' target for IP 'px_lmk04832_csr'...
INFO: [IP_Flow 19-1686] Generating 'Test Bench' target for IP 'px_lmk04832_csr'...
INFO: [IP_Flow 19-1686] Generating 'Change Log' target for IP 'px_lmk04832_csr'...
INFO: [IP_Flow 19-1686] Generating 'Synthesis' target for IP 'px_lmk_spi'...
INFO: [IP_Flow 19-1686] Generating 'Simulation' target for IP 'px_lmk_spi'...
INFO: [IP_Flow 19-1686] Generating 'Test Bench' target for IP 'px_lmk_spi'...
INFO: [IP_Flow 19-1686] Generating 'Change Log' target for IP 'px_lmk_spi'...
catch { config_ip_cache -export [get_ips -all px_lmk04832_csr] }
catch { config_ip_cache -export [get_ips -all px_lmk_spi] }
export_ip_user_files -of_objects [get_files C:/pentek/ip/2017.3/pentek/ip/px_lmk04832intrfc/px_lmk04832intrfc.srcs/sources_1/ip/px_lmk04832_csr/px_lmk04832_csr.xci] -no_script -sync -force -quiet
export_ip_user_files -of_objects [get_files C:/pentek/ip/2017.3/pentek/ip/px_lmk04832intrfc/px_lmk04832intrfc.srcs/sources_1/ip/px_lmk_spi/px_lmk_spi.xci] -no_script -sync -force -quiet
create_ip_run [get_files -of_objects [get_fileset sources_1] C:/pentek/ip/2017.3/pentek/ip/px_lmk04832intrfc/px_lmk04832intrfc.srcs/sources_1/ip/px_lmk04832_csr/px_lmk04832_csr.xci]
create_ip_run [get_files -of_objects [get_fileset sources_1] C:/pentek/ip/2017.3/pentek/ip/px_lmk04832intrfc/px_lmk04832intrfc.srcs/sources_1/ip/px_lmk_spi/px_lmk_spi.xci]
launch_runs -jobs 6 {px_lmk04832_csr_synth_1 px_lmk_spi_synth_1}
[Mon Apr  2 11:06:56 2018] Launched px_lmk04832_csr_synth_1, px_lmk_spi_synth_1...
Run output will be captured here:
px_lmk04832_csr_synth_1: C:/pentek/ip/2017.3/pentek/ip/px_lmk04832intrfc/px_lmk04832intrfc.runs/px_lmk04832_csr_synth_1/runme.log
px_lmk_spi_synth_1: C:/pentek/ip/2017.3/pentek/ip/px_lmk04832intrfc/px_lmk04832intrfc.runs/px_lmk_spi_synth_1/runme.log
export_simulation -of_objects [get_files C:/pentek/ip/2017.3/pentek/ip/px_lmk04832intrfc/px_lmk04832intrfc.srcs/sources_1/ip/px_lmk04832_csr/px_lmk04832_csr.xci] -directory C:/pentek/ip/2017.3/pentek/ip/px_lmk04832intrfc/px_lmk04832intrfc.ip_user_files/sim_scripts -ip_user_files_dir C:/pentek/ip/2017.3/pentek/ip/px_lmk04832intrfc/px_lmk04832intrfc.ip_user_files -ipstatic_source_dir C:/pentek/ip/2017.3/pentek/ip/px_lmk04832intrfc/px_lmk04832intrfc.ip_user_files/ipstatic -lib_map_path [list {modelsim=C:/pentek/ip/2017.3/pentek/ip/px_lmk04832intrfc/px_lmk04832intrfc.cache/compile_simlib/modelsim} {questa=C:/pentek/ip/2017.3/pentek/ip/px_lmk04832intrfc/px_lmk04832intrfc.cache/compile_simlib/questa} {riviera=C:/pentek/ip/2017.3/pentek/ip/px_lmk04832intrfc/px_lmk04832intrfc.cache/compile_simlib/riviera} {activehdl=C:/pentek/ip/2017.3/pentek/ip/px_lmk04832intrfc/px_lmk04832intrfc.cache/compile_simlib/activehdl}] -use_ip_compiled_libs -force -quiet
export_simulation -of_objects [get_files C:/pentek/ip/2017.3/pentek/ip/px_lmk04832intrfc/px_lmk04832intrfc.srcs/sources_1/ip/px_lmk_spi/px_lmk_spi.xci] -directory C:/pentek/ip/2017.3/pentek/ip/px_lmk04832intrfc/px_lmk04832intrfc.ip_user_files/sim_scripts -ip_user_files_dir C:/pentek/ip/2017.3/pentek/ip/px_lmk04832intrfc/px_lmk04832intrfc.ip_user_files -ipstatic_source_dir C:/pentek/ip/2017.3/pentek/ip/px_lmk04832intrfc/px_lmk04832intrfc.ip_user_files/ipstatic -lib_map_path [list {modelsim=C:/pentek/ip/2017.3/pentek/ip/px_lmk04832intrfc/px_lmk04832intrfc.cache/compile_simlib/modelsim} {questa=C:/pentek/ip/2017.3/pentek/ip/px_lmk04832intrfc/px_lmk04832intrfc.cache/compile_simlib/questa} {riviera=C:/pentek/ip/2017.3/pentek/ip/px_lmk04832intrfc/px_lmk04832intrfc.cache/compile_simlib/riviera} {activehdl=C:/pentek/ip/2017.3/pentek/ip/px_lmk04832intrfc/px_lmk04832intrfc.cache/compile_simlib/activehdl}] -use_ip_compiled_libs -force -quiet
report_ip_status -name ip_status 
reset_run synth_1
WARNING: [Vivado 12-1017] Problems encountered:
1. Failed to delete one or more files in run directory C:/pentek/ip/2017.3/pentek/ip/px_lmk04832intrfc/px_lmk04832intrfc.runs/synth_1

launch_runs synth_1 -jobs 6
[Mon Apr  2 11:07:26 2018] Launched px_lmk04832_csr_synth_1, px_lmk_spi_synth_1...
Run output will be captured here:
px_lmk04832_csr_synth_1: C:/pentek/ip/2017.3/pentek/ip/px_lmk04832intrfc/px_lmk04832intrfc.runs/px_lmk04832_csr_synth_1/runme.log
px_lmk_spi_synth_1: C:/pentek/ip/2017.3/pentek/ip/px_lmk04832intrfc/px_lmk04832intrfc.runs/px_lmk_spi_synth_1/runme.log
[Mon Apr  2 11:07:26 2018] Launched synth_1...
Run output will be captured here: C:/pentek/ip/2017.3/pentek/ip/px_lmk04832intrfc/px_lmk04832intrfc.runs/synth_1/runme.log
set_property  ip_repo_paths  c:/pentek/ip/2017.3/pentek/ip [current_project]
update_ip_catalog
INFO: [IP_Flow 19-234] Refreshing IP repositories
INFO: [IP_Flow 19-1700] Loaded user IP repository 'c:/pentek/ip/2017.3/pentek/ip'.
WARNING: [IP_Flow 19-3656] If you move the project, the path for repository 'c:/pentek/ip/2017.3/pentek/ip' may become invalid. A better location for the repository would be in a path adjacent to the project. (Current project location is 'c:/pentek/ip/2017.3/pentek/ip/px_lmk04832intrfc'.)
report_ip_status -name ip_status 
ipx::open_ipxact_file {c:\pentek\ip\2017.3\pentek\ip\px_lmk04832intrfc\px_lmk04832intrfc.srcs\component.xml}
WARNING: [IP_Flow 19-3898] File Group 'xilinx_anylanguagesynthesis (Synthesis)': File 'sources_1/ip/px_lmk04832_csr/px_lmk04832_csr.xci' is not found in the project sources. It will be removed from the packaged IP when the sources are merged. If still required, please add this file to the project and re-package.
WARNING: [IP_Flow 19-3898] File Group 'xilinx_anylanguagesynthesis (Synthesis)': File 'sources_1/ip/px_lmk_spi/px_lmk_spi.xci' is not found in the project sources. It will be removed from the packaged IP when the sources are merged. If still required, please add this file to the project and re-package.
WARNING: [IP_Flow 19-3898] File Group 'xilinx_anylanguagebehavioralsimulation (Simulation)': File 'sources_1/ip/px_lmk04832_csr/px_lmk04832_csr.xci' is not found in the project sources. It will be removed from the packaged IP when the sources are merged. If still required, please add this file to the project and re-package.
WARNING: [IP_Flow 19-3898] File Group 'xilinx_anylanguagebehavioralsimulation (Simulation)': File 'sources_1/ip/px_lmk_spi/px_lmk_spi.xci' is not found in the project sources. It will be removed from the packaged IP when the sources are merged. If still required, please add this file to the project and re-package.
ipx::merge_project_changes files [ipx::current_core]
set_property core_revision 5 [ipx::current_core]
ipx::create_xgui_files [ipx::current_core]
ipx::update_checksums [ipx::current_core]
ipx::save_core [ipx::current_core]
update_ip_catalog -rebuild -repo_path c:/pentek/ip/2017.3/pentek/ip
INFO: [IP_Flow 19-725] Reloaded user IP repository 'c:/pentek/ip/2017.3/pentek/ip'
exit
INFO: [Common 17-206] Exiting Vivado at Mon Apr  2 11:38:27 2018...
