Copyright 1986-2019 Xilinx, Inc. All Rights Reserved.
------------------------------------------------------------------------------------
| Tool Version : Vivado v.2019.2 (win64) Build 2700185 Thu Oct 24 18:46:05 MDT 2019
| Date         : Tue Nov 12 10:40:13 2019
| Host         : Rich-PC running 64-bit major release  (build 9200)
| Command      : upgrade_ip
| Device       : xcvu9p-flgb2104-2-e
------------------------------------------------------------------------------------

Upgrade Log for IP 'px_dma_ppkt2pcie_reqpktcnstrfifo_512'

1. Summary
----------

SUCCESS in the upgrade of px_dma_ppkt2pcie_reqpktcnstrfifo_512 (xilinx.com:ip:fifo_generator:13.2) from (Rev. 4) to (Rev. 5)






Copyright 1986-2019 Xilinx, Inc. All Rights Reserved.
------------------------------------------------------------------------------------
| Tool Version : Vivado v.2019.2 (win64) Build 2700185 Thu Oct 24 18:46:05 MDT 2019
| Date         : Tue Nov 12 10:40:12 2019
| Host         : Rich-PC running 64-bit major release  (build 9200)
| Command      : upgrade_ip
| Device       : xcvu9p-flgb2104-2-e
------------------------------------------------------------------------------------

Upgrade Log for IP 'px_dma_ppkt2pcie_req_in_fifo'

1. Summary
----------

SUCCESS in the upgrade of px_dma_ppkt2pcie_req_in_fifo (xilinx.com:ip:fifo_generator:13.2) from (Rev. 4) to (Rev. 5)






Copyright 1986-2019 Xilinx, Inc. All Rights Reserved.
------------------------------------------------------------------------------------
| Tool Version : Vivado v.2019.2 (win64) Build 2700185 Thu Oct 24 18:46:05 MDT 2019
| Date         : Tue Nov 12 10:40:12 2019
| Host         : Rich-PC running 64-bit major release  (build 9200)
| Command      : upgrade_ip
| Device       : xcvu9p-flgb2104-2-e
------------------------------------------------------------------------------------

Upgrade Log for IP 'px_dma_ppkt2pcie_rdr_fifo'

1. Summary
----------

SUCCESS in the upgrade of px_dma_ppkt2pcie_rdr_fifo (xilinx.com:ip:fifo_generator:13.2) from (Rev. 4) to (Rev. 5)






Copyright 1986-2019 Xilinx, Inc. All Rights Reserved.
------------------------------------------------------------------------------------
| Tool Version : Vivado v.2019.2 (win64) Build 2700185 Thu Oct 24 18:46:05 MDT 2019
| Date         : Tue Nov 12 10:40:11 2019
| Host         : Rich-PC running 64-bit major release  (build 9200)
| Command      : upgrade_ip
| Device       : xcvu9p-flgb2104-2-e
------------------------------------------------------------------------------------

Upgrade Log for IP 'px_dma_ppkt2pcie_in_strm_fifo32k'

1. Summary
----------

SUCCESS in the upgrade of px_dma_ppkt2pcie_in_strm_fifo32k (xilinx.com:ip:fifo_generator:13.2) from (Rev. 4) to (Rev. 5)






Copyright 1986-2019 Xilinx, Inc. All Rights Reserved.
------------------------------------------------------------------------------------
| Tool Version : Vivado v.2019.2 (win64) Build 2700185 Thu Oct 24 18:46:05 MDT 2019
| Date         : Tue Nov 12 10:40:08 2019
| Host         : Rich-PC running 64-bit major release  (build 9200)
| Command      : upgrade_ip
| Device       : xcvu9p-flgb2104-2-e
------------------------------------------------------------------------------------

Upgrade Log for IP 'px_dma_ppkt2pcie_hdr_fifo'

1. Summary
----------

SUCCESS in the upgrade of px_dma_ppkt2pcie_hdr_fifo (xilinx.com:ip:fifo_generator:13.2) from (Rev. 4) to (Rev. 5)






Copyright 1986-2019 Xilinx, Inc. All Rights Reserved.
------------------------------------------------------------------------------------
| Tool Version : Vivado v.2019.2 (win64) Build 2700185 Thu Oct 24 18:46:05 MDT 2019
| Date         : Tue Nov 12 10:40:07 2019
| Host         : Rich-PC running 64-bit major release  (build 9200)
| Command      : upgrade_ip
| Device       : xcvu9p-flgb2104-2-e
------------------------------------------------------------------------------------

Upgrade Log for IP 'px_dma_ppkt2pcie_descr_ram'

1. Summary
----------

SUCCESS in the upgrade of px_dma_ppkt2pcie_descr_ram (xilinx.com:ip:blk_mem_gen:8.4) from (Rev. 3) to (Rev. 4)






Copyright 1986-2019 Xilinx, Inc. All Rights Reserved.
------------------------------------------------------------------------------------
| Tool Version : Vivado v.2019.2 (win64) Build 2700185 Thu Oct 24 18:46:05 MDT 2019
| Date         : Tue Nov 12 10:40:04 2019
| Host         : Rich-PC running 64-bit major release  (build 9200)
| Command      : upgrade_ip
| Device       : xcvu9p-flgb2104-2-e
------------------------------------------------------------------------------------

Upgrade Log for IP 'px_axil_bram_ctlr_dsp'

1. Summary
----------

SUCCESS in the upgrade of px_axil_bram_ctlr_dsp (pentek.com:px_ip:px_axil_bram_ctlr:1.0) from (Rev. 26) to (Rev. 27)






Copyright 1986-2019 Xilinx, Inc. All Rights Reserved.
--------------------------------------------------------------------------------------------
| Tool Version : Vivado v.2019.1_AR72445 (win64) Build 2552052 Fri May 24 14:49:42 MDT 2019
| Date         : Fri Aug 16 13:37:19 2019
| Host         : Rich-PC running 64-bit major release  (build 9200)
| Command      : upgrade_ip
| Device       : xcvu9p-flgb2104-2-e
--------------------------------------------------------------------------------------------

Upgrade Log for IP 'px_dma_ppkt2pcie_reqpktcnstrfifo_512'

1. Summary
----------

SUCCESS in the conversion of px_dma_ppkt2pcie_reqpktcnstrfifo_512 (xilinx.com:ip:fifo_generator:13.2 (Rev. 4)) to Vivado generation flows.






Copyright 1986-2019 Xilinx, Inc. All Rights Reserved.
--------------------------------------------------------------------------------------------
| Tool Version : Vivado v.2019.1_AR72445 (win64) Build 2552052 Fri May 24 14:49:42 MDT 2019
| Date         : Fri Aug 16 13:37:18 2019
| Host         : Rich-PC running 64-bit major release  (build 9200)
| Command      : upgrade_ip
| Device       : xcvu9p-flgb2104-2-e
--------------------------------------------------------------------------------------------

Upgrade Log for IP 'px_dma_ppkt2pcie_req_in_fifo'

1. Summary
----------

SUCCESS in the conversion of px_dma_ppkt2pcie_req_in_fifo (xilinx.com:ip:fifo_generator:13.2 (Rev. 4)) to Vivado generation flows.






Copyright 1986-2019 Xilinx, Inc. All Rights Reserved.
--------------------------------------------------------------------------------------------
| Tool Version : Vivado v.2019.1_AR72445 (win64) Build 2552052 Fri May 24 14:49:42 MDT 2019
| Date         : Fri Aug 16 13:37:18 2019
| Host         : Rich-PC running 64-bit major release  (build 9200)
| Command      : upgrade_ip
| Device       : xcvu9p-flgb2104-2-e
--------------------------------------------------------------------------------------------

Upgrade Log for IP 'px_dma_ppkt2pcie_rdr_fifo'

1. Summary
----------

SUCCESS in the conversion of px_dma_ppkt2pcie_rdr_fifo (xilinx.com:ip:fifo_generator:13.2 (Rev. 4)) to Vivado generation flows.






Copyright 1986-2019 Xilinx, Inc. All Rights Reserved.
--------------------------------------------------------------------------------------------
| Tool Version : Vivado v.2019.1_AR72445 (win64) Build 2552052 Fri May 24 14:49:42 MDT 2019
| Date         : Fri Aug 16 13:37:17 2019
| Host         : Rich-PC running 64-bit major release  (build 9200)
| Command      : upgrade_ip
| Device       : xcvu9p-flgb2104-2-e
--------------------------------------------------------------------------------------------

Upgrade Log for IP 'px_dma_ppkt2pcie_in_strm_fifo32k'

1. Summary
----------

SUCCESS in the conversion of px_dma_ppkt2pcie_in_strm_fifo32k (xilinx.com:ip:fifo_generator:13.2 (Rev. 4)) to Vivado generation flows.






Copyright 1986-2019 Xilinx, Inc. All Rights Reserved.
--------------------------------------------------------------------------------------------
| Tool Version : Vivado v.2019.1_AR72445 (win64) Build 2552052 Fri May 24 14:49:42 MDT 2019
| Date         : Fri Aug 16 13:37:17 2019
| Host         : Rich-PC running 64-bit major release  (build 9200)
| Command      : upgrade_ip
| Device       : xcvu9p-flgb2104-2-e
--------------------------------------------------------------------------------------------

Upgrade Log for IP 'px_dma_ppkt2pcie_hdr_fifo'

1. Summary
----------

SUCCESS in the conversion of px_dma_ppkt2pcie_hdr_fifo (xilinx.com:ip:fifo_generator:13.2 (Rev. 4)) to Vivado generation flows.






Copyright 1986-2019 Xilinx, Inc. All Rights Reserved.
--------------------------------------------------------------------------------------------
| Tool Version : Vivado v.2019.1_AR72445 (win64) Build 2552052 Fri May 24 14:49:42 MDT 2019
| Date         : Fri Aug 16 13:37:16 2019
| Host         : Rich-PC running 64-bit major release  (build 9200)
| Command      : upgrade_ip
| Device       : xcvu9p-flgb2104-2-e
--------------------------------------------------------------------------------------------

Upgrade Log for IP 'px_dma_ppkt2pcie_descr_ram'

1. Summary
----------

SUCCESS in the conversion of px_dma_ppkt2pcie_descr_ram (xilinx.com:ip:blk_mem_gen:8.4 (Rev. 3)) to Vivado generation flows.






Copyright 1986-2019 Xilinx, Inc. All Rights Reserved.
--------------------------------------------------------------------------------------------
| Tool Version : Vivado v.2019.1_AR72445 (win64) Build 2552052 Fri May 24 14:49:42 MDT 2019
| Date         : Fri Aug 16 13:37:13 2019
| Host         : Rich-PC running 64-bit major release  (build 9200)
| Command      : upgrade_ip
| Device       : xcvu9p-flgb2104-2-e
--------------------------------------------------------------------------------------------

Upgrade Log for IP 'px_axil_bram_ctlr_dsp'

1. Summary
----------

SUCCESS in the conversion of px_axil_bram_ctlr_dsp (pentek.com:px_ip:px_axil_bram_ctlr:1.0 (Rev. 26)) to Vivado generation flows.

