#-----------------------------------------------------------
# Vivado v2016.4 (64-bit)
# SW Build 1733598 on Wed Dec 14 22:35:39 MST 2016
# IP Build 1731160 on Wed Dec 14 23:47:21 MST 2016
# Start of session at: Mon Jan 23 09:17:25 2017
# Process ID: 8972
# Current directory: C:/Pentek/IP/2016.4/wip/px_2ch_dec2fir_2
# Command line: vivado.exe -gui_launcher_event rodinguilauncherevent20288 C:\Pentek\IP\2016.4\wip\px_2ch_dec2fir_2\px_2ch_dec2fir_2.xpr
# Log file: C:/Pentek/IP/2016.4/wip/px_2ch_dec2fir_2/vivado.log
# Journal file: C:/Pentek/IP/2016.4/wip/px_2ch_dec2fir_2\vivado.jou
#-----------------------------------------------------------
start_gui
open_project C:/Pentek/IP/2016.4/wip/px_2ch_dec2fir_2/px_2ch_dec2fir_2.xpr
Scanning sources...
Finished scanning sources
INFO: [IP_Flow 19-234] Refreshing IP repositories
INFO: [IP_Flow 19-1700] Loaded user IP repository 'c:/Pentek/IP/2016.4/wip/px_2ch_dec2fir_2'.
INFO: [IP_Flow 19-1700] Loaded user IP repository 'c:/Pentek/IP/2016.4/pentek'.
INFO: [IP_Flow 19-2313] Loaded Vivado IP repository 'C:/Xilinx/Vivado/2016.4/data/ip'.
open_project: Time (s): cpu = 00:00:22 ; elapsed = 00:00:31 . Memory (MB): peak = 993.012 ; gain = 290.680
reset_run synth_1
launch_runs synth_1 -jobs 12
INFO: [HDL 9-1061] Parsing VHDL file "C:/Pentek/IP/2016.4/wip/px_2ch_dec2fir_2/px_2ch_dec2fir_2.srcs/sources_1/new/px_2ch_dec2fir_2.vhd" into library xil_defaultlib [C:/Pentek/IP/2016.4/wip/px_2ch_dec2fir_2/px_2ch_dec2fir_2.srcs/sources_1/new/px_2ch_dec2fir_2.vhd:1]
[Mon Jan 23 09:21:14 2017] Launched synth_1...
Run output will be captured here: C:/Pentek/IP/2016.4/wip/px_2ch_dec2fir_2/px_2ch_dec2fir_2.runs/synth_1/runme.log
ipx::open_ipxact_file {C:\Pentek\IP\2016.4\wip\px_2ch_dec2fir_2\component.xml}
WARNING: [IP_Flow 19-3898] File Group 'xilinx_anylanguagesynthesis (Synthesis)': File 'px_2ch_dec2fir_2.srcs/sources_1/ip/px_2ch_dec2fir_2_csr/px_2ch_dec2fir_2_csr.xci' is no longer found in the project sources. Please remove the packaging file if necessary.
WARNING: [IP_Flow 19-3898] File Group 'xilinx_anylanguagesynthesis (Synthesis)': File 'px_2ch_dec2fir_2.srcs/sources_1/ip/px_2ch_dec2fir_2_rnd16/px_2ch_dec2fir_2_rnd16.xci' is no longer found in the project sources. Please remove the packaging file if necessary.
WARNING: [IP_Flow 19-3898] File Group 'xilinx_anylanguagesynthesis (Synthesis)': File 'px_2ch_dec2fir_2.srcs/sources_1/ip/px_2ch_dec2fir_2_tuserdly2/px_2ch_dec2fir_2_tuserdly2.xci' is no longer found in the project sources. Please remove the packaging file if necessary.
WARNING: [IP_Flow 19-3898] File Group 'xilinx_anylanguagesynthesis (Synthesis)': File 'px_2ch_dec2fir_2.srcs/sources_1/ip/px_2ch_dec2fir_2_tuserdly/px_2ch_dec2fir_2_tuserdly.xci' is no longer found in the project sources. Please remove the packaging file if necessary.
WARNING: [IP_Flow 19-3898] File Group 'xilinx_anylanguagesynthesis (Synthesis)': File 'px_2ch_dec2fir_2.srcs/sources_1/ip/px_2ch_dec2fir_2_rnd24/px_2ch_dec2fir_2_rnd24.xci' is no longer found in the project sources. Please remove the packaging file if necessary.
WARNING: [IP_Flow 19-3898] File Group 'xilinx_anylanguagesynthesis (Synthesis)': File 'px_2ch_dec2fir_2.srcs/sources_1/ip/px_2chdec2fir_2_mem/px_2chdec2fir_2_mem.xci' is no longer found in the project sources. Please remove the packaging file if necessary.
WARNING: [IP_Flow 19-3898] File Group 'xilinx_anylanguagesynthesis (Synthesis)': File 'px_2ch_dec2fir_2.srcs/sources_1/ip/px_2chdec2fir_2_fifo/px_2chdec2fir_2_fifo.xci' is no longer found in the project sources. Please remove the packaging file if necessary.
WARNING: [IP_Flow 19-3898] File Group 'xilinx_anylanguagesynthesis (Synthesis)': File 'px_2ch_dec2fir_2.srcs/sources_1/ip/px_2chdec2fir_2_brctlr/px_2chdec2fir_2_brctlr.xci' is no longer found in the project sources. Please remove the packaging file if necessary.
WARNING: [IP_Flow 19-3898] File Group 'xilinx_anylanguagesynthesis (Synthesis)': File 'px_2ch_dec2fir_2.srcs/sources_1/ip/px_2ch_dec2fir_2_sat/px_2ch_dec2fir_2_sat.xci' is no longer found in the project sources. Please remove the packaging file if necessary.
WARNING: [IP_Flow 19-3898] File Group 'xilinx_anylanguagesynthesis (Synthesis)': File 'px_2ch_dec2fir_2.srcs/sources_1/ip/px_2chdec2fir_2_axi_xbar/px_2chdec2fir_2_axi_xbar.xci' is no longer found in the project sources. Please remove the packaging file if necessary.
WARNING: [IP_Flow 19-3898] File Group 'xilinx_anylanguagesynthesis (Synthesis)': File 'px_2ch_dec2fir_2.srcs/sources_1/ip/px_2ch_dec2fir_2_mult/px_2ch_dec2fir_2_mult.xci' is no longer found in the project sources. Please remove the packaging file if necessary.
WARNING: [IP_Flow 19-3898] File Group 'xilinx_anylanguagesynthesis (Synthesis)': File 'px_2ch_dec2fir_2.srcs/sources_1/ip/px_2ch_dec2fir_2_fir/px_2ch_dec2fir_2_fir.xci' is no longer found in the project sources. Please remove the packaging file if necessary.
WARNING: [IP_Flow 19-3898] File Group 'xilinx_anylanguagebehavioralsimulation (Simulation)': File 'px_2ch_dec2fir_2.srcs/sources_1/ip/px_2ch_dec2fir_2_csr/px_2ch_dec2fir_2_csr.xci' is no longer found in the project sources. Please remove the packaging file if necessary.
WARNING: [IP_Flow 19-3898] File Group 'xilinx_anylanguagebehavioralsimulation (Simulation)': File 'px_2ch_dec2fir_2.srcs/sources_1/ip/px_2ch_dec2fir_2_rnd16/px_2ch_dec2fir_2_rnd16.xci' is no longer found in the project sources. Please remove the packaging file if necessary.
WARNING: [IP_Flow 19-3898] File Group 'xilinx_anylanguagebehavioralsimulation (Simulation)': File 'px_2ch_dec2fir_2.srcs/sources_1/ip/px_2ch_dec2fir_2_tuserdly2/px_2ch_dec2fir_2_tuserdly2.xci' is no longer found in the project sources. Please remove the packaging file if necessary.
WARNING: [IP_Flow 19-3898] File Group 'xilinx_anylanguagebehavioralsimulation (Simulation)': File 'px_2ch_dec2fir_2.srcs/sources_1/ip/px_2ch_dec2fir_2_tuserdly/px_2ch_dec2fir_2_tuserdly.xci' is no longer found in the project sources. Please remove the packaging file if necessary.
WARNING: [IP_Flow 19-3898] File Group 'xilinx_anylanguagebehavioralsimulation (Simulation)': File 'px_2ch_dec2fir_2.srcs/sources_1/ip/px_2ch_dec2fir_2_rnd24/px_2ch_dec2fir_2_rnd24.xci' is no longer found in the project sources. Please remove the packaging file if necessary.
WARNING: [IP_Flow 19-3898] File Group 'xilinx_anylanguagebehavioralsimulation (Simulation)': File 'px_2ch_dec2fir_2.srcs/sources_1/ip/px_2chdec2fir_2_mem/px_2chdec2fir_2_mem.xci' is no longer found in the project sources. Please remove the packaging file if necessary.
WARNING: [IP_Flow 19-3898] File Group 'xilinx_anylanguagebehavioralsimulation (Simulation)': File 'px_2ch_dec2fir_2.srcs/sources_1/ip/px_2chdec2fir_2_fifo/px_2chdec2fir_2_fifo.xci' is no longer found in the project sources. Please remove the packaging file if necessary.
WARNING: [IP_Flow 19-3898] File Group 'xilinx_anylanguagebehavioralsimulation (Simulation)': File 'px_2ch_dec2fir_2.srcs/sources_1/ip/px_2chdec2fir_2_brctlr/px_2chdec2fir_2_brctlr.xci' is no longer found in the project sources. Please remove the packaging file if necessary.
WARNING: [IP_Flow 19-3898] File Group 'xilinx_anylanguagebehavioralsimulation (Simulation)': File 'px_2ch_dec2fir_2.srcs/sources_1/ip/px_2ch_dec2fir_2_sat/px_2ch_dec2fir_2_sat.xci' is no longer found in the project sources. Please remove the packaging file if necessary.
WARNING: [IP_Flow 19-3898] File Group 'xilinx_anylanguagebehavioralsimulation (Simulation)': File 'px_2ch_dec2fir_2.srcs/sources_1/ip/px_2chdec2fir_2_axi_xbar/px_2chdec2fir_2_axi_xbar.xci' is no longer found in the project sources. Please remove the packaging file if necessary.
WARNING: [IP_Flow 19-3898] File Group 'xilinx_anylanguagebehavioralsimulation (Simulation)': File 'px_2ch_dec2fir_2.srcs/sources_1/ip/px_2ch_dec2fir_2_mult/px_2ch_dec2fir_2_mult.xci' is no longer found in the project sources. Please remove the packaging file if necessary.
WARNING: [IP_Flow 19-3898] File Group 'xilinx_anylanguagebehavioralsimulation (Simulation)': File 'px_2ch_dec2fir_2.srcs/sources_1/ip/px_2ch_dec2fir_2_fir/px_2ch_dec2fir_2_fir.xci' is no longer found in the project sources. Please remove the packaging file if necessary.
ipx::merge_project_changes ports [ipx::current_core]
ipx::merge_project_changes files [ipx::current_core]
ipx::remove_file coef_80_2.coe [ipx::get_file_groups xilinx_anylanguagesynthesis -of_objects [ipx::current_core]]
ipx::remove_file coef_80_2.coe [ipx::get_file_groups xilinx_anylanguagebehavioralsimulation -of_objects [ipx::current_core]]
set_property core_revision 3 [ipx::current_core]
ipx::create_xgui_files [ipx::current_core]
ipx::update_checksums [ipx::current_core]
ipx::save_core [ipx::current_core]
update_ip_catalog -rebuild -repo_path c:/Pentek/IP/2016.4/wip/px_2ch_dec2fir_2
INFO: [IP_Flow 19-725] Reloaded user IP repository 'c:/Pentek/IP/2016.4/wip/px_2ch_dec2fir_2'
ipx::unload_core c:/Pentek/IP/2016.4/wip/px_2ch_dec2fir_2/component.xml
ipx::open_ipxact_file {C:\Pentek\IP\2016.4\wip\px_2ch_dec2fir_2\component.xml}
WARNING: [IP_Flow 19-3898] File Group 'xilinx_anylanguagesynthesis (Synthesis)': File 'px_2ch_dec2fir_2.srcs/sources_1/ip/px_2ch_dec2fir_2_csr/px_2ch_dec2fir_2_csr.xci' is no longer found in the project sources. Please remove the packaging file if necessary.
WARNING: [IP_Flow 19-3898] File Group 'xilinx_anylanguagesynthesis (Synthesis)': File 'px_2ch_dec2fir_2.srcs/sources_1/ip/px_2ch_dec2fir_2_rnd16/px_2ch_dec2fir_2_rnd16.xci' is no longer found in the project sources. Please remove the packaging file if necessary.
WARNING: [IP_Flow 19-3898] File Group 'xilinx_anylanguagesynthesis (Synthesis)': File 'px_2ch_dec2fir_2.srcs/sources_1/ip/px_2ch_dec2fir_2_tuserdly2/px_2ch_dec2fir_2_tuserdly2.xci' is no longer found in the project sources. Please remove the packaging file if necessary.
WARNING: [IP_Flow 19-3898] File Group 'xilinx_anylanguagesynthesis (Synthesis)': File 'px_2ch_dec2fir_2.srcs/sources_1/ip/px_2ch_dec2fir_2_tuserdly/px_2ch_dec2fir_2_tuserdly.xci' is no longer found in the project sources. Please remove the packaging file if necessary.
WARNING: [IP_Flow 19-3898] File Group 'xilinx_anylanguagesynthesis (Synthesis)': File 'px_2ch_dec2fir_2.srcs/sources_1/ip/px_2ch_dec2fir_2_rnd24/px_2ch_dec2fir_2_rnd24.xci' is no longer found in the project sources. Please remove the packaging file if necessary.
WARNING: [IP_Flow 19-3898] File Group 'xilinx_anylanguagesynthesis (Synthesis)': File 'px_2ch_dec2fir_2.srcs/sources_1/ip/px_2chdec2fir_2_mem/px_2chdec2fir_2_mem.xci' is no longer found in the project sources. Please remove the packaging file if necessary.
WARNING: [IP_Flow 19-3898] File Group 'xilinx_anylanguagesynthesis (Synthesis)': File 'px_2ch_dec2fir_2.srcs/sources_1/ip/px_2chdec2fir_2_fifo/px_2chdec2fir_2_fifo.xci' is no longer found in the project sources. Please remove the packaging file if necessary.
WARNING: [IP_Flow 19-3898] File Group 'xilinx_anylanguagesynthesis (Synthesis)': File 'px_2ch_dec2fir_2.srcs/sources_1/ip/px_2chdec2fir_2_brctlr/px_2chdec2fir_2_brctlr.xci' is no longer found in the project sources. Please remove the packaging file if necessary.
WARNING: [IP_Flow 19-3898] File Group 'xilinx_anylanguagesynthesis (Synthesis)': File 'px_2ch_dec2fir_2.srcs/sources_1/ip/px_2ch_dec2fir_2_sat/px_2ch_dec2fir_2_sat.xci' is no longer found in the project sources. Please remove the packaging file if necessary.
WARNING: [IP_Flow 19-3898] File Group 'xilinx_anylanguagesynthesis (Synthesis)': File 'px_2ch_dec2fir_2.srcs/sources_1/ip/px_2chdec2fir_2_axi_xbar/px_2chdec2fir_2_axi_xbar.xci' is no longer found in the project sources. Please remove the packaging file if necessary.
WARNING: [IP_Flow 19-3898] File Group 'xilinx_anylanguagesynthesis (Synthesis)': File 'px_2ch_dec2fir_2.srcs/sources_1/ip/px_2ch_dec2fir_2_mult/px_2ch_dec2fir_2_mult.xci' is no longer found in the project sources. Please remove the packaging file if necessary.
WARNING: [IP_Flow 19-3898] File Group 'xilinx_anylanguagesynthesis (Synthesis)': File 'px_2ch_dec2fir_2.srcs/sources_1/ip/px_2ch_dec2fir_2_fir/px_2ch_dec2fir_2_fir.xci' is no longer found in the project sources. Please remove the packaging file if necessary.
WARNING: [IP_Flow 19-3898] File Group 'xilinx_anylanguagebehavioralsimulation (Simulation)': File 'px_2ch_dec2fir_2.srcs/sources_1/ip/px_2ch_dec2fir_2_csr/px_2ch_dec2fir_2_csr.xci' is no longer found in the project sources. Please remove the packaging file if necessary.
WARNING: [IP_Flow 19-3898] File Group 'xilinx_anylanguagebehavioralsimulation (Simulation)': File 'px_2ch_dec2fir_2.srcs/sources_1/ip/px_2ch_dec2fir_2_rnd16/px_2ch_dec2fir_2_rnd16.xci' is no longer found in the project sources. Please remove the packaging file if necessary.
WARNING: [IP_Flow 19-3898] File Group 'xilinx_anylanguagebehavioralsimulation (Simulation)': File 'px_2ch_dec2fir_2.srcs/sources_1/ip/px_2ch_dec2fir_2_tuserdly2/px_2ch_dec2fir_2_tuserdly2.xci' is no longer found in the project sources. Please remove the packaging file if necessary.
WARNING: [IP_Flow 19-3898] File Group 'xilinx_anylanguagebehavioralsimulation (Simulation)': File 'px_2ch_dec2fir_2.srcs/sources_1/ip/px_2ch_dec2fir_2_tuserdly/px_2ch_dec2fir_2_tuserdly.xci' is no longer found in the project sources. Please remove the packaging file if necessary.
WARNING: [IP_Flow 19-3898] File Group 'xilinx_anylanguagebehavioralsimulation (Simulation)': File 'px_2ch_dec2fir_2.srcs/sources_1/ip/px_2ch_dec2fir_2_rnd24/px_2ch_dec2fir_2_rnd24.xci' is no longer found in the project sources. Please remove the packaging file if necessary.
WARNING: [IP_Flow 19-3898] File Group 'xilinx_anylanguagebehavioralsimulation (Simulation)': File 'px_2ch_dec2fir_2.srcs/sources_1/ip/px_2chdec2fir_2_mem/px_2chdec2fir_2_mem.xci' is no longer found in the project sources. Please remove the packaging file if necessary.
WARNING: [IP_Flow 19-3898] File Group 'xilinx_anylanguagebehavioralsimulation (Simulation)': File 'px_2ch_dec2fir_2.srcs/sources_1/ip/px_2chdec2fir_2_fifo/px_2chdec2fir_2_fifo.xci' is no longer found in the project sources. Please remove the packaging file if necessary.
WARNING: [IP_Flow 19-3898] File Group 'xilinx_anylanguagebehavioralsimulation (Simulation)': File 'px_2ch_dec2fir_2.srcs/sources_1/ip/px_2chdec2fir_2_brctlr/px_2chdec2fir_2_brctlr.xci' is no longer found in the project sources. Please remove the packaging file if necessary.
WARNING: [IP_Flow 19-3898] File Group 'xilinx_anylanguagebehavioralsimulation (Simulation)': File 'px_2ch_dec2fir_2.srcs/sources_1/ip/px_2ch_dec2fir_2_sat/px_2ch_dec2fir_2_sat.xci' is no longer found in the project sources. Please remove the packaging file if necessary.
WARNING: [IP_Flow 19-3898] File Group 'xilinx_anylanguagebehavioralsimulation (Simulation)': File 'px_2ch_dec2fir_2.srcs/sources_1/ip/px_2chdec2fir_2_axi_xbar/px_2chdec2fir_2_axi_xbar.xci' is no longer found in the project sources. Please remove the packaging file if necessary.
WARNING: [IP_Flow 19-3898] File Group 'xilinx_anylanguagebehavioralsimulation (Simulation)': File 'px_2ch_dec2fir_2.srcs/sources_1/ip/px_2ch_dec2fir_2_mult/px_2ch_dec2fir_2_mult.xci' is no longer found in the project sources. Please remove the packaging file if necessary.
WARNING: [IP_Flow 19-3898] File Group 'xilinx_anylanguagebehavioralsimulation (Simulation)': File 'px_2ch_dec2fir_2.srcs/sources_1/ip/px_2ch_dec2fir_2_fir/px_2ch_dec2fir_2_fir.xci' is no longer found in the project sources. Please remove the packaging file if necessary.
ipx::unload_core c:/Pentek/IP/2016.4/wip/px_2ch_dec2fir_2/component.xml
close_project
open_project C:/Pentek/IP/2016.4/wip/px_axis_mixer_2/px_axis_mixer_2.xpr
Scanning sources...
Finished scanning sources
WARNING: [filemgmt 56-3] IPUserFilesDir: Could not find the directory 'C:/Pentek/IP/2016.4/wip/px_axis_mixer_2/px_axis_mixer_2.ip_user_files'.
INFO: [IP_Flow 19-234] Refreshing IP repositories
INFO: [IP_Flow 19-1700] Loaded user IP repository 'c:/Pentek/IP/2016.4/wip/px_axis_mixer_2'.
INFO: [IP_Flow 19-1700] Loaded user IP repository 'c:/Pentek/IP/2016.4/pentek'.
INFO: [IP_Flow 19-2313] Loaded Vivado IP repository 'C:/Xilinx/Vivado/2016.4/data/ip'.
open_project: Time (s): cpu = 00:00:10 ; elapsed = 00:00:09 . Memory (MB): peak = 1125.086 ; gain = 50.184
close_project
open_project C:/Pentek/IP/2016.4/wip/px_axis_nco_2/px_axis_nco_2.xpr
Scanning sources...
Finished scanning sources
INFO: [IP_Flow 19-234] Refreshing IP repositories
INFO: [IP_Flow 19-1700] Loaded user IP repository 'c:/Pentek/IP/2016.4/wip/px_axis_nco_2'.
INFO: [IP_Flow 19-1700] Loaded user IP repository 'c:/Pentek/IP/2016.4/pentek'.
INFO: [IP_Flow 19-2313] Loaded Vivado IP repository 'C:/Xilinx/Vivado/2016.4/data/ip'.
open_project: Time (s): cpu = 00:00:06 ; elapsed = 00:00:08 . Memory (MB): peak = 1179.754 ; gain = 54.668
ipx::open_ipxact_file {C:\Pentek\IP\2016.4\wip\px_axis_nco_2\component.xml}
WARNING: [IP_Flow 19-3898] File Group 'xilinx_anylanguagesynthesis (Synthesis)': File 'px_axis_nco_2.srcs/sources_1/ip/px_axis_nco_2_dds/px_axis_nco_2_dds.xci' is no longer found in the project sources. Please remove the packaging file if necessary.
WARNING: [IP_Flow 19-3898] File Group 'xilinx_anylanguagesynthesis (Synthesis)': File 'px_axis_nco_2.srcs/sources_1/ip/px_axis_nco_2_csr/px_axis_nco_2_csr.xci' is no longer found in the project sources. Please remove the packaging file if necessary.
WARNING: [IP_Flow 19-3898] File Group 'xilinx_anylanguagebehavioralsimulation (Simulation)': File 'px_axis_nco_2.srcs/sources_1/ip/px_axis_nco_2_dds/px_axis_nco_2_dds.xci' is no longer found in the project sources. Please remove the packaging file if necessary.
WARNING: [IP_Flow 19-3898] File Group 'xilinx_anylanguagebehavioralsimulation (Simulation)': File 'px_axis_nco_2.srcs/sources_1/ip/px_axis_nco_2_csr/px_axis_nco_2_csr.xci' is no longer found in the project sources. Please remove the packaging file if necessary.
ipx::merge_project_changes files [ipx::current_core]
set_property core_revision 3 [ipx::current_core]
ipx::create_xgui_files [ipx::current_core]
ipx::update_checksums [ipx::current_core]
ipx::save_core [ipx::current_core]
update_ip_catalog -rebuild -repo_path c:/Pentek/IP/2016.4/wip/px_axis_nco_2
INFO: [IP_Flow 19-725] Reloaded user IP repository 'c:/Pentek/IP/2016.4/wip/px_axis_nco_2'
close_project
open_project C:/Pentek/IP/2016.4/wip/px_axis_pdti2ppkt_2/px_axis_pdti2ppkt_2.xpr
CRITICAL WARNING: [Project 1-19] Could not find the file 'C:/Pentek/IP/2016.4/wip/px_axis_pdti2ppkt_2/px_axis_pdti2ppkt_2.srcs/sources_1/ip/px_axis_pdti2ppkt_2_sub32/px_axis_pdti2ppkt_2_sub32.upgrade_log'.
Scanning sources...
Finished scanning sources
INFO: [IP_Flow 19-234] Refreshing IP repositories
INFO: [IP_Flow 19-1700] Loaded user IP repository 'c:/Pentek/IP/2016.4/wip/px_axis_pdti2ppkt_2/px_axis_pdti2ppkt_2.srcs'.
INFO: [IP_Flow 19-1700] Loaded user IP repository 'c:/Pentek/IP/2016.4/pentek'.
INFO: [IP_Flow 19-2313] Loaded Vivado IP repository 'C:/Xilinx/Vivado/2016.4/data/ip'.
open_project: Time (s): cpu = 00:00:04 ; elapsed = 00:00:06 . Memory (MB): peak = 1205.645 ; gain = 0.000
remove_files  C:/Pentek/IP/2016.4/wip/px_axis_pdti2ppkt_2/px_axis_pdti2ppkt_2.srcs/sources_1/ip/px_axis_pdti2ppkt_2_sub32/px_axis_pdti2ppkt_2_sub32.upgrade_log
ipx::open_ipxact_file {C:\Pentek\IP\2016.4\wip\px_axis_pdti2ppkt_2\px_axis_pdti2ppkt_2.srcs\component.xml}
WARNING: [IP_Flow 19-3898] File Group 'xilinx_anylanguagesynthesis (Synthesis)': File 'sources_1/ip/px_axil_csr_flw/px_axil_csr_flw.xci' is no longer found in the project sources. Please remove the packaging file if necessary.
WARNING: [IP_Flow 19-3898] File Group 'xilinx_anylanguagebehavioralsimulation (Simulation)': File 'sources_1/ip/px_axil_csr_flw/px_axil_csr_flw.xci' is no longer found in the project sources. Please remove the packaging file if necessary.
ipx::merge_project_changes ports [ipx::current_core]
ipx::merge_project_changes files [ipx::current_core]
set_property core_revision 4 [ipx::current_core]
ipx::create_xgui_files [ipx::current_core]
ipx::update_checksums [ipx::current_core]
ipx::save_core [ipx::current_core]
update_ip_catalog -rebuild -repo_path c:/Pentek/IP/2016.4/wip/px_axis_pdti2ppkt_2/px_axis_pdti2ppkt_2.srcs
INFO: [IP_Flow 19-725] Reloaded user IP repository 'c:/Pentek/IP/2016.4/wip/px_axis_pdti2ppkt_2/px_axis_pdti2ppkt_2.srcs'
close_project
exit
INFO: [Common 17-206] Exiting Vivado at Mon Jan 23 09:30:25 2017...
