Copyright 1986-2017 Xilinx, Inc. All Rights Reserved.
---------------------------------------------------------------------------------------------------------
| Tool Version : Vivado v.2017.2 (lin64) Build 1909853 Thu Jun 15 18:39:10 MDT 2017
| Date         : Tue Apr 27 23:10:47 2021
| Host         : wind running 64-bit unknown
| Command      : report_utilization -file p71821_utilization_placed.rpt -pb p71821_utilization_placed.pb
| Design       : p71821
| Device       : xcku060ffva1156-2
| Design State : Fully Placed
---------------------------------------------------------------------------------------------------------

Utilization Design Information

Table of Contents
-----------------
1. CLB Logic
1.1 Summary of Registers by Type
2. CLB Logic Distribution
3. BLOCKRAM
4. ARITHMETIC
5. I/O
6. CLOCK
7. ADVANCED
8. CONFIGURATION
9. Primitives
10. Black Boxes
11. Instantiated Netlists

1. CLB Logic
------------

+----------------------------+--------+-------+-----------+-------+
|          Site Type         |  Used  | Fixed | Available | Util% |
+----------------------------+--------+-------+-----------+-------+
| CLB LUTs                   | 117523 |     0 |    331680 | 35.43 |
|   LUT as Logic             |  83654 |     0 |    331680 | 25.22 |
|   LUT as Memory            |  33869 |     0 |    146880 | 23.06 |
|     LUT as Distributed RAM |  14322 |     0 |           |       |
|     LUT as Shift Register  |  19547 |     0 |           |       |
| CLB Registers              | 244154 |     0 |    663360 | 36.81 |
|   Register as Flip Flop    | 244153 |     0 |    663360 | 36.81 |
|   Register as Latch        |      0 |     0 |    663360 |  0.00 |
|   Register as AND/OR       |      1 |     0 |    663360 | <0.01 |
| CARRY8                     |   1376 |     0 |     41460 |  3.32 |
| F7 Muxes                   |   3309 |     0 |    165840 |  2.00 |
| F8 Muxes                   |    623 |     0 |     82920 |  0.75 |
| F9 Muxes                   |      0 |     0 |     41460 |  0.00 |
+----------------------------+--------+-------+-----------+-------+


1.1 Summary of Registers by Type
--------------------------------

+--------+--------------+-------------+--------------+
|  Total | Clock Enable | Synchronous | Asynchronous |
+--------+--------------+-------------+--------------+
| 1      |            _ |           - |            - |
| 0      |            _ |           - |          Set |
| 0      |            _ |           - |        Reset |
| 0      |            _ |         Set |            - |
| 0      |            _ |       Reset |            - |
| 0      |          Yes |           - |            - |
| 2072   |          Yes |           - |          Set |
| 2482   |          Yes |           - |        Reset |
| 2506   |          Yes |         Set |            - |
| 237127 |          Yes |       Reset |            - |
+--------+--------------+-------------+--------------+


2. CLB Logic Distribution
-------------------------

+-------------------------------------------+-------+-------+-----------+-------+
|                 Site Type                 |  Used | Fixed | Available | Util% |
+-------------------------------------------+-------+-------+-----------+-------+
| CLB                                       | 34112 |     0 |     41460 | 82.28 |
|   CLBL                                    | 17782 |     0 |           |       |
|   CLBM                                    | 16330 |     0 |           |       |
| LUT as Logic                              | 83654 |     0 |    331680 | 25.22 |
|   using O5 output only                    |  2027 |       |           |       |
|   using O6 output only                    | 61342 |       |           |       |
|   using O5 and O6                         | 20285 |       |           |       |
| LUT as Memory                             | 33869 |     0 |    146880 | 23.06 |
|   LUT as Distributed RAM                  | 14322 |     0 |           |       |
|     using O5 output only                  |     0 |       |           |       |
|     using O6 output only                  |  4344 |       |           |       |
|     using O5 and O6                       |  9978 |       |           |       |
|   LUT as Shift Register                   | 19547 |     0 |           |       |
|     using O5 output only                  |     0 |       |           |       |
|     using O6 output only                  | 17516 |       |           |       |
|     using O5 and O6                       |  2031 |       |           |       |
| LUT Flip Flop Pairs                       | 54820 |     0 |    331680 | 16.53 |
|   fully used LUT-FF pairs                 | 15734 |       |           |       |
|   LUT-FF pairs with one unused LUT output | 38028 |       |           |       |
|   LUT-FF pairs with one unused Flip Flop  | 27296 |       |           |       |
| Unique Control Sets                       |  7074 |       |           |       |
+-------------------------------------------+-------+-------+-----------+-------+
* Note: Review the Control Sets Report for more information regarding control sets.


3. BLOCKRAM
-----------

+-------------------+-------+-------+-----------+-------+
|     Site Type     |  Used | Fixed | Available | Util% |
+-------------------+-------+-------+-----------+-------+
| Block RAM Tile    | 545.5 |     0 |      1080 | 50.51 |
|   RAMB36/FIFO*    |   513 |     2 |      1080 | 47.50 |
|     RAMB36E2 only |   513 |       |           |       |
|   RAMB18          |    65 |    12 |      2160 |  3.01 |
|     RAMB18E2 only |    65 |       |           |       |
+-------------------+-------+-------+-----------+-------+
* Note: Each Block RAM Tile only has one FIFO logic available and therefore can accommodate only one FIFO36E2 or one FIFO18E2. However, if a FIFO18E2 occupies a Block RAM Tile, that tile can still accommodate a RAMB18E2


4. ARITHMETIC
-------------

+----------------+------+-------+-----------+-------+
|    Site Type   | Used | Fixed | Available | Util% |
+----------------+------+-------+-----------+-------+
| DSPs           |  892 |     0 |      2760 | 32.32 |
|   DSP48E2 only |  892 |       |           |       |
+----------------+------+-------+-----------+-------+


5. I/O
------

+------------------+------+-------+-----------+-------+
|     Site Type    | Used | Fixed | Available | Util% |
+------------------+------+-------+-----------+-------+
| Bonded IOB       |  365 |   365 |       520 | 70.19 |
| HPIOB            |  317 |   317 |       416 | 76.20 |
|   INPUT          |  100 |       |           |       |
|   OUTPUT         |  103 |       |           |       |
|   BIDIR          |  114 |       |           |       |
| HRIO             |   48 |    48 |       104 | 46.15 |
|   INPUT          |    1 |       |           |       |
|   OUTPUT         |   29 |       |           |       |
|   BIDIR          |   18 |       |           |       |
| HPIOBDIFFINBUF   |   43 |    43 |       240 | 17.92 |
|   DIFFINBUF      |   43 |    43 |           |       |
| HPIOBDIFFOUTBUF  |    4 |     4 |       240 |  1.67 |
|   OBUFDS         |    4 |     4 |           |       |
| HRIODIFFINBUF    |    0 |     0 |        48 |  0.00 |
| HRIODIFFOUTBUF   |    0 |     0 |        48 |  0.00 |
| BITSLICE_CONTROL |   47 |     0 |        96 | 48.96 |
| BITSLICE_RX_TX   |  189 |   189 |       624 | 30.29 |
|   RXTX_BITSLICE  |  125 |   125 |           |       |
|   ISERDES        |   30 |    30 |           |       |
| BITSLICE_TX      |   25 |     0 |        96 | 26.04 |
| RIU_OR           |   13 |     0 |        48 | 27.08 |
+------------------+------+-------+-----------+-------+


6. CLOCK
--------

+----------------------+------+-------+-----------+-------+
|       Site Type      | Used | Fixed | Available | Util% |
+----------------------+------+-------+-----------+-------+
| GLOBAL CLOCK BUFFERs |   33 |     0 |       624 |  5.29 |
|   BUFGCE             |   24 |     0 |       288 |  8.33 |
|   BUFGCE_DIV         |    0 |     0 |        48 |  0.00 |
|   BUFG_GT            |    5 |     0 |       192 |  2.60 |
|   BUFGCTRL*          | 2(4) |     0 |        96 |  2.08 |
| PLLE3_ADV            |    4 |     0 |        24 | 16.67 |
| MMCME3_ADV           |    2 |     1 |        12 | 16.67 |
+----------------------+------+-------+-----------+-------+
* Note: Each used BUFGCTRL counts as two global buffer resources. This table does not include global clocking resources, only buffer cell usage. See the Clock Utilization Report (report_clock_utilization) for detailed accounting of global clocking resource availability.


7. ADVANCED
-----------

+-----------------+------+-------+-----------+--------+
|    Site Type    | Used | Fixed | Available |  Util% |
+-----------------+------+-------+-----------+--------+
| GTHE3_CHANNEL   |    8 |     8 |        28 |  28.57 |
| GTHE3_COMMON    |    2 |     0 |         7 |  28.57 |
| IBUFDS_GTE3     |    1 |     1 |        14 |   7.14 |
| OBUFDS_GTE3     |    0 |     0 |        14 |   0.00 |
| OBUFDS_GTE3_ADV |    0 |     0 |        14 |   0.00 |
| PCIE_3_1        |    1 |     1 |         3 |  33.33 |
| SYSMONE1        |    1 |     1 |         1 | 100.00 |
+-----------------+------+-------+-----------+--------+


8. CONFIGURATION
----------------

+-------------+------+-------+-----------+--------+
|  Site Type  | Used | Fixed | Available |  Util% |
+-------------+------+-------+-----------+--------+
| BSCANE2     |    1 |     0 |         4 |  25.00 |
| DNA_PORTE2  |    0 |     0 |         1 |   0.00 |
| EFUSE_USR   |    0 |     0 |         1 |   0.00 |
| FRAME_ECCE3 |    0 |     0 |         1 |   0.00 |
| ICAPE3      |    1 |     0 |         2 |  50.00 |
| MASTER_JTAG |    0 |     0 |         1 |   0.00 |
| STARTUPE3   |    1 |     0 |         1 | 100.00 |
+-------------+------+-------+-----------+--------+


9. Primitives
-------------

+------------------+--------+---------------------+
|     Ref Name     |  Used  | Functional Category |
+------------------+--------+---------------------+
| FDRE             | 237127 |            Register |
| LUT3             |  28628 |                 CLB |
| LUT6             |  25674 |                 CLB |
| RAMD32           |  18110 |                 CLB |
| LUT2             |  17583 |                 CLB |
| LUT5             |  14416 |                 CLB |
| SRLC32E          |  14390 |                 CLB |
| LUT4             |  14258 |                 CLB |
| SRL16E           |   7184 |                 CLB |
| RAMD64E          |   4312 |                 CLB |
| LUT1             |   3380 |                 CLB |
| MUXF7            |   3309 |                 CLB |
| FDSE             |   2506 |            Register |
| FDCE             |   2482 |            Register |
| FDPE             |   2072 |            Register |
| RAMS32           |   1878 |                 CLB |
| CARRY8           |   1376 |                 CLB |
| DSP48E2          |    892 |          Arithmetic |
| MUXF8            |    623 |                 CLB |
| RAMB36E2         |    513 |           Block Ram |
| IBUFCTRL         |    164 |              Others |
| OBUF             |    129 |                 I/O |
| RXTX_BITSLICE    |    125 |                 I/O |
| INBUF            |    121 |                 I/O |
| OBUFT_DCIEN      |     90 |                 I/O |
| RAMB18E2         |     65 |           Block Ram |
| DIFFINBUF        |     43 |                 I/O |
| OBUFT            |     36 |                 I/O |
| ODELAYE3         |     33 |                 I/O |
| HARD_SYNC        |     32 |            Register |
| ISERDESE3        |     30 |                 I/O |
| IDELAYE3         |     30 |                 I/O |
| TX_BITSLICE_TRI  |     25 |                 I/O |
| BITSLICE_CONTROL |     25 |                 I/O |
| BUFGCE           |     24 |               Clock |
| IDELAYCTRL       |     22 |                 I/O |
| IBUF_ANALOG      |     21 |                 I/O |
| RIU_OR           |     13 |                 I/O |
| INV              |     11 |                 CLB |
| HPIO_VREF        |     10 |                 I/O |
| GTHE3_CHANNEL    |      8 |            Advanced |
| BUFG_GT          |      5 |               Clock |
| SRLC16E          |      4 |                 CLB |
| PLLE3_ADV        |      4 |               Clock |
| OBUFDS           |      4 |                 I/O |
| MMCME3_ADV       |      2 |               Clock |
| GTHE3_COMMON     |      2 |            Advanced |
| BUFG_GT_SYNC     |      2 |               Clock |
| BUFGCTRL         |      2 |               Clock |
| SYSMONE1         |      1 |            Advanced |
| STARTUPE3        |      1 |       Configuration |
| PCIE_3_1         |      1 |            Advanced |
| ICAPE3           |      1 |       Configuration |
| IBUFDS_GTE3      |      1 |            Advanced |
| BSCANE2          |      1 |       Configuration |
| AND2B1L          |      1 |              Others |
+------------------+--------+---------------------+


10. Black Boxes
---------------

+----------+------+
| Ref Name | Used |
+----------+------+


11. Instantiated Netlists
-------------------------

+---------------------------------------+------+
|                Ref Name               | Used |
+---------------------------------------+------+
| user_block2_xlslice_0_1               |    1 |
| user_block2_xlslice_0_0               |    1 |
| user_block2_xbar_0                    |    1 |
| user_block2_validate_kludge_1_0       |    1 |
| user_block2_validate_kludge_0_0       |    1 |
| user_block2_util_vector_logic_0_0     |    1 |
| user_block2_s00_regslice_0            |    1 |
| user_block2_px_vctr2scalar_0_1        |    1 |
| user_block2_px_vctr2scalar_0_0        |    1 |
| user_block2_px_axil_csr_0_0           |    1 |
| user_block2_pulse_fir_0_1             |    1 |
| user_block2_pulse_fir_0_0             |    1 |
| user_block2_map_data_0_1              |    1 |
| user_block2_map_data_0_0              |    1 |
| user_block2_map_cfg_0_1               |    1 |
| user_block2_map_cfg_0_0               |    1 |
| user_block2_hcr_metadata_injector_0_2 |    1 |
| user_block2_hcr_metadata_injector_0_1 |    1 |
| user_block2_hcr_metadata_injector_0_0 |    1 |
| user_block2_hcr_controller_0_0        |    1 |
| user_block2_fir_compiler_0_0          |    1 |
| user_block2_fifo_0_1                  |    1 |
| user_block2_fifo_0_0                  |    1 |
| user_block2_enable_mux_0_2            |    1 |
| user_block2_bcast_0_1                 |    1 |
| user_block2_bcast_0_0                 |    1 |
| user_block2_axis_subset_converter_1_0 |    1 |
| user_block2_axis_subset_converter_0_7 |    1 |
| user_block2_axis_subset_converter_0_6 |    1 |
| user_block2_axis_subset_converter_0_5 |    1 |
| user_block2_axis_subset_converter_0_4 |    1 |
| user_block2_axis_subset_converter_0_3 |    1 |
| user_block2_axis_subset_converter_0_2 |    1 |
| user_block2_axis_subset_converter_0_1 |    1 |
| user_block2_axis_subset_converter_0_0 |    1 |
| user_block2_axis_register_slice_0_0   |    1 |
| user_block2_axis_data_fifo_0_0        |    1 |
| user_block2_axis_broadcaster_0_0      |    1 |
| user_block2_auto_cc_1                 |    1 |
| user_block2_auto_cc_0                 |    1 |
| user_block1_xlslice_0_0               |    1 |
| user_block1_vio_0_1                   |    1 |
| user_block1_px_s_axil_plc_hldr_0_0    |    1 |
| user_block1_px_lvl_trans_xclk_0_0     |    1 |
| user_block1_pdti_dac_pulse_0_0        |    1 |
| user_block1_pdti_adc_tweak_0_2        |    1 |
| user_block1_pdti_adc_tweak_0_1        |    1 |
| user_block1_pdti_adc_tweak_0_0        |    1 |
| u_ila_1_CV                            |    1 |
| u_ila_0_CV                            |    1 |
| pcie_intrfc                           |    1 |
| dsp1                                  |    1 |
| ddr4_intrfc                           |    1 |
| ddr4_80_ctlr_phy                      |    1 |
| ddr4_80_ctlr                          |    1 |
| dbg_hub_CV                            |    1 |
| dataio_intrfc                         |    1 |
| data_acq                              |    1 |
+---------------------------------------+------+


