Copyright 1986-2019 Xilinx, Inc. All Rights Reserved.
------------------------------------------------------------------------------------
| Tool Version : Vivado v.2019.2 (win64) Build 2700185 Thu Oct 24 18:46:05 MDT 2019
| Date         : Tue Nov 12 09:44:04 2019
| Host         : Rich-PC running 64-bit major release  (build 9200)
| Command      : upgrade_ip
| Device       : xcku060-ffva1156-2-e
------------------------------------------------------------------------------------

Upgrade Log for IP 'test_chirp_1'

1. Summary
----------

SUCCESS in the upgrade of test_chirp_1 (pentek.com:px_ip:px_axis_chirp_gen:1.1) from (Rev. 40) to (Rev. 41)






Copyright 1986-2019 Xilinx, Inc. All Rights Reserved.
------------------------------------------------------------------------------------
| Tool Version : Vivado v.2019.2 (win64) Build 2700185 Thu Oct 24 18:46:05 MDT 2019
| Date         : Tue Nov 12 09:44:04 2019
| Host         : Rich-PC running 64-bit major release  (build 9200)
| Command      : upgrade_ip
| Device       : xcku060-ffva1156-2-e
------------------------------------------------------------------------------------

Upgrade Log for IP 'px_axis_pdti_dec16fir_8_st4'

1. Summary
----------

SUCCESS in the upgrade of px_axis_pdti_dec16fir_8_st4 (xilinx.com:ip:fir_compiler:7.2) from (Rev. 12) to (Rev. 13)






Copyright 1986-2019 Xilinx, Inc. All Rights Reserved.
------------------------------------------------------------------------------------
| Tool Version : Vivado v.2019.1 (win64) Build 2552052 Fri May 24 14:49:42 MDT 2019
| Date         : Sat Jun  8 18:13:12 2019
| Host         : Igor2 running 64-bit major release  (build 9200)
| Command      : upgrade_ip
| Device       : xcku060-ffva1156-2-e
------------------------------------------------------------------------------------

Upgrade Log for IP 'test_chirp_1'

1. Summary
----------

SUCCESS in the upgrade of test_chirp_1 (pentek.com:px_ip:px_axis_chirp_gen:1.1) from (Rev. 39) to (Rev. 40)






Copyright 1986-2019 Xilinx, Inc. All Rights Reserved.
------------------------------------------------------------------------------------
| Tool Version : Vivado v.2019.1 (win64) Build 2552052 Fri May 24 14:49:42 MDT 2019
| Date         : Sat Jun  8 18:13:12 2019
| Host         : Igor2 running 64-bit major release  (build 9200)
| Command      : upgrade_ip
| Device       : xcku060-ffva1156-2-e
------------------------------------------------------------------------------------

Upgrade Log for IP 'px_axis_pdti_dec16fir_8_st4'

1. Summary
----------

SUCCESS in the upgrade of px_axis_pdti_dec16fir_8_st4 (xilinx.com:ip:fir_compiler:7.2) from (Rev. 11) to (Rev. 12)






Copyright 1986-2018 Xilinx, Inc. All Rights Reserved.
------------------------------------------------------------------------------------
| Tool Version : Vivado v.2018.3 (win64) Build 2405991 Thu Dec  6 23:38:27 MST 2018
| Date         : Wed Jan 30 11:14:22 2019
| Host         : DESKTOP-2O5CKVO running 64-bit major release  (build 9200)
| Command      : upgrade_ip
| Device       : xcku060-ffva1156-2-e
------------------------------------------------------------------------------------

Upgrade Log for IP 'test_chirp_1'

1. Summary
----------

SUCCESS in the upgrade of test_chirp_1 from pentek.com:px_ip:px_axis_chirp_gen:1.0 (Rev. 38) to pentek.com:px_ip:px_axis_chirp_gen:1.1 (Rev. 39)






Copyright 1986-2018 Xilinx, Inc. All Rights Reserved.
------------------------------------------------------------------------------------
| Tool Version : Vivado v.2018.3 (win64) Build 2405991 Thu Dec  6 23:38:27 MST 2018
| Date         : Fri Dec 14 10:27:57 2018
| Host         : Rich-PC running 64-bit major release  (build 9200)
| Command      : upgrade_ip
| Device       : xcku060-ffva1156-2-e
------------------------------------------------------------------------------------

Upgrade Log for IP 'test_chirp_1'

1. Summary
----------

SUCCESS in the upgrade of test_chirp_1 (pentek.com:px_ip:px_axis_chirp_gen:1.0) from (Rev. 36) to (Rev. 38)






Copyright 1986-2018 Xilinx, Inc. All Rights Reserved.
------------------------------------------------------------------------------------
| Tool Version : Vivado v.2018.3 (win64) Build 2405991 Thu Dec  6 23:38:27 MST 2018
| Date         : Fri Dec 14 10:27:56 2018
| Host         : Rich-PC running 64-bit major release  (build 9200)
| Command      : upgrade_ip
| Device       : xcku060-ffva1156-2-e
------------------------------------------------------------------------------------

Upgrade Log for IP 'px_axis_pdti_dec16fir_8_st4'

1. Summary
----------

SUCCESS in the conversion of px_axis_pdti_dec16fir_8_st4 (xilinx.com:ip:fir_compiler:7.2 (Rev. 11)) to Vivado generation flows.






Copyright 1986-2018 Xilinx, Inc. All Rights Reserved.
------------------------------------------------------------------------------------
| Tool Version : Vivado v.2018.2 (win64) Build 2258646 Thu Jun 14 20:03:12 MDT 2018
| Date         : Sat Sep 22 10:01:09 2018
| Host         : Rich-PC running 64-bit major release  (build 9200)
| Command      : upgrade_ip
| Device       : xcku060-ffva1156-2-e
------------------------------------------------------------------------------------

Upgrade Log for IP 'test_chirp_1'

1. Summary
----------

SUCCESS in the upgrade of test_chirp_1 (pentek.com:px_ip:px_axis_chirp_gen:1.0) from (Rev. 35) to (Rev. 36)






Copyright 1986-2018 Xilinx, Inc. All Rights Reserved.
------------------------------------------------------------------------------------
| Tool Version : Vivado v.2018.1 (win64) Build 2188600 Wed Apr  4 18:40:38 MDT 2018
| Date         : Tue May  1 14:41:07 2018
| Host         : Rich-PC running 64-bit major release  (build 9200)
| Command      : upgrade_ip
| Device       : xcku060-ffva1156-2-e
------------------------------------------------------------------------------------

Upgrade Log for IP 'test_chirp_1'

1. Summary
----------

SUCCESS in the upgrade of test_chirp_1 (pentek.com:px_ip:px_axis_chirp_gen:1.0) from (Rev. 34) to (Rev. 35)






Copyright 1986-2018 Xilinx, Inc. All Rights Reserved.
------------------------------------------------------------------------------------
| Tool Version : Vivado v.2018.1 (win64) Build 2188600 Wed Apr  4 18:40:38 MDT 2018
| Date         : Tue May  1 14:41:06 2018
| Host         : Rich-PC running 64-bit major release  (build 9200)
| Command      : upgrade_ip
| Device       : xcku060-ffva1156-2-e
------------------------------------------------------------------------------------

Upgrade Log for IP 'px_axis_pdti_dec16fir_8_st4'

1. Summary
----------

SUCCESS in the upgrade of px_axis_pdti_dec16fir_8_st4 (xilinx.com:ip:fir_compiler:7.2) from (Rev. 9) to (Rev. 11)






Copyright 1986-2017 Xilinx, Inc. All Rights Reserved.
--------------------------------------------------------------------------------------------
| Tool Version : Vivado v.2017.3_AR70218 (win64) Build 2018833 Wed Oct  4 19:58:22 MDT 2017
| Date         : Thu Apr 19 08:06:22 2018
| Host         : Rich-PC running 64-bit major release  (build 9200)
| Command      : upgrade_ip
| Device       : xcku060-ffva1156-2-e
--------------------------------------------------------------------------------------------

Upgrade Log for IP 'test_chirp_1'

1. Summary
----------

SUCCESS in the upgrade of test_chirp_1 (pentek.com:px_ip:px_axis_chirp_gen:1.0) from (Rev. 33) to (Rev. 34)






Copyright 1986-2017 Xilinx, Inc. All Rights Reserved.
--------------------------------------------------------------------------------------------
| Tool Version : Vivado v.2017.3_AR70218 (win64) Build 2018833 Wed Oct  4 19:58:22 MDT 2017
| Date         : Thu Apr 19 08:06:20 2018
| Host         : Rich-PC running 64-bit major release  (build 9200)
| Command      : upgrade_ip
| Device       : xcku060-ffva1156-2-e
--------------------------------------------------------------------------------------------

Upgrade Log for IP 'px_axis_chirp_gen_1'

1. Summary
----------

SUCCESS in the upgrade of px_axis_chirp_gen_1 (pentek.com:px_ip:px_axis_chirp_gen:1.0) from (Rev. 33) to (Rev. 34)






Copyright 1986-2017 Xilinx, Inc. All Rights Reserved.
--------------------------------------------------------------------------------------------
| Tool Version : Vivado v.2017.3_AR70218 (win64) Build 2018833 Wed Oct  4 19:58:22 MDT 2017
| Date         : Thu Apr 19 08:06:19 2018
| Host         : Rich-PC running 64-bit major release  (build 9200)
| Command      : upgrade_ip
| Device       : xcku060-ffva1156-2-e
--------------------------------------------------------------------------------------------

Upgrade Log for IP 'px_axis_chirp_gen_01'

1. Summary
----------

SUCCESS in the upgrade of px_axis_chirp_gen_01 (pentek.com:px_ip:px_axis_chirp_gen:1.0) from (Rev. 33) to (Rev. 34)






Copyright 1986-2017 Xilinx, Inc. All Rights Reserved.
--------------------------------------------------------------------------------------------
| Tool Version : Vivado v.2017.3_AR70218 (win64) Build 2018833 Wed Oct  4 19:58:22 MDT 2017
| Date         : Thu Apr 19 08:06:17 2018
| Host         : Rich-PC running 64-bit major release  (build 9200)
| Command      : upgrade_ip
| Device       : xcku060-ffva1156-2-e
--------------------------------------------------------------------------------------------

Upgrade Log for IP 'px_axis_chirp_gen_0'

1. Summary
----------

SUCCESS in the upgrade of px_axis_chirp_gen_0 (pentek.com:px_ip:px_axis_chirp_gen:1.0) from (Rev. 33) to (Rev. 34)






Copyright 1986-2017 Xilinx, Inc. All Rights Reserved.
------------------------------------------------------------------------------------
| Tool Version : Vivado v.2017.3 (win64) Build 2018833 Wed Oct  4 19:58:22 MDT 2017
| Date         : Wed Apr 18 18:21:11 2018
| Host         : Igor2 running 64-bit major release  (build 9200)
| Command      : upgrade_ip
| Device       : xcku060-ffva1156-2-e
------------------------------------------------------------------------------------

Upgrade Log for IP 'test_chirp_1'

1. Summary
----------

SUCCESS in the upgrade of test_chirp_1 (pentek.com:px_ip:px_axis_chirp_gen:1.0) from (Rev. 34) to (Rev. 33)






Copyright 1986-2017 Xilinx, Inc. All Rights Reserved.
--------------------------------------------------------------------------------------------
| Tool Version : Vivado v.2017.3_AR70218 (win64) Build 2018833 Wed Oct  4 19:58:22 MDT 2017
| Date         : Wed Apr 18 12:23:24 2018
| Host         : Rich-PC running 64-bit major release  (build 9200)
| Command      : upgrade_ip
| Device       : xcku060-ffva1156-2-e
--------------------------------------------------------------------------------------------

Upgrade Log for IP 'test_chirp_1'

1. Summary
----------

SUCCESS in the conversion of test_chirp_1 (pentek.com:px_ip:px_axis_chirp_gen:1.0 (Rev. 34)) to Vivado generation flows.






Copyright 1986-2017 Xilinx, Inc. All Rights Reserved.
--------------------------------------------------------------------------------------------
| Tool Version : Vivado v.2017.3_AR70218 (win64) Build 2018833 Wed Oct  4 19:58:22 MDT 2017
| Date         : Wed Apr 18 12:23:22 2018
| Host         : Rich-PC running 64-bit major release  (build 9200)
| Command      : upgrade_ip
| Device       : xcku060-ffva1156-2-e
--------------------------------------------------------------------------------------------

Upgrade Log for IP 'px_axis_pdti_dec16fir_8_st4'

1. Summary
----------

SUCCESS in the conversion of px_axis_pdti_dec16fir_8_st4 (xilinx.com:ip:fir_compiler:7.2 (Rev. 9)) to Vivado generation flows.






Copyright 1986-2017 Xilinx, Inc. All Rights Reserved.
--------------------------------------------------------------------------------------------
| Tool Version : Vivado v.2017.3_AR70218 (win64) Build 2018833 Wed Oct  4 19:58:22 MDT 2017
| Date         : Wed Apr 18 11:18:17 2018
| Host         : Rich-PC running 64-bit major release  (build 9200)
| Command      : upgrade_ip
| Device       : xcku11p-ffva1156-2-e
--------------------------------------------------------------------------------------------

Upgrade Log for IP 'test_chirp_1'

1. Summary
----------

SUCCESS in the upgrade of test_chirp_1 (pentek.com:px_ip:px_axis_chirp_gen:1.0) from (Rev. 33) to (Rev. 34)

