#-----------------------------------------------------------
# Vivado v2019.2 (64-bit)
# SW Build 2700185 on Thu Oct 24 18:46:05 MDT 2019
# IP Build 2699827 on Thu Oct 24 21:16:38 MDT 2019
# Start of session at: Tue Nov 12 11:37:41 2019
# Process ID: 1588
# Current directory: C:/Pentek/IP/2019.2/pentek/ip/px_axis_fdecfir32_1
# Command line: vivado.exe -gui_launcher_event rodinguilauncherevent18004 C:\Pentek\IP\2019.2\pentek\ip\px_axis_fdecfir32_1\px_axis_fdecfir32_1.xpr
# Log file: C:/Pentek/IP/2019.2/pentek/ip/px_axis_fdecfir32_1/vivado.log
# Journal file: C:/Pentek/IP/2019.2/pentek/ip/px_axis_fdecfir32_1\vivado.jou
#-----------------------------------------------------------
INFO: [Common 17-1460] Use of init.tcl in C:/Users/Rich/AppData/Roaming/Xilinx/Vivado/init.tcl is deprecated. Please use Vivado_init.tcl 
Sourcing tcl script 'C:/Users/Rich/AppData/Roaming/Xilinx/Vivado/init.tcl'
start_gui
open_project C:/Pentek/IP/2019.2/pentek/ip/px_axis_fdecfir32_1/px_axis_fdecfir32_1.xpr
INFO: [Project 1-313] Project file moved from 'C:/Pentek/IP/2019.1/pentek/ip/px_axis_fdecfir32_1' since last save.
Scanning sources...
Finished scanning sources
WARNING: [Project 1-509] GeneratedRun file for 'px_axis_fdecfir32_1_dlyram_synth_1' not found
WARNING: [Project 1-509] GeneratedRun file for 'px_axis_fdecfir32_acc_synth_1' not found
WARNING: [Project 1-509] GeneratedRun file for 'px_axis_fdecfir32_axi_xbar_synth_1' not found
WARNING: [Project 1-509] GeneratedRun file for 'px_axis_fdecfir32_brctlr_synth_1' not found
WARNING: [Project 1-509] GeneratedRun file for 'px_axis_fdecfir32_coefram_synth_1' not found
WARNING: [Project 1-509] GeneratedRun file for 'px_axis_fdecfir32_dlyr_synth_1' not found
WARNING: [Project 1-509] GeneratedRun file for 'px_axis_fdecfir32_dsp48db_synth_1' not found
WARNING: [Project 1-509] GeneratedRun file for 'px_axis_fdecfir32_dsp48dbpi_synth_1' not found
WARNING: [Project 1-509] GeneratedRun file for 'px_axis_fdecfir32_mem_synth_1' not found
WARNING: [Project 1-509] GeneratedRun file for 'px_axis_fdecfir32_mult_synth_1' not found
WARNING: [Project 1-509] GeneratedRun file for 'px_axis_fdecfir32_rnd16_synth_1' not found
WARNING: [Project 1-509] GeneratedRun file for 'px_axis_fdecfir32_rnd24_synth_1' not found
WARNING: [Project 1-509] GeneratedRun file for 'px_axis_fdecfir32_sat_synth_1' not found
WARNING: [Project 1-509] GeneratedRun file for 'px_axis_fdecfir32_sr128_synth_1' not found
WARNING: [Project 1-509] GeneratedRun file for 'px_axis_fdecfir32_sr16_synth_1' not found
WARNING: [Project 1-509] GeneratedRun file for 'px_axis_fdecfir32_sr64_synth_1' not found
WARNING: [Project 1-509] GeneratedRun file for 'px_axis_fdecfir32_xclk_synth_1' not found
WARNING: [Project 1-509] GeneratedRun file for 'px_axis_fdecfir32l_csr_synth_1' not found
WARNING: [Project 1-509] GeneratedRun file for 'tb_dds_synth_1' not found
WARNING: [filemgmt 56-2] IPUserFilesDir: Could not find the directory 'C:/Pentek/IP/2019.2/pentek/ip/px_axis_fdecfir32_1/px_axis_fdecfir32_1.ip_user_files', nor could it be found using path 'C:/Pentek/IP/2019.1/pentek/ip/px_axis_fdecfir32_1/px_axis_fdecfir32_1.ip_user_files'.
INFO: [IP_Flow 19-234] Refreshing IP repositories
INFO: [IP_Flow 19-1700] Loaded user IP repository 'c:/Pentek/IP/2019.2/pentek'.
WARNING: [IP_Flow 19-3656] If you move the project, the path for repository 'c:/Pentek/IP/2019.2/pentek' may become invalid. A better location for the repository would be in a path adjacent to the project. (Current project location is 'c:/Pentek/IP/2019.2/pentek/ip/px_axis_fdecfir32_1'.)
INFO: [IP_Flow 19-2313] Loaded Vivado IP repository 'C:/Xilinx/Vivado/2019.2/data/ip'.
WARNING: [IP_Flow 19-2162] IP 'px_axis_fdecfir32_1_dlyram' is locked:
* IP definition 'Block Memory Generator (8.4)' for IP 'px_axis_fdecfir32_1_dlyram' (customized with software release 2019.1) has a different revision in the IP Catalog.
WARNING: [IP_Flow 19-2162] IP 'px_axis_fdecfir32_axi_xbar' is locked:
* IP definition 'AXI Crossbar (2.1)' for IP 'px_axis_fdecfir32_axi_xbar' (customized with software release 2019.1) has a different revision in the IP Catalog.
WARNING: [IP_Flow 19-2162] IP 'px_axis_fdecfir32_brctlr' is locked:
* IP definition 'px_axil_bram_ctlr_v1_0 (1.0)' for IP 'px_axis_fdecfir32_brctlr' (customized with software release 2019.1) has a different revision in the IP Catalog.
WARNING: [IP_Flow 19-2162] IP 'px_axis_fdecfir32_dlyr' is locked:
* IP definition 'Block Memory Generator (8.4)' for IP 'px_axis_fdecfir32_dlyr' (customized with software release 2019.1) has a different revision in the IP Catalog.
WARNING: [IP_Flow 19-2162] IP 'px_axis_fdecfir32_mem' is locked:
* IP definition 'Block Memory Generator (8.4)' for IP 'px_axis_fdecfir32_mem' (customized with software release 2019.1) has a different revision in the IP Catalog.
WARNING: [IP_Flow 19-2162] IP 'px_axis_fdecfir32_mult' is locked:
* IP definition 'Multiplier (12.0)' for IP 'px_axis_fdecfir32_mult' (customized with software release 2019.1) has a different revision in the IP Catalog.
WARNING: [IP_Flow 19-2162] IP 'px_axis_fdecfir32_rnd16' is locked:
* IP definition 'px_axis_round_v1_0 (1.0)' for IP 'px_axis_fdecfir32_rnd16' (customized with software release 2019.1) has a different revision in the IP Catalog.
WARNING: [IP_Flow 19-2162] IP 'px_axis_fdecfir32_rnd24' is locked:
* IP definition 'px_axis_round_v1_0 (1.0)' for IP 'px_axis_fdecfir32_rnd24' (customized with software release 2019.1) has a different revision in the IP Catalog.
WARNING: [IP_Flow 19-2162] IP 'px_axis_fdecfir32_sat' is locked:
* IP definition 'px_axis_saturate_v1_1 (1.1)' for IP 'px_axis_fdecfir32_sat' (customized with software release 2019.1) has a different revision in the IP Catalog.
WARNING: [IP_Flow 19-2162] IP 'px_axis_fdecfir32_sr128' is locked:
* IP definition 'RAM-based Shift Register (12.0)' for IP 'px_axis_fdecfir32_sr128' (customized with software release 2019.1) has a different revision in the IP Catalog.
WARNING: [IP_Flow 19-2162] IP 'px_axis_fdecfir32_sr16' is locked:
* IP definition 'RAM-based Shift Register (12.0)' for IP 'px_axis_fdecfir32_sr16' (customized with software release 2019.1) has a different revision in the IP Catalog.
WARNING: [IP_Flow 19-2162] IP 'px_axis_fdecfir32_sr64' is locked:
* IP definition 'RAM-based Shift Register (12.0)' for IP 'px_axis_fdecfir32_sr64' (customized with software release 2019.1) has a different revision in the IP Catalog.
WARNING: [IP_Flow 19-2162] IP 'px_axis_fdecfir32_xclk' is locked:
* IP definition 'px_lvl_trans_xclk_v1_0 (1.0)' for IP 'px_axis_fdecfir32_xclk' (customized with software release 2019.1) has a different revision in the IP Catalog.
WARNING: [IP_Flow 19-2162] IP 'px_axis_fdecfir32l_csr' is locked:
* IP definition 'px_axil_csr_v1_0 (1.0)' for IP 'px_axis_fdecfir32l_csr' (customized with software release 2019.1) has a different revision in the IP Catalog.
WARNING: [IP_Flow 19-2162] IP 'tb_dds' is locked:
* IP definition 'DDS Compiler (6.0)' for IP 'tb_dds' (customized with software release 2019.1) has a different revision in the IP Catalog.
INFO: [Project 1-230] Project 'px_axis_fdecfir32_1.xpr' upgraded for this version of Vivado.
open_project: Time (s): cpu = 00:00:12 ; elapsed = 00:00:10 . Memory (MB): peak = 966.840 ; gain = 183.238
report_ip_status -name ip_status 
update_compile_order -fileset sources_1
upgrade_ip -srcset px_axis_fdecfir32_1_dlyram [get_ips  {px_axis_fdecfir32_1_dlyram px_axis_fdecfir32_axi_xbar px_axis_fdecfir32_brctlr px_axis_fdecfir32_dlyr px_axis_fdecfir32_mem px_axis_fdecfir32_mult px_axis_fdecfir32_rnd16 px_axis_fdecfir32_rnd24 px_axis_fdecfir32_sat px_axis_fdecfir32_sr128 px_axis_fdecfir32_sr16 px_axis_fdecfir32_sr64 px_axis_fdecfir32_xclk px_axis_fdecfir32l_csr tb_dds}] -log ip_upgrade.log
Upgrading 'px_axis_fdecfir32_1_dlyram'
INFO: [Project 1-386] Moving file 'C:/Pentek/IP/2019.2/pentek/ip/px_axis_fdecfir32_1/px_axis_fdecfir32_1.srcs/sources_1/ip/px_axis_fdecfir32_1_dlyram/px_axis_fdecfir32_1_dlyram.xci' from fileset 'px_axis_fdecfir32_1_dlyram' to fileset 'sources_1'.
INFO: [IP_Flow 19-3422] Upgraded px_axis_fdecfir32_1_dlyram (Block Memory Generator 8.4) from revision 3 to revision 4
INFO: [IP_Flow 19-1686] Generating 'Instantiation Template' target for IP 'px_axis_fdecfir32_1_dlyram'...
Upgrading 'px_axis_fdecfir32_axi_xbar'
INFO: [Project 1-386] Moving file 'C:/Pentek/IP/2019.2/pentek/ip/px_axis_fdecfir32_1/px_axis_fdecfir32_1.srcs/sources_1/ip/px_axis_fdecfir32_axi_xbar/px_axis_fdecfir32_axi_xbar.xci' from fileset 'px_axis_fdecfir32_axi_xbar' to fileset 'sources_1'.
INFO: [IP_Flow 19-3422] Upgraded px_axis_fdecfir32_axi_xbar (AXI Crossbar 2.1) from revision 20 to revision 21
INFO: [IP_Flow 19-1686] Generating 'Instantiation Template' target for IP 'px_axis_fdecfir32_axi_xbar'...
Upgrading 'px_axis_fdecfir32_brctlr'
INFO: [Project 1-386] Moving file 'C:/Pentek/IP/2019.2/pentek/ip/px_axis_fdecfir32_1/px_axis_fdecfir32_1.srcs/sources_1/ip/px_axis_fdecfir32_brctlr/px_axis_fdecfir32_brctlr.xci' from fileset 'px_axis_fdecfir32_brctlr' to fileset 'sources_1'.
INFO: [IP_Flow 19-3422] Upgraded px_axis_fdecfir32_brctlr (px_axil_bram_ctlr_v1_0 1.0) from revision 26 to revision 27
INFO: [IP_Flow 19-1686] Generating 'Instantiation Template' target for IP 'px_axis_fdecfir32_brctlr'...
Upgrading 'px_axis_fdecfir32_dlyr'
INFO: [Project 1-386] Moving file 'C:/Pentek/IP/2019.2/pentek/ip/px_axis_fdecfir32_1/px_axis_fdecfir32_1.srcs/sources_1/ip/px_axis_fdecfir32_dlyr/px_axis_fdecfir32_dlyr.xci' from fileset 'px_axis_fdecfir32_dlyr' to fileset 'sources_1'.
INFO: [IP_Flow 19-3422] Upgraded px_axis_fdecfir32_dlyr (Block Memory Generator 8.4) from revision 3 to revision 4
INFO: [IP_Flow 19-1686] Generating 'Instantiation Template' target for IP 'px_axis_fdecfir32_dlyr'...
Upgrading 'px_axis_fdecfir32_mem'
INFO: [Project 1-386] Moving file 'C:/Pentek/IP/2019.2/pentek/ip/px_axis_fdecfir32_1/px_axis_fdecfir32_1.srcs/sources_1/ip/px_axis_fdecfir32_mem/px_axis_fdecfir32_mem.xci' from fileset 'px_axis_fdecfir32_mem' to fileset 'sources_1'.
INFO: [IP_Flow 19-3422] Upgraded px_axis_fdecfir32_mem (Block Memory Generator 8.4) from revision 3 to revision 4
INFO: [IP_Flow 19-1686] Generating 'Instantiation Template' target for IP 'px_axis_fdecfir32_mem'...
Upgrading 'px_axis_fdecfir32_mult'
INFO: [Project 1-386] Moving file 'C:/Pentek/IP/2019.2/pentek/ip/px_axis_fdecfir32_1/px_axis_fdecfir32_1.srcs/sources_1/ip/px_axis_fdecfir32_mult/px_axis_fdecfir32_mult.xci' from fileset 'px_axis_fdecfir32_mult' to fileset 'sources_1'.
INFO: [IP_Flow 19-3422] Upgraded px_axis_fdecfir32_mult (Multiplier 12.0) from revision 15 to revision 16
INFO: [IP_Flow 19-1686] Generating 'Instantiation Template' target for IP 'px_axis_fdecfir32_mult'...
Upgrading 'px_axis_fdecfir32_rnd16'
INFO: [Project 1-386] Moving file 'C:/Pentek/IP/2019.2/pentek/ip/px_axis_fdecfir32_1/px_axis_fdecfir32_1.srcs/sources_1/ip/px_axis_fdecfir32_rnd16/px_axis_fdecfir32_rnd16.xci' from fileset 'px_axis_fdecfir32_rnd16' to fileset 'sources_1'.
INFO: [IP_Flow 19-3422] Upgraded px_axis_fdecfir32_rnd16 (px_axis_round_v1_0 1.0) from revision 19 to revision 20
INFO: [IP_Flow 19-1686] Generating 'Instantiation Template' target for IP 'px_axis_fdecfir32_rnd16'...
Upgrading 'px_axis_fdecfir32_rnd24'
INFO: [Project 1-386] Moving file 'C:/Pentek/IP/2019.2/pentek/ip/px_axis_fdecfir32_1/px_axis_fdecfir32_1.srcs/sources_1/ip/px_axis_fdecfir32_rnd24/px_axis_fdecfir32_rnd24.xci' from fileset 'px_axis_fdecfir32_rnd24' to fileset 'sources_1'.
INFO: [IP_Flow 19-3422] Upgraded px_axis_fdecfir32_rnd24 (px_axis_round_v1_0 1.0) from revision 19 to revision 20
INFO: [IP_Flow 19-1686] Generating 'Instantiation Template' target for IP 'px_axis_fdecfir32_rnd24'...
Upgrading 'px_axis_fdecfir32_sat'
INFO: [Project 1-386] Moving file 'C:/Pentek/IP/2019.2/pentek/ip/px_axis_fdecfir32_1/px_axis_fdecfir32_1.srcs/sources_1/ip/px_axis_fdecfir32_sat/px_axis_fdecfir32_sat.xci' from fileset 'px_axis_fdecfir32_sat' to fileset 'sources_1'.
INFO: [IP_Flow 19-3422] Upgraded px_axis_fdecfir32_sat (px_axis_saturate_v1_1 1.1) from revision 23 to revision 24
INFO: [IP_Flow 19-1686] Generating 'Instantiation Template' target for IP 'px_axis_fdecfir32_sat'...
Upgrading 'px_axis_fdecfir32_sr128'
INFO: [Project 1-386] Moving file 'C:/Pentek/IP/2019.2/pentek/ip/px_axis_fdecfir32_1/px_axis_fdecfir32_1.srcs/sources_1/ip/px_axis_fdecfir32_sr128/px_axis_fdecfir32_sr128.xci' from fileset 'px_axis_fdecfir32_sr128' to fileset 'sources_1'.
INFO: [IP_Flow 19-3422] Upgraded px_axis_fdecfir32_sr128 (RAM-based Shift Register 12.0) from revision 13 to revision 14
INFO: [IP_Flow 19-1686] Generating 'Instantiation Template' target for IP 'px_axis_fdecfir32_sr128'...
Upgrading 'px_axis_fdecfir32_sr16'
INFO: [Project 1-386] Moving file 'C:/Pentek/IP/2019.2/pentek/ip/px_axis_fdecfir32_1/px_axis_fdecfir32_1.srcs/sources_1/ip/px_axis_fdecfir32_sr16/px_axis_fdecfir32_sr16.xci' from fileset 'px_axis_fdecfir32_sr16' to fileset 'sources_1'.
INFO: [IP_Flow 19-3422] Upgraded px_axis_fdecfir32_sr16 (RAM-based Shift Register 12.0) from revision 13 to revision 14
INFO: [IP_Flow 19-1686] Generating 'Instantiation Template' target for IP 'px_axis_fdecfir32_sr16'...
Upgrading 'px_axis_fdecfir32_sr64'
INFO: [Project 1-386] Moving file 'C:/Pentek/IP/2019.2/pentek/ip/px_axis_fdecfir32_1/px_axis_fdecfir32_1.srcs/sources_1/ip/px_axis_fdecfir32_sr64/px_axis_fdecfir32_sr64.xci' from fileset 'px_axis_fdecfir32_sr64' to fileset 'sources_1'.
INFO: [IP_Flow 19-3422] Upgraded px_axis_fdecfir32_sr64 (RAM-based Shift Register 12.0) from revision 13 to revision 14
INFO: [IP_Flow 19-1686] Generating 'Instantiation Template' target for IP 'px_axis_fdecfir32_sr64'...
Upgrading 'px_axis_fdecfir32_xclk'
INFO: [Project 1-386] Moving file 'C:/Pentek/IP/2019.2/pentek/ip/px_axis_fdecfir32_1/px_axis_fdecfir32_1.srcs/sources_1/ip/px_axis_fdecfir32_xclk/px_axis_fdecfir32_xclk.xci' from fileset 'px_axis_fdecfir32_xclk' to fileset 'sources_1'.
INFO: [IP_Flow 19-3422] Upgraded px_axis_fdecfir32_xclk (px_lvl_trans_xclk_v1_0 1.0) from revision 17 to revision 18
INFO: [IP_Flow 19-1686] Generating 'Instantiation Template' target for IP 'px_axis_fdecfir32_xclk'...
Upgrading 'px_axis_fdecfir32l_csr'
INFO: [Project 1-386] Moving file 'C:/Pentek/IP/2019.2/pentek/ip/px_axis_fdecfir32_1/px_axis_fdecfir32_1.srcs/sources_1/ip/px_axis_fdecfir32l_csr/px_axis_fdecfir32l_csr.xci' from fileset 'px_axis_fdecfir32l_csr' to fileset 'sources_1'.
INFO: [IP_Flow 19-3422] Upgraded px_axis_fdecfir32l_csr (px_axil_csr_v1_0 1.0) from revision 23 to revision 24
INFO: [IP_Flow 19-1686] Generating 'Instantiation Template' target for IP 'px_axis_fdecfir32l_csr'...
Upgrading 'tb_dds'
INFO: [Project 1-386] Moving file 'C:/Pentek/IP/2019.2/pentek/ip/px_axis_fdecfir32_1/px_axis_fdecfir32_1.srcs/tb_dds/ip/tb_dds/tb_dds.xci' from fileset 'tb_dds' to fileset 'sources_1'.
INFO: [IP_Flow 19-3422] Upgraded tb_dds (DDS Compiler 6.0) from revision 18 to revision 19
INFO: [IP_Flow 19-1686] Generating 'Instantiation Template' target for IP 'tb_dds'...
INFO: [Coretcl 2-1525] Wrote upgrade log to 'C:/Pentek/IP/2019.2/pentek/ip/px_axis_fdecfir32_1/ip_upgrade.log'.
upgrade_ip: Time (s): cpu = 00:00:10 ; elapsed = 00:00:09 . Memory (MB): peak = 1987.703 ; gain = 0.000
export_ip_user_files -of_objects [get_ips {px_axis_fdecfir32_1_dlyram px_axis_fdecfir32_axi_xbar px_axis_fdecfir32_brctlr px_axis_fdecfir32_dlyr px_axis_fdecfir32_mem px_axis_fdecfir32_mult px_axis_fdecfir32_rnd16 px_axis_fdecfir32_rnd24 px_axis_fdecfir32_sat px_axis_fdecfir32_sr128 px_axis_fdecfir32_sr16 px_axis_fdecfir32_sr64 px_axis_fdecfir32_xclk px_axis_fdecfir32l_csr tb_dds}] -no_script -sync -force -quiet
report_ip_status -name ip_status 
update_compile_order -fileset sources_1
ipx::open_ipxact_file {C:\Pentek\IP\2019.2\pentek\ip\px_axis_fdecfir32_1\component.xml}
WARNING: [IP_Flow 19-5226] Project source file 'c:/Pentek/IP/2019.2/pentek/ip/px_axis_fdecfir32_1/component.xml' ignored by IP packager.
WARNING: [IP_Flow 19-3833] Unreferenced file from the top module is not packaged: 'C:/Pentek/IP/2019.2/pentek/ip/px_axis_fdecfir32_1/px_axis_fdecfir32_1.srcs/tb_dds/ip/tb_dds/tb_dds.xci'.
WARNING: [IP_Flow 19-3898] File Group 'xilinx_anylanguagesynthesis (Synthesis)': File 'c:/Pentek/IP/2019.2/pentek/ip/px_axis_fdecfir32_1/px_axis_fdecfir32_1.srcs/sources_1/ip/px_axis_fdecfir32_sr16/px_axis_fdecfir32_sr16.xci' is not found in the project sources. It will be removed from the packaged IP when the sources are merged. If still required, please add this file to the project and re-package.
WARNING: [IP_Flow 19-3898] File Group 'xilinx_anylanguagesynthesis (Synthesis)': File 'c:/Pentek/IP/2019.2/pentek/ip/px_axis_fdecfir32_1/px_axis_fdecfir32_1.srcs/sources_1/ip/px_axis_fdecfir32_dsp48dbpi/px_axis_fdecfir32_dsp48dbpi.xci' is not found in the project sources. It will be removed from the packaged IP when the sources are merged. If still required, please add this file to the project and re-package.
WARNING: [IP_Flow 19-3898] File Group 'xilinx_anylanguagesynthesis (Synthesis)': File 'c:/Pentek/IP/2019.2/pentek/ip/px_axis_fdecfir32_1/px_axis_fdecfir32_1.srcs/sources_1/ip/px_axis_fdecfir32_dsp48db/px_axis_fdecfir32_dsp48db.xci' is not found in the project sources. It will be removed from the packaged IP when the sources are merged. If still required, please add this file to the project and re-package.
WARNING: [IP_Flow 19-3898] File Group 'xilinx_anylanguagesynthesis (Synthesis)': File 'c:/Pentek/IP/2019.2/pentek/ip/px_axis_fdecfir32_1/px_axis_fdecfir32_1.srcs/sources_1/ip/px_axis_fdecfir32_coefram/px_axis_fdecfir32_coefram.xci' is not found in the project sources. It will be removed from the packaged IP when the sources are merged. If still required, please add this file to the project and re-package.
WARNING: [IP_Flow 19-3898] File Group 'xilinx_anylanguagesynthesis (Synthesis)': File 'c:/Pentek/IP/2019.2/pentek/ip/px_axis_fdecfir32_1/px_axis_fdecfir32_1.srcs/sources_1/ip/px_axis_fdecfir32_1_dlyram/px_axis_fdecfir32_1_dlyram.xci' is not found in the project sources. It will be removed from the packaged IP when the sources are merged. If still required, please add this file to the project and re-package.
WARNING: [IP_Flow 19-3898] File Group 'xilinx_anylanguagesynthesis (Synthesis)': File 'c:/Pentek/IP/2019.2/pentek/ip/px_axis_fdecfir32_1/px_axis_fdecfir32_1.srcs/sources_1/ip/px_axis_fdecfir32_mem/px_axis_fdecfir32_mem.xci' is not found in the project sources. It will be removed from the packaged IP when the sources are merged. If still required, please add this file to the project and re-package.
WARNING: [IP_Flow 19-3898] File Group 'xilinx_anylanguagesynthesis (Synthesis)': File 'c:/Pentek/IP/2019.2/pentek/ip/px_axis_fdecfir32_1/px_axis_fdecfir32_1.srcs/sources_1/ip/px_axis_fdecfir32_mult/px_axis_fdecfir32_mult.xci' is not found in the project sources. It will be removed from the packaged IP when the sources are merged. If still required, please add this file to the project and re-package.
WARNING: [IP_Flow 19-3898] File Group 'xilinx_anylanguagesynthesis (Synthesis)': File 'c:/Pentek/IP/2019.2/pentek/ip/px_axis_fdecfir32_1/px_axis_fdecfir32_1.srcs/sources_1/ip/px_axis_fdecfir32_sat/px_axis_fdecfir32_sat.xci' is not found in the project sources. It will be removed from the packaged IP when the sources are merged. If still required, please add this file to the project and re-package.
WARNING: [IP_Flow 19-3898] File Group 'xilinx_anylanguagesynthesis (Synthesis)': File 'c:/Pentek/IP/2019.2/pentek/ip/px_axis_fdecfir32_1/px_axis_fdecfir32_1.srcs/sources_1/ip/px_axis_fdecfir32_acc/px_axis_fdecfir32_acc.xci' is not found in the project sources. It will be removed from the packaged IP when the sources are merged. If still required, please add this file to the project and re-package.
WARNING: [IP_Flow 19-3898] File Group 'xilinx_anylanguagesynthesis (Synthesis)': File 'c:/Pentek/IP/2019.2/pentek/ip/px_axis_fdecfir32_1/px_axis_fdecfir32_1.srcs/sources_1/ip/px_axis_fdecfir32_axi_xbar/px_axis_fdecfir32_axi_xbar.xci' is not found in the project sources. It will be removed from the packaged IP when the sources are merged. If still required, please add this file to the project and re-package.
WARNING: [IP_Flow 19-3898] File Group 'xilinx_anylanguagesynthesis (Synthesis)': File 'c:/Pentek/IP/2019.2/pentek/ip/px_axis_fdecfir32_1/px_axis_fdecfir32_1.srcs/sources_1/ip/px_axis_fdecfir32_brctlr/px_axis_fdecfir32_brctlr.xci' is not found in the project sources. It will be removed from the packaged IP when the sources are merged. If still required, please add this file to the project and re-package.
WARNING: [IP_Flow 19-3898] File Group 'xilinx_anylanguagesynthesis (Synthesis)': File 'c:/Pentek/IP/2019.2/pentek/ip/px_axis_fdecfir32_1/px_axis_fdecfir32_1.srcs/sources_1/ip/px_axis_fdecfir32_dlyr/px_axis_fdecfir32_dlyr.xci' is not found in the project sources. It will be removed from the packaged IP when the sources are merged. If still required, please add this file to the project and re-package.
WARNING: [IP_Flow 19-3898] File Group 'xilinx_anylanguagesynthesis (Synthesis)': File 'c:/Pentek/IP/2019.2/pentek/ip/px_axis_fdecfir32_1/px_axis_fdecfir32_1.srcs/sources_1/ip/px_axis_fdecfir32l_csr/px_axis_fdecfir32l_csr.xci' is not found in the project sources. It will be removed from the packaged IP when the sources are merged. If still required, please add this file to the project and re-package.
WARNING: [IP_Flow 19-3898] File Group 'xilinx_anylanguagesynthesis (Synthesis)': File 'c:/Pentek/IP/2019.2/pentek/ip/px_axis_fdecfir32_1/px_axis_fdecfir32_1.srcs/sources_1/ip/px_axis_fdecfir32_sr64/px_axis_fdecfir32_sr64.xci' is not found in the project sources. It will be removed from the packaged IP when the sources are merged. If still required, please add this file to the project and re-package.
WARNING: [IP_Flow 19-3898] File Group 'xilinx_anylanguagesynthesis (Synthesis)': File 'c:/Pentek/IP/2019.2/pentek/ip/px_axis_fdecfir32_1/px_axis_fdecfir32_1.srcs/sources_1/ip/px_axis_fdecfir32_rnd24/px_axis_fdecfir32_rnd24.xci' is not found in the project sources. It will be removed from the packaged IP when the sources are merged. If still required, please add this file to the project and re-package.
WARNING: [IP_Flow 19-3898] File Group 'xilinx_anylanguagesynthesis (Synthesis)': File 'c:/Pentek/IP/2019.2/pentek/ip/px_axis_fdecfir32_1/px_axis_fdecfir32_1.srcs/sources_1/ip/px_axis_fdecfir32_rnd16/px_axis_fdecfir32_rnd16.xci' is not found in the project sources. It will be removed from the packaged IP when the sources are merged. If still required, please add this file to the project and re-package.
WARNING: [IP_Flow 19-3898] File Group 'xilinx_anylanguagesynthesis (Synthesis)': File 'c:/Pentek/IP/2019.2/pentek/ip/px_axis_fdecfir32_1/px_axis_fdecfir32_1.srcs/sources_1/ip/px_axis_fdecfir32_sr128/px_axis_fdecfir32_sr128.xci' is not found in the project sources. It will be removed from the packaged IP when the sources are merged. If still required, please add this file to the project and re-package.
WARNING: [IP_Flow 19-3898] File Group 'xilinx_anylanguagesynthesis (Synthesis)': File 'c:/Pentek/IP/2019.2/pentek/ip/px_axis_fdecfir32_1/px_axis_fdecfir32_1.srcs/sources_1/ip/px_axis_fdecfir32_xclk/px_axis_fdecfir32_xclk.xci' is not found in the project sources. It will be removed from the packaged IP when the sources are merged. If still required, please add this file to the project and re-package.
WARNING: [IP_Flow 19-3898] File Group 'xilinx_anylanguagesynthesis (Synthesis)': File 'c:/Pentek/IP/2019.2/pentek/ip/px_axis_fdecfir32_1/px_axis_fdecfir32_1.srcs/sources_1/new/px_axis_fdecfir32_1.vhd' is not found in the project sources. It will be removed from the packaged IP when the sources are merged. If still required, please add this file to the project and re-package.
WARNING: [IP_Flow 19-3898] File Group 'xilinx_anylanguagebehavioralsimulation (Simulation)': File 'c:/Pentek/IP/2019.2/pentek/ip/px_axis_fdecfir32_1/px_axis_fdecfir32_1.srcs/tb_dds/ip/tb_dds/tb_dds.xci' is not found in the project sources. It will be removed from the packaged IP when the sources are merged. If still required, please add this file to the project and re-package.
WARNING: [IP_Flow 19-3898] File Group 'xilinx_anylanguagebehavioralsimulation (Simulation)': File 'c:/Pentek/IP/2019.2/pentek/ip/px_axis_fdecfir32_1/px_axis_fdecfir32_1.srcs/sources_1/ip/px_axis_fdecfir32_sr16/px_axis_fdecfir32_sr16.xci' is not found in the project sources. It will be removed from the packaged IP when the sources are merged. If still required, please add this file to the project and re-package.
WARNING: [IP_Flow 19-3898] File Group 'xilinx_anylanguagebehavioralsimulation (Simulation)': File 'c:/Pentek/IP/2019.2/pentek/ip/px_axis_fdecfir32_1/px_axis_fdecfir32_1.srcs/sources_1/ip/px_axis_fdecfir32_dsp48dbpi/px_axis_fdecfir32_dsp48dbpi.xci' is not found in the project sources. It will be removed from the packaged IP when the sources are merged. If still required, please add this file to the project and re-package.
WARNING: [IP_Flow 19-3898] File Group 'xilinx_anylanguagebehavioralsimulation (Simulation)': File 'c:/Pentek/IP/2019.2/pentek/ip/px_axis_fdecfir32_1/px_axis_fdecfir32_1.srcs/sources_1/ip/px_axis_fdecfir32_dsp48db/px_axis_fdecfir32_dsp48db.xci' is not found in the project sources. It will be removed from the packaged IP when the sources are merged. If still required, please add this file to the project and re-package.
WARNING: [IP_Flow 19-3898] File Group 'xilinx_anylanguagebehavioralsimulation (Simulation)': File 'c:/Pentek/IP/2019.2/pentek/ip/px_axis_fdecfir32_1/px_axis_fdecfir32_1.srcs/sources_1/ip/px_axis_fdecfir32_coefram/px_axis_fdecfir32_coefram.xci' is not found in the project sources. It will be removed from the packaged IP when the sources are merged. If still required, please add this file to the project and re-package.
WARNING: [IP_Flow 19-3898] File Group 'xilinx_anylanguagebehavioralsimulation (Simulation)': File 'c:/Pentek/IP/2019.2/pentek/ip/px_axis_fdecfir32_1/px_axis_fdecfir32_1.srcs/sources_1/ip/px_axis_fdecfir32_1_dlyram/px_axis_fdecfir32_1_dlyram.xci' is not found in the project sources. It will be removed from the packaged IP when the sources are merged. If still required, please add this file to the project and re-package.
WARNING: [IP_Flow 19-3898] File Group 'xilinx_anylanguagebehavioralsimulation (Simulation)': File 'c:/Pentek/IP/2019.2/pentek/ip/px_axis_fdecfir32_1/px_axis_fdecfir32_1.srcs/sources_1/ip/px_axis_fdecfir32_mem/px_axis_fdecfir32_mem.xci' is not found in the project sources. It will be removed from the packaged IP when the sources are merged. If still required, please add this file to the project and re-package.
WARNING: [IP_Flow 19-3898] File Group 'xilinx_anylanguagebehavioralsimulation (Simulation)': File 'c:/Pentek/IP/2019.2/pentek/ip/px_axis_fdecfir32_1/px_axis_fdecfir32_1.srcs/sources_1/ip/px_axis_fdecfir32_mult/px_axis_fdecfir32_mult.xci' is not found in the project sources. It will be removed from the packaged IP when the sources are merged. If still required, please add this file to the project and re-package.
WARNING: [IP_Flow 19-3898] File Group 'xilinx_anylanguagebehavioralsimulation (Simulation)': File 'c:/Pentek/IP/2019.2/pentek/ip/px_axis_fdecfir32_1/px_axis_fdecfir32_1.srcs/sources_1/ip/px_axis_fdecfir32_sat/px_axis_fdecfir32_sat.xci' is not found in the project sources. It will be removed from the packaged IP when the sources are merged. If still required, please add this file to the project and re-package.
WARNING: [IP_Flow 19-3898] File Group 'xilinx_anylanguagebehavioralsimulation (Simulation)': File 'c:/Pentek/IP/2019.2/pentek/ip/px_axis_fdecfir32_1/px_axis_fdecfir32_1.srcs/sources_1/ip/px_axis_fdecfir32_acc/px_axis_fdecfir32_acc.xci' is not found in the project sources. It will be removed from the packaged IP when the sources are merged. If still required, please add this file to the project and re-package.
WARNING: [IP_Flow 19-3898] File Group 'xilinx_anylanguagebehavioralsimulation (Simulation)': File 'c:/Pentek/IP/2019.2/pentek/ip/px_axis_fdecfir32_1/px_axis_fdecfir32_1.srcs/sources_1/ip/px_axis_fdecfir32_axi_xbar/px_axis_fdecfir32_axi_xbar.xci' is not found in the project sources. It will be removed from the packaged IP when the sources are merged. If still required, please add this file to the project and re-package.
WARNING: [IP_Flow 19-3898] File Group 'xilinx_anylanguagebehavioralsimulation (Simulation)': File 'c:/Pentek/IP/2019.2/pentek/ip/px_axis_fdecfir32_1/px_axis_fdecfir32_1.srcs/sources_1/ip/px_axis_fdecfir32_brctlr/px_axis_fdecfir32_brctlr.xci' is not found in the project sources. It will be removed from the packaged IP when the sources are merged. If still required, please add this file to the project and re-package.
WARNING: [IP_Flow 19-3898] File Group 'xilinx_anylanguagebehavioralsimulation (Simulation)': File 'c:/Pentek/IP/2019.2/pentek/ip/px_axis_fdecfir32_1/px_axis_fdecfir32_1.srcs/sources_1/ip/px_axis_fdecfir32_dlyr/px_axis_fdecfir32_dlyr.xci' is not found in the project sources. It will be removed from the packaged IP when the sources are merged. If still required, please add this file to the project and re-package.
WARNING: [IP_Flow 19-3898] File Group 'xilinx_anylanguagebehavioralsimulation (Simulation)': File 'c:/Pentek/IP/2019.2/pentek/ip/px_axis_fdecfir32_1/px_axis_fdecfir32_1.srcs/sources_1/ip/px_axis_fdecfir32_sr64/px_axis_fdecfir32_sr64.xci' is not found in the project sources. It will be removed from the packaged IP when the sources are merged. If still required, please add this file to the project and re-package.
WARNING: [IP_Flow 19-3898] File Group 'xilinx_anylanguagebehavioralsimulation (Simulation)': File 'c:/Pentek/IP/2019.2/pentek/ip/px_axis_fdecfir32_1/px_axis_fdecfir32_1.srcs/sources_1/ip/px_axis_fdecfir32l_csr/px_axis_fdecfir32l_csr.xci' is not found in the project sources. It will be removed from the packaged IP when the sources are merged. If still required, please add this file to the project and re-package.
WARNING: [IP_Flow 19-3898] File Group 'xilinx_anylanguagebehavioralsimulation (Simulation)': File 'c:/Pentek/IP/2019.2/pentek/ip/px_axis_fdecfir32_1/px_axis_fdecfir32_1.srcs/sources_1/ip/px_axis_fdecfir32_rnd24/px_axis_fdecfir32_rnd24.xci' is not found in the project sources. It will be removed from the packaged IP when the sources are merged. If still required, please add this file to the project and re-package.
WARNING: [IP_Flow 19-3898] File Group 'xilinx_anylanguagebehavioralsimulation (Simulation)': File 'c:/Pentek/IP/2019.2/pentek/ip/px_axis_fdecfir32_1/px_axis_fdecfir32_1.srcs/sources_1/ip/px_axis_fdecfir32_rnd16/px_axis_fdecfir32_rnd16.xci' is not found in the project sources. It will be removed from the packaged IP when the sources are merged. If still required, please add this file to the project and re-package.
WARNING: [IP_Flow 19-3898] File Group 'xilinx_anylanguagebehavioralsimulation (Simulation)': File 'c:/Pentek/IP/2019.2/pentek/ip/px_axis_fdecfir32_1/px_axis_fdecfir32_1.srcs/sources_1/ip/px_axis_fdecfir32_sr128/px_axis_fdecfir32_sr128.xci' is not found in the project sources. It will be removed from the packaged IP when the sources are merged. If still required, please add this file to the project and re-package.
WARNING: [IP_Flow 19-3898] File Group 'xilinx_anylanguagebehavioralsimulation (Simulation)': File 'c:/Pentek/IP/2019.2/pentek/ip/px_axis_fdecfir32_1/px_axis_fdecfir32_1.srcs/sources_1/ip/px_axis_fdecfir32_xclk/px_axis_fdecfir32_xclk.xci' is not found in the project sources. It will be removed from the packaged IP when the sources are merged. If still required, please add this file to the project and re-package.
WARNING: [IP_Flow 19-3898] File Group 'xilinx_anylanguagebehavioralsimulation (Simulation)': File 'c:/Pentek/IP/2019.2/pentek/ip/px_axis_fdecfir32_1/px_axis_fdecfir32_1.srcs/sources_1/new/px_axis_fdecfir32_1.vhd' is not found in the project sources. It will be removed from the packaged IP when the sources are merged. If still required, please add this file to the project and re-package.
WARNING: [IP_Flow 19-3898] File Group 'xilinx_testbench (Test Bench)': File 'c:/Pentek/IP/2019.2/pentek/ip/px_axis_fdecfir32_1/px_axis_fdecfir32_1.srcs/sim_1/new/tb_px_axis_fdecfir32_1.vhd' is not found in the project sources. It will be removed from the packaged IP when the sources are merged. If still required, please add this file to the project and re-package.
WARNING: [IP_Flow 19-3898] File Group 'xilinx_testbench (Test Bench)': File 'c:/Pentek/IP/2019.2/pentek/ip/px_axis_fdecfir32_1/tb_px_axis_fdecfir32_1_behav.wcfg' is not found in the project sources. It will be removed from the packaged IP when the sources are merged. If still required, please add this file to the project and re-package.
set_property core_revision 18 [ipx::current_core]
ipx::create_xgui_files [ipx::current_core]
ipx::update_checksums [ipx::current_core]
ipx::save_core [ipx::current_core]
update_ip_catalog -rebuild -repo_path c:/Pentek/IP/2019.2/pentek
INFO: [IP_Flow 19-725] Reloaded user IP repository 'c:/Pentek/IP/2019.2/pentek'
close_project
open_project C:/Pentek/IP/2019.2/pentek/ip/px_axis_pkt2contigstream_512/px_axis_pkt2contigstream_512.xpr
Scanning sources...
Finished scanning sources
INFO: [IP_Flow 19-234] Refreshing IP repositories
INFO: [IP_Flow 19-1700] Loaded user IP repository 'c:/pentek/ip/2019.1/pentek/ip/px_axis_pkt2contigstream_512'.
INFO: [IP_Flow 19-2313] Loaded Vivado IP repository 'C:/Xilinx/Vivado/2019.2/data/ip'.
update_compile_order -fileset sources_1
ipx::open_ipxact_file {C:\pentek\ip\2019.1\pentek\ip\px_axis_pkt2contigstream_512\component.xml}
WARNING: [IP_Flow 19-5226] Project source file 'c:/pentek/ip/2019.1/pentek/ip/px_axis_pkt2contigstream_512/component.xml' ignored by IP packager.
WARNING: [IP_Flow 19-3898] File Group 'xilinx_anylanguagesynthesis (Synthesis)': File 'c:/pentek/ip/2019.1/pentek/ip/px_axis_pkt2contigstream_512/px_axis_pkt2contigstream_512.srcs/sources_1/imports/new/px_axis_pkt2contigstream_512.vhd' is not found in the project sources. It will be removed from the packaged IP when the sources are merged. If still required, please add this file to the project and re-package.
WARNING: [IP_Flow 19-4308] Project file 'c:/Pentek/IP/2019.2/pentek/ip/px_axis_pkt2contigstream_512/px_axis_pkt2contigstream_512.srcs/sources_1/imports/new/px_axis_pkt2contigstream_512.vhd' is not found in the component files. It will be added automatically when merging sources and repackaging. Please remove the file from the source project if this is not desired.
WARNING: [IP_Flow 19-3898] File Group 'xilinx_anylanguagebehavioralsimulation (Simulation)': File 'c:/pentek/ip/2019.1/pentek/ip/px_axis_pkt2contigstream_512/px_axis_pkt2contigstream_512.srcs/sources_1/imports/new/px_axis_pkt2contigstream_512.vhd' is not found in the project sources. It will be removed from the packaged IP when the sources are merged. If still required, please add this file to the project and re-package.
WARNING: [IP_Flow 19-4308] Project file 'c:/Pentek/IP/2019.2/pentek/ip/px_axis_pkt2contigstream_512/px_axis_pkt2contigstream_512.srcs/sources_1/imports/new/px_axis_pkt2contigstream_512.vhd' is not found in the component files. It will be added automatically when merging sources and repackaging. Please remove the file from the source project if this is not desired.
WARNING: [IP_Flow 19-3898] File Group 'xilinx_testbench (Test Bench)': File 'c:/pentek/ip/2019.1/pentek/ip/px_axis_pkt2contigstream_512/px_axis_pkt2contigstream_512.srcs/sim_1/new/tb_axis_pkt2contigstream_512.vhd' is not found in the project sources. It will be removed from the packaged IP when the sources are merged. If still required, please add this file to the project and re-package.
WARNING: [IP_Flow 19-4308] Project file 'c:/Pentek/IP/2019.2/pentek/ip/px_axis_pkt2contigstream_512/px_axis_pkt2contigstream_512.srcs/sim_1/new/tb_axis_pkt2contigstream_512.vhd' is not found in the component files. It will be added automatically when merging sources and repackaging. Please remove the file from the source project if this is not desired.
set_property core_revision 7 [ipx::current_core]
ipx::create_xgui_files [ipx::current_core]
ipx::update_checksums [ipx::current_core]
ipx::save_core [ipx::current_core]
update_ip_catalog -rebuild -repo_path c:/pentek/ip/2019.1/pentek/ip/px_axis_pkt2contigstream_512
INFO: [IP_Flow 19-725] Reloaded user IP repository 'c:/pentek/ip/2019.1/pentek/ip/px_axis_pkt2contigstream_512'
close_project
open_project C:/Pentek/IP/2019.2/pentek/ip/px_axis_pkt2contigstream_512/px_axis_pkt2contigstream_512.xpr
Scanning sources...
Finished scanning sources
INFO: [IP_Flow 19-234] Refreshing IP repositories
INFO: [IP_Flow 19-1700] Loaded user IP repository 'c:/pentek/ip/2019.1/pentek/ip/px_axis_pkt2contigstream_512'.
INFO: [IP_Flow 19-2313] Loaded Vivado IP repository 'C:/Xilinx/Vivado/2019.2/data/ip'.
update_compile_order -fileset sources_1
update_files -from_files C:/Pentek/IP/2019.2/pentek/ip/px_axis_pkt2contigstream_512/component.xml -to_files C:/pentek/ip/2019.1/pentek/ip/px_axis_pkt2contigstream_512/component.xml -filesets [get_filesets *]
INFO: [filemgmt 20-762] Replacing file 'C:/pentek/ip/2019.1/pentek/ip/px_axis_pkt2contigstream_512/component.xml' with file 'C:/Pentek/IP/2019.2/pentek/ip/px_axis_pkt2contigstream_512/component.xml'.
ipx::open_ipxact_file {C:\Pentek\IP\2019.2\pentek\ip\px_axis_pkt2contigstream_512\component.xml}
WARNING: [IP_Flow 19-5226] Project source file 'c:/Pentek/IP/2019.2/pentek/ip/px_axis_pkt2contigstream_512/component.xml' ignored by IP packager.
WARNING: [IP_Flow 19-3898] File Group 'xilinx_anylanguagesynthesis (Synthesis)': File 'c:/Pentek/IP/2019.2/pentek/ip/px_axis_pkt2contigstream_512/px_axis_pkt2contigstream_512.srcs/sources_1/imports/new/px_axis_pkt2contigstream_512.vhd' is not found in the project sources. It will be removed from the packaged IP when the sources are merged. If still required, please add this file to the project and re-package.
WARNING: [IP_Flow 19-3898] File Group 'xilinx_anylanguagebehavioralsimulation (Simulation)': File 'c:/Pentek/IP/2019.2/pentek/ip/px_axis_pkt2contigstream_512/px_axis_pkt2contigstream_512.srcs/sources_1/imports/new/px_axis_pkt2contigstream_512.vhd' is not found in the project sources. It will be removed from the packaged IP when the sources are merged. If still required, please add this file to the project and re-package.
WARNING: [IP_Flow 19-3898] File Group 'xilinx_testbench (Test Bench)': File 'c:/Pentek/IP/2019.2/pentek/ip/px_axis_pkt2contigstream_512/px_axis_pkt2contigstream_512.srcs/sim_1/new/tb_axis_pkt2contigstream_512.vhd' is not found in the project sources. It will be removed from the packaged IP when the sources are merged. If still required, please add this file to the project and re-package.
set_property core_revision 6 [ipx::current_core]
ipx::create_xgui_files [ipx::current_core]
ipx::update_checksums [ipx::current_core]
ipx::save_core [ipx::current_core]
set_property  ip_repo_paths  {c:/Pentek/IP/2019.2/pentek/ip/px_axis_pkt2contigstream_512 c:/pentek/ip/2019.1/pentek/ip/px_axis_pkt2contigstream_512} [current_project]
update_ip_catalog
INFO: [IP_Flow 19-234] Refreshing IP repositories
INFO: [IP_Flow 19-1700] Loaded user IP repository 'c:/Pentek/IP/2019.2/pentek/ip/px_axis_pkt2contigstream_512'.
INFO: [IP_Flow 19-1700] Loaded user IP repository 'c:/pentek/ip/2019.1/pentek/ip/px_axis_pkt2contigstream_512'.
WARNING: [IP_Flow 19-1663] Duplicate IP found for 'pentek.com:px_ip:px_axis_pkt2contigstream_512:1.0'. The one found in IP location 'c:/pentek/ip/2019.1/pentek/ip/px_axis_pkt2contigstream_512' will take precedence over the same IP in location c:/Pentek/IP/2019.2/pentek/ip/px_axis_pkt2contigstream_512
close_project
open_project C:/Pentek/IP/2019.2/pentek/ip/px_100ge_rx_udp2axis/px_100ge_rx_udp2axis.xpr
Scanning sources...
Finished scanning sources
WARNING: [filemgmt 56-3] IPUserFilesDir: Could not find the directory 'C:/Pentek/IP/2019.2/pentek/ip/px_100ge_rx_udp2axis/px_100ge_rx_udp2axis.ip_user_files'.
INFO: [IP_Flow 19-234] Refreshing IP repositories
INFO: [IP_Flow 19-1700] Loaded user IP repository 'c:/pentek/ip/2019.1/pentek/ip/px_100ge_rx_udp2axis'.
INFO: [IP_Flow 19-2313] Loaded Vivado IP repository 'C:/Xilinx/Vivado/2019.2/data/ip'.
update_compile_order -fileset sources_1
update_files -from_files C:/Pentek/IP/2019.2/pentek/ip/px_100ge_rx_udp2axis/component.xml -to_files C:/pentek/ip/2019.1/pentek/ip/px_100ge_rx_udp2axis/component.xml -filesets [get_filesets *]
INFO: [filemgmt 20-762] Replacing file 'C:/pentek/ip/2019.1/pentek/ip/px_100ge_rx_udp2axis/component.xml' with file 'C:/Pentek/IP/2019.2/pentek/ip/px_100ge_rx_udp2axis/component.xml'.
ipx::open_ipxact_file {C:\Pentek\IP\2019.2\pentek\ip\px_100ge_rx_udp2axis\component.xml}
WARNING: [IP_Flow 19-5226] Project source file 'c:/Pentek/IP/2019.2/pentek/ip/px_100ge_rx_udp2axis/component.xml' ignored by IP packager.
WARNING: [IP_Flow 19-3898] File Group 'xilinx_anylanguagesynthesis (Synthesis)': File 'c:/Pentek/IP/2019.2/pentek/ip/px_100ge_rx_udp2axis/px_100ge_rx_udp2axis.srcs/sources_1/imports/new/px_100ge_rx_udp2axis.vhd' is not found in the project sources. It will be removed from the packaged IP when the sources are merged. If still required, please add this file to the project and re-package.
WARNING: [IP_Flow 19-3898] File Group 'xilinx_anylanguagebehavioralsimulation (Simulation)': File 'c:/Pentek/IP/2019.2/pentek/ip/px_100ge_rx_udp2axis/px_100ge_rx_udp2axis.srcs/sources_1/imports/new/px_100ge_rx_udp2axis.vhd' is not found in the project sources. It will be removed from the packaged IP when the sources are merged. If still required, please add this file to the project and re-package.
set_property core_revision 6 [ipx::current_core]
ipx::create_xgui_files [ipx::current_core]
ipx::update_checksums [ipx::current_core]
ipx::save_core [ipx::current_core]
set_property  ip_repo_paths  {c:/Pentek/IP/2019.2/pentek/ip/px_100ge_rx_udp2axis c:/pentek/ip/2019.1/pentek/ip/px_100ge_rx_udp2axis} [current_project]
update_ip_catalog
INFO: [IP_Flow 19-234] Refreshing IP repositories
INFO: [IP_Flow 19-1700] Loaded user IP repository 'c:/Pentek/IP/2019.2/pentek/ip/px_100ge_rx_udp2axis'.
INFO: [IP_Flow 19-1700] Loaded user IP repository 'c:/pentek/ip/2019.1/pentek/ip/px_100ge_rx_udp2axis'.
WARNING: [IP_Flow 19-1663] Duplicate IP found for 'pentek.com:px_ip:px_100ge_rx_udp2axis:1.0'. The one found in IP location 'c:/Pentek/IP/2019.2/pentek/ip/px_100ge_rx_udp2axis' will take precedence over the same IP in location c:/pentek/ip/2019.1/pentek/ip/px_100ge_rx_udp2axis
close_project
exit
INFO: [Common 17-206] Exiting Vivado at Tue Nov 12 12:06:46 2019...
