#-----------------------------------------------------------
# Vivado v2016.2 (64-bit)
# SW Build 1577090 on Thu Jun  2 16:32:40 MDT 2016
# IP Build 1577682 on Fri Jun  3 12:00:54 MDT 2016
# Start of session at: Thu Jun 09 10:22:49 2016
# Process ID: 9912
# Current directory: C:/Xilinx/Vivado/2016.2/data/ip/pentek/ip/px_axil2pciecfgmgmt
# Command line: vivado.exe -gui_launcher_event rodinguilauncherevent8032 C:\Xilinx\Vivado\2016.2\data\ip\pentek\ip\px_axil2pciecfgmgmt\px_axil2pciecfgmgmt.xpr
# Log file: C:/Xilinx/Vivado/2016.2/data/ip/pentek/ip/px_axil2pciecfgmgmt/vivado.log
# Journal file: C:/Xilinx/Vivado/2016.2/data/ip/pentek/ip/px_axil2pciecfgmgmt\vivado.jou
#-----------------------------------------------------------
start_gui
open_project C:/Xilinx/Vivado/2016.2/data/ip/pentek/ip/px_axil2pciecfgmgmt/px_axil2pciecfgmgmt.xpr
INFO: [Project 1-313] Project file moved from 'C:/Xilinx/Vivado/2016.1/data/ip/pentek/ip/px_axil2pciecfgmgmt' since last save.
Scanning sources...
Finished scanning sources
WARNING: [filemgmt 56-2] IPUserFilesDir: Could not find the directory 'C:/Xilinx/Vivado/2016.2/data/ip/pentek/ip/px_axil2pciecfgmgmt/px_axil2pciecfgmgmt.ip_user_files', nor could it be found using path 'C:/Xilinx/Vivado/2016.1/data/ip/pentek/ip/px_axil2pciecfgmgmt/px_axil2pciecfgmgmt.ip_user_files'.
INFO: [Project 1-230] Project 'px_axil2pciecfgmgmt.xpr' upgraded for this version of Vivado.
INFO: [IP_Flow 19-234] Refreshing IP repositories
INFO: [IP_Flow 19-1704] No user IP repositories specified
INFO: [IP_Flow 19-2313] Loaded Vivado IP repository 'C:/Xilinx/Vivado/2016.2/data/ip'.
open_project: Time (s): cpu = 00:00:12 ; elapsed = 00:00:06 . Memory (MB): peak = 922.215 ; gain = 194.785
update_compile_order -fileset sources_1
ipx::open_ipxact_file {C:\Xilinx\Vivado\2016.2\data\ip\pentek\ip\px_axil2pciecfgmgmt\px_axil2pciecfgmgmt.srcs\sources_1\new\component.xml}
WARNING: [IP_Flow 19-4308] Project file 'C:/Xilinx/Vivado/2016.2/data/ip/pentek/ip/px_axil2pciecfgmgmt/px_axil2pciecfgmgmt.srcs/constrs_1/new/px_axil2pciecfgmgmt.xdc' is not found in the component files. Please add the packaging file if necessary.
WARNING: [IP_Flow 19-3898] File Group 'xilinx_anylanguagesynthesis (Synthesis)': File 'C:/Xilinx/Vivado/2016.1/data/ip/pentek/ip/px_axil2pciecfgmgmt/px_axil2pciecfgmgmt.srcs/constrs_1/new/px_axil2pciecfgmgmt.xdc' is no longer found in the project sources. Please remove the packaging file if necessary.
ipx::merge_project_changes files [ipx::current_core]
ipx::remove_file C:/Xilinx/Vivado/2016.2/data/ip/pentek/ip/px_axil2pciecfgmgmt/px_axil2pciecfgmgmt.srcs/constrs_1/new/px_axil2pciecfgmgmt.xdc [ipx::get_file_groups xilinx_anylanguagesynthesis -of_objects [ipx::current_core]]
ipx::add_file ../../constrs_1/new/px_axil2pciecfgmgmt.xdc [ipx::get_file_groups xilinx_anylanguagesynthesis -of_objects [ipx::current_core]]
set_property type xdc [ipx::get_files ../../constrs_1/new/px_axil2pciecfgmgmt.xdc -of_objects [ipx::get_file_groups xilinx_anylanguagesynthesis -of_objects [ipx::current_core]]]
ipx::reorder_files -before px_axil2pciecfgmgmt.vhd ../../constrs_1/new/px_axil2pciecfgmgmt.xdc [ipx::get_file_groups xilinx_anylanguagesynthesis -of_objects [ipx::current_core]]
set_property core_revision 7 [ipx::current_core]
ipx::create_xgui_files [ipx::current_core]
ipx::update_checksums [ipx::current_core]
ipx::save_core [ipx::current_core]
set_property  ip_repo_paths  c:/Xilinx/Vivado/2016.2/data/ip/pentek/ip/px_axil2pciecfgmgmt/px_axil2pciecfgmgmt.srcs/sources_1/new [current_project]
update_ip_catalog
INFO: [IP_Flow 19-234] Refreshing IP repositories
INFO: [IP_Flow 19-1700] Loaded user IP repository 'c:/Xilinx/Vivado/2016.2/data/ip/pentek/ip/px_axil2pciecfgmgmt/px_axil2pciecfgmgmt.srcs/sources_1/new'.
exit
INFO: [Common 17-206] Exiting Vivado at Thu Jun 09 10:24:57 2016...
