iMPACT Version: 
iMPACT log file Started on Fri Dec 12 09:09:29 2008

// *** BATCH CMD : loadProjectFile -file"C:\GateFlow\7142_sig\4953_s142\xc4vsx55/xc4vsx55.ipf"
'1': Loading file 'C:/GateFlow/7142_sig/4953_s142/xc4vsx55/top_level.bit' ...
done.
INFO:iMPACT:1777 - 
   Reading C:/Xilinx92i/virtex4/data/xc4vsx55.bsd...
INFO:iMPACT:2257 - Startup Clock has been changed to 'JtagClk' in the bitstream   stored in memory,
   but the original bitstream file remains unchanged.
INFO:iMPACT:501 - '1': Added Device xc4vsx55 successfully.
----------------------------------------------------------------------
----------------------------------------------------------------------
'1': Loading file 'C:/GateFlow/7142_sig/4953_s142/xc4vsx55/top_level.bit' ...
INFO:iMPACT - Elapsed time =      1 sec.
done.
INFO:iMPACT:501 - '1': Added Device xc4vsx55 successfully.
----------------------------------------------------------------------
----------------------------------------------------------------------
'1': Added Device xcf32p successfully.
----------------------------------------------------------------------
Active mode is PFF
// *** BATCH CMD : setMode -bs
// *** BATCH CMD : setMode -ss
// *** BATCH CMD : setMode -sm
// *** BATCH CMD : setMode -hw140
// *** BATCH CMD : setMode -spi
// *** BATCH CMD : setMode -acecf
// *** BATCH CMD : setMode -acempm
// *** BATCH CMD : setMode -pff
// *** BATCH CMD : setMode -bs
// *** BATCH CMD : setMode -bs
// *** BATCH CMD : setMode -pff
------------------------  GUI: PFFView Wizard Data Report ------------------------
SubMode: PFF_PFFVERSION
MB Master Device: 
MB Mode: 
MB Chain: 
getMultiBootSelected(): FALSE
getSPISelected(): FALSE
------------------------  GUI: End PFFView Report  ------------------------
// *** BATCH CMD : setMode -pff
// *** BATCH CMD : setMode -pff
// *** BATCH CMD : setMode -bs
// *** BATCH CMD : setMode -bs
// *** BATCH CMD : setMode -pff
// *** BATCH CMD : setMode -pff
// *** BATCH CMD : setMode -bs
// *** BATCH CMD : setMode -bs
// *** BATCH CMD : setMode -pff
// *** BATCH CMD : setMode -pff
// *** BATCH CMD : setMode -bs
// *** BATCH CMD : setMode -bs
// *** BATCH CMD : setMode -pff
// *** BATCH CMD : setMode -pff
// *** BATCH CMD : setCurrentDesign -version 0
// *** BATCH CMD : setMode -pff
// *** BATCH CMD : setCurrentDeviceChain -index 0
// *** BATCH CMD : setAttribute -configdevice -attr multibootBpiDevice -value ""
// *** BATCH CMD : setAttribute -configdevice -attr multibootBpiType -value ""
// *** BATCH CMD : setAttribute -configdevice -attr multibootBpichainType -value""
------------------------  GUI: Wizard Data Report  ---------------------------
      PROM Mode : Revision
      Compression : true
      Fill Value : FF
      Output Format : mcs
      Swap Bits : true
      LoadDirection : UP
      PROM Basename : 7142_vsx55a
      File Location : C:\GateFlow\7142_sig\4953_s142\xc4vsx55\/
      Auto Selcet : false
      Number of Data Stream : 1
      Number of PROMs : 1
      PROM Name : xcf32p		PROM Size : 4194304 Bytes
// *** BATCH CMD : setCurrentDeviceChain -index 0
        ------ Revision: 0 '0', 1 device(s) chain -----
        Device 0, pn=xc4vsx55   fn=top_level.bit
------------------------------ END of Report ---------------------------------
// *** BATCH CMD : setCurrentDeviceChain -index 0
// *** BATCH CMD : setCurrentDeviceChain -index 0
file : C:/GateFlow/7142_sig/4953_s142/xc4vsx55/top_level.bit  used size :22745216// *** BATCH CMD : setCurrentDeviceChain -index 0
// *** BATCH CMD : setCurrentDesign -version 0
// *** BATCH CMD : setAttribute -design -attr name -value "00000000"
// *** BATCH CMD : setCurrentDeviceChain -index 0
INFO:iMPACT:2812 - ========== Revision | PROM | Block | Bits ==========
INFO:iMPACT:2813 - Rev0: PROM0: block0 = 8388608 Bits
INFO:iMPACT:2813 - Rev0: PROM0: block1 = 8388608 Bits
INFO:iMPACT:2813 - Rev0: PROM0: block2 = 5968000 Bits
INFO:iMPACT:2061 - ==============  Revision Summary  ================
INFO:iMPACT - Rev0: 90.38% (22745216/25165824) full
INFO:iMPACT - ===============================================
// *** BATCH CMD : setMode -pff
// *** BATCH CMD : setSubmode -pffversion
// *** BATCH CMD : setAttribute -configdevice -attr fillValue -value "FF"
// *** BATCH CMD : setAttribute -configdevice -attr fileFormat -value "mcs"
// *** BATCH CMD : setAttribute -configdevice -attr dir -value "UP"
// *** BATCH CMD : setAttribute -configdevice -attr path -value"C:\GateFlow\7142_sig\4953_s142\xc4vsx55\/"
// *** BATCH CMD : setAttribute -configdevice -attr name -value "7142_vsx55a"
// *** BATCH CMD : setCurrentDeviceChain -index 0
// *** BATCH CMD : generate
Total configuration bit size = 22745216 bits.
Swap bit can only be disabled in Hex file format only.
Total configuration byte size = 2843152 bytes.
// *** BATCH CMD : setCurrentDesign -version 0
0x300000 (3145728) bytes loaded up from 0x0
Using user-specified prom size of 4096K
Writing file "C:\GateFlow\7142_sig\4953_s142\xc4vsx55\//7142_vsx55a.mcs".
Writing file "C:\GateFlow\7142_sig\4953_s142\xc4vsx55\//7142_vsx55a.prm".
Writing file "C:\GateFlow\7142_sig\4953_s142\xc4vsx55\//7142_vsx55a.sig".
Writing file "C:\GateFlow\7142_sig\4953_s142\xc4vsx55\//7142_vsx55a.cfi".
// *** BATCH CMD : setMode -bs
// *** BATCH CMD : setMode -bs
// *** BATCH CMD : setMode -pff
// *** BATCH CMD : setMode -pff
// *** BATCH CMD : setCurrentDeviceChain -index 0
Revision 0, Design 00000000, Device #0 is Selected.
// *** BATCH CMD : setMode -pff
// *** BATCH CMD : setSubmode -pffversion
// *** BATCH CMD : setAttribute -configdevice -attr fillValue -value "FF"
// *** BATCH CMD : setAttribute -configdevice -attr fileFormat -value "mcs"
// *** BATCH CMD : setAttribute -configdevice -attr dir -value "UP"
// *** BATCH CMD : setAttribute -configdevice -attr path -value"C:\GateFlow\7142_sig\4953_s142\xc4vsx55\/"
// *** BATCH CMD : setAttribute -configdevice -attr name -value "7142_vsx55a"
// *** BATCH CMD : setCurrentDeviceChain -index 0
// *** BATCH CMD : generate
Total configuration bit size = 22745216 bits.
Swap bit can only be disabled in Hex file format only.
Total configuration byte size = 2843152 bytes.
// *** BATCH CMD : setCurrentDesign -version 0
0x300000 (3145728) bytes loaded up from 0x0
Using user-specified prom size of 4096K
Writing file "C:\GateFlow\7142_sig\4953_s142\xc4vsx55\//7142_vsx55a.mcs".
Writing file "C:\GateFlow\7142_sig\4953_s142\xc4vsx55\//7142_vsx55a.prm".
Writing file "C:\GateFlow\7142_sig\4953_s142\xc4vsx55\//7142_vsx55a.sig".
Writing file "C:\GateFlow\7142_sig\4953_s142\xc4vsx55\//7142_vsx55a.cfi".
// *** BATCH CMD : saveProjectFile -file"C:/GateFlow/7142_sig/4953_s142/xc4vsx55/xc4vsx55.ipf"
// *** BATCH CMD : setMode -bs
// *** BATCH CMD : deleteDevice -position 1
// *** BATCH CMD : setMode -ss
// *** BATCH CMD : setMode -sm
// *** BATCH CMD : setMode -hw140
// *** BATCH CMD : setMode -spi
// *** BATCH CMD : setMode -acecf
// *** BATCH CMD : setMode -acempm
// *** BATCH CMD : setMode -pff
// *** BATCH CMD : deletePromDevice -position 1
// *** BATCH CMD : setCurrentDesign -version 0
// *** BATCH CMD : setCurrentDeviceChain -index 0
// *** BATCH CMD : deleteDevice -position 1
// *** BATCH CMD : setCurrentDeviceChain -index 0
// *** BATCH CMD : deleteDesign -version 0
// *** BATCH CMD : setCurrentDesign -version -1
// *** BATCH CMD : setMode -pff
// *** BATCH CMD : setMode -pff
// *** BATCH CMD : setAttribute -configdevice -attr multibootBpiDevice -value ""
// *** BATCH CMD : setAttribute -configdevice -attr multibootBpiType -value ""
// *** BATCH CMD : setAttribute -configdevice -attr multibootBpichainType -value""
------------------------  GUI: Wizard Data Report  ---------------------------
      PROM Mode : Revision
      Compression : false
      Fill Value : 
      Output Format : 
      Swap Bits : false
      LoadDirection : 
      PROM Basename : 
      File Location : 
      Auto Selcet : false
      Number of Data Stream : 0
      Number of PROMs : 0
------------------------------ END of Report ---------------------------------
// *** BATCH CMD : setMode -bs
// *** BATCH CMD : setMode -ss
// *** BATCH CMD : setMode -sm
// *** BATCH CMD : setMode -hw140
// *** BATCH CMD : setMode -spi
// *** BATCH CMD : setMode -acecf
// *** BATCH CMD : setMode -acempm
// *** BATCH CMD : setMode -pff
// *** BATCH CMD : setMode -pff
// *** BATCH CMD : setMode -pff
// *** BATCH CMD : setMode -bs
