#-----------------------------------------------------------
# Vivado v2019.2 (64-bit)
# SW Build 2700185 on Thu Oct 24 18:46:05 MDT 2019
# IP Build 2699827 on Thu Oct 24 21:16:38 MDT 2019
# Start of session at: Thu Apr  2 15:41:12 2020
# Process ID: 29064
# Current directory: C:/Pentek/IP/2019.2/pentek/ip/px_rf_adc_cntl_stat
# Command line: vivado.exe -gui_launcher_event rodinguilauncherevent13884 C:\Pentek\IP\2019.2\pentek\ip\px_rf_adc_cntl_stat\px_rf_adc_cntl_stat.xpr
# Log file: C:/Pentek/IP/2019.2/pentek/ip/px_rf_adc_cntl_stat/vivado.log
# Journal file: C:/Pentek/IP/2019.2/pentek/ip/px_rf_adc_cntl_stat\vivado.jou
#-----------------------------------------------------------
INFO: [Common 17-1460] Use of init.tcl in C:/Users/Rich/AppData/Roaming/Xilinx/Vivado/init.tcl is deprecated. Please use Vivado_init.tcl 
Sourcing tcl script 'C:/Users/Rich/AppData/Roaming/Xilinx/Vivado/init.tcl'
72 Beta devices matching pattern found, 72 enabled.
start_gui
open_project C:/Pentek/IP/2019.2/pentek/ip/px_rf_adc_cntl_stat/px_rf_adc_cntl_stat.xpr
INFO: [Project 1-313] Project file moved from 'C:/temp/px_rf_adc_cntl_stat' since last save.
Scanning sources...
Finished scanning sources
INFO: [filemgmt 56-1] IP Repository Path: Directory not found as 'C:/Pentek/IP/2019.2/pentek/Pentek/IP/2019.2/pentek'; using path 'C:/Pentek/IP/2019.2/pentek' instead.
INFO: [IP_Flow 19-234] Refreshing IP repositories
WARNING: [IP_Flow 19-3685] Ignored loading user repository 'c:/Pentek/IP/2019.2/pentek/ip/px_rf_adc_cntl_stat/px_rf_adc_cntl_stat.srcs/sources_1'. The path is contained within another repository.
INFO: [IP_Flow 19-1700] Loaded user IP repository 'c:/Pentek/IP/2019.2/pentek'.
WARNING: [IP_Flow 19-3656] If you move the project, the path for repository 'c:/Pentek/IP/2019.2/pentek' may become invalid. A better location for the repository would be in a path adjacent to the project. (Current project location is 'c:/Pentek/IP/2019.2/pentek/ip/px_rf_adc_cntl_stat'.)
INFO: [IP_Flow 19-2313] Loaded Vivado IP repository 'C:/Xilinx/Vivado/2019.2/data/ip'.
open_project: Time (s): cpu = 00:00:10 ; elapsed = 00:00:06 . Memory (MB): peak = 964.055 ; gain = 26.176
update_compile_order -fileset sources_1
set_property  ip_repo_paths  c:/Pentek/IP/2019.2/pentek [current_project]
update_ip_catalog
INFO: [IP_Flow 19-234] Refreshing IP repositories
INFO: [IP_Flow 19-1700] Loaded user IP repository 'c:/Pentek/IP/2019.2/pentek'.
WARNING: [IP_Flow 19-3656] If you move the project, the path for repository 'c:/Pentek/IP/2019.2/pentek' may become invalid. A better location for the repository would be in a path adjacent to the project. (Current project location is 'c:/Pentek/IP/2019.2/pentek/ip/px_rf_adc_cntl_stat'.)
ipx::open_ipxact_file {C:\Pentek\IP\2019.2\pentek\ip\px_rf_adc_cntl_stat\px_rf_adc_cntl_stat.srcs\sources_1\component.xml}
WARNING: [IP_Flow 19-5226] Project source file 'c:/Pentek/IP/2019.2/pentek/ip/px_rf_adc_cntl_stat/px_rf_adc_cntl_stat.srcs/sources_1/component.xml' ignored by IP packager.
WARNING: [IP_Flow 19-3898] File Group 'xilinx_anylanguagesynthesis (Synthesis)': File 'c:/Pentek/IP/2019.2/pentek/ip/px_rf_adc_cntl_stat/px_rf_adc_cntl_stat.srcs/sources_1/ip/px_rf_adc_acc_dsp48/px_rf_adc_acc_dsp48.xci' is not found in the project sources. It will be removed from the packaged IP when the sources are merged. If still required, please add this file to the project and re-package.
WARNING: [IP_Flow 19-3898] File Group 'xilinx_anylanguagesynthesis (Synthesis)': File 'c:/Pentek/IP/2019.2/pentek/ip/px_rf_adc_cntl_stat/px_rf_adc_cntl_stat.srcs/sources_1/ip/px_rf_adc_cntl_stat_cdcpls/px_rf_adc_cntl_stat_cdcpls.xci' is not found in the project sources. It will be removed from the packaged IP when the sources are merged. If still required, please add this file to the project and re-package.
WARNING: [IP_Flow 19-3898] File Group 'xilinx_anylanguagesynthesis (Synthesis)': File 'c:/Pentek/IP/2019.2/pentek/ip/px_rf_adc_cntl_stat/px_rf_adc_cntl_stat.srcs/sources_1/ip/px_rf_adc_cntl_stat_cdc8/px_rf_adc_cntl_stat_cdc8.xci' is not found in the project sources. It will be removed from the packaged IP when the sources are merged. If still required, please add this file to the project and re-package.
WARNING: [IP_Flow 19-3898] File Group 'xilinx_anylanguagesynthesis (Synthesis)': File 'c:/Pentek/IP/2019.2/pentek/ip/px_rf_adc_cntl_stat/px_rf_adc_cntl_stat.srcs/sources_1/ip/px_rf_adc_cntl_stat_csr/px_rf_adc_cntl_stat_csr.xci' is not found in the project sources. It will be removed from the packaged IP when the sources are merged. If still required, please add this file to the project and re-package.
WARNING: [IP_Flow 19-3898] File Group 'xilinx_anylanguagesynthesis (Synthesis)': File 'c:/Pentek/IP/2019.2/pentek/ip/px_rf_adc_cntl_stat/px_rf_adc_cntl_stat.srcs/sources_1/new/adc_frz_calc.vhd' is not found in the project sources. It will be removed from the packaged IP when the sources are merged. If still required, please add this file to the project and re-package.
WARNING: [IP_Flow 19-3898] File Group 'xilinx_anylanguagesynthesis (Synthesis)': File 'c:/Pentek/IP/2019.2/pentek/ip/px_rf_adc_cntl_stat/px_rf_adc_cntl_stat.srcs/sources_1/new/px_rf_adc_cntl_stat.vhd' is not found in the project sources. It will be removed from the packaged IP when the sources are merged. If still required, please add this file to the project and re-package.
WARNING: [IP_Flow 19-3898] File Group 'xilinx_anylanguagebehavioralsimulation (Simulation)': File 'c:/Pentek/IP/2019.2/pentek/ip/px_rf_adc_cntl_stat/px_rf_adc_cntl_stat.srcs/sources_1/ip/px_rf_adc_acc_dsp48/px_rf_adc_acc_dsp48.xci' is not found in the project sources. It will be removed from the packaged IP when the sources are merged. If still required, please add this file to the project and re-package.
WARNING: [IP_Flow 19-3898] File Group 'xilinx_anylanguagebehavioralsimulation (Simulation)': File 'c:/Pentek/IP/2019.2/pentek/ip/px_rf_adc_cntl_stat/px_rf_adc_cntl_stat.srcs/sources_1/ip/px_rf_adc_cntl_stat_cdcpls/px_rf_adc_cntl_stat_cdcpls.xci' is not found in the project sources. It will be removed from the packaged IP when the sources are merged. If still required, please add this file to the project and re-package.
WARNING: [IP_Flow 19-3898] File Group 'xilinx_anylanguagebehavioralsimulation (Simulation)': File 'c:/Pentek/IP/2019.2/pentek/ip/px_rf_adc_cntl_stat/px_rf_adc_cntl_stat.srcs/sources_1/ip/px_rf_adc_cntl_stat_cdc8/px_rf_adc_cntl_stat_cdc8.xci' is not found in the project sources. It will be removed from the packaged IP when the sources are merged. If still required, please add this file to the project and re-package.
WARNING: [IP_Flow 19-3898] File Group 'xilinx_anylanguagebehavioralsimulation (Simulation)': File 'c:/Pentek/IP/2019.2/pentek/ip/px_rf_adc_cntl_stat/px_rf_adc_cntl_stat.srcs/sources_1/ip/px_rf_adc_cntl_stat_csr/px_rf_adc_cntl_stat_csr.xci' is not found in the project sources. It will be removed from the packaged IP when the sources are merged. If still required, please add this file to the project and re-package.
WARNING: [IP_Flow 19-3898] File Group 'xilinx_anylanguagebehavioralsimulation (Simulation)': File 'c:/Pentek/IP/2019.2/pentek/ip/px_rf_adc_cntl_stat/px_rf_adc_cntl_stat.srcs/sources_1/new/adc_frz_calc.vhd' is not found in the project sources. It will be removed from the packaged IP when the sources are merged. If still required, please add this file to the project and re-package.
WARNING: [IP_Flow 19-3898] File Group 'xilinx_anylanguagebehavioralsimulation (Simulation)': File 'c:/Pentek/IP/2019.2/pentek/ip/px_rf_adc_cntl_stat/px_rf_adc_cntl_stat.srcs/sources_1/new/px_rf_adc_cntl_stat.vhd' is not found in the project sources. It will be removed from the packaged IP when the sources are merged. If still required, please add this file to the project and re-package.
set_property core_revision 35 [ipx::current_core]
ipx::create_xgui_files [ipx::current_core]
ipx::update_checksums [ipx::current_core]
ipx::save_core [ipx::current_core]
update_ip_catalog -rebuild -repo_path c:/Pentek/IP/2019.2/pentek
INFO: [IP_Flow 19-725] Reloaded user IP repository 'c:/Pentek/IP/2019.2/pentek'
ipx::unload_core c:/Pentek/IP/2019.2/pentek/ip/px_rf_adc_cntl_stat/px_rf_adc_cntl_stat.srcs/sources_1/component.xml
close_project
exit
INFO: [Common 17-206] Exiting Vivado at Thu Apr  2 15:43:20 2020...
