#-----------------------------------------------------------
# Vivado v2016.2 (64-bit)
# SW Build 1577090 on Thu Jun  2 16:32:40 MDT 2016
# IP Build 1577682 on Fri Jun  3 12:00:54 MDT 2016
# Start of session at: Thu Jun 09 08:35:18 2016
# Process ID: 7828
# Current directory: C:/Xilinx/Vivado/2016.2/data/ip/pentek/ip/px_axis_saturate
# Command line: vivado.exe -gui_launcher_event rodinguilauncherevent3744 C:\Xilinx\Vivado\2016.2\data\ip\pentek\ip\px_axis_saturate\px_axis_saturate.xpr
# Log file: C:/Xilinx/Vivado/2016.2/data/ip/pentek/ip/px_axis_saturate/vivado.log
# Journal file: C:/Xilinx/Vivado/2016.2/data/ip/pentek/ip/px_axis_saturate\vivado.jou
#-----------------------------------------------------------
start_gui
open_project C:/Xilinx/Vivado/2016.2/data/ip/pentek/ip/px_axis_saturate/px_axis_saturate.xpr
INFO: [Project 1-313] Project file moved from 'C:/Xilinx/Vivado/2016.1/data/ip/pentek/ip/px_axis_saturate' since last save.
Scanning sources...
Finished scanning sources
WARNING: [Project 1-509] GeneratedRun file for 'synth_1' not found
WARNING: [filemgmt 56-2] IPUserFilesDir: Could not find the directory 'C:/Xilinx/Vivado/2016.2/data/ip/pentek/ip/px_axis_saturate/px_axis_saturate.ip_user_files', nor could it be found using path 'C:/Xilinx/Vivado/2016.1/data/ip/pentek/ip/px_axis_saturate/px_axis_saturate.ip_user_files'.
INFO: [Project 1-230] Project 'px_axis_saturate.xpr' upgraded for this version of Vivado.
INFO: [IP_Flow 19-234] Refreshing IP repositories
WARNING: [IP_Flow 19-1694] Ignoring duplicate Bus Definition IP file 'pentek.com:px_ip:cdc_serial:1.0' found within IP repository 'c:/Xilinx/Vivado/2015.4/data/ip/pentek'.
WARNING: [IP_Flow 19-1694] Ignoring duplicate Bus Abstraction IP file 'pentek.com:px_ip:cdc_serial_rtl:1.0' found within IP repository 'c:/Xilinx/Vivado/2015.4/data/ip/pentek'.
WARNING: [IP_Flow 19-1694] Ignoring duplicate Bus Definition IP file 'pentek.com:px_ip:cdc_serial:1.0' found within IP repository 'c:/Xilinx/Vivado/2015.4/data/ip/pentek'.
WARNING: [IP_Flow 19-1694] Ignoring duplicate Bus Abstraction IP file 'pentek.com:px_ip:cdc_serial_rtl:1.0' found within IP repository 'c:/Xilinx/Vivado/2015.4/data/ip/pentek'.
WARNING: [IP_Flow 19-1694] Ignoring duplicate Bus Definition IP file 'pentek.com:pentek_ip:cfg_spc:1.0' found within IP repository 'c:/Xilinx/Vivado/2015.4/data/ip/pentek'.
WARNING: [IP_Flow 19-1694] Ignoring duplicate Bus Abstraction IP file 'pentek.com:px_ip:cfg_spc_rtl:1.0' found within IP repository 'c:/Xilinx/Vivado/2015.4/data/ip/pentek'.
INFO: [IP_Flow 19-1700] Loaded user IP repository 'c:/Xilinx/Vivado/2015.4/data/ip/pentek'.
INFO: [IP_Flow 19-2313] Loaded Vivado IP repository 'C:/Xilinx/Vivado/2016.2/data/ip'.
open_project: Time (s): cpu = 00:00:14 ; elapsed = 00:00:09 . Memory (MB): peak = 903.016 ; gain = 209.258
update_compile_order -fileset sources_1
set_property  ip_repo_paths  {} [current_project]
update_ip_catalog
INFO: [IP_Flow 19-234] Refreshing IP repositories
INFO: [IP_Flow 19-1704] No user IP repositories specified
ipx::open_ipxact_file {C:\Xilinx\Vivado\2016.2\data\ip\pentek\ip\px_axis_saturate\px_axis_saturate.srcs\sources_1\new\component.xml}
WARNING: [IP_Flow 19-4308] Project file 'C:/Xilinx/Vivado/2016.2/data/ip/pentek/ip/px_axis_saturate/px_axis_saturate.srcs/sim_1/new/tb_px_axis_saturate.vhd' is not found in the component files. Please add the packaging file if necessary.
WARNING: [IP_Flow 19-3898] File Group 'xilinx_testbench (Test Bench)': File 'C:/Xilinx/Vivado/2016.1/data/ip/pentek/ip/px_axis_saturate/px_axis_saturate.srcs/sim_1/new/tb_px_axis_saturate.vhd' is no longer found in the project sources. Please remove the packaging file if necessary.
ipx::merge_project_changes files [ipx::current_core]
ipx::remove_file C:/Xilinx/Vivado/2016.2/data/ip/pentek/ip/px_axis_saturate/px_axis_saturate.srcs/sim_1/new/tb_px_axis_saturate.vhd [ipx::get_file_groups xilinx_testbench -of_objects [ipx::current_core]]
ipx::add_file ../../sim_1/new/tb_px_axis_saturate.vhd [ipx::get_file_groups xilinx_testbench -of_objects [ipx::current_core]]
set_property type vhdlSource [ipx::get_files ../../sim_1/new/tb_px_axis_saturate.vhd -of_objects [ipx::get_file_groups xilinx_testbench -of_objects [ipx::current_core]]]
set_property core_revision 9 [ipx::current_core]
ipx::create_xgui_files [ipx::current_core]
ipx::update_checksums [ipx::current_core]
ipx::save_core [ipx::current_core]
set_property  ip_repo_paths  c:/Xilinx/Vivado/2016.2/data/ip/pentek/ip/px_axis_saturate/px_axis_saturate.srcs/sources_1/new [current_project]
update_ip_catalog
INFO: [IP_Flow 19-234] Refreshing IP repositories
INFO: [IP_Flow 19-1700] Loaded user IP repository 'c:/Xilinx/Vivado/2016.2/data/ip/pentek/ip/px_axis_saturate/px_axis_saturate.srcs/sources_1/new'.
exit
INFO: [Common 17-206] Exiting Vivado at Thu Jun 09 08:38:10 2016...
