Copyright 1986-2019 Xilinx, Inc. All Rights Reserved.
------------------------------------------------------------------------------------
| Tool Version : Vivado v.2019.2 (win64) Build 2700185 Thu Oct 24 18:46:05 MDT 2019
| Date         : Tue Nov 12 08:14:30 2019
| Host         : Rich-PC running 64-bit major release  (build 9200)
| Command      : upgrade_ip
| Device       : xcku060-ffva1156-2-e
------------------------------------------------------------------------------------

Upgrade Log for IP 'px_i2c_fifo'

1. Summary
----------

SUCCESS in the upgrade of px_i2c_fifo (xilinx.com:ip:fifo_generator:13.2) from (Rev. 4) to (Rev. 5)






Copyright 1986-2019 Xilinx, Inc. All Rights Reserved.
------------------------------------------------------------------------------------
| Tool Version : Vivado v.2019.2 (win64) Build 2700185 Thu Oct 24 18:46:05 MDT 2019
| Date         : Tue Nov 12 08:14:29 2019
| Host         : Rich-PC running 64-bit major release  (build 9200)
| Command      : upgrade_ip
| Device       : xcku060-ffva1156-2-e
------------------------------------------------------------------------------------

Upgrade Log for IP 'px_i2c_axil_nativefifo_ctlr'

1. Summary
----------

SUCCESS in the upgrade of px_i2c_axil_nativefifo_ctlr (pentek.com:px_ip:px_axil_nativefifo_ctlr:1.0) from (Rev. 27) to (Rev. 28)






Copyright 1986-2019 Xilinx, Inc. All Rights Reserved.
------------------------------------------------------------------------------------
| Tool Version : Vivado v.2019.2 (win64) Build 2700185 Thu Oct 24 18:46:05 MDT 2019
| Date         : Tue Nov 12 08:14:29 2019
| Host         : Rich-PC running 64-bit major release  (build 9200)
| Command      : upgrade_ip
| Device       : xcku060-ffva1156-2-e
------------------------------------------------------------------------------------

Upgrade Log for IP 'px_i2c_axil_csr'

1. Summary
----------

SUCCESS in the upgrade of px_i2c_axil_csr (pentek.com:px_ip:px_axil_csr:1.0) from (Rev. 23) to (Rev. 24)






Copyright 1986-2019 Xilinx, Inc. All Rights Reserved.
------------------------------------------------------------------------------------
| Tool Version : Vivado v.2019.2 (win64) Build 2700185 Thu Oct 24 18:46:05 MDT 2019
| Date         : Tue Nov 12 08:14:29 2019
| Host         : Rich-PC running 64-bit major release  (build 9200)
| Command      : upgrade_ip
| Device       : xcku060-ffva1156-2-e
------------------------------------------------------------------------------------

Upgrade Log for IP 'px_i2c_axi_crossbar'

1. Summary
----------

SUCCESS in the upgrade of px_i2c_axi_crossbar (xilinx.com:ip:axi_crossbar:2.1) from (Rev. 20) to (Rev. 21)






Copyright 1986-2019 Xilinx, Inc. All Rights Reserved.
------------------------------------------------------------------------------------
| Tool Version : Vivado v.2019.1 (win64) Build 2552052 Fri May 24 14:49:42 MDT 2019
| Date         : Sat Jun  8 08:02:18 2019
| Host         : Igor2 running 64-bit major release  (build 9200)
| Command      : upgrade_ip
| Device       : xcku060-ffva1156-2-e
------------------------------------------------------------------------------------

Upgrade Log for IP 'px_i2c_fifo'

1. Summary
----------

SUCCESS in the upgrade of px_i2c_fifo (xilinx.com:ip:fifo_generator:13.2) from (Rev. 3) to (Rev. 4)






Copyright 1986-2019 Xilinx, Inc. All Rights Reserved.
------------------------------------------------------------------------------------
| Tool Version : Vivado v.2019.1 (win64) Build 2552052 Fri May 24 14:49:42 MDT 2019
| Date         : Sat Jun  8 08:02:18 2019
| Host         : Igor2 running 64-bit major release  (build 9200)
| Command      : upgrade_ip
| Device       : xcku060-ffva1156-2-e
------------------------------------------------------------------------------------

Upgrade Log for IP 'px_i2c_axil_nativefifo_ctlr'

1. Summary
----------

SUCCESS in the upgrade of px_i2c_axil_nativefifo_ctlr (pentek.com:px_ip:px_axil_nativefifo_ctlr:1.0) from (Rev. 26) to (Rev. 27)






Copyright 1986-2019 Xilinx, Inc. All Rights Reserved.
------------------------------------------------------------------------------------
| Tool Version : Vivado v.2019.1 (win64) Build 2552052 Fri May 24 14:49:42 MDT 2019
| Date         : Sat Jun  8 08:02:17 2019
| Host         : Igor2 running 64-bit major release  (build 9200)
| Command      : upgrade_ip
| Device       : xcku060-ffva1156-2-e
------------------------------------------------------------------------------------

Upgrade Log for IP 'px_i2c_axil_csr'

1. Summary
----------

SUCCESS in the upgrade of px_i2c_axil_csr (pentek.com:px_ip:px_axil_csr:1.0) from (Rev. 22) to (Rev. 23)






Copyright 1986-2019 Xilinx, Inc. All Rights Reserved.
------------------------------------------------------------------------------------
| Tool Version : Vivado v.2019.1 (win64) Build 2552052 Fri May 24 14:49:42 MDT 2019
| Date         : Sat Jun  8 08:02:17 2019
| Host         : Igor2 running 64-bit major release  (build 9200)
| Command      : upgrade_ip
| Device       : xcku060-ffva1156-2-e
------------------------------------------------------------------------------------

Upgrade Log for IP 'px_i2c_axi_crossbar'

1. Summary
----------

SUCCESS in the upgrade of px_i2c_axi_crossbar (xilinx.com:ip:axi_crossbar:2.1) from (Rev. 19) to (Rev. 20)






Copyright 1986-2018 Xilinx, Inc. All Rights Reserved.
------------------------------------------------------------------------------------
| Tool Version : Vivado v.2018.3 (win64) Build 2405991 Thu Dec  6 23:38:27 MST 2018
| Date         : Thu Dec 13 14:18:21 2018
| Host         : Rich-PC running 64-bit major release  (build 9200)
| Command      : upgrade_ip
| Device       : xcku060-ffva1156-2-e
------------------------------------------------------------------------------------

Upgrade Log for IP 'px_i2c_fifo'

1. Summary
----------

SUCCESS in the upgrade of px_i2c_fifo (xilinx.com:ip:fifo_generator:13.2) from (Rev. 2) to (Rev. 3)






Copyright 1986-2018 Xilinx, Inc. All Rights Reserved.
------------------------------------------------------------------------------------
| Tool Version : Vivado v.2018.3 (win64) Build 2405991 Thu Dec  6 23:38:27 MST 2018
| Date         : Thu Dec 13 14:18:19 2018
| Host         : Rich-PC running 64-bit major release  (build 9200)
| Command      : upgrade_ip
| Device       : xcku060-ffva1156-2-e
------------------------------------------------------------------------------------

Upgrade Log for IP 'px_i2c_axil_nativefifo_ctlr'

1. Summary
----------

SUCCESS in the upgrade of px_i2c_axil_nativefifo_ctlr (pentek.com:px_ip:px_axil_nativefifo_ctlr:1.0) from (Rev. 25) to (Rev. 26)






Copyright 1986-2018 Xilinx, Inc. All Rights Reserved.
------------------------------------------------------------------------------------
| Tool Version : Vivado v.2018.3 (win64) Build 2405991 Thu Dec  6 23:38:27 MST 2018
| Date         : Thu Dec 13 14:18:19 2018
| Host         : Rich-PC running 64-bit major release  (build 9200)
| Command      : upgrade_ip
| Device       : xcku060-ffva1156-2-e
------------------------------------------------------------------------------------

Upgrade Log for IP 'px_i2c_axil_csr'

1. Summary
----------

SUCCESS in the upgrade of px_i2c_axil_csr (pentek.com:px_ip:px_axil_csr:1.0) from (Rev. 21) to (Rev. 22)






Copyright 1986-2018 Xilinx, Inc. All Rights Reserved.
------------------------------------------------------------------------------------
| Tool Version : Vivado v.2018.3 (win64) Build 2405991 Thu Dec  6 23:38:27 MST 2018
| Date         : Thu Dec 13 14:18:18 2018
| Host         : Rich-PC running 64-bit major release  (build 9200)
| Command      : upgrade_ip
| Device       : xcku060-ffva1156-2-e
------------------------------------------------------------------------------------

Upgrade Log for IP 'px_i2c_axi_crossbar'

1. Summary
----------

SUCCESS in the upgrade of px_i2c_axi_crossbar (xilinx.com:ip:axi_crossbar:2.1) from (Rev. 17) to (Rev. 19)






Copyright 1986-2018 Xilinx, Inc. All Rights Reserved.
------------------------------------------------------------------------------------
| Tool Version : Vivado v.2018.1 (win64) Build 2188600 Wed Apr  4 18:40:38 MDT 2018
| Date         : Tue May  1 07:47:25 2018
| Host         : Rich-PC running 64-bit major release  (build 9200)
| Command      : upgrade_ip
| Device       : xcku060-ffva1156-2-e
------------------------------------------------------------------------------------

Upgrade Log for IP 'px_i2c_fifo'

1. Summary
----------

SUCCESS in the upgrade of px_i2c_fifo (xilinx.com:ip:fifo_generator:13.2) to (Rev. 2)






Copyright 1986-2018 Xilinx, Inc. All Rights Reserved.
------------------------------------------------------------------------------------
| Tool Version : Vivado v.2018.1 (win64) Build 2188600 Wed Apr  4 18:40:38 MDT 2018
| Date         : Tue May  1 07:47:24 2018
| Host         : Rich-PC running 64-bit major release  (build 9200)
| Command      : upgrade_ip
| Device       : xcku060-ffva1156-2-e
------------------------------------------------------------------------------------

Upgrade Log for IP 'px_i2c_axil_nativefifo_ctlr'

1. Summary
----------

SUCCESS in the upgrade of px_i2c_axil_nativefifo_ctlr (pentek.com:px_ip:px_axil_nativefifo_ctlr:1.0) from (Rev. 24) to (Rev. 25)






Copyright 1986-2018 Xilinx, Inc. All Rights Reserved.
------------------------------------------------------------------------------------
| Tool Version : Vivado v.2018.1 (win64) Build 2188600 Wed Apr  4 18:40:38 MDT 2018
| Date         : Tue May  1 07:47:24 2018
| Host         : Rich-PC running 64-bit major release  (build 9200)
| Command      : upgrade_ip
| Device       : xcku060-ffva1156-2-e
------------------------------------------------------------------------------------

Upgrade Log for IP 'px_i2c_axil_csr'

1. Summary
----------

SUCCESS in the upgrade of px_i2c_axil_csr (pentek.com:px_ip:px_axil_csr:1.0) from (Rev. 19) to (Rev. 21)






Copyright 1986-2018 Xilinx, Inc. All Rights Reserved.
------------------------------------------------------------------------------------
| Tool Version : Vivado v.2018.1 (win64) Build 2188600 Wed Apr  4 18:40:38 MDT 2018
| Date         : Tue May  1 07:47:23 2018
| Host         : Rich-PC running 64-bit major release  (build 9200)
| Command      : upgrade_ip
| Device       : xcku060-ffva1156-2-e
------------------------------------------------------------------------------------

Upgrade Log for IP 'px_i2c_axi_crossbar'

1. Summary
----------

SUCCESS in the upgrade of px_i2c_axi_crossbar (xilinx.com:ip:axi_crossbar:2.1) from (Rev. 15) to (Rev. 17)






Copyright 1986-2017 Xilinx, Inc. All Rights Reserved.
------------------------------------------------------------------------------------
| Tool Version : Vivado v.2017.3 (win64) Build 2018833 Wed Oct  4 19:58:22 MDT 2017
| Date         : Fri Nov  3 13:49:27 2017
| Host         : Rich-PC running 64-bit major release  (build 9200)
| Command      : upgrade_ip
| Device       : xcku060-ffva1156-2-e
------------------------------------------------------------------------------------

Upgrade Log for IP 'px_i2c_fifo'

1. Summary
----------

SUCCESS in the upgrade of px_i2c_fifo from xilinx.com:ip:fifo_generator:13.1 (Rev. 4) to xilinx.com:ip:fifo_generator:13.2

2. Upgrade messages
-------------------

WARNING: upgrade cannot get value of option ARCHITECTURE : there is no project option called ARCHITECTURE
WARNING: there are only case-insensitive matches Reset_Pin for parameter RESET_PIN
WARNING: there are only case-insensitive matches Reset_Pin for parameter RESET_PIN






Copyright 1986-2017 Xilinx, Inc. All Rights Reserved.
------------------------------------------------------------------------------------
| Tool Version : Vivado v.2017.3 (win64) Build 2018833 Wed Oct  4 19:58:22 MDT 2017
| Date         : Fri Nov  3 13:49:26 2017
| Host         : Rich-PC running 64-bit major release  (build 9200)
| Command      : upgrade_ip
| Device       : xcku060-ffva1156-2-e
------------------------------------------------------------------------------------

Upgrade Log for IP 'px_i2c_axil_nativefifo_ctlr'

1. Summary
----------

SUCCESS in the upgrade of px_i2c_axil_nativefifo_ctlr (pentek.com:px_ip:px_axil_nativefifo_ctlr:1.0) from (Rev. 23) to (Rev. 24)






Copyright 1986-2017 Xilinx, Inc. All Rights Reserved.
------------------------------------------------------------------------------------
| Tool Version : Vivado v.2017.3 (win64) Build 2018833 Wed Oct  4 19:58:22 MDT 2017
| Date         : Fri Nov  3 13:49:25 2017
| Host         : Rich-PC running 64-bit major release  (build 9200)
| Command      : upgrade_ip
| Device       : xcku060-ffva1156-2-e
------------------------------------------------------------------------------------

Upgrade Log for IP 'px_i2c_axil_csr'

1. Summary
----------

SUCCESS in the upgrade of px_i2c_axil_csr (pentek.com:px_ip:px_axil_csr:1.0) from (Rev. 18) to (Rev. 19)






Copyright 1986-2017 Xilinx, Inc. All Rights Reserved.
------------------------------------------------------------------------------------
| Tool Version : Vivado v.2017.3 (win64) Build 2018833 Wed Oct  4 19:58:22 MDT 2017
| Date         : Fri Nov  3 13:49:25 2017
| Host         : Rich-PC running 64-bit major release  (build 9200)
| Command      : upgrade_ip
| Device       : xcku060-ffva1156-2-e
------------------------------------------------------------------------------------

Upgrade Log for IP 'px_i2c_axi_crossbar'

1. Summary
----------

SUCCESS in the upgrade of px_i2c_axi_crossbar (xilinx.com:ip:axi_crossbar:2.1) from (Rev. 14) to (Rev. 15)






Copyright 1986-2017 Xilinx, Inc. All Rights Reserved.
------------------------------------------------------------------------------------
| Tool Version : Vivado v.2017.2 (win64) Build 1909853 Thu Jun 15 18:39:09 MDT 2017
| Date         : Wed Aug  9 11:04:33 2017
| Host         : Rich-PC running 64-bit major release  (build 9200)
| Command      : upgrade_ip
| Device       : xcku060-ffva1156-2-e
------------------------------------------------------------------------------------

Upgrade Log for IP 'px_i2c_axil_nativefifo_ctlr'

1. Summary
----------

SUCCESS in the upgrade of px_i2c_axil_nativefifo_ctlr (pentek.com:px_ip:px_axil_nativefifo_ctlr:1.0) from (Rev. 20) to (Rev. 23)






Copyright 1986-2017 Xilinx, Inc. All Rights Reserved.
------------------------------------------------------------------------------------
| Tool Version : Vivado v.2017.2 (win64) Build 1909853 Thu Jun 15 18:39:09 MDT 2017
| Date         : Wed Aug  9 11:04:33 2017
| Host         : Rich-PC running 64-bit major release  (build 9200)
| Command      : upgrade_ip
| Device       : xcku060-ffva1156-2-e
------------------------------------------------------------------------------------

Upgrade Log for IP 'px_i2c_axil_csr'

1. Summary
----------

SUCCESS in the upgrade of px_i2c_axil_csr (pentek.com:px_ip:px_axil_csr:1.0) from (Rev. 16) to (Rev. 18)






Copyright 1986-2017 Xilinx, Inc. All Rights Reserved.
------------------------------------------------------------------------------------
| Tool Version : Vivado v.2017.2 (win64) Build 1909853 Thu Jun 15 18:39:09 MDT 2017
| Date         : Wed Aug  9 11:04:32 2017
| Host         : Rich-PC running 64-bit major release  (build 9200)
| Command      : upgrade_ip
| Device       : xcku060-ffva1156-2-e
------------------------------------------------------------------------------------

Upgrade Log for IP 'px_i2c_axi_crossbar'

1. Summary
----------

SUCCESS in the upgrade of px_i2c_axi_crossbar (xilinx.com:ip:axi_crossbar:2.1) from (Rev. 13) to (Rev. 14)






Copyright 1986-2017 Xilinx, Inc. All Rights Reserved.
------------------------------------------------------------------------------------
| Tool Version : Vivado v.2017.1 (win64) Build 1846317 Fri Apr 14 18:55:03 MDT 2017
| Date         : Fri Apr 21 09:44:02 2017
| Host         : Rich-PC running 64-bit major release  (build 9200)
| Command      : upgrade_ip
| Device       : xcku060-ffva1156-2-e
------------------------------------------------------------------------------------

Upgrade Log for IP 'px_i2c_fifo'

1. Summary
----------

SUCCESS in the upgrade of px_i2c_fifo (xilinx.com:ip:fifo_generator:13.1) from (Rev. 3) to (Rev. 4)






Copyright 1986-2017 Xilinx, Inc. All Rights Reserved.
------------------------------------------------------------------------------------
| Tool Version : Vivado v.2017.1 (win64) Build 1846317 Fri Apr 14 18:55:03 MDT 2017
| Date         : Fri Apr 21 09:44:00 2017
| Host         : Rich-PC running 64-bit major release  (build 9200)
| Command      : upgrade_ip
| Device       : xcku060-ffva1156-2-e
------------------------------------------------------------------------------------

Upgrade Log for IP 'px_i2c_axil_nativefifo_ctlr'

1. Summary
----------

SUCCESS in the upgrade of px_i2c_axil_nativefifo_ctlr (pentek.com:px_ip:px_axil_nativefifo_ctlr:1.0) from (Rev. 19) to (Rev. 20)






Copyright 1986-2017 Xilinx, Inc. All Rights Reserved.
------------------------------------------------------------------------------------
| Tool Version : Vivado v.2017.1 (win64) Build 1846317 Fri Apr 14 18:55:03 MDT 2017
| Date         : Fri Apr 21 09:44:00 2017
| Host         : Rich-PC running 64-bit major release  (build 9200)
| Command      : upgrade_ip
| Device       : xcku060-ffva1156-2-e
------------------------------------------------------------------------------------

Upgrade Log for IP 'px_i2c_axil_csr'

1. Summary
----------

SUCCESS in the upgrade of px_i2c_axil_csr (pentek.com:px_ip:px_axil_csr:1.0) from (Rev. 15) to (Rev. 16)






Copyright 1986-2017 Xilinx, Inc. All Rights Reserved.
------------------------------------------------------------------------------------
| Tool Version : Vivado v.2017.1 (win64) Build 1846317 Fri Apr 14 18:55:03 MDT 2017
| Date         : Fri Apr 21 09:44:00 2017
| Host         : Rich-PC running 64-bit major release  (build 9200)
| Command      : upgrade_ip
| Device       : xcku060-ffva1156-2-e
------------------------------------------------------------------------------------

Upgrade Log for IP 'px_i2c_axi_crossbar'

1. Summary
----------

SUCCESS in the upgrade of px_i2c_axi_crossbar (xilinx.com:ip:axi_crossbar:2.1) from (Rev. 12) to (Rev. 13)






Copyright 1986-2016 Xilinx, Inc. All Rights Reserved.
------------------------------------------------------------------------------------
| Tool Version : Vivado v.2016.4 (win64) Build 1733598 Wed Dec 14 22:35:39 MST 2016
| Date         : Mon Dec 26 09:09:20 2016
| Host         : Igor2 running 64-bit major release  (build 9200)
| Command      : upgrade_ip
| Device       : xcku060-ffva1156-2-e
------------------------------------------------------------------------------------

Upgrade Log for IP 'px_i2c_fifo'

1. Summary
----------

SUCCESS in the upgrade of px_i2c_fifo (xilinx.com:ip:fifo_generator:13.1) from (Rev. 2) to (Rev. 3)






Copyright 1986-2016 Xilinx, Inc. All Rights Reserved.
------------------------------------------------------------------------------------
| Tool Version : Vivado v.2016.4 (win64) Build 1733598 Wed Dec 14 22:35:39 MST 2016
| Date         : Mon Dec 26 09:09:20 2016
| Host         : Igor2 running 64-bit major release  (build 9200)
| Command      : upgrade_ip
| Device       : xcku060-ffva1156-2-e
------------------------------------------------------------------------------------

Upgrade Log for IP 'px_i2c_axil_nativefifo_ctlr'

1. Summary
----------

SUCCESS in the upgrade of px_i2c_axil_nativefifo_ctlr (pentek.com:px_ip:px_axil_nativefifo_ctlr:1.0) from (Rev. 18) to (Rev. 19)






Copyright 1986-2016 Xilinx, Inc. All Rights Reserved.
------------------------------------------------------------------------------------
| Tool Version : Vivado v.2016.4 (win64) Build 1733598 Wed Dec 14 22:35:39 MST 2016
| Date         : Mon Dec 26 09:09:19 2016
| Host         : Igor2 running 64-bit major release  (build 9200)
| Command      : upgrade_ip
| Device       : xcku060-ffva1156-2-e
------------------------------------------------------------------------------------

Upgrade Log for IP 'px_i2c_axil_csr'

1. Summary
----------

SUCCESS in the upgrade of px_i2c_axil_csr (pentek.com:px_ip:px_axil_csr:1.0) from (Rev. 14) to (Rev. 15)






Copyright 1986-2016 Xilinx, Inc. All Rights Reserved.
------------------------------------------------------------------------------------
| Tool Version : Vivado v.2016.4 (win64) Build 1733598 Wed Dec 14 22:35:39 MST 2016
| Date         : Mon Dec 26 09:09:19 2016
| Host         : Igor2 running 64-bit major release  (build 9200)
| Command      : upgrade_ip
| Device       : xcku060-ffva1156-2-e
------------------------------------------------------------------------------------

Upgrade Log for IP 'px_i2c_axi_crossbar'

1. Summary
----------

SUCCESS in the upgrade of px_i2c_axi_crossbar (xilinx.com:ip:axi_crossbar:2.1) from (Rev. 11) to (Rev. 12)






Copyright 1986-2016 Xilinx, Inc. All Rights Reserved.
------------------------------------------------------------------------------------
| Tool Version : Vivado v.2016.3 (win64) Build 1682563 Mon Oct 10 19:07:27 MDT 2016
| Date         : Sun Dec 11 17:02:38 2016
| Host         : Igor2 running 64-bit major release  (build 9200)
| Command      : upgrade_ip
| Device       : xcku060-ffva1156-2-e
------------------------------------------------------------------------------------

Upgrade Log for IP 'px_i2c_axil_nativefifo_ctlr'

1. Summary
----------

SUCCESS in the upgrade of px_i2c_axil_nativefifo_ctlr (pentek.com:px_ip:px_axil_nativefifo_ctlr:1.0) from (Rev. 17) to (Rev. 18)






Copyright 1986-2016 Xilinx, Inc. All Rights Reserved.
------------------------------------------------------------------------------------
| Tool Version : Vivado v.2016.3 (win64) Build 1682563 Mon Oct 10 19:07:27 MDT 2016
| Date         : Sun Dec 11 17:02:38 2016
| Host         : Igor2 running 64-bit major release  (build 9200)
| Command      : upgrade_ip
| Device       : xcku060-ffva1156-2-e
------------------------------------------------------------------------------------

Upgrade Log for IP 'px_i2c_axil_csr'

1. Summary
----------

SUCCESS in the upgrade of px_i2c_axil_csr (pentek.com:px_ip:px_axil_csr:1.0) from (Rev. 13) to (Rev. 14)






Copyright 1986-2016 Xilinx, Inc. All Rights Reserved.
------------------------------------------------------------------------------------
| Tool Version : Vivado v.2016.3 (win64) Build 1682563 Mon Oct 10 19:07:27 MDT 2016
| Date         : Tue Oct 18 10:39:51 2016
| Host         : Rich-PC running 64-bit major release  (build 9200)
| Command      : upgrade_ip
| Device       : xcku060-ffva1156-2-e
------------------------------------------------------------------------------------

Upgrade Log for IP 'px_i2c_fifo'

1. Summary
----------

SUCCESS in the upgrade of px_i2c_fifo (xilinx.com:ip:fifo_generator:13.1) from (Rev. 1) to (Rev. 2)






Copyright 1986-2016 Xilinx, Inc. All Rights Reserved.
------------------------------------------------------------------------------------
| Tool Version : Vivado v.2016.3 (win64) Build 1682563 Mon Oct 10 19:07:27 MDT 2016
| Date         : Tue Oct 18 10:39:50 2016
| Host         : Rich-PC running 64-bit major release  (build 9200)
| Command      : upgrade_ip
| Device       : xcku060-ffva1156-2-e
------------------------------------------------------------------------------------

Upgrade Log for IP 'px_i2c_axil_nativefifo_ctlr'

1. Summary
----------

SUCCESS in the upgrade of px_i2c_axil_nativefifo_ctlr (pentek.com:px_ip:px_axil_nativefifo_ctlr:1.0) from (Rev. 16) to (Rev. 17)

2. Interface Information
------------------------

Detected external interface differences while upgrading 'px_i2c_axil_nativefifo_ctlr'.


-Upgrade has removed interface 'fifo_signal_clock'

-Upgrade has removed interface 'fifo_signal_reset'

-Upgrade has removed interface 's_axi_signal_clock'

-Upgrade has removed interface 's_axi_signal_reset'

-Upgrade has added interface 'fifo_clk' (xilinx.com:signal:clock:1.0)

-Upgrade has added interface 'fifo_rst' (xilinx.com:signal:reset:1.0)

-Upgrade has added interface 's_axi_aclk' (xilinx.com:signal:clock:1.0)

-Upgrade has added interface 's_axi_aresetn' (xilinx.com:signal:reset:1.0)







Copyright 1986-2016 Xilinx, Inc. All Rights Reserved.
------------------------------------------------------------------------------------
| Tool Version : Vivado v.2016.3 (win64) Build 1682563 Mon Oct 10 19:07:27 MDT 2016
| Date         : Tue Oct 18 10:39:50 2016
| Host         : Rich-PC running 64-bit major release  (build 9200)
| Command      : upgrade_ip
| Device       : xcku060-ffva1156-2-e
------------------------------------------------------------------------------------

Upgrade Log for IP 'px_i2c_axil_csr'

1. Summary
----------

SUCCESS in the upgrade of px_i2c_axil_csr (pentek.com:px_ip:px_axil_csr:1.0) from (Rev. 11) to (Rev. 13)






Copyright 1986-2016 Xilinx, Inc. All Rights Reserved.
------------------------------------------------------------------------------------
| Tool Version : Vivado v.2016.3 (win64) Build 1682563 Mon Oct 10 19:07:27 MDT 2016
| Date         : Tue Oct 18 10:39:49 2016
| Host         : Rich-PC running 64-bit major release  (build 9200)
| Command      : upgrade_ip
| Device       : xcku060-ffva1156-2-e
------------------------------------------------------------------------------------

Upgrade Log for IP 'px_i2c_axi_crossbar'

1. Summary
----------

SUCCESS in the upgrade of px_i2c_axi_crossbar (xilinx.com:ip:axi_crossbar:2.1) from (Rev. 10) to (Rev. 11)






Copyright 1986-2016 Xilinx, Inc. All Rights Reserved.
------------------------------------------------------------------------------------
| Tool Version : Vivado v.2016.2 (win64) Build 1577090 Thu Jun  2 16:32:40 MDT 2016
| Date         : Wed Sep 07 11:20:48 2016
| Host         : Rich-PC running 64-bit major release  (build 9200)
| Command      : upgrade_ip
| Device       : xcku060-ffva1156-2-e
------------------------------------------------------------------------------------

Upgrade Log for IP 'px_i2c_fifo'

1. Summary
----------

SUCCESS in the update of px_i2c_fifo (xilinx.com:ip:fifo_generator:13.1 (Rev. 1)) to current project options.






Copyright 1986-2016 Xilinx, Inc. All Rights Reserved.
------------------------------------------------------------------------------------
| Tool Version : Vivado v.2016.2 (win64) Build 1577090 Thu Jun  2 16:32:40 MDT 2016
| Date         : Thu Jun 23 08:24:09 2016
| Host         : Rich-PC running 64-bit Service Pack 1  (build 7601)
| Command      : upgrade_ip
| Device       : xcku060-ffva1156-2-e
------------------------------------------------------------------------------------

Upgrade Log for IP 'px_i2c_axil_nativefifo_ctlr'

1. Summary
----------

SUCCESS in the upgrade of px_i2c_axil_nativefifo_ctlr (pentek.com:px_ip:px_axil_nativefifo_ctlr:1.0) from (Rev. 15) to (Rev. 16)






Copyright 1986-2016 Xilinx, Inc. All Rights Reserved.
------------------------------------------------------------------------------------
| Tool Version : Vivado v.2016.2 (win64) Build 1577090 Thu Jun  2 16:32:40 MDT 2016
| Date         : Thu Jun 23 08:24:02 2016
| Host         : Rich-PC running 64-bit Service Pack 1  (build 7601)
| Command      : upgrade_ip
| Device       : xcku060-ffva1156-2-e
------------------------------------------------------------------------------------

Upgrade Log for IP 'px_i2c_axil_csr'

1. Summary
----------

SUCCESS in the upgrade of px_i2c_axil_csr (pentek.com:px_ip:px_axil_csr:1.0) from (Rev. 10) to (Rev. 11)






Copyright 1986-2016 Xilinx, Inc. All Rights Reserved.
------------------------------------------------------------------------------------
| Tool Version : Vivado v.2016.2 (win64) Build 1577090 Thu Jun  2 16:32:40 MDT 2016
| Date         : Thu Jun 09 10:12:47 2016
| Host         : Rich-PC running 64-bit Service Pack 1  (build 7601)
| Command      : upgrade_ip
| Device       : xcku060-ffva1156-2-e
------------------------------------------------------------------------------------

Upgrade Log for IP 'px_i2c_fifo'

1. Summary
----------

SUCCESS in the upgrade of px_i2c_fifo (xilinx.com:ip:fifo_generator:13.1) to (Rev. 1)






Copyright 1986-2016 Xilinx, Inc. All Rights Reserved.
------------------------------------------------------------------------------------
| Tool Version : Vivado v.2016.2 (win64) Build 1577090 Thu Jun  2 16:32:40 MDT 2016
| Date         : Thu Jun 09 10:12:45 2016
| Host         : Rich-PC running 64-bit Service Pack 1  (build 7601)
| Command      : upgrade_ip
| Device       : xcku060-ffva1156-2-e
------------------------------------------------------------------------------------

Upgrade Log for IP 'px_i2c_axil_nativefifo_ctlr'

1. Summary
----------

SUCCESS in the upgrade of px_i2c_axil_nativefifo_ctlr (pentek.com:px_ip:px_axil_nativefifo_ctlr:1.0) from (Rev. 13) to (Rev. 15)






Copyright 1986-2016 Xilinx, Inc. All Rights Reserved.
------------------------------------------------------------------------------------
| Tool Version : Vivado v.2016.2 (win64) Build 1577090 Thu Jun  2 16:32:40 MDT 2016
| Date         : Thu Jun 09 10:12:45 2016
| Host         : Rich-PC running 64-bit Service Pack 1  (build 7601)
| Command      : upgrade_ip
| Device       : xcku060-ffva1156-2-e
------------------------------------------------------------------------------------

Upgrade Log for IP 'px_i2c_axil_csr'

1. Summary
----------

SUCCESS in the upgrade of px_i2c_axil_csr (pentek.com:px_ip:px_axil_csr:1.0) from (Rev. 9) to (Rev. 10)






Copyright 1986-2016 Xilinx, Inc. All Rights Reserved.
------------------------------------------------------------------------------------
| Tool Version : Vivado v.2016.2 (win64) Build 1577090 Thu Jun  2 16:32:40 MDT 2016
| Date         : Thu Jun 09 10:12:45 2016
| Host         : Rich-PC running 64-bit Service Pack 1  (build 7601)
| Command      : upgrade_ip
| Device       : xcku060-ffva1156-2-e
------------------------------------------------------------------------------------

Upgrade Log for IP 'px_i2c_axi_crossbar'

1. Summary
----------

SUCCESS in the upgrade of px_i2c_axi_crossbar (xilinx.com:ip:axi_crossbar:2.1) from (Rev. 9) to (Rev. 10)






Copyright 1986-2016 Xilinx, Inc. All Rights Reserved.
------------------------------------------------------------------------------------
| Tool Version : Vivado v.2016.1 (win64) Build 1538259 Fri Apr  8 15:45:27 MDT 2016
| Date         : Thu Apr 21 15:48:51 2016
| Host         : Rich-PC running 64-bit Service Pack 1  (build 7601)
| Command      : upgrade_ip
| Device       : xcku060-ffva1156-2-e
------------------------------------------------------------------------------------

Upgrade Log for IP 'px_i2c_axil_nativefifo_ctlr'

1. Summary
----------

SUCCESS in the upgrade of px_i2c_axil_nativefifo_ctlr (pentek.com:px_ip:px_axil_nativefifo_ctlr:1.0) from (Rev. 12) to (Rev. 13)






Copyright 1986-2016 Xilinx, Inc. All Rights Reserved.
------------------------------------------------------------------------------------
| Tool Version : Vivado v.2016.1 (win64) Build 1538259 Fri Apr  8 15:45:27 MDT 2016
| Date         : Thu Apr 21 15:48:50 2016
| Host         : Rich-PC running 64-bit Service Pack 1  (build 7601)
| Command      : upgrade_ip
| Device       : xcku060-ffva1156-2-e
------------------------------------------------------------------------------------

Upgrade Log for IP 'px_i2c_axil_csr'

1. Summary
----------

SUCCESS in the upgrade of px_i2c_axil_csr (pentek.com:px_ip:px_axil_csr:1.0) from (Rev. 8) to (Rev. 9)






Copyright 1986-2016 Xilinx, Inc. All Rights Reserved.
------------------------------------------------------------------------------------
| Tool Version : Vivado v.2016.1 (win64) Build 1538259 Fri Apr  8 15:45:27 MDT 2016
| Date         : Wed Apr 20 09:07:40 2016
| Host         : Rich-PC running 64-bit Service Pack 1  (build 7601)
| Command      : upgrade_ip
| Device       : xcku060-ffva1156-2-e
------------------------------------------------------------------------------------

Upgrade Log for IP 'px_i2c_axil_nativefifo_ctlr'

1. Summary
----------

SUCCESS in the upgrade of px_i2c_axil_nativefifo_ctlr (pentek.com:px_ip:px_axil_nativefifo_ctlr:1.0) from (Rev. 11) to (Rev. 12)






Copyright 1986-2016 Xilinx, Inc. All Rights Reserved.
------------------------------------------------------------------------------------
| Tool Version : Vivado v.2016.1 (win64) Build 1538259 Fri Apr  8 15:45:27 MDT 2016
| Date         : Wed Apr 20 09:02:16 2016
| Host         : Rich-PC running 64-bit Service Pack 1  (build 7601)
| Command      : upgrade_ip
| Device       : xcku060-ffva1156-2-e
------------------------------------------------------------------------------------

Upgrade Log for IP 'px_i2c_axil_nativefifo_ctlr'

1. Summary
----------

SUCCESS in the upgrade of px_i2c_axil_nativefifo_ctlr (pentek.com:px_ip:px_axil_nativefifo_ctlr:1.0) from (Rev. 10) to (Rev. 11)






Copyright 1986-2016 Xilinx, Inc. All Rights Reserved.
------------------------------------------------------------------------------------
| Tool Version : Vivado v.2016.1 (win64) Build 1538259 Fri Apr  8 15:45:27 MDT 2016
| Date         : Wed Apr 20 08:54:42 2016
| Host         : Rich-PC running 64-bit Service Pack 1  (build 7601)
| Command      : upgrade_ip
| Device       : xcku060-ffva1156-2-e
------------------------------------------------------------------------------------

Upgrade Log for IP 'px_i2c_axil_nativefifo_ctlr'

1. Summary
----------

SUCCESS in the upgrade of px_i2c_axil_nativefifo_ctlr (pentek.com:px_ip:px_axil_nativefifo_ctlr:1.0) from (Rev. 9) to (Rev. 10)






Copyright 1986-2016 Xilinx, Inc. All Rights Reserved.
------------------------------------------------------------------------------------
| Tool Version : Vivado v.2016.1 (win64) Build 1538259 Fri Apr  8 15:45:27 MDT 2016
| Date         : Wed Apr 20 08:51:51 2016
| Host         : Rich-PC running 64-bit Service Pack 1  (build 7601)
| Command      : upgrade_ip
| Device       : xcku060-ffva1156-2-e
------------------------------------------------------------------------------------

Upgrade Log for IP 'px_i2c_axil_nativefifo_ctlr'

1. Summary
----------

SUCCESS in the upgrade of px_i2c_axil_nativefifo_ctlr (pentek.com:px_ip:px_axil_nativefifo_ctlr:1.0) from (Rev. 8) to (Rev. 9)






Copyright 1986-2016 Xilinx, Inc. All Rights Reserved.
------------------------------------------------------------------------------------
| Tool Version : Vivado v.2016.1 (win64) Build 1538259 Fri Apr  8 15:45:27 MDT 2016
| Date         : Tue Apr 19 15:40:19 2016
| Host         : Rich-PC running 64-bit Service Pack 1  (build 7601)
| Command      : upgrade_ip
| Device       : xcku060-ffva1156-2-e
------------------------------------------------------------------------------------

Upgrade Log for IP 'px_i2c_fifo'

1. Summary
----------

SUCCESS in the upgrade of px_i2c_fifo from xilinx.com:ip:fifo_generator:13.0 (Rev. 1) to xilinx.com:ip:fifo_generator:13.1

2. Upgrade messages
-------------------

WARNING: upgrade cannot get value of option ARCHITECTURE : there is no project option called ARCHITECTURE






Copyright 1986-2016 Xilinx, Inc. All Rights Reserved.
------------------------------------------------------------------------------------
| Tool Version : Vivado v.2016.1 (win64) Build 1538259 Fri Apr  8 15:45:27 MDT 2016
| Date         : Tue Apr 19 15:40:16 2016
| Host         : Rich-PC running 64-bit Service Pack 1  (build 7601)
| Command      : upgrade_ip
| Device       : xcku060-ffva1156-2-e
------------------------------------------------------------------------------------

Upgrade Log for IP 'px_i2c_axil_nativefifo_ctlr'

1. Summary
----------

SUCCESS in the upgrade of px_i2c_axil_nativefifo_ctlr (pentek.com:px_ip:px_axil_nativefifo_ctlr:1.0) from (Rev. 7) to (Rev. 8)






Copyright 1986-2016 Xilinx, Inc. All Rights Reserved.
------------------------------------------------------------------------------------
| Tool Version : Vivado v.2016.1 (win64) Build 1538259 Fri Apr  8 15:45:27 MDT 2016
| Date         : Tue Apr 19 15:40:15 2016
| Host         : Rich-PC running 64-bit Service Pack 1  (build 7601)
| Command      : upgrade_ip
| Device       : xcku060-ffva1156-2-e
------------------------------------------------------------------------------------

Upgrade Log for IP 'px_i2c_axil_csr'

1. Summary
----------

SUCCESS in the upgrade of px_i2c_axil_csr (pentek.com:px_ip:px_axil_csr:1.0) from (Rev. 7) to (Rev. 8)






Copyright 1986-2016 Xilinx, Inc. All Rights Reserved.
------------------------------------------------------------------------------------
| Tool Version : Vivado v.2016.1 (win64) Build 1538259 Fri Apr  8 15:45:27 MDT 2016
| Date         : Tue Apr 19 15:40:14 2016
| Host         : Rich-PC running 64-bit Service Pack 1  (build 7601)
| Command      : upgrade_ip
| Device       : xcku060-ffva1156-2-e
------------------------------------------------------------------------------------

Upgrade Log for IP 'px_i2c_axi_crossbar'

1. Summary
----------

SUCCESS in the upgrade of px_i2c_axi_crossbar (xilinx.com:ip:axi_crossbar:2.1) from (Rev. 8) to (Rev. 9)

