Copyright 1986-2019 Xilinx, Inc. All Rights Reserved.
------------------------------------------------------------------------------------
| Tool Version : Vivado v.2019.2 (win64) Build 2700185 Thu Oct 24 18:46:05 MDT 2019
| Date         : Tue Nov 12 10:22:48 2019
| Host         : Rich-PC running 64-bit major release  (build 9200)
| Command      : upgrade_ip
| Device       : xcku060-ffva1156-2-e
------------------------------------------------------------------------------------

Upgrade Log for IP 'px_clock_frq_cntr_csr'

1. Summary
----------

SUCCESS in the upgrade of px_clock_frq_cntr_csr (pentek.com:px_ip:px_axil_csr:1.0) from (Rev. 23) to (Rev. 24)






Copyright 1986-2019 Xilinx, Inc. All Rights Reserved.
------------------------------------------------------------------------------------
| Tool Version : Vivado v.2019.1 (win64) Build 2552052 Fri May 24 14:49:42 MDT 2019
| Date         : Sun Jun  9 06:59:13 2019
| Host         : Igor2 running 64-bit major release  (build 9200)
| Command      : upgrade_ip
| Device       : xcku060-ffva1156-2-e
------------------------------------------------------------------------------------

Upgrade Log for IP 'px_clock_frq_cntr_csr'

1. Summary
----------

SUCCESS in the upgrade of px_clock_frq_cntr_csr (pentek.com:px_ip:px_axil_csr:1.0) from (Rev. 22) to (Rev. 23)






Copyright 1986-2018 Xilinx, Inc. All Rights Reserved.
------------------------------------------------------------------------------------
| Tool Version : Vivado v.2018.3 (win64) Build 2405991 Thu Dec  6 23:38:27 MST 2018
| Date         : Fri Dec 14 07:56:37 2018
| Host         : Rich-PC running 64-bit major release  (build 9200)
| Command      : upgrade_ip
| Device       : xcku060-ffva1156-2-e
------------------------------------------------------------------------------------

Upgrade Log for IP 'px_clock_frq_cntr_csr'

1. Summary
----------

SUCCESS in the upgrade of px_clock_frq_cntr_csr (pentek.com:px_ip:px_axil_csr:1.0) from (Rev. 21) to (Rev. 22)






Copyright 1986-2018 Xilinx, Inc. All Rights Reserved.
------------------------------------------------------------------------------------
| Tool Version : Vivado v.2018.1 (win64) Build 2188600 Wed Apr  4 18:40:38 MDT 2018
| Date         : Tue May  1 12:44:45 2018
| Host         : Rich-PC running 64-bit major release  (build 9200)
| Command      : upgrade_ip
| Device       : xcku060-ffva1156-2-e
------------------------------------------------------------------------------------

Upgrade Log for IP 'px_clock_frq_cntr_csr'

1. Summary
----------

SUCCESS in the upgrade of px_clock_frq_cntr_csr (pentek.com:px_ip:px_axil_csr:1.0) from (Rev. 19) to (Rev. 21)






Copyright 1986-2017 Xilinx, Inc. All Rights Reserved.
------------------------------------------------------------------------------------
| Tool Version : Vivado v.2017.3 (win64) Build 2018833 Wed Oct  4 19:58:22 MDT 2017
| Date         : Mon Nov  6 08:34:10 2017
| Host         : Rich-PC running 64-bit major release  (build 9200)
| Command      : upgrade_ip
| Device       : xcku060-ffva1156-2-e
------------------------------------------------------------------------------------

Upgrade Log for IP 'px_clock_frq_cntr_csr'

1. Summary
----------

SUCCESS in the upgrade of px_clock_frq_cntr_csr (pentek.com:px_ip:px_axil_csr:1.0) from (Rev. 18) to (Rev. 19)






Copyright 1986-2017 Xilinx, Inc. All Rights Reserved.
------------------------------------------------------------------------------------
| Tool Version : Vivado v.2017.2 (win64) Build 1909853 Thu Jun 15 18:39:09 MDT 2017
| Date         : Wed Aug  9 13:27:00 2017
| Host         : Rich-PC running 64-bit major release  (build 9200)
| Command      : upgrade_ip
| Device       : xcku060-ffva1156-2-e
------------------------------------------------------------------------------------

Upgrade Log for IP 'px_clock_frq_cntr_csr'

1. Summary
----------

SUCCESS in the upgrade of px_clock_frq_cntr_csr (pentek.com:px_ip:px_axil_csr:1.0) from (Rev. 16) to (Rev. 18)

