#-----------------------------------------------------------
# Vivado v2017.1 (64-bit)
# SW Build 1846317 on Fri Apr 14 18:55:03 MDT 2017
# IP Build 1846188 on Fri Apr 14 20:52:08 MDT 2017
# Start of session at: Thu Jul 13 08:33:10 2017
# Process ID: 10004
# Current directory: C:/Pentek/IP/2017.1/wip/px_clock_frq_cntr
# Command line: vivado.exe -gui_launcher_event rodinguilauncherevent11564 C:\Pentek\IP\2017.1\wip\px_clock_frq_cntr\px_clock_frq_cntr.xpr
# Log file: C:/Pentek/IP/2017.1/wip/px_clock_frq_cntr/vivado.log
# Journal file: C:/Pentek/IP/2017.1/wip/px_clock_frq_cntr\vivado.jou
#-----------------------------------------------------------
start_gui
open_project C:/Pentek/IP/2017.1/wip/px_clock_frq_cntr/px_clock_frq_cntr.xpr
Scanning sources...
Finished scanning sources
INFO: [IP_Flow 19-234] Refreshing IP repositories
INFO: [IP_Flow 19-1700] Loaded user IP repository 'c:/Pentek/IP/2017.1/wip/px_clock_frq_cntr/px_clock_frq_cntr.srcs/sources_1'.
INFO: [IP_Flow 19-1700] Loaded user IP repository 'c:/Pentek/IP/2017.1/pentek'.
INFO: [IP_Flow 19-2313] Loaded Vivado IP repository 'C:/Xilinx/Vivado/2017.1/data/ip'.
open_project: Time (s): cpu = 00:00:16 ; elapsed = 00:00:20 . Memory (MB): peak = 897.645 ; gain = 180.473
update_compile_order -fileset sources_1
exit
INFO: [Common 17-206] Exiting Vivado at Thu Jul 13 08:47:40 2017...
