Copyright 1986-2019 Xilinx, Inc. All Rights Reserved.
------------------------------------------------------------------------------------
| Tool Version : Vivado v.2019.2 (win64) Build 2700185 Thu Oct 24 18:46:05 MDT 2019
| Date         : Tue Nov 12 11:14:33 2019
| Host         : Rich-PC running 64-bit major release  (build 9200)
| Command      : upgrade_ip
| Device       : xcku035-ffva1156-2-e
------------------------------------------------------------------------------------

Upgrade Log for IP 'px_vita49_xpm_cdc_bus_sync_intr'

1. Summary
----------

SUCCESS in the upgrade of px_vita49_xpm_cdc_bus_sync_intr (pentek.com:px_ip:px_xpm_cdc_bus_sync:1.1) from (Rev. 11) to (Rev. 12)






Copyright 1986-2019 Xilinx, Inc. All Rights Reserved.
------------------------------------------------------------------------------------
| Tool Version : Vivado v.2019.2 (win64) Build 2700185 Thu Oct 24 18:46:05 MDT 2019
| Date         : Tue Nov 12 11:14:33 2019
| Host         : Rich-PC running 64-bit major release  (build 9200)
| Command      : upgrade_ip
| Device       : xcku035-ffva1156-2-e
------------------------------------------------------------------------------------

Upgrade Log for IP 'px_vita49_xpm_cdc_bus_sync'

1. Summary
----------

SUCCESS in the upgrade of px_vita49_xpm_cdc_bus_sync (pentek.com:px_ip:px_xpm_cdc_bus_sync:1.1) from (Rev. 11) to (Rev. 12)






Copyright 1986-2019 Xilinx, Inc. All Rights Reserved.
------------------------------------------------------------------------------------
| Tool Version : Vivado v.2019.2 (win64) Build 2700185 Thu Oct 24 18:46:05 MDT 2019
| Date         : Tue Nov 12 11:14:33 2019
| Host         : Rich-PC running 64-bit major release  (build 9200)
| Command      : upgrade_ip
| Device       : xcku035-ffva1156-2-e
------------------------------------------------------------------------------------

Upgrade Log for IP 'px_vita49_xpm_cdc_async_rst'

1. Summary
----------

SUCCESS in the upgrade of px_vita49_xpm_cdc_async_rst (pentek.com:px_ip:px_xpm_cdc_async_rst:1.1) from (Rev. 15) to (Rev. 16)






Copyright 1986-2019 Xilinx, Inc. All Rights Reserved.
------------------------------------------------------------------------------------
| Tool Version : Vivado v.2019.2 (win64) Build 2700185 Thu Oct 24 18:46:05 MDT 2019
| Date         : Tue Nov 12 11:14:33 2019
| Host         : Rich-PC running 64-bit major release  (build 9200)
| Command      : upgrade_ip
| Device       : xcku035-ffva1156-2-e
------------------------------------------------------------------------------------

Upgrade Log for IP 'px_vita49_pkt_px_axil_csr'

1. Summary
----------

SUCCESS in the upgrade of px_vita49_pkt_px_axil_csr (pentek.com:px_ip:px_axil_csr:1.0) from (Rev. 23) to (Rev. 24)






Copyright 1986-2019 Xilinx, Inc. All Rights Reserved.
------------------------------------------------------------------------------------
| Tool Version : Vivado v.2019.2 (win64) Build 2700185 Thu Oct 24 18:46:05 MDT 2019
| Date         : Tue Nov 12 11:14:32 2019
| Host         : Rich-PC running 64-bit major release  (build 9200)
| Command      : upgrade_ip
| Device       : xcku035-ffva1156-2-e
------------------------------------------------------------------------------------

Upgrade Log for IP 'px_vita49_pkt_ppkt_upsizer_64'

1. Summary
----------

SUCCESS in the upgrade of px_vita49_pkt_ppkt_upsizer_64 (pentek.com:px_ip:px_ppkt_width_upsizer:2.0) from (Rev. 13) to (Rev. 14)






Copyright 1986-2019 Xilinx, Inc. All Rights Reserved.
------------------------------------------------------------------------------------
| Tool Version : Vivado v.2019.2 (win64) Build 2700185 Thu Oct 24 18:46:05 MDT 2019
| Date         : Tue Nov 12 11:14:32 2019
| Host         : Rich-PC running 64-bit major release  (build 9200)
| Command      : upgrade_ip
| Device       : xcku035-ffva1156-2-e
------------------------------------------------------------------------------------

Upgrade Log for IP 'px_vita49_pkt_ppkt_upsizer_256'

1. Summary
----------

SUCCESS in the upgrade of px_vita49_pkt_ppkt_upsizer_256 (pentek.com:px_ip:px_ppkt_width_upsizer:2.0) from (Rev. 13) to (Rev. 14)






Copyright 1986-2019 Xilinx, Inc. All Rights Reserved.
------------------------------------------------------------------------------------
| Tool Version : Vivado v.2019.2 (win64) Build 2700185 Thu Oct 24 18:46:05 MDT 2019
| Date         : Tue Nov 12 11:14:32 2019
| Host         : Rich-PC running 64-bit major release  (build 9200)
| Command      : upgrade_ip
| Device       : xcku035-ffva1156-2-e
------------------------------------------------------------------------------------

Upgrade Log for IP 'px_vita49_pkt_ppkt_upsizer_128'

1. Summary
----------

SUCCESS in the upgrade of px_vita49_pkt_ppkt_upsizer_128 (pentek.com:px_ip:px_ppkt_width_upsizer:2.0) from (Rev. 13) to (Rev. 14)






Copyright 1986-2019 Xilinx, Inc. All Rights Reserved.
------------------------------------------------------------------------------------
| Tool Version : Vivado v.2019.2 (win64) Build 2700185 Thu Oct 24 18:46:05 MDT 2019
| Date         : Tue Nov 12 11:14:32 2019
| Host         : Rich-PC running 64-bit major release  (build 9200)
| Command      : upgrade_ip
| Device       : xcku035-ffva1156-2-e
------------------------------------------------------------------------------------

Upgrade Log for IP 'px_vita49_pkt_ppkt_upsizer'

1. Summary
----------

SUCCESS in the upgrade of px_vita49_pkt_ppkt_upsizer (pentek.com:px_ip:px_ppkt_width_upsizer:2.0) from (Rev. 13) to (Rev. 14)






Copyright 1986-2019 Xilinx, Inc. All Rights Reserved.
------------------------------------------------------------------------------------
| Tool Version : Vivado v.2019.2 (win64) Build 2700185 Thu Oct 24 18:46:05 MDT 2019
| Date         : Tue Nov 12 11:14:32 2019
| Host         : Rich-PC running 64-bit major release  (build 9200)
| Command      : upgrade_ip
| Device       : xcku035-ffva1156-2-e
------------------------------------------------------------------------------------

Upgrade Log for IP 'px_vita49_pkt_payload_fifo'

1. Summary
----------

SUCCESS in the upgrade of px_vita49_pkt_payload_fifo (xilinx.com:ip:fifo_generator:13.2) from (Rev. 4) to (Rev. 5)






Copyright 1986-2019 Xilinx, Inc. All Rights Reserved.
------------------------------------------------------------------------------------
| Tool Version : Vivado v.2019.2 (win64) Build 2700185 Thu Oct 24 18:46:05 MDT 2019
| Date         : Tue Nov 12 11:14:31 2019
| Host         : Rich-PC running 64-bit major release  (build 9200)
| Command      : upgrade_ip
| Device       : xcku035-ffva1156-2-e
------------------------------------------------------------------------------------

Upgrade Log for IP 'px_vita49_pkt_header_fifo'

1. Summary
----------

SUCCESS in the upgrade of px_vita49_pkt_header_fifo (xilinx.com:ip:fifo_generator:13.2) from (Rev. 4) to (Rev. 5)






Copyright 1986-2019 Xilinx, Inc. All Rights Reserved.
------------------------------------------------------------------------------------
| Tool Version : Vivado v.2019.2 (win64) Build 2700185 Thu Oct 24 18:46:05 MDT 2019
| Date         : Tue Nov 12 11:14:30 2019
| Host         : Rich-PC running 64-bit major release  (build 9200)
| Command      : upgrade_ip
| Device       : xcku035-ffva1156-2-e
------------------------------------------------------------------------------------

Upgrade Log for IP 'px_vita49_pkt_axis_slice_64'

1. Summary
----------

SUCCESS in the upgrade of px_vita49_pkt_axis_slice_64 (xilinx.com:ip:axis_register_slice:1.1) from (Rev. 19) to (Rev. 20)






Copyright 1986-2019 Xilinx, Inc. All Rights Reserved.
------------------------------------------------------------------------------------
| Tool Version : Vivado v.2019.2 (win64) Build 2700185 Thu Oct 24 18:46:05 MDT 2019
| Date         : Tue Nov 12 11:14:30 2019
| Host         : Rich-PC running 64-bit major release  (build 9200)
| Command      : upgrade_ip
| Device       : xcku035-ffva1156-2-e
------------------------------------------------------------------------------------

Upgrade Log for IP 'px_vita49_pkt_axis_slice_256'

1. Summary
----------

SUCCESS in the upgrade of px_vita49_pkt_axis_slice_256 (xilinx.com:ip:axis_register_slice:1.1) from (Rev. 19) to (Rev. 20)






Copyright 1986-2019 Xilinx, Inc. All Rights Reserved.
------------------------------------------------------------------------------------
| Tool Version : Vivado v.2019.2 (win64) Build 2700185 Thu Oct 24 18:46:05 MDT 2019
| Date         : Tue Nov 12 11:14:30 2019
| Host         : Rich-PC running 64-bit major release  (build 9200)
| Command      : upgrade_ip
| Device       : xcku035-ffva1156-2-e
------------------------------------------------------------------------------------

Upgrade Log for IP 'px_vita49_pkt_axis_slice_128'

1. Summary
----------

SUCCESS in the upgrade of px_vita49_pkt_axis_slice_128 (xilinx.com:ip:axis_register_slice:1.1) from (Rev. 19) to (Rev. 20)






Copyright 1986-2019 Xilinx, Inc. All Rights Reserved.
------------------------------------------------------------------------------------
| Tool Version : Vivado v.2019.2 (win64) Build 2700185 Thu Oct 24 18:46:05 MDT 2019
| Date         : Tue Nov 12 11:14:30 2019
| Host         : Rich-PC running 64-bit major release  (build 9200)
| Command      : upgrade_ip
| Device       : xcku035-ffva1156-2-e
------------------------------------------------------------------------------------

Upgrade Log for IP 'px_vita49_pkt_axis_slice'

1. Summary
----------

SUCCESS in the upgrade of px_vita49_pkt_axis_slice (xilinx.com:ip:axis_register_slice:1.1) from (Rev. 19) to (Rev. 20)






Copyright 1986-2019 Xilinx, Inc. All Rights Reserved.
------------------------------------------------------------------------------------
| Tool Version : Vivado v.2019.1 (win64) Build 2552052 Fri May 24 14:49:42 MDT 2019
| Date         : Sun Jun  9 09:13:22 2019
| Host         : Igor2 running 64-bit major release  (build 9200)
| Command      : upgrade_ip
| Device       : xcku035-ffva1156-2-e
------------------------------------------------------------------------------------

Upgrade Log for IP 'px_vita49_xpm_cdc_bus_sync_intr'

1. Summary
----------

SUCCESS in the upgrade of px_vita49_xpm_cdc_bus_sync_intr (pentek.com:px_ip:px_xpm_cdc_bus_sync:1.1) from (Rev. 10) to (Rev. 11)






Copyright 1986-2019 Xilinx, Inc. All Rights Reserved.
------------------------------------------------------------------------------------
| Tool Version : Vivado v.2019.1 (win64) Build 2552052 Fri May 24 14:49:42 MDT 2019
| Date         : Sun Jun  9 09:13:21 2019
| Host         : Igor2 running 64-bit major release  (build 9200)
| Command      : upgrade_ip
| Device       : xcku035-ffva1156-2-e
------------------------------------------------------------------------------------

Upgrade Log for IP 'px_vita49_xpm_cdc_bus_sync'

1. Summary
----------

SUCCESS in the upgrade of px_vita49_xpm_cdc_bus_sync (pentek.com:px_ip:px_xpm_cdc_bus_sync:1.1) from (Rev. 10) to (Rev. 11)






Copyright 1986-2019 Xilinx, Inc. All Rights Reserved.
------------------------------------------------------------------------------------
| Tool Version : Vivado v.2019.1 (win64) Build 2552052 Fri May 24 14:49:42 MDT 2019
| Date         : Sun Jun  9 09:13:21 2019
| Host         : Igor2 running 64-bit major release  (build 9200)
| Command      : upgrade_ip
| Device       : xcku035-ffva1156-2-e
------------------------------------------------------------------------------------

Upgrade Log for IP 'px_vita49_xpm_cdc_async_rst'

1. Summary
----------

SUCCESS in the upgrade of px_vita49_xpm_cdc_async_rst (pentek.com:px_ip:px_xpm_cdc_async_rst:1.1) from (Rev. 14) to (Rev. 15)






Copyright 1986-2019 Xilinx, Inc. All Rights Reserved.
------------------------------------------------------------------------------------
| Tool Version : Vivado v.2019.1 (win64) Build 2552052 Fri May 24 14:49:42 MDT 2019
| Date         : Sun Jun  9 09:13:21 2019
| Host         : Igor2 running 64-bit major release  (build 9200)
| Command      : upgrade_ip
| Device       : xcku035-ffva1156-2-e
------------------------------------------------------------------------------------

Upgrade Log for IP 'px_vita49_pkt_px_axil_csr'

1. Summary
----------

SUCCESS in the upgrade of px_vita49_pkt_px_axil_csr (pentek.com:px_ip:px_axil_csr:1.0) from (Rev. 22) to (Rev. 23)






Copyright 1986-2019 Xilinx, Inc. All Rights Reserved.
------------------------------------------------------------------------------------
| Tool Version : Vivado v.2019.1 (win64) Build 2552052 Fri May 24 14:49:42 MDT 2019
| Date         : Sun Jun  9 09:13:21 2019
| Host         : Igor2 running 64-bit major release  (build 9200)
| Command      : upgrade_ip
| Device       : xcku035-ffva1156-2-e
------------------------------------------------------------------------------------

Upgrade Log for IP 'px_vita49_pkt_ppkt_upsizer_64'

1. Summary
----------

SUCCESS in the upgrade of px_vita49_pkt_ppkt_upsizer_64 (pentek.com:px_ip:px_ppkt_width_upsizer:2.0) from (Rev. 12) to (Rev. 13)






Copyright 1986-2019 Xilinx, Inc. All Rights Reserved.
------------------------------------------------------------------------------------
| Tool Version : Vivado v.2019.1 (win64) Build 2552052 Fri May 24 14:49:42 MDT 2019
| Date         : Sun Jun  9 09:13:21 2019
| Host         : Igor2 running 64-bit major release  (build 9200)
| Command      : upgrade_ip
| Device       : xcku035-ffva1156-2-e
------------------------------------------------------------------------------------

Upgrade Log for IP 'px_vita49_pkt_ppkt_upsizer_256'

1. Summary
----------

SUCCESS in the upgrade of px_vita49_pkt_ppkt_upsizer_256 (pentek.com:px_ip:px_ppkt_width_upsizer:2.0) from (Rev. 12) to (Rev. 13)






Copyright 1986-2019 Xilinx, Inc. All Rights Reserved.
------------------------------------------------------------------------------------
| Tool Version : Vivado v.2019.1 (win64) Build 2552052 Fri May 24 14:49:42 MDT 2019
| Date         : Sun Jun  9 09:13:21 2019
| Host         : Igor2 running 64-bit major release  (build 9200)
| Command      : upgrade_ip
| Device       : xcku035-ffva1156-2-e
------------------------------------------------------------------------------------

Upgrade Log for IP 'px_vita49_pkt_ppkt_upsizer_128'

1. Summary
----------

SUCCESS in the upgrade of px_vita49_pkt_ppkt_upsizer_128 (pentek.com:px_ip:px_ppkt_width_upsizer:2.0) from (Rev. 12) to (Rev. 13)






Copyright 1986-2019 Xilinx, Inc. All Rights Reserved.
------------------------------------------------------------------------------------
| Tool Version : Vivado v.2019.1 (win64) Build 2552052 Fri May 24 14:49:42 MDT 2019
| Date         : Sun Jun  9 09:13:21 2019
| Host         : Igor2 running 64-bit major release  (build 9200)
| Command      : upgrade_ip
| Device       : xcku035-ffva1156-2-e
------------------------------------------------------------------------------------

Upgrade Log for IP 'px_vita49_pkt_ppkt_upsizer'

1. Summary
----------

SUCCESS in the upgrade of px_vita49_pkt_ppkt_upsizer (pentek.com:px_ip:px_ppkt_width_upsizer:2.0) from (Rev. 12) to (Rev. 13)






Copyright 1986-2019 Xilinx, Inc. All Rights Reserved.
------------------------------------------------------------------------------------
| Tool Version : Vivado v.2019.1 (win64) Build 2552052 Fri May 24 14:49:42 MDT 2019
| Date         : Sun Jun  9 09:13:21 2019
| Host         : Igor2 running 64-bit major release  (build 9200)
| Command      : upgrade_ip
| Device       : xcku035-ffva1156-2-e
------------------------------------------------------------------------------------

Upgrade Log for IP 'px_vita49_pkt_payload_fifo'

1. Summary
----------

SUCCESS in the upgrade of px_vita49_pkt_payload_fifo (xilinx.com:ip:fifo_generator:13.2) from (Rev. 3) to (Rev. 4)






Copyright 1986-2019 Xilinx, Inc. All Rights Reserved.
------------------------------------------------------------------------------------
| Tool Version : Vivado v.2019.1 (win64) Build 2552052 Fri May 24 14:49:42 MDT 2019
| Date         : Sun Jun  9 09:13:20 2019
| Host         : Igor2 running 64-bit major release  (build 9200)
| Command      : upgrade_ip
| Device       : xcku035-ffva1156-2-e
------------------------------------------------------------------------------------

Upgrade Log for IP 'px_vita49_pkt_header_fifo'

1. Summary
----------

SUCCESS in the upgrade of px_vita49_pkt_header_fifo (xilinx.com:ip:fifo_generator:13.2) from (Rev. 3) to (Rev. 4)






Copyright 1986-2019 Xilinx, Inc. All Rights Reserved.
------------------------------------------------------------------------------------
| Tool Version : Vivado v.2019.1 (win64) Build 2552052 Fri May 24 14:49:42 MDT 2019
| Date         : Sun Jun  9 09:13:19 2019
| Host         : Igor2 running 64-bit major release  (build 9200)
| Command      : upgrade_ip
| Device       : xcku035-ffva1156-2-e
------------------------------------------------------------------------------------

Upgrade Log for IP 'px_vita49_pkt_axis_slice_64'

1. Summary
----------

SUCCESS in the upgrade of px_vita49_pkt_axis_slice_64 (xilinx.com:ip:axis_register_slice:1.1) from (Rev. 18) to (Rev. 19)






Copyright 1986-2019 Xilinx, Inc. All Rights Reserved.
------------------------------------------------------------------------------------
| Tool Version : Vivado v.2019.1 (win64) Build 2552052 Fri May 24 14:49:42 MDT 2019
| Date         : Sun Jun  9 09:13:19 2019
| Host         : Igor2 running 64-bit major release  (build 9200)
| Command      : upgrade_ip
| Device       : xcku035-ffva1156-2-e
------------------------------------------------------------------------------------

Upgrade Log for IP 'px_vita49_pkt_axis_slice_256'

1. Summary
----------

SUCCESS in the upgrade of px_vita49_pkt_axis_slice_256 (xilinx.com:ip:axis_register_slice:1.1) from (Rev. 18) to (Rev. 19)






Copyright 1986-2019 Xilinx, Inc. All Rights Reserved.
------------------------------------------------------------------------------------
| Tool Version : Vivado v.2019.1 (win64) Build 2552052 Fri May 24 14:49:42 MDT 2019
| Date         : Sun Jun  9 09:13:19 2019
| Host         : Igor2 running 64-bit major release  (build 9200)
| Command      : upgrade_ip
| Device       : xcku035-ffva1156-2-e
------------------------------------------------------------------------------------

Upgrade Log for IP 'px_vita49_pkt_axis_slice_128'

1. Summary
----------

SUCCESS in the upgrade of px_vita49_pkt_axis_slice_128 (xilinx.com:ip:axis_register_slice:1.1) from (Rev. 18) to (Rev. 19)






Copyright 1986-2019 Xilinx, Inc. All Rights Reserved.
------------------------------------------------------------------------------------
| Tool Version : Vivado v.2019.1 (win64) Build 2552052 Fri May 24 14:49:42 MDT 2019
| Date         : Sun Jun  9 09:13:19 2019
| Host         : Igor2 running 64-bit major release  (build 9200)
| Command      : upgrade_ip
| Device       : xcku035-ffva1156-2-e
------------------------------------------------------------------------------------

Upgrade Log for IP 'px_vita49_pkt_axis_slice'

1. Summary
----------

SUCCESS in the upgrade of px_vita49_pkt_axis_slice (xilinx.com:ip:axis_register_slice:1.1) from (Rev. 18) to (Rev. 19)






Copyright 1986-2018 Xilinx, Inc. All Rights Reserved.
------------------------------------------------------------------------------------
| Tool Version : Vivado v.2018.3 (win64) Build 2405991 Thu Dec  6 23:38:27 MST 2018
| Date         : Fri Dec 14 09:14:25 2018
| Host         : Rich-PC running 64-bit major release  (build 9200)
| Command      : upgrade_ip
| Device       : xcku035-ffva1156-2-e
------------------------------------------------------------------------------------

Upgrade Log for IP 'px_vita49_xpm_cdc_bus_sync_intr'

1. Summary
----------

SUCCESS in the upgrade of px_vita49_xpm_cdc_bus_sync_intr (pentek.com:px_ip:px_xpm_cdc_bus_sync:1.1) from (Rev. 9) to (Rev. 10)






Copyright 1986-2018 Xilinx, Inc. All Rights Reserved.
------------------------------------------------------------------------------------
| Tool Version : Vivado v.2018.3 (win64) Build 2405991 Thu Dec  6 23:38:27 MST 2018
| Date         : Fri Dec 14 09:14:25 2018
| Host         : Rich-PC running 64-bit major release  (build 9200)
| Command      : upgrade_ip
| Device       : xcku035-ffva1156-2-e
------------------------------------------------------------------------------------

Upgrade Log for IP 'px_vita49_xpm_cdc_bus_sync'

1. Summary
----------

SUCCESS in the upgrade of px_vita49_xpm_cdc_bus_sync (pentek.com:px_ip:px_xpm_cdc_bus_sync:1.1) from (Rev. 9) to (Rev. 10)






Copyright 1986-2018 Xilinx, Inc. All Rights Reserved.
------------------------------------------------------------------------------------
| Tool Version : Vivado v.2018.3 (win64) Build 2405991 Thu Dec  6 23:38:27 MST 2018
| Date         : Fri Dec 14 09:14:25 2018
| Host         : Rich-PC running 64-bit major release  (build 9200)
| Command      : upgrade_ip
| Device       : xcku035-ffva1156-2-e
------------------------------------------------------------------------------------

Upgrade Log for IP 'px_vita49_xpm_cdc_async_rst'

1. Summary
----------

SUCCESS in the upgrade of px_vita49_xpm_cdc_async_rst (pentek.com:px_ip:px_xpm_cdc_async_rst:1.1) from (Rev. 13) to (Rev. 14)






Copyright 1986-2018 Xilinx, Inc. All Rights Reserved.
------------------------------------------------------------------------------------
| Tool Version : Vivado v.2018.3 (win64) Build 2405991 Thu Dec  6 23:38:27 MST 2018
| Date         : Fri Dec 14 09:14:24 2018
| Host         : Rich-PC running 64-bit major release  (build 9200)
| Command      : upgrade_ip
| Device       : xcku035-ffva1156-2-e
------------------------------------------------------------------------------------

Upgrade Log for IP 'px_vita49_pkt_px_axil_csr'

1. Summary
----------

SUCCESS in the upgrade of px_vita49_pkt_px_axil_csr (pentek.com:px_ip:px_axil_csr:1.0) from (Rev. 21) to (Rev. 22)






Copyright 1986-2018 Xilinx, Inc. All Rights Reserved.
------------------------------------------------------------------------------------
| Tool Version : Vivado v.2018.3 (win64) Build 2405991 Thu Dec  6 23:38:27 MST 2018
| Date         : Fri Dec 14 09:14:24 2018
| Host         : Rich-PC running 64-bit major release  (build 9200)
| Command      : upgrade_ip
| Device       : xcku035-ffva1156-2-e
------------------------------------------------------------------------------------

Upgrade Log for IP 'px_vita49_pkt_ppkt_upsizer_64'

1. Summary
----------

SUCCESS in the upgrade of px_vita49_pkt_ppkt_upsizer_64 (pentek.com:px_ip:px_ppkt_width_upsizer:2.0) from (Rev. 11) to (Rev. 12)






Copyright 1986-2018 Xilinx, Inc. All Rights Reserved.
------------------------------------------------------------------------------------
| Tool Version : Vivado v.2018.3 (win64) Build 2405991 Thu Dec  6 23:38:27 MST 2018
| Date         : Fri Dec 14 09:14:23 2018
| Host         : Rich-PC running 64-bit major release  (build 9200)
| Command      : upgrade_ip
| Device       : xcku035-ffva1156-2-e
------------------------------------------------------------------------------------

Upgrade Log for IP 'px_vita49_pkt_ppkt_upsizer_256'

1. Summary
----------

SUCCESS in the upgrade of px_vita49_pkt_ppkt_upsizer_256 (pentek.com:px_ip:px_ppkt_width_upsizer:2.0) from (Rev. 11) to (Rev. 12)






Copyright 1986-2018 Xilinx, Inc. All Rights Reserved.
------------------------------------------------------------------------------------
| Tool Version : Vivado v.2018.3 (win64) Build 2405991 Thu Dec  6 23:38:27 MST 2018
| Date         : Fri Dec 14 09:14:23 2018
| Host         : Rich-PC running 64-bit major release  (build 9200)
| Command      : upgrade_ip
| Device       : xcku035-ffva1156-2-e
------------------------------------------------------------------------------------

Upgrade Log for IP 'px_vita49_pkt_ppkt_upsizer_128'

1. Summary
----------

SUCCESS in the upgrade of px_vita49_pkt_ppkt_upsizer_128 (pentek.com:px_ip:px_ppkt_width_upsizer:2.0) from (Rev. 11) to (Rev. 12)






Copyright 1986-2018 Xilinx, Inc. All Rights Reserved.
------------------------------------------------------------------------------------
| Tool Version : Vivado v.2018.3 (win64) Build 2405991 Thu Dec  6 23:38:27 MST 2018
| Date         : Fri Dec 14 09:14:23 2018
| Host         : Rich-PC running 64-bit major release  (build 9200)
| Command      : upgrade_ip
| Device       : xcku035-ffva1156-2-e
------------------------------------------------------------------------------------

Upgrade Log for IP 'px_vita49_pkt_ppkt_upsizer'

1. Summary
----------

SUCCESS in the upgrade of px_vita49_pkt_ppkt_upsizer (pentek.com:px_ip:px_ppkt_width_upsizer:2.0) from (Rev. 11) to (Rev. 12)






Copyright 1986-2018 Xilinx, Inc. All Rights Reserved.
------------------------------------------------------------------------------------
| Tool Version : Vivado v.2018.3 (win64) Build 2405991 Thu Dec  6 23:38:27 MST 2018
| Date         : Fri Dec 14 09:14:22 2018
| Host         : Rich-PC running 64-bit major release  (build 9200)
| Command      : upgrade_ip
| Device       : xcku035-ffva1156-2-e
------------------------------------------------------------------------------------

Upgrade Log for IP 'px_vita49_pkt_payload_fifo'

1. Summary
----------

SUCCESS in the upgrade of px_vita49_pkt_payload_fifo (xilinx.com:ip:fifo_generator:13.2) from (Rev. 2) to (Rev. 3)






Copyright 1986-2018 Xilinx, Inc. All Rights Reserved.
------------------------------------------------------------------------------------
| Tool Version : Vivado v.2018.3 (win64) Build 2405991 Thu Dec  6 23:38:27 MST 2018
| Date         : Fri Dec 14 09:14:21 2018
| Host         : Rich-PC running 64-bit major release  (build 9200)
| Command      : upgrade_ip
| Device       : xcku035-ffva1156-2-e
------------------------------------------------------------------------------------

Upgrade Log for IP 'px_vita49_pkt_header_fifo'

1. Summary
----------

SUCCESS in the upgrade of px_vita49_pkt_header_fifo (xilinx.com:ip:fifo_generator:13.2) from (Rev. 2) to (Rev. 3)






Copyright 1986-2018 Xilinx, Inc. All Rights Reserved.
------------------------------------------------------------------------------------
| Tool Version : Vivado v.2018.3 (win64) Build 2405991 Thu Dec  6 23:38:27 MST 2018
| Date         : Fri Dec 14 09:14:19 2018
| Host         : Rich-PC running 64-bit major release  (build 9200)
| Command      : upgrade_ip
| Device       : xcku035-ffva1156-2-e
------------------------------------------------------------------------------------

Upgrade Log for IP 'px_vita49_pkt_axis_slice_64'

1. Summary
----------

SUCCESS in the upgrade of px_vita49_pkt_axis_slice_64 (xilinx.com:ip:axis_register_slice:1.1) from (Rev. 16) to (Rev. 18)






Copyright 1986-2018 Xilinx, Inc. All Rights Reserved.
------------------------------------------------------------------------------------
| Tool Version : Vivado v.2018.3 (win64) Build 2405991 Thu Dec  6 23:38:27 MST 2018
| Date         : Fri Dec 14 09:14:18 2018
| Host         : Rich-PC running 64-bit major release  (build 9200)
| Command      : upgrade_ip
| Device       : xcku035-ffva1156-2-e
------------------------------------------------------------------------------------

Upgrade Log for IP 'px_vita49_pkt_axis_slice_256'

1. Summary
----------

SUCCESS in the upgrade of px_vita49_pkt_axis_slice_256 (xilinx.com:ip:axis_register_slice:1.1) from (Rev. 16) to (Rev. 18)






Copyright 1986-2018 Xilinx, Inc. All Rights Reserved.
------------------------------------------------------------------------------------
| Tool Version : Vivado v.2018.3 (win64) Build 2405991 Thu Dec  6 23:38:27 MST 2018
| Date         : Fri Dec 14 09:14:18 2018
| Host         : Rich-PC running 64-bit major release  (build 9200)
| Command      : upgrade_ip
| Device       : xcku035-ffva1156-2-e
------------------------------------------------------------------------------------

Upgrade Log for IP 'px_vita49_pkt_axis_slice_128'

1. Summary
----------

SUCCESS in the upgrade of px_vita49_pkt_axis_slice_128 (xilinx.com:ip:axis_register_slice:1.1) from (Rev. 16) to (Rev. 18)






Copyright 1986-2018 Xilinx, Inc. All Rights Reserved.
------------------------------------------------------------------------------------
| Tool Version : Vivado v.2018.3 (win64) Build 2405991 Thu Dec  6 23:38:27 MST 2018
| Date         : Fri Dec 14 09:14:17 2018
| Host         : Rich-PC running 64-bit major release  (build 9200)
| Command      : upgrade_ip
| Device       : xcku035-ffva1156-2-e
------------------------------------------------------------------------------------

Upgrade Log for IP 'px_vita49_pkt_axis_slice'

1. Summary
----------

SUCCESS in the upgrade of px_vita49_pkt_axis_slice (xilinx.com:ip:axis_register_slice:1.1) from (Rev. 16) to (Rev. 18)






Copyright 1986-2018 Xilinx, Inc. All Rights Reserved.
------------------------------------------------------------------------------------
| Tool Version : Vivado v.2018.1 (win64) Build 2188600 Wed Apr  4 18:40:38 MDT 2018
| Date         : Wed Jul 11 10:36:44 2018
| Host         : Germain-PC running 64-bit major release  (build 9200)
| Command      : upgrade_ip
| Device       : xcku035-ffva1156-2-e
------------------------------------------------------------------------------------

Upgrade Log for IP 'px_vita49_pkt_ppkt_upsizer'

1. Summary
----------

SUCCESS in the upgrade of px_vita49_pkt_ppkt_upsizer from pentek.com:px_ip:px_ppkt_width_upsizer:1.1 (Rev. 9) to pentek.com:px_ip:px_ppkt_width_upsizer:2.0 (Rev. 11)






Copyright 1986-2018 Xilinx, Inc. All Rights Reserved.
------------------------------------------------------------------------------------
| Tool Version : Vivado v.2018.1 (win64) Build 2188600 Wed Apr  4 18:40:38 MDT 2018
| Date         : Tue May  1 14:19:33 2018
| Host         : Rich-PC running 64-bit major release  (build 9200)
| Command      : upgrade_ip
| Device       : xcku035-ffva1156-2-e
------------------------------------------------------------------------------------

Upgrade Log for IP 'px_vita49_xpm_cdc_bus_sync_intr'

1. Summary
----------

SUCCESS in the upgrade of px_vita49_xpm_cdc_bus_sync_intr (pentek.com:px_ip:px_xpm_cdc_bus_sync:1.1) from (Rev. 7) to (Rev. 9)






Copyright 1986-2018 Xilinx, Inc. All Rights Reserved.
------------------------------------------------------------------------------------
| Tool Version : Vivado v.2018.1 (win64) Build 2188600 Wed Apr  4 18:40:38 MDT 2018
| Date         : Tue May  1 14:19:33 2018
| Host         : Rich-PC running 64-bit major release  (build 9200)
| Command      : upgrade_ip
| Device       : xcku035-ffva1156-2-e
------------------------------------------------------------------------------------

Upgrade Log for IP 'px_vita49_xpm_cdc_bus_sync'

1. Summary
----------

SUCCESS in the upgrade of px_vita49_xpm_cdc_bus_sync (pentek.com:px_ip:px_xpm_cdc_bus_sync:1.1) from (Rev. 7) to (Rev. 9)






Copyright 1986-2018 Xilinx, Inc. All Rights Reserved.
------------------------------------------------------------------------------------
| Tool Version : Vivado v.2018.1 (win64) Build 2188600 Wed Apr  4 18:40:38 MDT 2018
| Date         : Tue May  1 14:19:33 2018
| Host         : Rich-PC running 64-bit major release  (build 9200)
| Command      : upgrade_ip
| Device       : xcku035-ffva1156-2-e
------------------------------------------------------------------------------------

Upgrade Log for IP 'px_vita49_xpm_cdc_async_rst'

1. Summary
----------

SUCCESS in the upgrade of px_vita49_xpm_cdc_async_rst (pentek.com:px_ip:px_xpm_cdc_async_rst:1.1) from (Rev. 11) to (Rev. 13)






Copyright 1986-2018 Xilinx, Inc. All Rights Reserved.
------------------------------------------------------------------------------------
| Tool Version : Vivado v.2018.1 (win64) Build 2188600 Wed Apr  4 18:40:38 MDT 2018
| Date         : Tue May  1 14:19:32 2018
| Host         : Rich-PC running 64-bit major release  (build 9200)
| Command      : upgrade_ip
| Device       : xcku035-ffva1156-2-e
------------------------------------------------------------------------------------

Upgrade Log for IP 'px_vita49_pkt_px_axil_csr'

1. Summary
----------

SUCCESS in the upgrade of px_vita49_pkt_px_axil_csr (pentek.com:px_ip:px_axil_csr:1.0) from (Rev. 19) to (Rev. 21)






Copyright 1986-2018 Xilinx, Inc. All Rights Reserved.
------------------------------------------------------------------------------------
| Tool Version : Vivado v.2018.1 (win64) Build 2188600 Wed Apr  4 18:40:38 MDT 2018
| Date         : Tue May  1 14:19:32 2018
| Host         : Rich-PC running 64-bit major release  (build 9200)
| Command      : upgrade_ip
| Device       : xcku035-ffva1156-2-e
------------------------------------------------------------------------------------

Upgrade Log for IP 'px_vita49_pkt_ppkt_upsizer'

1. Summary
----------

SUCCESS in the upgrade of px_vita49_pkt_ppkt_upsizer (pentek.com:px_ip:px_ppkt_width_upsizer:1.1) from (Rev. 8) to (Rev. 9)






Copyright 1986-2018 Xilinx, Inc. All Rights Reserved.
------------------------------------------------------------------------------------
| Tool Version : Vivado v.2018.1 (win64) Build 2188600 Wed Apr  4 18:40:38 MDT 2018
| Date         : Tue May  1 14:19:32 2018
| Host         : Rich-PC running 64-bit major release  (build 9200)
| Command      : upgrade_ip
| Device       : xcku035-ffva1156-2-e
------------------------------------------------------------------------------------

Upgrade Log for IP 'px_vita49_pkt_payload_fifo'

1. Summary
----------

SUCCESS in the upgrade of px_vita49_pkt_payload_fifo (xilinx.com:ip:fifo_generator:13.2) to (Rev. 2)






Copyright 1986-2018 Xilinx, Inc. All Rights Reserved.
------------------------------------------------------------------------------------
| Tool Version : Vivado v.2018.1 (win64) Build 2188600 Wed Apr  4 18:40:38 MDT 2018
| Date         : Tue May  1 14:19:31 2018
| Host         : Rich-PC running 64-bit major release  (build 9200)
| Command      : upgrade_ip
| Device       : xcku035-ffva1156-2-e
------------------------------------------------------------------------------------

Upgrade Log for IP 'px_vita49_pkt_header_fifo'

1. Summary
----------

SUCCESS in the upgrade of px_vita49_pkt_header_fifo (xilinx.com:ip:fifo_generator:13.2) to (Rev. 2)






Copyright 1986-2018 Xilinx, Inc. All Rights Reserved.
------------------------------------------------------------------------------------
| Tool Version : Vivado v.2018.1 (win64) Build 2188600 Wed Apr  4 18:40:38 MDT 2018
| Date         : Tue May  1 14:19:29 2018
| Host         : Rich-PC running 64-bit major release  (build 9200)
| Command      : upgrade_ip
| Device       : xcku035-ffva1156-2-e
------------------------------------------------------------------------------------

Upgrade Log for IP 'px_vita49_pkt_axis_slice'

1. Summary
----------

SUCCESS in the upgrade of px_vita49_pkt_axis_slice (xilinx.com:ip:axis_register_slice:1.1) from (Rev. 14) to (Rev. 16)






Copyright 1986-2017 Xilinx, Inc. All Rights Reserved.
------------------------------------------------------------------------------------
| Tool Version : Vivado v.2017.3 (win64) Build 2018833 Wed Oct  4 19:58:22 MDT 2017
| Date         : Mon Nov  6 09:17:15 2017
| Host         : Rich-PC running 64-bit major release  (build 9200)
| Command      : upgrade_ip
| Device       : xcku035-ffva1156-2-e
------------------------------------------------------------------------------------

Upgrade Log for IP 'px_vita49_xpm_cdc_bus_sync_intr'

1. Summary
----------

SUCCESS in the upgrade of px_vita49_xpm_cdc_bus_sync_intr (pentek.com:px_ip:px_xpm_cdc_bus_sync:1.1) from (Rev. 6) to (Rev. 7)






Copyright 1986-2017 Xilinx, Inc. All Rights Reserved.
------------------------------------------------------------------------------------
| Tool Version : Vivado v.2017.3 (win64) Build 2018833 Wed Oct  4 19:58:22 MDT 2017
| Date         : Mon Nov  6 09:17:15 2017
| Host         : Rich-PC running 64-bit major release  (build 9200)
| Command      : upgrade_ip
| Device       : xcku035-ffva1156-2-e
------------------------------------------------------------------------------------

Upgrade Log for IP 'px_vita49_xpm_cdc_bus_sync'

1. Summary
----------

SUCCESS in the upgrade of px_vita49_xpm_cdc_bus_sync (pentek.com:px_ip:px_xpm_cdc_bus_sync:1.1) from (Rev. 6) to (Rev. 7)






Copyright 1986-2017 Xilinx, Inc. All Rights Reserved.
------------------------------------------------------------------------------------
| Tool Version : Vivado v.2017.3 (win64) Build 2018833 Wed Oct  4 19:58:22 MDT 2017
| Date         : Mon Nov  6 09:17:14 2017
| Host         : Rich-PC running 64-bit major release  (build 9200)
| Command      : upgrade_ip
| Device       : xcku035-ffva1156-2-e
------------------------------------------------------------------------------------

Upgrade Log for IP 'px_vita49_xpm_cdc_async_rst'

1. Summary
----------

SUCCESS in the upgrade of px_vita49_xpm_cdc_async_rst (pentek.com:px_ip:px_xpm_cdc_async_rst:1.1) from (Rev. 10) to (Rev. 11)






Copyright 1986-2017 Xilinx, Inc. All Rights Reserved.
------------------------------------------------------------------------------------
| Tool Version : Vivado v.2017.3 (win64) Build 2018833 Wed Oct  4 19:58:22 MDT 2017
| Date         : Mon Nov  6 09:17:13 2017
| Host         : Rich-PC running 64-bit major release  (build 9200)
| Command      : upgrade_ip
| Device       : xcku035-ffva1156-2-e
------------------------------------------------------------------------------------

Upgrade Log for IP 'px_vita49_pkt_px_axil_csr'

1. Summary
----------

SUCCESS in the upgrade of px_vita49_pkt_px_axil_csr (pentek.com:px_ip:px_axil_csr:1.0) from (Rev. 18) to (Rev. 19)






Copyright 1986-2017 Xilinx, Inc. All Rights Reserved.
------------------------------------------------------------------------------------
| Tool Version : Vivado v.2017.3 (win64) Build 2018833 Wed Oct  4 19:58:22 MDT 2017
| Date         : Mon Nov  6 09:17:12 2017
| Host         : Rich-PC running 64-bit major release  (build 9200)
| Command      : upgrade_ip
| Device       : xcku035-ffva1156-2-e
------------------------------------------------------------------------------------

Upgrade Log for IP 'px_vita49_pkt_ppkt_upsizer'

1. Summary
----------

SUCCESS in the upgrade of px_vita49_pkt_ppkt_upsizer (pentek.com:px_ip:px_ppkt_width_upsizer:1.1) from (Rev. 7) to (Rev. 8)






Copyright 1986-2017 Xilinx, Inc. All Rights Reserved.
------------------------------------------------------------------------------------
| Tool Version : Vivado v.2017.3 (win64) Build 2018833 Wed Oct  4 19:58:22 MDT 2017
| Date         : Mon Nov  6 09:17:12 2017
| Host         : Rich-PC running 64-bit major release  (build 9200)
| Command      : upgrade_ip
| Device       : xcku035-ffva1156-2-e
------------------------------------------------------------------------------------

Upgrade Log for IP 'px_vita49_pkt_payload_fifo'

1. Summary
----------

SUCCESS in the upgrade of px_vita49_pkt_payload_fifo from xilinx.com:ip:fifo_generator:13.1 (Rev. 4) to xilinx.com:ip:fifo_generator:13.2

2. Upgrade messages
-------------------

WARNING: upgrade cannot get value of option ARCHITECTURE : there is no project option called ARCHITECTURE
WARNING: there are only case-insensitive matches Reset_Pin for parameter RESET_PIN
WARNING: there are only case-insensitive matches Reset_Pin for parameter RESET_PIN






Copyright 1986-2017 Xilinx, Inc. All Rights Reserved.
------------------------------------------------------------------------------------
| Tool Version : Vivado v.2017.3 (win64) Build 2018833 Wed Oct  4 19:58:22 MDT 2017
| Date         : Mon Nov  6 09:17:10 2017
| Host         : Rich-PC running 64-bit major release  (build 9200)
| Command      : upgrade_ip
| Device       : xcku035-ffva1156-2-e
------------------------------------------------------------------------------------

Upgrade Log for IP 'px_vita49_pkt_header_fifo'

1. Summary
----------

SUCCESS in the upgrade of px_vita49_pkt_header_fifo from xilinx.com:ip:fifo_generator:13.1 (Rev. 4) to xilinx.com:ip:fifo_generator:13.2

2. Upgrade messages
-------------------

WARNING: upgrade cannot get value of option ARCHITECTURE : there is no project option called ARCHITECTURE
WARNING: there are only case-insensitive matches Reset_Pin for parameter RESET_PIN
WARNING: there are only case-insensitive matches Reset_Pin for parameter RESET_PIN






Copyright 1986-2017 Xilinx, Inc. All Rights Reserved.
------------------------------------------------------------------------------------
| Tool Version : Vivado v.2017.3 (win64) Build 2018833 Wed Oct  4 19:58:22 MDT 2017
| Date         : Mon Nov  6 09:17:08 2017
| Host         : Rich-PC running 64-bit major release  (build 9200)
| Command      : upgrade_ip
| Device       : xcku035-ffva1156-2-e
------------------------------------------------------------------------------------

Upgrade Log for IP 'px_vita49_pkt_axis_slice'

1. Summary
----------

SUCCESS in the upgrade of px_vita49_pkt_axis_slice (xilinx.com:ip:axis_register_slice:1.1) from (Rev. 13) to (Rev. 14)

