#-----------------------------------------------------------
# Vivado v2016.2 (64-bit)
# SW Build 1577090 on Thu Jun  2 16:32:40 MDT 2016
# IP Build 1577682 on Fri Jun  3 12:00:54 MDT 2016
# Start of session at: Thu Jun 09 10:34:02 2016
# Process ID: 5400
# Current directory: C:/Xilinx/Vivado/2016.2/data/ip/pentek/ip/px_axis_mixer_48
# Command line: vivado.exe -gui_launcher_event rodinguilauncherevent8560 C:\Xilinx\Vivado\2016.2\data\ip\pentek\ip\px_axis_mixer_48\px_axis_mixer_48.xpr
# Log file: C:/Xilinx/Vivado/2016.2/data/ip/pentek/ip/px_axis_mixer_48/vivado.log
# Journal file: C:/Xilinx/Vivado/2016.2/data/ip/pentek/ip/px_axis_mixer_48\vivado.jou
#-----------------------------------------------------------
start_gui
open_project C:/Xilinx/Vivado/2016.2/data/ip/pentek/ip/px_axis_mixer_48/px_axis_mixer_48.xpr
INFO: [Project 1-313] Project file moved from 'C:/Xilinx/Vivado/2016.1/data/ip/pentek/ip/px_axis_mixer_48' since last save.
CRITICAL WARNING: [Project 1-311] Could not find the file 'C:/Xilinx/Vivado/2016.2/data/ip/pentek/ip/px_axis_mixer_48/tb_px_axis_mixer_48_behav.wcfg', nor could it be found using path 'C:/Xilinx/Vivado/2016.1/data/ip/pentek/ip/px_axis_mixer_48/tb_px_axis_mixer_48_behav.wcfg'.
Scanning sources...
Finished scanning sources
WARNING: [filemgmt 56-2] IPUserFilesDir: Could not find the directory 'C:/Xilinx/Vivado/2016.2/data/ip/pentek/ip/px_axis_mixer_48/px_axis_mixer_48.ip_user_files', nor could it be found using path 'C:/Xilinx/Vivado/2016.1/data/ip/pentek/ip/px_axis_mixer_48/px_axis_mixer_48.ip_user_files'.
INFO: [Project 1-230] Project 'px_axis_mixer_48.xpr' upgraded for this version of Vivado.
INFO: [IP_Flow 19-234] Refreshing IP repositories
INFO: [IP_Flow 19-1700] Loaded user IP repository 'c:/Xilinx/Vivado/2016.2/data/ip/pentek/ip'.
WARNING: [IP_Flow 19-3656] If you move the project, the path for repository 'c:/Xilinx/Vivado/2016.2/data/ip/pentek/ip' may become invalid. A better location for the repostory would be in a path adjacent to the project. (Current project location is 'c:/Xilinx/Vivado/2016.2/data/ip/pentek/ip/px_axis_mixer_48'.)
INFO: [IP_Flow 19-1700] Loaded user IP repository 'c:/Xilinx/Vivado/2016.2/data/ip/pentek/interface'.
INFO: [IP_Flow 19-2313] Loaded Vivado IP repository 'C:/Xilinx/Vivado/2016.2/data/ip'.
WARNING: [IP_Flow 19-2162] IP 'px_axis_mixer_xclk' is locked:
* IP definition 'px_lvl_trans_xclk_v1_0 (1.0)' for IP 'px_axis_mixer_xclk' has a different revision in the IP Catalog.
Please select 'Report IP Status' from the 'Tools/Report' menu or run Tcl command 'report_ip_status' for more information.
WARNING: [IP_Flow 19-2162] IP 'px_axis_mixer_csr' is locked:
* IP definition 'px_axil_csr_v1_0 (1.0)' for IP 'px_axis_mixer_csr' has a different revision in the IP Catalog.
Please select 'Report IP Status' from the 'Tools/Report' menu or run Tcl command 'report_ip_status' for more information.
open_project: Time (s): cpu = 00:00:21 ; elapsed = 00:00:15 . Memory (MB): peak = 964.156 ; gain = 281.121
update_compile_order -fileset sources_1
report_ip_status -name ip_status 
export_ip_user_files -of_objects [get_ips  {px_axis_mixer_csr px_axis_mixer_xclk}] -no_script -reset -quiet
upgrade_ip -srcset px_axis_mixer_csr [get_ips  {px_axis_mixer_csr px_axis_mixer_xclk}] -log ip_upgrade.log
Upgrading 'px_axis_mixer_csr'
INFO: [Project 1-386] Moving file 'C:/Xilinx/Vivado/2016.2/data/ip/pentek/ip/px_axis_mixer_48/px_axis_mixer_48.srcs/sources_1/ip/px_axis_mixer_csr/px_axis_mixer_csr.xci' from fileset 'px_axis_mixer_csr' to fileset 'sources_1'.
INFO: [IP_Flow 19-3422] Upgraded px_axis_mixer_csr (px_axil_csr_v1_0 1.0) from revision 9 to revision 10
INFO: [IP_Flow 19-1686] Generating 'Instantiation Template' target for IP 'px_axis_mixer_csr'...
Upgrading 'px_axis_mixer_xclk'
INFO: [Project 1-386] Moving file 'C:/Xilinx/Vivado/2016.2/data/ip/pentek/ip/px_axis_mixer_48/px_axis_mixer_48.srcs/sources_1/ip/px_axis_mixer_xclk/px_axis_mixer_xclk.xci' from fileset 'px_axis_mixer_xclk' to fileset 'sources_1'.
INFO: [IP_Flow 19-3422] Upgraded px_axis_mixer_xclk (px_lvl_trans_xclk_v1_0 1.0) from revision 6 to revision 7
INFO: [IP_Flow 19-1686] Generating 'Instantiation Template' target for IP 'px_axis_mixer_xclk'...
INFO: [Coretcl 2-1525] Wrote upgrade log to 'C:/Xilinx/Vivado/2016.2/data/ip/pentek/ip/px_axis_mixer_48/ip_upgrade.log'.
update_compile_order -fileset sources_1
ipx::open_ipxact_file {C:\Xilinx\Vivado\2016.2\data\ip\pentek\ip\px_axis_mixer_48\component.xml}
WARNING: [IP_Flow 19-3833] Unreferenced file from the top module is not packaged: 'C:/Xilinx/Vivado/2016.2/data/ip/pentek/ip/px_axis_mixer_48/px_axis_mixer_48.srcs/sources_1/ip/tb_mixer_dds/tb_mixer_dds.xci'.
WARNING: [IP_Flow 19-3898] File Group 'xilinx_anylanguagesynthesis (Synthesis)': File 'px_axis_mixer_48.srcs/sources_1/ip/mixer_dsp48_16/mixer_dsp48_16.xci' is no longer found in the project sources. Please remove the packaging file if necessary.
WARNING: [IP_Flow 19-3898] File Group 'xilinx_anylanguagesynthesis (Synthesis)': File 'px_axis_mixer_48.srcs/sources_1/ip/mixer_dsp48_24/mixer_dsp48_24.xci' is no longer found in the project sources. Please remove the packaging file if necessary.
WARNING: [IP_Flow 19-3898] File Group 'xilinx_anylanguagebehavioralsimulation (Simulation)': File 'px_axis_mixer_48.srcs/sources_1/ip/tb_mixer_dds/tb_mixer_dds.xci' is no longer found in the project sources. Please remove the packaging file if necessary.
WARNING: [IP_Flow 19-3898] File Group 'xilinx_anylanguagebehavioralsimulation (Simulation)': File 'px_axis_mixer_48.srcs/sources_1/ip/mixer_dsp48_16/mixer_dsp48_16.xci' is no longer found in the project sources. Please remove the packaging file if necessary.
WARNING: [IP_Flow 19-3898] File Group 'xilinx_anylanguagebehavioralsimulation (Simulation)': File 'px_axis_mixer_48.srcs/sources_1/ip/mixer_dsp48_24/mixer_dsp48_24.xci' is no longer found in the project sources. Please remove the packaging file if necessary.
WARNING: [IP_Flow 19-4308] Project file 'tb_px_axis_mixer_48_behav.wcfg' is not found in the component files. Please add the packaging file if necessary.
ipx::merge_project_changes files [ipx::current_core]
WARNING: [IP_Flow 19-3833] Unreferenced file from the top module is not packaged: 'C:/Xilinx/Vivado/2016.2/data/ip/pentek/ip/px_axis_mixer_48/px_axis_mixer_48.srcs/sources_1/ip/tb_mixer_dds/tb_mixer_dds.xci'.
ipx::unload_core c:/Xilinx/Vivado/2016.2/data/ip/pentek/ip/px_axis_mixer_48/component.xml
ipx::open_ipxact_file {C:\Xilinx\Vivado\2016.2\data\ip\pentek\ip\px_axis_mixer_48\component.xml}
WARNING: [IP_Flow 19-3833] Unreferenced file from the top module is not packaged: 'C:/Xilinx/Vivado/2016.2/data/ip/pentek/ip/px_axis_mixer_48/px_axis_mixer_48.srcs/sources_1/ip/tb_mixer_dds/tb_mixer_dds.xci'.
WARNING: [IP_Flow 19-3898] File Group 'xilinx_anylanguagesynthesis (Synthesis)': File 'px_axis_mixer_48.srcs/sources_1/ip/mixer_dsp48_16/mixer_dsp48_16.xci' is no longer found in the project sources. Please remove the packaging file if necessary.
WARNING: [IP_Flow 19-3898] File Group 'xilinx_anylanguagesynthesis (Synthesis)': File 'px_axis_mixer_48.srcs/sources_1/ip/mixer_dsp48_24/mixer_dsp48_24.xci' is no longer found in the project sources. Please remove the packaging file if necessary.
WARNING: [IP_Flow 19-3898] File Group 'xilinx_anylanguagebehavioralsimulation (Simulation)': File 'px_axis_mixer_48.srcs/sources_1/ip/tb_mixer_dds/tb_mixer_dds.xci' is no longer found in the project sources. Please remove the packaging file if necessary.
WARNING: [IP_Flow 19-3898] File Group 'xilinx_anylanguagebehavioralsimulation (Simulation)': File 'px_axis_mixer_48.srcs/sources_1/ip/mixer_dsp48_16/mixer_dsp48_16.xci' is no longer found in the project sources. Please remove the packaging file if necessary.
WARNING: [IP_Flow 19-3898] File Group 'xilinx_anylanguagebehavioralsimulation (Simulation)': File 'px_axis_mixer_48.srcs/sources_1/ip/mixer_dsp48_24/mixer_dsp48_24.xci' is no longer found in the project sources. Please remove the packaging file if necessary.
WARNING: [IP_Flow 19-4308] Project file 'tb_px_axis_mixer_48_behav.wcfg' is not found in the component files. Please add the packaging file if necessary.
ipx::reorder_files -before px_axis_mixer_48.srcs/sources_1/ip/mixer_dsp48_24/mixer_dsp48_24.xci px_axis_mixer_48.srcs/sources_1/ip/tb_mixer_dds/tb_mixer_dds.xci [ipx::get_file_groups xilinx_anylanguagebehavioralsimulation -of_objects [ipx::current_core]]
ipx::merge_project_changes hdl_parameters [ipx::current_core]
WARNING: [IP_Flow 19-3833] Unreferenced file from the top module is not packaged: 'C:/Xilinx/Vivado/2016.2/data/ip/pentek/ip/px_axis_mixer_48/px_axis_mixer_48.srcs/sources_1/ip/tb_mixer_dds/tb_mixer_dds.xci'.
set_property core_revision 13 [ipx::current_core]
ipx::create_xgui_files [ipx::current_core]
ipx::update_checksums [ipx::current_core]
ipx::save_core [ipx::current_core]
update_ip_catalog -rebuild -repo_path c:/Xilinx/Vivado/2016.2/data/ip/pentek/ip
INFO: [IP_Flow 19-725] Reloaded user IP repository 'c:/Xilinx/Vivado/2016.2/data/ip/pentek/ip'
ipx::merge_project_changes files [ipx::current_core]
WARNING: [IP_Flow 19-3833] Unreferenced file from the top module is not packaged: 'C:/Xilinx/Vivado/2016.2/data/ip/pentek/ip/px_axis_mixer_48/px_axis_mixer_48.srcs/sources_1/ip/tb_mixer_dds/tb_mixer_dds.xci'.
ipx::add_file px_axis_mixer_48.srcs/sources_1/ip/tb_mixer_dds/tb_mixer_dds.xci [ipx::get_file_groups xilinx_anylanguagebehavioralsimulation -of_objects [ipx::current_core]]
set_property type xci [ipx::get_files px_axis_mixer_48.srcs/sources_1/ip/tb_mixer_dds/tb_mixer_dds.xci -of_objects [ipx::get_file_groups xilinx_anylanguagebehavioralsimulation -of_objects [ipx::current_core]]]
ipx::reorder_files -before px_axis_mixer_48.srcs/sources_1/ip/mixer_dsp48_24/mixer_dsp48_24.xci px_axis_mixer_48.srcs/sources_1/ip/tb_mixer_dds/tb_mixer_dds.xci [ipx::get_file_groups xilinx_anylanguagebehavioralsimulation -of_objects [ipx::current_core]]
ipx::remove_file tb_px_axis_mixer_48_behav.wcfg [ipx::get_file_groups xilinx_testbench -of_objects [ipx::current_core]]
set_property core_revision 14 [ipx::current_core]
ipx::create_xgui_files [ipx::current_core]
ipx::update_checksums [ipx::current_core]
ipx::save_core [ipx::current_core]
update_ip_catalog -rebuild -repo_path c:/Xilinx/Vivado/2016.2/data/ip/pentek/ip
INFO: [IP_Flow 19-725] Reloaded user IP repository 'c:/Xilinx/Vivado/2016.2/data/ip/pentek/ip'
exit
INFO: [Common 17-206] Exiting Vivado at Thu Jun 09 10:38:08 2016...
