#-----------------------------------------------------------
# Vivado v2016.2 (64-bit)
# SW Build 1577090 on Thu Jun  2 16:32:40 MDT 2016
# IP Build 1577682 on Fri Jun  3 12:00:54 MDT 2016
# Start of session at: Thu Jun 09 10:14:56 2016
# Process ID: 7760
# Current directory: C:/Xilinx/Vivado/2016.2/data/ip/pentek/ip/px_axil2ddr_rq
# Command line: vivado.exe -gui_launcher_event rodinguilauncherevent6476 C:\Xilinx\Vivado\2016.2\data\ip\pentek\ip\px_axil2ddr_rq\px_axil2ddr_rq.xpr
# Log file: C:/Xilinx/Vivado/2016.2/data/ip/pentek/ip/px_axil2ddr_rq/vivado.log
# Journal file: C:/Xilinx/Vivado/2016.2/data/ip/pentek/ip/px_axil2ddr_rq\vivado.jou
#-----------------------------------------------------------
start_gui
open_project C:/Xilinx/Vivado/2016.2/data/ip/pentek/ip/px_axil2ddr_rq/px_axil2ddr_rq.xpr
INFO: [Project 1-313] Project file moved from 'C:/Xilinx/Vivado/2016.1/data/ip/pentek/ip/px_axil2ddr_rq' since last save.
Scanning sources...
Finished scanning sources
WARNING: [filemgmt 56-2] IPUserFilesDir: Could not find the directory 'C:/Xilinx/Vivado/2016.2/data/ip/pentek/ip/px_axil2ddr_rq/px_axil2ddr_rq.ip_user_files', nor could it be found using path 'C:/Xilinx/Vivado/2016.1/data/ip/pentek/ip/px_axil2ddr_rq/px_axil2ddr_rq.ip_user_files'.
INFO: [Project 1-230] Project 'px_axil2ddr_rq.xpr' upgraded for this version of Vivado.
INFO: [IP_Flow 19-234] Refreshing IP repositories
INFO: [IP_Flow 19-1704] No user IP repositories specified
INFO: [IP_Flow 19-2313] Loaded Vivado IP repository 'C:/Xilinx/Vivado/2016.2/data/ip'.
WARNING: [IP_Flow 19-2162] IP 'px_axil2ddr_rsp_rslice' is locked:
* IP definition 'AXI4-Stream Register Slice (1.1)' for IP 'px_axil2ddr_rsp_rslice' has a different revision in the IP Catalog.
Please select 'Report IP Status' from the 'Tools/Report' menu or run Tcl command 'report_ip_status' for more information.
WARNING: [IP_Flow 19-2162] IP 'px_axil2ddr_rqst_rslice' is locked:
* IP definition 'AXI4-Stream Register Slice (1.1)' for IP 'px_axil2ddr_rqst_rslice' has a different revision in the IP Catalog.
Please select 'Report IP Status' from the 'Tools/Report' menu or run Tcl command 'report_ip_status' for more information.
open_project: Time (s): cpu = 00:00:14 ; elapsed = 00:00:07 . Memory (MB): peak = 911.629 ; gain = 211.504
update_compile_order -fileset sources_1
report_ip_status -name ip_status 
export_ip_user_files -of_objects [get_ips  {px_axil2ddr_rqst_rslice px_axil2ddr_rsp_rslice}] -no_script -reset -quiet
upgrade_ip -srcset px_axil2ddr_rqst_rslice [get_ips  {px_axil2ddr_rqst_rslice px_axil2ddr_rsp_rslice}] -log ip_upgrade.log
Upgrading 'px_axil2ddr_rqst_rslice'
INFO: [Project 1-386] Moving file 'C:/Xilinx/Vivado/2016.2/data/ip/pentek/ip/px_axil2ddr_rq/px_axil2ddr_rq.srcs/sources_1/ip/px_axil2ddr_rqst_rslice/px_axil2ddr_rqst_rslice.xci' from fileset 'px_axil2ddr_rqst_rslice' to fileset 'sources_1'.
INFO: [IP_Flow 19-3422] Upgraded px_axil2ddr_rqst_rslice (AXI4-Stream Register Slice 1.1) from revision 8 to revision 9
INFO: [IP_Flow 19-1686] Generating 'Instantiation Template' target for IP 'px_axil2ddr_rqst_rslice'...
Upgrading 'px_axil2ddr_rsp_rslice'
INFO: [Project 1-386] Moving file 'C:/Xilinx/Vivado/2016.2/data/ip/pentek/ip/px_axil2ddr_rq/px_axil2ddr_rq.srcs/sources_1/ip/px_axil2ddr_rsp_rslice/px_axil2ddr_rsp_rslice.xci' from fileset 'px_axil2ddr_rsp_rslice' to fileset 'sources_1'.
INFO: [IP_Flow 19-3422] Upgraded px_axil2ddr_rsp_rslice (AXI4-Stream Register Slice 1.1) from revision 8 to revision 9
INFO: [IP_Flow 19-1686] Generating 'Instantiation Template' target for IP 'px_axil2ddr_rsp_rslice'...
INFO: [Coretcl 2-1525] Wrote upgrade log to 'C:/Xilinx/Vivado/2016.2/data/ip/pentek/ip/px_axil2ddr_rq/ip_upgrade.log'.
update_compile_order -fileset sources_1
ipx::open_ipxact_file {C:\Xilinx\Vivado\2016.2\data\ip\pentek\ip\px_axil2ddr_rq\px_axil2ddr_rq.srcs\component.xml}
set_property core_revision 7 [ipx::current_core]
ipx::create_xgui_files [ipx::current_core]
ipx::update_checksums [ipx::current_core]
ipx::save_core [ipx::current_core]
set_property  ip_repo_paths  c:/Xilinx/Vivado/2016.2/data/ip/pentek/ip/px_axil2ddr_rq/px_axil2ddr_rq.srcs [current_project]
update_ip_catalog
INFO: [IP_Flow 19-234] Refreshing IP repositories
INFO: [IP_Flow 19-1700] Loaded user IP repository 'c:/Xilinx/Vivado/2016.2/data/ip/pentek/ip/px_axil2ddr_rq/px_axil2ddr_rq.srcs'.
exit
INFO: [Common 17-206] Exiting Vivado at Thu Jun 09 10:19:50 2016...
