#-----------------------------------------------------------
# Vivado v2019.2 (64-bit)
# SW Build 2708876 on Wed Nov  6 21:40:23 MST 2019
# IP Build 2700528 on Thu Nov  7 00:09:20 MST 2019
# Start of session at: Fri Dec 20 11:05:16 2019
# Process ID: 8736
# Current directory: C:/Pentek/ip/2019.2/pentek/ip/px_syncbus_intrfc1f
# Command line: vivado.exe -gui_launcher_event rodinguilauncherevent10212 C:\Pentek\ip\2019.2\pentek\ip\px_syncbus_intrfc1f\px_syncbus_intrfc1f.xpr
# Log file: C:/Pentek/ip/2019.2/pentek/ip/px_syncbus_intrfc1f/vivado.log
# Journal file: C:/Pentek/ip/2019.2/pentek/ip/px_syncbus_intrfc1f\vivado.jou
#-----------------------------------------------------------
start_gui
open_project C:/Pentek/ip/2019.2/pentek/ip/px_syncbus_intrfc1f/px_syncbus_intrfc1f.xpr
Scanning sources...
Finished scanning sources
WARNING: [filemgmt 56-3] IPUserFilesDir: Could not find the directory 'C:/Pentek/ip/2019.2/pentek/ip/px_syncbus_intrfc1f/px_syncbus_intrfc1f.ip_user_files'.
INFO: [IP_Flow 19-234] Refreshing IP repositories
INFO: [IP_Flow 19-1700] Loaded user IP repository 'c:/Pentek/ip/2019.2/pentek'.
WARNING: [IP_Flow 19-3656] If you move the project, the path for repository 'c:/Pentek/ip/2019.2/pentek' may become invalid. A better location for the repository would be in a path adjacent to the project. (Current project location is 'c:/Pentek/ip/2019.2/pentek/ip/px_syncbus_intrfc1f'.)
INFO: [IP_Flow 19-2313] Loaded Vivado IP repository 'C:/Xilinx/Vivado/2019.2/data/ip'.
open_project: Time (s): cpu = 00:00:11 ; elapsed = 00:00:07 . Memory (MB): peak = 1144.961 ; gain = 110.652
update_compile_order -fileset sources_1
reset_target all [get_files  C:/Pentek/ip/2019.2/pentek/ip/px_syncbus_intrfc1f/px_syncbus_intrfc1f.srcs/sources_1/ip/px_axil_csr_sb/px_axil_csr_sb.xci]
export_ip_user_files -of_objects  [get_files  C:/Pentek/ip/2019.2/pentek/ip/px_syncbus_intrfc1f/px_syncbus_intrfc1f.srcs/sources_1/ip/px_axil_csr_sb/px_axil_csr_sb.xci] -sync -no_script -force -quiet
generate_target all [get_files  C:/Pentek/ip/2019.2/pentek/ip/px_syncbus_intrfc1f/px_syncbus_intrfc1f.srcs/sources_1/ip/px_axil_csr_sb/px_axil_csr_sb.xci]
INFO: [IP_Flow 19-1686] Generating 'Instantiation Template' target for IP 'px_axil_csr_sb'...
INFO: [IP_Flow 19-1686] Generating 'Synthesis' target for IP 'px_axil_csr_sb'...
INFO: [IP_Flow 19-1686] Generating 'Simulation' target for IP 'px_axil_csr_sb'...
INFO: [IP_Flow 19-1686] Generating 'Test Bench' target for IP 'px_axil_csr_sb'...
INFO: [IP_Flow 19-1686] Generating 'Change Log' target for IP 'px_axil_csr_sb'...
export_ip_user_files -of_objects [get_files C:/Pentek/ip/2019.2/pentek/ip/px_syncbus_intrfc1f/px_syncbus_intrfc1f.srcs/sources_1/ip/px_axil_csr_sb/px_axil_csr_sb.xci] -no_script -sync -force -quiet
create_ip_run [get_files -of_objects [get_fileset sources_1] C:/Pentek/ip/2019.2/pentek/ip/px_syncbus_intrfc1f/px_syncbus_intrfc1f.srcs/sources_1/ip/px_axil_csr_sb/px_axil_csr_sb.xci]
launch_runs -jobs 8 px_axil_csr_sb_synth_1
[Fri Dec 20 11:07:37 2019] Launched px_axil_csr_sb_synth_1...
Run output will be captured here: C:/Pentek/ip/2019.2/pentek/ip/px_syncbus_intrfc1f/px_syncbus_intrfc1f.runs/px_axil_csr_sb_synth_1/runme.log
export_simulation -of_objects [get_files C:/Pentek/ip/2019.2/pentek/ip/px_syncbus_intrfc1f/px_syncbus_intrfc1f.srcs/sources_1/ip/px_axil_csr_sb/px_axil_csr_sb.xci] -directory C:/Pentek/ip/2019.2/pentek/ip/px_syncbus_intrfc1f/px_syncbus_intrfc1f.ip_user_files/sim_scripts -ip_user_files_dir C:/Pentek/ip/2019.2/pentek/ip/px_syncbus_intrfc1f/px_syncbus_intrfc1f.ip_user_files -ipstatic_source_dir C:/Pentek/ip/2019.2/pentek/ip/px_syncbus_intrfc1f/px_syncbus_intrfc1f.ip_user_files/ipstatic -lib_map_path [list {modelsim=C:/Users/Users/Users/2016.1/data/ip/pentek/ip/px_syncbus_intrfc1f/px_syncbus_intrfc1f.cache/compile_simlib/modelsim} {questa=C:/Users/Users/Users/2016.1/data/ip/pentek/ip/px_syncbus_intrfc1f/px_syncbus_intrfc1f.cache/compile_simlib/questa} {riviera=C:/Users/Users/Users/2016.1/data/ip/pentek/ip/px_syncbus_intrfc1f/px_syncbus_intrfc1f.cache/compile_simlib/riviera} {activehdl=C:/Users/Users/Users/2016.1/data/ip/pentek/ip/px_syncbus_intrfc1f/px_syncbus_intrfc1f.cache/compile_simlib/activehdl}] -use_ip_compiled_libs -force -quiet
launch_runs synth_1 -jobs 8
[Fri Dec 20 11:09:13 2019] Launched synth_1...
Run output will be captured here: C:/Pentek/ip/2019.2/pentek/ip/px_syncbus_intrfc1f/px_syncbus_intrfc1f.runs/synth_1/runme.log
ipx::open_ipxact_file {C:\Pentek\ip\2019.2\pentek\ip\px_syncbus_intrfc1f\px_syncbus_intrfc1f.srcs\component.xml}
WARNING: [IP_Flow 19-5226] Project source file 'c:/Pentek/ip/2019.2/pentek/ip/px_syncbus_intrfc1f/px_syncbus_intrfc1f.srcs/component.xml' ignored by IP packager.
WARNING: [IP_Flow 19-5226] Project source file 'c:/Pentek/ip/2019.2/pentek/ip/px_syncbus_intrfc1f/px_syncbus_intrfc1f.srcs/sources_1/ip/px_axil_csr_sb/px_axil_csr_sb.upgrade_log' ignored by IP packager.
WARNING: [IP_Flow 19-3898] File Group 'xilinx_anylanguagesynthesis (Synthesis)': File 'c:/Pentek/ip/2019.2/pentek/ip/px_syncbus_intrfc1f/px_syncbus_intrfc1f.srcs/constrs_1/new/px_syncbus_intrfc1f.xdc' is not found in the project sources. It will be removed from the packaged IP when the sources are merged. If still required, please add this file to the project and re-package.
WARNING: [IP_Flow 19-3898] File Group 'xilinx_anylanguagesynthesis (Synthesis)': File 'c:/Pentek/ip/2019.2/pentek/ip/px_syncbus_intrfc1f/px_syncbus_intrfc1f.srcs/sources_1/ip/px_axil_csr_sb/px_axil_csr_sb.xci' is not found in the project sources. It will be removed from the packaged IP when the sources are merged. If still required, please add this file to the project and re-package.
WARNING: [IP_Flow 19-3898] File Group 'xilinx_anylanguagesynthesis (Synthesis)': File 'c:/Pentek/ip/2019.2/pentek/ip/px_syncbus_intrfc1f/px_syncbus_intrfc1f.srcs/sources_1/new/px_syncbus_intrfc1f_csr.vhd' is not found in the project sources. It will be removed from the packaged IP when the sources are merged. If still required, please add this file to the project and re-package.
WARNING: [IP_Flow 19-3898] File Group 'xilinx_anylanguagesynthesis (Synthesis)': File 'c:/Pentek/ip/2019.2/pentek/ip/px_syncbus_intrfc1f/px_syncbus_intrfc1f.srcs/sources_1/new/px_syncbus_intrfc1f.vhd' is not found in the project sources. It will be removed from the packaged IP when the sources are merged. If still required, please add this file to the project and re-package.
WARNING: [IP_Flow 19-3898] File Group 'xilinx_anylanguagebehavioralsimulation (Simulation)': File 'c:/Pentek/ip/2019.2/pentek/ip/px_syncbus_intrfc1f/px_syncbus_intrfc1f.srcs/sources_1/ip/px_axil_csr_sb/px_axil_csr_sb.xci' is not found in the project sources. It will be removed from the packaged IP when the sources are merged. If still required, please add this file to the project and re-package.
WARNING: [IP_Flow 19-3898] File Group 'xilinx_anylanguagebehavioralsimulation (Simulation)': File 'c:/Pentek/ip/2019.2/pentek/ip/px_syncbus_intrfc1f/px_syncbus_intrfc1f.srcs/sources_1/new/px_syncbus_intrfc1f_csr.vhd' is not found in the project sources. It will be removed from the packaged IP when the sources are merged. If still required, please add this file to the project and re-package.
WARNING: [IP_Flow 19-3898] File Group 'xilinx_anylanguagebehavioralsimulation (Simulation)': File 'c:/Pentek/ip/2019.2/pentek/ip/px_syncbus_intrfc1f/px_syncbus_intrfc1f.srcs/sources_1/new/px_syncbus_intrfc1f.vhd' is not found in the project sources. It will be removed from the packaged IP when the sources are merged. If still required, please add this file to the project and re-package.
ipx::merge_project_changes hdl_parameters [ipx::current_core]
WARNING: [IP_Flow 19-5226] Project source file 'c:/Pentek/ip/2019.2/pentek/ip/px_syncbus_intrfc1f/px_syncbus_intrfc1f.srcs/component.xml' ignored by IP packager.
WARNING: [IP_Flow 19-5226] Project source file 'c:/Pentek/ip/2019.2/pentek/ip/px_syncbus_intrfc1f/px_syncbus_intrfc1f.srcs/sources_1/ip/px_axil_csr_sb/px_axil_csr_sb.upgrade_log' ignored by IP packager.
INFO: [IP_Flow 19-3166] Bus Interface 's_axi_csr': References existing memory map 's_axi_csr'.
set_property core_revision 46 [ipx::current_core]
ipx::update_checksums [ipx::current_core]
ipx::save_core [ipx::current_core]
update_ip_catalog -rebuild -repo_path c:/Pentek/ip/2019.2/pentek
INFO: [IP_Flow 19-725] Reloaded user IP repository 'c:/Pentek/ip/2019.2/pentek'
reset_run synth_1
launch_runs synth_1 -jobs 8
[Fri Dec 20 11:34:58 2019] Launched synth_1...
Run output will be captured here: C:/Pentek/ip/2019.2/pentek/ip/px_syncbus_intrfc1f/px_syncbus_intrfc1f.runs/synth_1/runme.log
ipx::merge_project_changes hdl_parameters [ipx::current_core]
WARNING: [IP_Flow 19-5226] Project source file 'c:/Pentek/ip/2019.2/pentek/ip/px_syncbus_intrfc1f/px_syncbus_intrfc1f.srcs/component.xml' ignored by IP packager.
WARNING: [IP_Flow 19-5226] Project source file 'c:/Pentek/ip/2019.2/pentek/ip/px_syncbus_intrfc1f/px_syncbus_intrfc1f.srcs/sources_1/ip/px_axil_csr_sb/px_axil_csr_sb.upgrade_log' ignored by IP packager.
INFO: [IP_Flow 19-3166] Bus Interface 's_axi_csr': References existing memory map 's_axi_csr'.
ipx::update_checksums [ipx::current_core]
ipx::save_core [ipx::current_core]
set_property core_revision 47 [ipx::current_core]
ipx::update_checksums [ipx::current_core]
ipx::save_core [ipx::current_core]
update_ip_catalog -rebuild -repo_path c:/Pentek/ip/2019.2/pentek
INFO: [IP_Flow 19-725] Reloaded user IP repository 'c:/Pentek/ip/2019.2/pentek'
ipx::unload_core c:/Pentek/ip/2019.2/pentek/ip/px_syncbus_intrfc1f/px_syncbus_intrfc1f.srcs/component.xml
ipx::open_ipxact_file {C:\Pentek\ip\2019.2\pentek\ip\px_syncbus_intrfc1f\px_syncbus_intrfc1f.srcs\component.xml}
WARNING: [IP_Flow 19-5226] Project source file 'c:/Pentek/ip/2019.2/pentek/ip/px_syncbus_intrfc1f/px_syncbus_intrfc1f.srcs/component.xml' ignored by IP packager.
WARNING: [IP_Flow 19-5226] Project source file 'c:/Pentek/ip/2019.2/pentek/ip/px_syncbus_intrfc1f/px_syncbus_intrfc1f.srcs/sources_1/ip/px_axil_csr_sb/px_axil_csr_sb.upgrade_log' ignored by IP packager.
WARNING: [IP_Flow 19-3898] File Group 'xilinx_anylanguagesynthesis (Synthesis)': File 'c:/Pentek/ip/2019.2/pentek/ip/px_syncbus_intrfc1f/px_syncbus_intrfc1f.srcs/constrs_1/new/px_syncbus_intrfc1f.xdc' is not found in the project sources. It will be removed from the packaged IP when the sources are merged. If still required, please add this file to the project and re-package.
WARNING: [IP_Flow 19-3898] File Group 'xilinx_anylanguagesynthesis (Synthesis)': File 'c:/Pentek/ip/2019.2/pentek/ip/px_syncbus_intrfc1f/px_syncbus_intrfc1f.srcs/sources_1/ip/px_axil_csr_sb/px_axil_csr_sb.xci' is not found in the project sources. It will be removed from the packaged IP when the sources are merged. If still required, please add this file to the project and re-package.
WARNING: [IP_Flow 19-3898] File Group 'xilinx_anylanguagesynthesis (Synthesis)': File 'c:/Pentek/ip/2019.2/pentek/ip/px_syncbus_intrfc1f/px_syncbus_intrfc1f.srcs/sources_1/new/px_syncbus_intrfc1f_csr.vhd' is not found in the project sources. It will be removed from the packaged IP when the sources are merged. If still required, please add this file to the project and re-package.
WARNING: [IP_Flow 19-3898] File Group 'xilinx_anylanguagesynthesis (Synthesis)': File 'c:/Pentek/ip/2019.2/pentek/ip/px_syncbus_intrfc1f/px_syncbus_intrfc1f.srcs/sources_1/new/px_syncbus_intrfc1f.vhd' is not found in the project sources. It will be removed from the packaged IP when the sources are merged. If still required, please add this file to the project and re-package.
WARNING: [IP_Flow 19-3898] File Group 'xilinx_anylanguagebehavioralsimulation (Simulation)': File 'c:/Pentek/ip/2019.2/pentek/ip/px_syncbus_intrfc1f/px_syncbus_intrfc1f.srcs/sources_1/ip/px_axil_csr_sb/px_axil_csr_sb.xci' is not found in the project sources. It will be removed from the packaged IP when the sources are merged. If still required, please add this file to the project and re-package.
WARNING: [IP_Flow 19-3898] File Group 'xilinx_anylanguagebehavioralsimulation (Simulation)': File 'c:/Pentek/ip/2019.2/pentek/ip/px_syncbus_intrfc1f/px_syncbus_intrfc1f.srcs/sources_1/new/px_syncbus_intrfc1f_csr.vhd' is not found in the project sources. It will be removed from the packaged IP when the sources are merged. If still required, please add this file to the project and re-package.
WARNING: [IP_Flow 19-3898] File Group 'xilinx_anylanguagebehavioralsimulation (Simulation)': File 'c:/Pentek/ip/2019.2/pentek/ip/px_syncbus_intrfc1f/px_syncbus_intrfc1f.srcs/sources_1/new/px_syncbus_intrfc1f.vhd' is not found in the project sources. It will be removed from the packaged IP when the sources are merged. If still required, please add this file to the project and re-package.
ipx::merge_project_changes hdl_parameters [ipx::current_core]
WARNING: [IP_Flow 19-5226] Project source file 'c:/Pentek/ip/2019.2/pentek/ip/px_syncbus_intrfc1f/px_syncbus_intrfc1f.srcs/component.xml' ignored by IP packager.
WARNING: [IP_Flow 19-5226] Project source file 'c:/Pentek/ip/2019.2/pentek/ip/px_syncbus_intrfc1f/px_syncbus_intrfc1f.srcs/sources_1/ip/px_axil_csr_sb/px_axil_csr_sb.upgrade_log' ignored by IP packager.
INFO: [IP_Flow 19-3166] Bus Interface 's_axi_csr': References existing memory map 's_axi_csr'.
set_property core_revision 48 [ipx::current_core]
ipx::update_checksums [ipx::current_core]
ipx::save_core [ipx::current_core]
update_ip_catalog -rebuild -repo_path c:/Pentek/ip/2019.2/pentek
INFO: [IP_Flow 19-725] Reloaded user IP repository 'c:/Pentek/ip/2019.2/pentek'
