#-----------------------------------------------------------
# Vivado v2018.2 (64-bit)
# SW Build 2258646 on Thu Jun 14 20:03:12 MDT 2018
# IP Build 2256618 on Thu Jun 14 22:10:49 MDT 2018
# Start of session at: Sat Sep 22 09:57:07 2018
# Process ID: 9452
# Current directory: C:/Pentek/IP/2018.2/wip/px_axis_ppkt2ppld
# Command line: vivado.exe -gui_launcher_event rodinguilauncherevent6644 C:\Pentek\IP\2018.2\wip\px_axis_ppkt2ppld\px_axis_ppkt2ppld.xpr
# Log file: C:/Pentek/IP/2018.2/wip/px_axis_ppkt2ppld/vivado.log
# Journal file: C:/Pentek/IP/2018.2/wip/px_axis_ppkt2ppld\vivado.jou
#-----------------------------------------------------------
Sourcing tcl script 'C:/Users/Rich/AppData/Roaming/Xilinx/Vivado/Vivado_init.tcl'
56 Beta devices matching pattern found, 49 enabled.
start_gui
open_project C:/Pentek/IP/2018.2/wip/px_axis_ppkt2ppld/px_axis_ppkt2ppld.xpr
INFO: [Project 1-313] Project file moved from 'C:/Pentek/IP/2018.1/wip/px_axis_ppkt2ppld' since last save.
Scanning sources...
Finished scanning sources
INFO: [IP_Flow 19-234] Refreshing IP repositories
INFO: [IP_Flow 19-1704] No user IP repositories specified
INFO: [IP_Flow 19-2313] Loaded Vivado IP repository 'C:/Xilinx/Vivado/2018.2/data/ip'.
INFO: [Project 1-230] Project 'px_axis_ppkt2ppld.xpr' upgraded for this version of Vivado.
open_project: Time (s): cpu = 00:00:16 ; elapsed = 00:00:10 . Memory (MB): peak = 1363.738 ; gain = 532.664
report_ip_status -name ip_status 
update_compile_order -fileset sources_1
ipx::open_ipxact_file {C:\pentek\ip\2018.1\wip\px_axis_ppkt2ppld\component.xml}
WARNING: [IP_Flow 19-3833] Unreferenced file from the top module is not packaged: 'C:/Pentek/IP/2018.2/wip/px_axis_ppkt2ppld/px_axis_ppkt2ppld.srcs/sources_1/ip/tb_pkt_fifo/tb_pkt_fifo.xci'.
WARNING: [IP_Flow 19-5226] Project source file 'c:/pentek/ip/2018.1/wip/px_axis_ppkt2ppld/component.xml' ignored by IP packager.
WARNING: [IP_Flow 19-4308] Project file 'c:/Pentek/IP/2018.2/wip/px_axis_ppkt2ppld/px_axis_ppkt2ppld.srcs/sources_1/new/px_axis_ppkt2ppld.vhd' is not found in the component files. It will be added automatically when merging sources and repackaging. Please remove the file from the source project if this is not desired.
WARNING: [IP_Flow 19-3898] File Group 'xilinx_anylanguagesynthesis (Synthesis)': File 'c:/pentek/ip/2018.1/wip/px_axis_ppkt2ppld/px_axis_ppkt2ppld.srcs/sources_1/new/px_axis_ppkt2ppld.vhd' is not found in the project sources. It will be removed from the packaged IP when the sources are merged. If still required, please add this file to the project and re-package.
WARNING: [IP_Flow 19-4308] Project file 'c:/Pentek/IP/2018.2/wip/px_axis_ppkt2ppld/px_axis_ppkt2ppld.srcs/sources_1/new/px_axis_ppkt2ppld.vhd' is not found in the component files. It will be added automatically when merging sources and repackaging. Please remove the file from the source project if this is not desired.
WARNING: [IP_Flow 19-3898] File Group 'xilinx_anylanguagebehavioralsimulation (Simulation)': File 'c:/pentek/ip/2018.1/wip/px_axis_ppkt2ppld/px_axis_ppkt2ppld.srcs/sources_1/new/px_axis_ppkt2ppld.vhd' is not found in the project sources. It will be removed from the packaged IP when the sources are merged. If still required, please add this file to the project and re-package.
WARNING: [IP_Flow 19-4308] Project file 'c:/Pentek/IP/2018.2/wip/px_axis_ppkt2ppld/px_axis_ppkt2ppld.srcs/sim_1/new/tb_axis_ppkt2ppld.vhd' is not found in the component files. It will be added automatically when merging sources and repackaging. Please remove the file from the source project if this is not desired.
WARNING: [IP_Flow 19-4308] Project file 'c:/Pentek/IP/2018.2/wip/px_axis_ppkt2ppld/tb_axis_ppkt2ppld_behav.wcfg' is not found in the component files. It will be added automatically when merging sources and repackaging. Please remove the file from the source project if this is not desired.
WARNING: [IP_Flow 19-3898] File Group 'xilinx_testbench (Test Bench)': File 'c:/pentek/ip/2018.1/wip/px_axis_ppkt2ppld/px_axis_ppkt2ppld.srcs/sim_1/new/tb_axis_ppkt2ppld.vhd' is not found in the project sources. It will be removed from the packaged IP when the sources are merged. If still required, please add this file to the project and re-package.
WARNING: [IP_Flow 19-3898] File Group 'xilinx_testbench (Test Bench)': File 'c:/pentek/ip/2018.1/wip/px_axis_ppkt2ppld/tb_axis_ppkt2ppld_behav.wcfg' is not found in the project sources. It will be removed from the packaged IP when the sources are merged. If still required, please add this file to the project and re-package.
set_property core_revision 12 [ipx::current_core]
ipx::create_xgui_files [ipx::current_core]
ipx::update_checksums [ipx::current_core]
ipx::save_core [ipx::current_core]
close_project
open_project C:/Pentek/IP/2018.2/wip/px_axis_pdti_dec16fir_8/px_axis_pdti_dec16fir_8.xpr
INFO: [Project 1-313] Project file moved from 'C:/Pentek/IP/2018.1/wip/px_axis_pdti_dec16fir_8' since last save.
Scanning sources...
Finished scanning sources
INFO: [filemgmt 56-1] IP Repository Path: Directory not found as 'C:/Pentek/IP/2018.2/pentek'; using path 'C:/Pentek/IP/2018.1/pentek' instead.
INFO: [IP_Flow 19-234] Refreshing IP repositories
INFO: [IP_Flow 19-1700] Loaded user IP repository 'c:/Pentek/IP/2018.1/pentek'.
INFO: [IP_Flow 19-1700] Loaded user IP repository 'c:/Pentek/IP/2018.2/wip/px_axis_chirp_gen'.
INFO: [IP_Flow 19-2313] Loaded Vivado IP repository 'C:/Xilinx/Vivado/2018.2/data/ip'.
WARNING: [IP_Flow 19-2162] IP 'test_chirp_1' is locked:
* IP definition 'px_axis_chirp_gen_v1_0 (1.0)' for IP 'test_chirp_1' (customized with software release 2018.1) has a different revision in the IP Catalog.
Please select 'Report IP Status' from the 'Tools/Report' menu or run Tcl command 'report_ip_status' for more information.
INFO: [Project 1-230] Project 'px_axis_pdti_dec16fir_8.xpr' upgraded for this version of Vivado.
open_project: Time (s): cpu = 00:00:11 ; elapsed = 00:00:12 . Memory (MB): peak = 1363.738 ; gain = 0.000
report_ip_status -name ip_status 
set_property  ip_repo_paths  c:/Pentek/IP/2018.1/pentek [current_project]
update_ip_catalog
INFO: [IP_Flow 19-234] Refreshing IP repositories
INFO: [IP_Flow 19-1700] Loaded user IP repository 'c:/Pentek/IP/2018.1/pentek'.
report_ip_status -name ip_status 
set_property  ip_repo_paths  {c:/Pentek/IP/2018.1/pentek C:/Pentek/IP/2018.2/wip} [current_project]
update_ip_catalog
INFO: [IP_Flow 19-234] Refreshing IP repositories
INFO: [IP_Flow 19-1700] Loaded user IP repository 'c:/Pentek/IP/2018.1/pentek'.
INFO: [IP_Flow 19-1700] Loaded user IP repository 'c:/Pentek/IP/2018.2/wip'.
WARNING: [IP_Flow 19-3656] If you move the project, the path for repository 'c:/Pentek/IP/2018.2/wip' may become invalid. A better location for the repository would be in a path adjacent to the project. (Current project location is 'c:/Pentek/IP/2018.2/wip/px_axis_pdti_dec16fir_8'.)
WARNING: [IP_Flow 19-4830] Duplicate Interface found for 'xilinx.com:display_cmac_usplus:lbus_ports_int:2.0'. The one found in location 'c:/Pentek/IP/2018.2/wip/lbus_ports_v2_0/lbus_ports_int.xml' will take precedence over the same Interface in location 'c:/Xilinx/Vivado/2018.2/data/ip/xilinx/cmac_usplus_v2_4/interfaces/lbus_ports_int.xml'
report_ip_status -name ip_status 
upgrade_ip -srcset test_chirp_1 -vlnv pentek.com:px_ip:px_axis_chirp_gen:1.0 [get_ips  test_chirp_1] -log ip_upgrade.log
Upgrading 'test_chirp_1'
INFO: [Project 1-386] Moving file 'C:/Pentek/IP/2018.2/wip/px_axis_pdti_dec16fir_8/px_axis_pdti_dec16fir_8.srcs/sources_1/ip/test_chirp_1/test_chirp_1.xci' from fileset 'test_chirp_1' to fileset 'sources_1'.
INFO: [IP_Flow 19-3422] Upgraded test_chirp_1 (px_axis_chirp_gen_v1_0 1.0) from revision 35 to revision 36
INFO: [IP_Flow 19-1686] Generating 'Instantiation Template' target for IP 'test_chirp_1'...
INFO: [Coretcl 2-1525] Wrote upgrade log to 'C:/Pentek/IP/2018.2/wip/px_axis_pdti_dec16fir_8/ip_upgrade.log'.
export_ip_user_files -of_objects [get_ips test_chirp_1] -no_script -sync -force -quiet
report_ip_status -name ip_status 
ipx::open_ipxact_file {C:\pentek\ip\2018.1\wip\px_axis_pdti_dec16fir_8\component.xml}
WARNING: [IP_Flow 19-5226] Project source file 'c:/pentek/ip/2018.1/wip/px_axis_pdti_dec16fir_8/component.xml' ignored by IP packager.
WARNING: [IP_Flow 19-4308] Project file 'c:/Pentek/IP/2018.2/wip/px_axis_pdti_dec16fir_8/px_axis_pdti_dec16fir_8.srcs/sources_1/ip/test_chirp_1/test_chirp_1.xci' is not found in the component files. It will be added automatically when merging sources and repackaging. Please remove the file from the source project if this is not desired.
WARNING: [IP_Flow 19-4308] Project file 'c:/Pentek/IP/2018.2/wip/px_axis_pdti_dec16fir_8/px_axis_pdti_dec16fir_8.srcs/sources_1/new/px_pdti_dec16fir_8_dsp.vhd' is not found in the component files. It will be added automatically when merging sources and repackaging. Please remove the file from the source project if this is not desired.
WARNING: [IP_Flow 19-4308] Project file 'c:/Pentek/IP/2018.2/wip/px_axis_pdti_dec16fir_8/px_axis_pdti_dec16fir_8.srcs/sources_1/new/px_pdti_dec16fir_8_st1.vhd' is not found in the component files. It will be added automatically when merging sources and repackaging. Please remove the file from the source project if this is not desired.
WARNING: [IP_Flow 19-4308] Project file 'c:/Pentek/IP/2018.2/wip/px_axis_pdti_dec16fir_8/px_axis_pdti_dec16fir_8.srcs/sources_1/new/px_pdti_dec16fir_8_st2.vhd' is not found in the component files. It will be added automatically when merging sources and repackaging. Please remove the file from the source project if this is not desired.
WARNING: [IP_Flow 19-4308] Project file 'c:/Pentek/IP/2018.2/wip/px_axis_pdti_dec16fir_8/px_axis_pdti_dec16fir_8.srcs/sources_1/new/px_pdti_dec16fir_8_st3.vhd' is not found in the component files. It will be added automatically when merging sources and repackaging. Please remove the file from the source project if this is not desired.
WARNING: [IP_Flow 19-4308] Project file 'c:/Pentek/IP/2018.2/wip/px_axis_pdti_dec16fir_8/px_axis_pdti_dec16fir_8.srcs/sources_1/new/px_pdti_dec16fir_8.vhd' is not found in the component files. It will be added automatically when merging sources and repackaging. Please remove the file from the source project if this is not desired.
WARNING: [IP_Flow 19-3898] File Group 'xilinx_anylanguagesynthesis (Synthesis)': File 'c:/pentek/ip/2018.1/wip/px_axis_pdti_dec16fir_8/px_axis_pdti_dec16fir_8.srcs/sources_1/ip/px_axis_pdti_dec16fir_8_st4/px_axis_pdti_dec16fir_8_st4.xci' is not found in the project sources. It will be removed from the packaged IP when the sources are merged. If still required, please add this file to the project and re-package.
WARNING: [IP_Flow 19-3898] File Group 'xilinx_anylanguagesynthesis (Synthesis)': File 'c:/pentek/ip/2018.1/wip/px_axis_pdti_dec16fir_8/px_axis_pdti_dec16fir_8.srcs/sources_1/ip/test_chirp_1/test_chirp_1.xci' is not found in the project sources. It will be removed from the packaged IP when the sources are merged. If still required, please add this file to the project and re-package.
WARNING: [IP_Flow 19-3898] File Group 'xilinx_anylanguagesynthesis (Synthesis)': File 'c:/pentek/ip/2018.1/wip/px_axis_pdti_dec16fir_8/px_axis_pdti_dec16fir_8.srcs/sources_1/new/px_pdti_dec16fir_8_dsp.vhd' is not found in the project sources. It will be removed from the packaged IP when the sources are merged. If still required, please add this file to the project and re-package.
WARNING: [IP_Flow 19-3898] File Group 'xilinx_anylanguagesynthesis (Synthesis)': File 'c:/pentek/ip/2018.1/wip/px_axis_pdti_dec16fir_8/px_axis_pdti_dec16fir_8.srcs/sources_1/new/px_pdti_dec16fir_8_st1.vhd' is not found in the project sources. It will be removed from the packaged IP when the sources are merged. If still required, please add this file to the project and re-package.
WARNING: [IP_Flow 19-3898] File Group 'xilinx_anylanguagesynthesis (Synthesis)': File 'c:/pentek/ip/2018.1/wip/px_axis_pdti_dec16fir_8/px_axis_pdti_dec16fir_8.srcs/sources_1/new/px_pdti_dec16fir_8_st2.vhd' is not found in the project sources. It will be removed from the packaged IP when the sources are merged. If still required, please add this file to the project and re-package.
WARNING: [IP_Flow 19-3898] File Group 'xilinx_anylanguagesynthesis (Synthesis)': File 'c:/pentek/ip/2018.1/wip/px_axis_pdti_dec16fir_8/px_axis_pdti_dec16fir_8.srcs/sources_1/new/px_pdti_dec16fir_8_st3.vhd' is not found in the project sources. It will be removed from the packaged IP when the sources are merged. If still required, please add this file to the project and re-package.
WARNING: [IP_Flow 19-3898] File Group 'xilinx_anylanguagesynthesis (Synthesis)': File 'c:/pentek/ip/2018.1/wip/px_axis_pdti_dec16fir_8/px_axis_pdti_dec16fir_8.srcs/sources_1/new/px_pdti_dec16fir_8.vhd' is not found in the project sources. It will be removed from the packaged IP when the sources are merged. If still required, please add this file to the project and re-package.
WARNING: [IP_Flow 19-4308] Project file 'c:/Pentek/IP/2018.2/wip/px_axis_pdti_dec16fir_8/px_axis_pdti_dec16fir_8.srcs/sources_1/ip/test_chirp_1/test_chirp_1.xci' is not found in the component files. It will be added automatically when merging sources and repackaging. Please remove the file from the source project if this is not desired.
WARNING: [IP_Flow 19-4308] Project file 'c:/Pentek/IP/2018.2/wip/px_axis_pdti_dec16fir_8/px_axis_pdti_dec16fir_8.srcs/sources_1/new/px_pdti_dec16fir_8_dsp.vhd' is not found in the component files. It will be added automatically when merging sources and repackaging. Please remove the file from the source project if this is not desired.
WARNING: [IP_Flow 19-4308] Project file 'c:/Pentek/IP/2018.2/wip/px_axis_pdti_dec16fir_8/px_axis_pdti_dec16fir_8.srcs/sources_1/new/px_pdti_dec16fir_8_st1.vhd' is not found in the component files. It will be added automatically when merging sources and repackaging. Please remove the file from the source project if this is not desired.
WARNING: [IP_Flow 19-4308] Project file 'c:/Pentek/IP/2018.2/wip/px_axis_pdti_dec16fir_8/px_axis_pdti_dec16fir_8.srcs/sources_1/new/px_pdti_dec16fir_8_st2.vhd' is not found in the component files. It will be added automatically when merging sources and repackaging. Please remove the file from the source project if this is not desired.
WARNING: [IP_Flow 19-4308] Project file 'c:/Pentek/IP/2018.2/wip/px_axis_pdti_dec16fir_8/px_axis_pdti_dec16fir_8.srcs/sources_1/new/px_pdti_dec16fir_8_st3.vhd' is not found in the component files. It will be added automatically when merging sources and repackaging. Please remove the file from the source project if this is not desired.
WARNING: [IP_Flow 19-4308] Project file 'c:/Pentek/IP/2018.2/wip/px_axis_pdti_dec16fir_8/px_axis_pdti_dec16fir_8.srcs/sources_1/new/px_pdti_dec16fir_8.vhd' is not found in the component files. It will be added automatically when merging sources and repackaging. Please remove the file from the source project if this is not desired.
WARNING: [IP_Flow 19-3898] File Group 'xilinx_anylanguagebehavioralsimulation (Simulation)': File 'c:/pentek/ip/2018.1/wip/px_axis_pdti_dec16fir_8/px_axis_pdti_dec16fir_8.srcs/sources_1/ip/test_chirp_1/test_chirp_1.xci' is not found in the project sources. It will be removed from the packaged IP when the sources are merged. If still required, please add this file to the project and re-package.
WARNING: [IP_Flow 19-3898] File Group 'xilinx_anylanguagebehavioralsimulation (Simulation)': File 'c:/pentek/ip/2018.1/wip/px_axis_pdti_dec16fir_8/px_axis_pdti_dec16fir_8.srcs/sources_1/ip/px_axis_pdti_dec16fir_8_st4/px_axis_pdti_dec16fir_8_st4.xci' is not found in the project sources. It will be removed from the packaged IP when the sources are merged. If still required, please add this file to the project and re-package.
WARNING: [IP_Flow 19-3898] File Group 'xilinx_anylanguagebehavioralsimulation (Simulation)': File 'c:/pentek/ip/2018.1/wip/px_axis_pdti_dec16fir_8/px_axis_pdti_dec16fir_8.srcs/sources_1/new/px_pdti_dec16fir_8_dsp.vhd' is not found in the project sources. It will be removed from the packaged IP when the sources are merged. If still required, please add this file to the project and re-package.
WARNING: [IP_Flow 19-3898] File Group 'xilinx_anylanguagebehavioralsimulation (Simulation)': File 'c:/pentek/ip/2018.1/wip/px_axis_pdti_dec16fir_8/px_axis_pdti_dec16fir_8.srcs/sources_1/new/px_pdti_dec16fir_8_st1.vhd' is not found in the project sources. It will be removed from the packaged IP when the sources are merged. If still required, please add this file to the project and re-package.
WARNING: [IP_Flow 19-3898] File Group 'xilinx_anylanguagebehavioralsimulation (Simulation)': File 'c:/pentek/ip/2018.1/wip/px_axis_pdti_dec16fir_8/px_axis_pdti_dec16fir_8.srcs/sources_1/new/px_pdti_dec16fir_8_st2.vhd' is not found in the project sources. It will be removed from the packaged IP when the sources are merged. If still required, please add this file to the project and re-package.
WARNING: [IP_Flow 19-3898] File Group 'xilinx_anylanguagebehavioralsimulation (Simulation)': File 'c:/pentek/ip/2018.1/wip/px_axis_pdti_dec16fir_8/px_axis_pdti_dec16fir_8.srcs/sources_1/new/px_pdti_dec16fir_8_st3.vhd' is not found in the project sources. It will be removed from the packaged IP when the sources are merged. If still required, please add this file to the project and re-package.
WARNING: [IP_Flow 19-3898] File Group 'xilinx_anylanguagebehavioralsimulation (Simulation)': File 'c:/pentek/ip/2018.1/wip/px_axis_pdti_dec16fir_8/px_axis_pdti_dec16fir_8.srcs/sources_1/new/px_pdti_dec16fir_8.vhd' is not found in the project sources. It will be removed from the packaged IP when the sources are merged. If still required, please add this file to the project and re-package.
WARNING: [IP_Flow 19-4308] Project file 'c:/Pentek/IP/2018.2/wip/px_axis_pdti_dec16fir_8/px_axis_pdti_dec16fir_8.srcs/sim_1/imports/px_utility_pkg/px_utility_pkg.vhd' is not found in the component files. It will be added automatically when merging sources and repackaging. Please remove the file from the source project if this is not desired.
WARNING: [IP_Flow 19-4308] Project file 'c:/Pentek/IP/2018.2/wip/px_axis_pdti_dec16fir_8/px_axis_pdti_dec16fir_8.srcs/sim_1/new/tb_px_pdti_dec16fir_8.vhd' is not found in the component files. It will be added automatically when merging sources and repackaging. Please remove the file from the source project if this is not desired.
WARNING: [IP_Flow 19-4308] Project file 'c:/Pentek/IP/2018.2/wip/px_axis_pdti_dec16fir_8/tb_px_pdti_dec16fir_8_behav.wcfg' is not found in the component files. It will be added automatically when merging sources and repackaging. Please remove the file from the source project if this is not desired.
WARNING: [IP_Flow 19-3898] File Group 'xilinx_testbench (Test Bench)': File 'c:/pentek/ip/2018.1/wip/px_axis_pdti_dec16fir_8/px_axis_pdti_dec16fir_8.srcs/sim_1/imports/px_utility_pkg/px_utility_pkg.vhd' is not found in the project sources. It will be removed from the packaged IP when the sources are merged. If still required, please add this file to the project and re-package.
WARNING: [IP_Flow 19-3898] File Group 'xilinx_testbench (Test Bench)': File 'c:/pentek/ip/2018.1/wip/px_axis_pdti_dec16fir_8/px_axis_pdti_dec16fir_8.srcs/sim_1/new/tb_px_pdti_dec16fir_8.vhd' is not found in the project sources. It will be removed from the packaged IP when the sources are merged. If still required, please add this file to the project and re-package.
WARNING: [IP_Flow 19-3898] File Group 'xilinx_testbench (Test Bench)': File 'c:/pentek/ip/2018.1/wip/px_axis_pdti_dec16fir_8/tb_px_pdti_dec16fir_8_behav.wcfg' is not found in the project sources. It will be removed from the packaged IP when the sources are merged. If still required, please add this file to the project and re-package.
set_property core_revision 6 [ipx::current_core]
ipx::create_xgui_files [ipx::current_core]
ipx::update_checksums [ipx::current_core]
ipx::save_core [ipx::current_core]
close_project
open_project C:/Pentek/IP/2018.2/wip/px_axis_chirp_gen/px_axis_chirp_gen.xpr
INFO: [Project 1-313] Project file moved from 'C:/Pentek/IP/2018.1/wip/px_axis_chirp_gen' since last save.
CRITICAL WARNING: [Project 1-311] Could not find the file 'C:/Pentek/IP/2018.2/wip/px_axis_chirp_gen/px_axis_chirp_gen.srcs/sources_1/ip/px_axil_csr_tsig/px_axil_csr_tsig.upgrade_log', nor could it be found using path 'C:/Pentek/IP/2018.1/wip/px_axis_chirp_gen/px_axis_chirp_gen.srcs/sources_1/ip/px_axil_csr_tsig/px_axil_csr_tsig.upgrade_log'.
CRITICAL WARNING: [Project 1-311] Could not find the file 'C:/Pentek/IP/2018.2/wip/px_axis_chirp_gen/px_axis_chirp_gen.srcs/sources_1/ip/px_axis_chirp_gen_dds/px_axis_chirp_gen_dds.upgrade_log', nor could it be found using path 'C:/Pentek/IP/2018.1/wip/px_axis_chirp_gen/px_axis_chirp_gen.srcs/sources_1/ip/px_axis_chirp_gen_dds/px_axis_chirp_gen_dds.upgrade_log'.
Scanning sources...
Finished scanning sources
INFO: [filemgmt 56-1] IP Repository Path: Directory not found as 'C:/Pentek/IP/2018.2/pentek'; using path 'C:/Pentek/IP/2018.1/pentek' instead.
INFO: [IP_Flow 19-234] Refreshing IP repositories
INFO: [IP_Flow 19-1700] Loaded user IP repository 'c:/Pentek/IP/2018.1/pentek'.
INFO: [IP_Flow 19-2313] Loaded Vivado IP repository 'C:/Xilinx/Vivado/2018.2/data/ip'.
INFO: [Project 1-230] Project 'px_axis_chirp_gen.xpr' upgraded for this version of Vivado.
open_project: Time (s): cpu = 00:00:18 ; elapsed = 00:00:18 . Memory (MB): peak = 1746.641 ; gain = 382.902
report_ip_status -name ip_status 
ipx::open_ipxact_file {C:\Pentek\IP\2018.2\wip\px_axis_chirp_gen\px_axis_chirp_gen.srcs\component.xml}
WARNING: [IP_Flow 19-5226] Project source file 'c:/Pentek/IP/2018.2/wip/px_axis_chirp_gen/px_axis_chirp_gen.srcs/component.xml' ignored by IP packager.
WARNING: [IP_Flow 19-5226] Project source file 'c:/Pentek/IP/2018.2/wip/px_axis_chirp_gen/px_axis_chirp_gen.srcs/sources_1/ip/px_axil_csr_tsig/px_axil_csr_tsig.upgrade_log' ignored by IP packager.
WARNING: [IP_Flow 19-5226] Project source file 'c:/Pentek/IP/2018.2/wip/px_axis_chirp_gen/px_axis_chirp_gen.srcs/sources_1/ip/px_axis_chirp_gen_dds/px_axis_chirp_gen_dds.upgrade_log' ignored by IP packager.
WARNING: [IP_Flow 19-3898] File Group 'xilinx_anylanguagesynthesis (Synthesis)': File 'c:/Pentek/IP/2018.2/wip/px_axis_chirp_gen/px_axis_chirp_gen.srcs/sources_1/ip/px_chrpgen_dsp48acc/px_chrpgen_dsp48acc.xci' is not found in the project sources. It will be removed from the packaged IP when the sources are merged. If still required, please add this file to the project and re-package.
WARNING: [IP_Flow 19-3898] File Group 'xilinx_anylanguagesynthesis (Synthesis)': File 'c:/Pentek/IP/2018.2/wip/px_axis_chirp_gen/px_axis_chirp_gen.srcs/sources_1/ip/px_axis_chrpgen_gainoffset/px_axis_chrpgen_gainoffset.xci' is not found in the project sources. It will be removed from the packaged IP when the sources are merged. If still required, please add this file to the project and re-package.
WARNING: [IP_Flow 19-3898] File Group 'xilinx_anylanguagesynthesis (Synthesis)': File 'c:/Pentek/IP/2018.2/wip/px_axis_chirp_gen/px_axis_chirp_gen.srcs/sources_1/ip/px_axis_chrpgen_dds/px_axis_chrpgen_dds.xci' is not found in the project sources. It will be removed from the packaged IP when the sources are merged. If still required, please add this file to the project and re-package.
WARNING: [IP_Flow 19-3898] File Group 'xilinx_anylanguagesynthesis (Synthesis)': File 'c:/Pentek/IP/2018.2/wip/px_axis_chirp_gen/px_axis_chirp_gen.srcs/sources_1/ip/px_axil_csr_chrpg/px_axil_csr_chrpg.xci' is not found in the project sources. It will be removed from the packaged IP when the sources are merged. If still required, please add this file to the project and re-package.
WARNING: [IP_Flow 19-3898] File Group 'xilinx_anylanguagesynthesis (Synthesis)': File 'c:/Pentek/IP/2018.2/wip/px_axis_chirp_gen/px_axis_chirp_gen.srcs/sources_1/ip/px_axis_chirp_gen_rmult/px_axis_chirp_gen_rmult.xci' is not found in the project sources. It will be removed from the packaged IP when the sources are merged. If still required, please add this file to the project and re-package.
WARNING: [IP_Flow 19-3898] File Group 'xilinx_anylanguagebehavioralsimulation (Simulation)': File 'c:/Pentek/IP/2018.2/wip/px_axis_chirp_gen/px_axis_chirp_gen.srcs/sources_1/ip/px_chrpgen_dsp48acc/px_chrpgen_dsp48acc.xci' is not found in the project sources. It will be removed from the packaged IP when the sources are merged. If still required, please add this file to the project and re-package.
WARNING: [IP_Flow 19-3898] File Group 'xilinx_anylanguagebehavioralsimulation (Simulation)': File 'c:/Pentek/IP/2018.2/wip/px_axis_chirp_gen/px_axis_chirp_gen.srcs/sources_1/ip/px_axis_chrpgen_gainoffset/px_axis_chrpgen_gainoffset.xci' is not found in the project sources. It will be removed from the packaged IP when the sources are merged. If still required, please add this file to the project and re-package.
WARNING: [IP_Flow 19-3898] File Group 'xilinx_anylanguagebehavioralsimulation (Simulation)': File 'c:/Pentek/IP/2018.2/wip/px_axis_chirp_gen/px_axis_chirp_gen.srcs/sources_1/ip/px_axis_chrpgen_dds/px_axis_chrpgen_dds.xci' is not found in the project sources. It will be removed from the packaged IP when the sources are merged. If still required, please add this file to the project and re-package.
WARNING: [IP_Flow 19-3898] File Group 'xilinx_anylanguagebehavioralsimulation (Simulation)': File 'c:/Pentek/IP/2018.2/wip/px_axis_chirp_gen/px_axis_chirp_gen.srcs/sources_1/ip/px_axil_csr_chrpg/px_axil_csr_chrpg.xci' is not found in the project sources. It will be removed from the packaged IP when the sources are merged. If still required, please add this file to the project and re-package.
WARNING: [IP_Flow 19-3898] File Group 'xilinx_anylanguagebehavioralsimulation (Simulation)': File 'c:/Pentek/IP/2018.2/wip/px_axis_chirp_gen/px_axis_chirp_gen.srcs/sources_1/ip/px_axis_chirp_gen_rmult/px_axis_chirp_gen_rmult.xci' is not found in the project sources. It will be removed from the packaged IP when the sources are merged. If still required, please add this file to the project and re-package.
set_property core_revision 37 [ipx::current_core]
ipx::create_xgui_files [ipx::current_core]
ipx::update_checksums [ipx::current_core]
ipx::save_core [ipx::current_core]
close_project
open_project C:/Pentek/IP/2018.2/wip/px_axis_ppkt_uram_fifo/px_axis_ppkt_uram_fifo.xpr
INFO: [Project 1-313] Project file moved from 'C:/Pentek/IP/2018.1/wip/px_axis_ppkt_uram_fifo' since last save.
Scanning sources...
Finished scanning sources
INFO: [filemgmt 56-1] IP Repository Path: Directory not found as 'C:/Pentek/IP/2018.2/pentek'; using path 'C:/Pentek/IP/2018.1/pentek' instead.
INFO: [IP_Flow 19-234] Refreshing IP repositories
INFO: [IP_Flow 19-1700] Loaded user IP repository 'c:/Pentek/IP/2018.1/pentek'.
INFO: [IP_Flow 19-2313] Loaded Vivado IP repository 'C:/Xilinx/Vivado/2018.2/data/ip'.
INFO: [Project 1-230] Project 'px_axis_ppkt_uram_fifo.xpr' upgraded for this version of Vivado.
open_project: Time (s): cpu = 00:00:13 ; elapsed = 00:00:16 . Memory (MB): peak = 1765.840 ; gain = 19.199
update_compile_order -fileset sources_1
report_ip_status -name ip_status 
ipx::open_ipxact_file {C:\Pentek\IP\2018.2\wip\px_axis_ppkt_uram_fifo\component.xml}
WARNING: [IP_Flow 19-5226] Project source file 'c:/Pentek/IP/2018.2/wip/px_axis_ppkt_uram_fifo/component.xml' ignored by IP packager.
WARNING: [IP_Flow 19-3898] File Group 'xilinx_anylanguagesynthesis (Synthesis)': File 'c:/Pentek/IP/2018.2/wip/px_axis_ppkt_uram_fifo/px_axis_ppkt_uram_fifo.srcs/sources_1/ip/px_axis_ppkt_uram_fifo_csr/px_axis_ppkt_uram_fifo_csr.xci' is not found in the project sources. It will be removed from the packaged IP when the sources are merged. If still required, please add this file to the project and re-package.
WARNING: [IP_Flow 19-3898] File Group 'xilinx_anylanguagebehavioralsimulation (Simulation)': File 'c:/Pentek/IP/2018.2/wip/px_axis_ppkt_uram_fifo/px_axis_ppkt_uram_fifo.srcs/sources_1/ip/px_axis_ppkt_uram_fifo_csr/px_axis_ppkt_uram_fifo_csr.xci' is not found in the project sources. It will be removed from the packaged IP when the sources are merged. If still required, please add this file to the project and re-package.
set_property core_revision 8 [ipx::current_core]
ipx::create_xgui_files [ipx::current_core]
ipx::update_checksums [ipx::current_core]
ipx::save_core [ipx::current_core]
exit
INFO: [Common 17-206] Exiting Vivado at Sat Sep 22 10:05:44 2018...
