#-----------------------------------------------------------
# Vivado v2019.1_AR72445 (64-bit)
# SW Build 2552052 on Fri May 24 14:49:42 MDT 2019
# IP Build 2548770 on Fri May 24 18:01:18 MDT 2019
# Start of session at: Thu Nov  7 14:03:01 2019
# Process ID: 15548
# Current directory: C:/Pentek/IP/2019.1/pentek/ip/px_ppld2udp100ge_tx
# Command line: vivado.exe -gui_launcher_event rodinguilauncherevent22312 C:\Pentek\IP\2019.1\pentek\ip\px_ppld2udp100ge_tx\px_ppld2udp100ge_tx.xpr
# Log file: C:/Pentek/IP/2019.1/pentek/ip/px_ppld2udp100ge_tx/vivado.log
# Journal file: C:/Pentek/IP/2019.1/pentek/ip/px_ppld2udp100ge_tx\vivado.jou
#-----------------------------------------------------------
INFO: [Common 17-1460] Use of init.tcl in C:/Users/Rich/AppData/Roaming/Xilinx/Vivado/init.tcl is deprecated. Please use Vivado_init.tcl 
Sourcing tcl script 'C:/Users/Rich/AppData/Roaming/Xilinx/Vivado/init.tcl'
start_gui
open_project C:/Pentek/IP/2019.1/pentek/ip/px_ppld2udp100ge_tx/px_ppld2udp100ge_tx.xpr
Scanning sources...
Finished scanning sources
WARNING: [Project 1-509] GeneratedRun file for 'synth_1' not found
WARNING: [Project 1-509] GeneratedRun file for 'px_ppld2udp100ge_brctlr_synth_1' not found
WARNING: [Project 1-509] GeneratedRun file for 'px_ppld2udp100ge_axi_xbar_synth_1' not found
WARNING: [Project 1-509] GeneratedRun file for 'px_ppld2udp100ge_csr_synth_1' not found
WARNING: [filemgmt 56-3] IPUserFilesDir: Could not find the directory 'C:/Pentek/IP/2019.1/pentek/ip/px_ppld2udp100ge_tx/px_ppld2udp100ge_tx.ip_user_files'.
INFO: [IP_Flow 19-234] Refreshing IP repositories
INFO: [IP_Flow 19-1700] Loaded user IP repository 'c:/Pentek/IP/2019.1/pentek'.
WARNING: [IP_Flow 19-3656] If you move the project, the path for repository 'c:/Pentek/IP/2019.1/pentek' may become invalid. A better location for the repository would be in a path adjacent to the project. (Current project location is 'c:/Pentek/IP/2019.1/pentek/ip/px_ppld2udp100ge_tx'.)
INFO: [IP_Flow 19-2313] Loaded Vivado IP repository 'C:/Xilinx/Vivado/2019.1/patches/AR72445/vivado/data/ip'.
INFO: [IP_Flow 19-2313] Loaded Vivado IP repository 'C:/Xilinx/Vivado/2019.1/data/ip'.
WARNING: [IP_Flow 19-4830] Duplicate Interface found for 'xilinx.com:display_cmac_usplus:an_lt_ctrl_ports_int:2.0'. The one found in location 'c:/Xilinx/Vivado/2019.1/patches/AR72445/vivado/data/ip/xilinx/cmac_usplus_v2_6/interfaces/an_lt_ctrl_ports_int.xml' will take precedence over the same Interface in location 'c:/Xilinx/Vivado/2019.1/data/ip/xilinx/cmac_usplus_v2_4/interfaces/an_lt_ctrl_ports_int.xml'
WARNING: [IP_Flow 19-4830] Duplicate Interface found for 'xilinx.com:display_cmac_usplus:ctrl_ports_int:2.0'. The one found in location 'c:/Xilinx/Vivado/2019.1/patches/AR72445/vivado/data/ip/xilinx/cmac_usplus_v2_6/interfaces/ctrl_ports_int.xml' will take precedence over the same Interface in location 'c:/Xilinx/Vivado/2019.1/data/ip/xilinx/cmac_usplus_v2_4/interfaces/ctrl_ports_int.xml'
WARNING: [IP_Flow 19-4830] Duplicate Interface found for 'xilinx.com:display_cmac_usplus:drp_ports_int:2.0'. The one found in location 'c:/Xilinx/Vivado/2019.1/patches/AR72445/vivado/data/ip/xilinx/cmac_usplus_v2_6/interfaces/drp_ports_int.xml' will take precedence over the same Interface in location 'c:/Xilinx/Vivado/2019.1/data/ip/xilinx/cmac_usplus_v2_4/interfaces/drp_ports_int.xml'
WARNING: [IP_Flow 19-4830] Duplicate Interface found for 'xilinx.com:display_cmac_usplus:flowctrl_ports_int:2.0'. The one found in location 'c:/Xilinx/Vivado/2019.1/patches/AR72445/vivado/data/ip/xilinx/cmac_usplus_v2_6/interfaces/flowctrl_ports_int.xml' will take precedence over the same Interface in location 'c:/Xilinx/Vivado/2019.1/data/ip/xilinx/cmac_usplus_v2_4/interfaces/flowctrl_ports_int.xml'
WARNING: [IP_Flow 19-4830] Duplicate Interface found for 'xilinx.com:display_cmac_usplus:gt_ports_int:2.0'. The one found in location 'c:/Xilinx/Vivado/2019.1/patches/AR72445/vivado/data/ip/xilinx/cmac_usplus_v2_6/interfaces/gt_ports_int.xml' will take precedence over the same Interface in location 'c:/Xilinx/Vivado/2019.1/data/ip/xilinx/cmac_usplus_v2_4/interfaces/gt_ports_int.xml'
WARNING: [IP_Flow 19-4830] Duplicate Interface found for 'xilinx.com:display_cmac_usplus:ieee_1588_ports_int:2.0'. The one found in location 'c:/Xilinx/Vivado/2019.1/patches/AR72445/vivado/data/ip/xilinx/cmac_usplus_v2_6/interfaces/ieee_1588_ports_int.xml' will take precedence over the same Interface in location 'c:/Xilinx/Vivado/2019.1/data/ip/xilinx/cmac_usplus_v2_4/interfaces/ieee_1588_ports_int.xml'
WARNING: [IP_Flow 19-4830] Duplicate Interface found for 'xilinx.com:display_cmac_usplus:lbus_ports_int:2.0'. The one found in location 'c:/Xilinx/Vivado/2019.1/patches/AR72445/vivado/data/ip/xilinx/cmac_usplus_v2_6/interfaces/lbus_ports_int.xml' will take precedence over the same Interface in location 'c:/Xilinx/Vivado/2019.1/data/ip/xilinx/cmac_usplus_v2_4/interfaces/lbus_ports_int.xml'
WARNING: [IP_Flow 19-4830] Duplicate Interface found for 'xilinx.com:display_cmac_usplus:otn_ports_int:2.0'. The one found in location 'c:/Xilinx/Vivado/2019.1/patches/AR72445/vivado/data/ip/xilinx/cmac_usplus_v2_6/interfaces/otn_ports_int.xml' will take precedence over the same Interface in location 'c:/Xilinx/Vivado/2019.1/data/ip/xilinx/cmac_usplus_v2_4/interfaces/otn_ports_int.xml'
WARNING: [IP_Flow 19-4830] Duplicate Interface found for 'xilinx.com:display_cmac_usplus:rs_fec_ports_int:2.0'. The one found in location 'c:/Xilinx/Vivado/2019.1/patches/AR72445/vivado/data/ip/xilinx/cmac_usplus_v2_6/interfaces/rs_fec_ports_int.xml' will take precedence over the same Interface in location 'c:/Xilinx/Vivado/2019.1/data/ip/xilinx/cmac_usplus_v2_4/interfaces/rs_fec_ports_int.xml'
WARNING: [IP_Flow 19-4830] Duplicate Interface found for 'xilinx.com:display_cmac_usplus:shared_logic_ports_int:2.0'. The one found in location 'c:/Xilinx/Vivado/2019.1/patches/AR72445/vivado/data/ip/xilinx/cmac_usplus_v2_6/interfaces/shared_logic_ports_int.xml' will take precedence over the same Interface in location 'c:/Xilinx/Vivado/2019.1/data/ip/xilinx/cmac_usplus_v2_4/interfaces/shared_logic_ports_int.xml'
WARNING: [IP_Flow 19-4830] Duplicate Interface found for 'xilinx.com:display_cmac_usplus:statistics_ports_int:2.0'. The one found in location 'c:/Xilinx/Vivado/2019.1/patches/AR72445/vivado/data/ip/xilinx/cmac_usplus_v2_6/interfaces/statistics_ports_int.xml' will take precedence over the same Interface in location 'c:/Xilinx/Vivado/2019.1/data/ip/xilinx/cmac_usplus_v2_4/interfaces/statistics_ports_int.xml'
WARNING: [BD 41-1661] One or more IPs have been locked in the design 'design_1.bd'. Please run report_ip_status for more details and recommendations on how to fix this issue.
List of locked IPs:
design_1_cmac_usplus_0_0

open_project: Time (s): cpu = 00:00:13 ; elapsed = 00:00:12 . Memory (MB): peak = 862.207 ; gain = 167.781
update_compile_order -fileset sources_1
ipx::open_ipxact_file {C:\Pentek\IP\2019.1\pentek\ip\px_ppld2udp100ge_tx\px_ppld2udp100ge_tx.srcs\sources_1\component.xml}
WARNING: [IP_Flow 19-5226] Project source file 'c:/Pentek/IP/2019.1/pentek/ip/px_ppld2udp100ge_tx/px_ppld2udp100ge_tx.srcs/sources_1/component.xml' ignored by IP packager.
WARNING: [IP_Flow 19-3833] Unreferenced file from the top module is not packaged: 'C:/Pentek/IP/2019.1/pentek/ip/px_ppld2udp100ge_tx/px_ppld2udp100ge_tx.srcs/sources_1/bd/design_1/design_1.bd'.
WARNING: [IP_Flow 19-3898] File Group 'xilinx_anylanguagesynthesis (Synthesis)': File 'c:/Pentek/IP/2019.1/pentek/ip/px_ppld2udp100ge_tx/px_ppld2udp100ge_tx.srcs/sources_1/ip/px_ppld2udp100ge_brctlr/px_ppld2udp100ge_brctlr.xci' is not found in the project sources. It will be removed from the packaged IP when the sources are merged. If still required, please add this file to the project and re-package.
WARNING: [IP_Flow 19-3898] File Group 'xilinx_anylanguagesynthesis (Synthesis)': File 'c:/Pentek/IP/2019.1/pentek/ip/px_ppld2udp100ge_tx/px_ppld2udp100ge_tx.srcs/sources_1/ip/px_ppld2udp100ge_csr/px_ppld2udp100ge_csr.xci' is not found in the project sources. It will be removed from the packaged IP when the sources are merged. If still required, please add this file to the project and re-package.
WARNING: [IP_Flow 19-3898] File Group 'xilinx_anylanguagesynthesis (Synthesis)': File 'c:/Pentek/IP/2019.1/pentek/ip/px_ppld2udp100ge_tx/px_ppld2udp100ge_tx.srcs/sources_1/ip/px_ppld2udp100ge_axi_xbar/px_ppld2udp100ge_axi_xbar.xci' is not found in the project sources. It will be removed from the packaged IP when the sources are merged. If still required, please add this file to the project and re-package.
WARNING: [IP_Flow 19-3898] File Group 'xilinx_anylanguagesynthesis (Synthesis)': File 'c:/Pentek/IP/2019.1/pentek/ip/px_ppld2udp100ge_tx/px_ppld2udp100ge_tx.srcs/sources_1/new/px_ppld2udp100ge_tx.vhd' is not found in the project sources. It will be removed from the packaged IP when the sources are merged. If still required, please add this file to the project and re-package.
WARNING: [IP_Flow 19-3898] File Group 'xilinx_anylanguagebehavioralsimulation (Simulation)': File 'c:/Pentek/IP/2019.1/pentek/ip/px_ppld2udp100ge_tx/px_ppld2udp100ge_tx.srcs/sources_1/ip/px_ppld2udp100ge_brctlr/px_ppld2udp100ge_brctlr.xci' is not found in the project sources. It will be removed from the packaged IP when the sources are merged. If still required, please add this file to the project and re-package.
WARNING: [IP_Flow 19-3898] File Group 'xilinx_anylanguagebehavioralsimulation (Simulation)': File 'c:/Pentek/IP/2019.1/pentek/ip/px_ppld2udp100ge_tx/px_ppld2udp100ge_tx.srcs/sources_1/ip/px_ppld2udp100ge_csr/px_ppld2udp100ge_csr.xci' is not found in the project sources. It will be removed from the packaged IP when the sources are merged. If still required, please add this file to the project and re-package.
WARNING: [IP_Flow 19-3898] File Group 'xilinx_anylanguagebehavioralsimulation (Simulation)': File 'c:/Pentek/IP/2019.1/pentek/ip/px_ppld2udp100ge_tx/px_ppld2udp100ge_tx.srcs/sources_1/ip/px_ppld2udp100ge_axi_xbar/px_ppld2udp100ge_axi_xbar.xci' is not found in the project sources. It will be removed from the packaged IP when the sources are merged. If still required, please add this file to the project and re-package.
WARNING: [IP_Flow 19-3898] File Group 'xilinx_anylanguagebehavioralsimulation (Simulation)': File 'c:/Pentek/IP/2019.1/pentek/ip/px_ppld2udp100ge_tx/px_ppld2udp100ge_tx.srcs/sources_1/new/px_ppld2udp100ge_tx.vhd' is not found in the project sources. It will be removed from the packaged IP when the sources are merged. If still required, please add this file to the project and re-package.
ipx::add_file_group -type product_guide {} [ipx::current_core]
ipx::add_file C:/Pentek/IP/2019.1/pentek/ip/px_ppld2udp100ge_tx/px_ppld2udp100ge_tx.srcs/doc/px_ppld2udp100ge_tx.pdf [ipx::get_file_groups xilinx_productguide -of_objects [ipx::current_core]]
set_property type pdf [ipx::get_files ../doc/px_ppld2udp100ge_tx.pdf -of_objects [ipx::get_file_groups xilinx_productguide -of_objects [ipx::current_core]]]
set_property core_revision 22 [ipx::current_core]
ipx::create_xgui_files [ipx::current_core]
ipx::update_checksums [ipx::current_core]
ipx::save_core [ipx::current_core]
update_ip_catalog -rebuild -repo_path c:/Pentek/IP/2019.1/pentek
INFO: [IP_Flow 19-725] Reloaded user IP repository 'c:/Pentek/IP/2019.1/pentek'
WARNING: [IP_Flow 19-4830] Duplicate Interface found for 'xilinx.com:display_cmac_usplus:an_lt_ctrl_ports_int:2.0'. The one found in location 'c:/Xilinx/Vivado/2019.1/patches/AR72445/vivado/data/ip/xilinx/cmac_usplus_v2_6/interfaces/an_lt_ctrl_ports_int.xml' will take precedence over the same Interface in location 'c:/Xilinx/Vivado/2019.1/data/ip/xilinx/cmac_usplus_v2_4/interfaces/an_lt_ctrl_ports_int.xml'
WARNING: [IP_Flow 19-4830] Duplicate Interface found for 'xilinx.com:display_cmac_usplus:ctrl_ports_int:2.0'. The one found in location 'c:/Xilinx/Vivado/2019.1/patches/AR72445/vivado/data/ip/xilinx/cmac_usplus_v2_6/interfaces/ctrl_ports_int.xml' will take precedence over the same Interface in location 'c:/Xilinx/Vivado/2019.1/data/ip/xilinx/cmac_usplus_v2_4/interfaces/ctrl_ports_int.xml'
WARNING: [IP_Flow 19-4830] Duplicate Interface found for 'xilinx.com:display_cmac_usplus:drp_ports_int:2.0'. The one found in location 'c:/Xilinx/Vivado/2019.1/patches/AR72445/vivado/data/ip/xilinx/cmac_usplus_v2_6/interfaces/drp_ports_int.xml' will take precedence over the same Interface in location 'c:/Xilinx/Vivado/2019.1/data/ip/xilinx/cmac_usplus_v2_4/interfaces/drp_ports_int.xml'
WARNING: [IP_Flow 19-4830] Duplicate Interface found for 'xilinx.com:display_cmac_usplus:flowctrl_ports_int:2.0'. The one found in location 'c:/Xilinx/Vivado/2019.1/patches/AR72445/vivado/data/ip/xilinx/cmac_usplus_v2_6/interfaces/flowctrl_ports_int.xml' will take precedence over the same Interface in location 'c:/Xilinx/Vivado/2019.1/data/ip/xilinx/cmac_usplus_v2_4/interfaces/flowctrl_ports_int.xml'
WARNING: [IP_Flow 19-4830] Duplicate Interface found for 'xilinx.com:display_cmac_usplus:gt_ports_int:2.0'. The one found in location 'c:/Xilinx/Vivado/2019.1/patches/AR72445/vivado/data/ip/xilinx/cmac_usplus_v2_6/interfaces/gt_ports_int.xml' will take precedence over the same Interface in location 'c:/Xilinx/Vivado/2019.1/data/ip/xilinx/cmac_usplus_v2_4/interfaces/gt_ports_int.xml'
WARNING: [IP_Flow 19-4830] Duplicate Interface found for 'xilinx.com:display_cmac_usplus:ieee_1588_ports_int:2.0'. The one found in location 'c:/Xilinx/Vivado/2019.1/patches/AR72445/vivado/data/ip/xilinx/cmac_usplus_v2_6/interfaces/ieee_1588_ports_int.xml' will take precedence over the same Interface in location 'c:/Xilinx/Vivado/2019.1/data/ip/xilinx/cmac_usplus_v2_4/interfaces/ieee_1588_ports_int.xml'
WARNING: [IP_Flow 19-4830] Duplicate Interface found for 'xilinx.com:display_cmac_usplus:lbus_ports_int:2.0'. The one found in location 'c:/Xilinx/Vivado/2019.1/patches/AR72445/vivado/data/ip/xilinx/cmac_usplus_v2_6/interfaces/lbus_ports_int.xml' will take precedence over the same Interface in location 'c:/Xilinx/Vivado/2019.1/data/ip/xilinx/cmac_usplus_v2_4/interfaces/lbus_ports_int.xml'
WARNING: [IP_Flow 19-4830] Duplicate Interface found for 'xilinx.com:display_cmac_usplus:otn_ports_int:2.0'. The one found in location 'c:/Xilinx/Vivado/2019.1/patches/AR72445/vivado/data/ip/xilinx/cmac_usplus_v2_6/interfaces/otn_ports_int.xml' will take precedence over the same Interface in location 'c:/Xilinx/Vivado/2019.1/data/ip/xilinx/cmac_usplus_v2_4/interfaces/otn_ports_int.xml'
WARNING: [IP_Flow 19-4830] Duplicate Interface found for 'xilinx.com:display_cmac_usplus:rs_fec_ports_int:2.0'. The one found in location 'c:/Xilinx/Vivado/2019.1/patches/AR72445/vivado/data/ip/xilinx/cmac_usplus_v2_6/interfaces/rs_fec_ports_int.xml' will take precedence over the same Interface in location 'c:/Xilinx/Vivado/2019.1/data/ip/xilinx/cmac_usplus_v2_4/interfaces/rs_fec_ports_int.xml'
WARNING: [IP_Flow 19-4830] Duplicate Interface found for 'xilinx.com:display_cmac_usplus:shared_logic_ports_int:2.0'. The one found in location 'c:/Xilinx/Vivado/2019.1/patches/AR72445/vivado/data/ip/xilinx/cmac_usplus_v2_6/interfaces/shared_logic_ports_int.xml' will take precedence over the same Interface in location 'c:/Xilinx/Vivado/2019.1/data/ip/xilinx/cmac_usplus_v2_4/interfaces/shared_logic_ports_int.xml'
WARNING: [IP_Flow 19-4830] Duplicate Interface found for 'xilinx.com:display_cmac_usplus:statistics_ports_int:2.0'. The one found in location 'c:/Xilinx/Vivado/2019.1/patches/AR72445/vivado/data/ip/xilinx/cmac_usplus_v2_6/interfaces/statistics_ports_int.xml' will take precedence over the same Interface in location 'c:/Xilinx/Vivado/2019.1/data/ip/xilinx/cmac_usplus_v2_4/interfaces/statistics_ports_int.xml'
exit
INFO: [Common 17-206] Exiting Vivado at Thu Nov  7 14:06:02 2019...
