Copyright 1986-2019 Xilinx, Inc. All Rights Reserved.
------------------------------------------------------------------------------------
| Tool Version : Vivado v.2019.2 (win64) Build 2708876 Wed Nov  6 21:40:23 MST 2019
| Date         : Tue Dec 17 17:12:31 2019
| Host         : DESKTOP-A2UUJ55 running 64-bit major release  (build 9200)
| Command      : upgrade_ip
| Device       : xcku035-ffva1156-2-e
------------------------------------------------------------------------------------

Upgrade Log for IP 'px_jesd_sync_mod_csr'

1. Summary
----------

SUCCESS in the upgrade of px_jesd_sync_mod_csr (pentek.com:px_ip:px_axil_csr:1.0) from (Rev. 23) to (Rev. 24)






Copyright 1986-2019 Xilinx, Inc. All Rights Reserved.
------------------------------------------------------------------------------------
| Tool Version : Vivado v.2019.1 (win64) Build 2552052 Fri May 24 14:49:42 MDT 2019
| Date         : Tue Dec  3 14:57:00 2019
| Host         : DESKTOP-A2UUJ55 running 64-bit major release  (build 9200)
| Command      : upgrade_ip
| Device       : xcku035-ffva1156-2-e
------------------------------------------------------------------------------------

Upgrade Log for IP 'px_jesd_sync_mod_csr'

1. Summary
----------

SUCCESS in the upgrade of px_jesd_sync_mod_csr (pentek.com:px_ip:px_axil_csr:1.0) from (Rev. 22) to (Rev. 23)






Copyright 1986-2018 Xilinx, Inc. All Rights Reserved.
------------------------------------------------------------------------------------
| Tool Version : Vivado v.2018.3 (win64) Build 2405991 Thu Dec  6 23:38:27 MST 2018
| Date         : Mon Apr 15 11:55:48 2019
| Host         : Germain-PC running 64-bit major release  (build 9200)
| Command      : upgrade_ip
| Device       : xcku035-ffva1156-2-e
------------------------------------------------------------------------------------

Upgrade Log for IP 'px_jesd_sync_mod_csr'

1. Summary
----------

SUCCESS in the upgrade of px_jesd_sync_mod_csr (pentek.com:px_ip:px_axil_csr:1.0) from (Rev. 21) to (Rev. 22)






Copyright 1986-2018 Xilinx, Inc. All Rights Reserved.
------------------------------------------------------------------------------------
| Tool Version : Vivado v.2018.3 (win64) Build 2405991 Thu Dec  6 23:38:27 MST 2018
| Date         : Fri Dec 14 08:33:22 2018
| Host         : Rich-PC running 64-bit major release  (build 9200)
| Command      : upgrade_ip
| Device       : xcku035-ffva1156-2-e
------------------------------------------------------------------------------------

Upgrade Log for IP 'px_jesd_sync_mod_csr'

1. Summary
----------

SUCCESS in the upgrade of px_jesd_sync_mod_csr (pentek.com:px_ip:px_axil_csr:1.0) from (Rev. 21) to (Rev. 22)

