INFO: [HLS 200-10] Running '/home/karboski/Xilinx/Vivado/2019.2/bin/unwrapped/lnx64.o/vivado_hls'
INFO: [HLS 200-10] For user 'karboski' on host 'wind.eol.ucar.edu' (Linux_x86_64 version 4.18.0-277.el8.x86_64) on Fri Nov 19 22:43:06 GMT 2021
INFO: [HLS 200-10] In directory '/home/karboski/git/HCR_instrument/fpga/Pentek821/IP/EOL/hls'
Sourcing Tcl script '/home/karboski/git/HCR_instrument/fpga/Pentek821/IP/EOL/hls/hcr_metadata_injector/solution1/cosim.tcl'
INFO: [HLS 200-10] Opening project '/home/karboski/git/HCR_instrument/fpga/Pentek821/IP/EOL/hls/hcr_metadata_injector'.
INFO: [HLS 200-10] Opening solution '/home/karboski/git/HCR_instrument/fpga/Pentek821/IP/EOL/hls/hcr_metadata_injector/solution1'.
INFO: [SYN 201-201] Setting up clock 'default' with a period of 5ns.
INFO: [SYN 201-201] Setting up clock 'default' with an uncertainty of 0.625ns.
INFO: [HLS 200-10] Setting target device to 'xcku060-ffva1156-2-e'
INFO: [HLS 200-435] Setting 'config_sdx -target' configuration: config_export -vivado_optimization_level=2
INFO: [HLS 200-435] Setting 'config_sdx -target' configuration: set_clock_uncertainty default
INFO: [COSIM 212-47] Using XSIM for RTL simulation.
INFO: [COSIM 212-14] Instrumenting C test bench ...
   Build using "/home/karboski/Xilinx/Vivado/2019.2/tps/lnx64/gcc-6.2.0/bin/g++"
   Compiling hcr_tb.cpp_pre.cpp.tb.cpp
   Compiling hcr_controller.cpp_pre.cpp.tb.cpp
   Compiling apatb_hcr_metadata_injector.cpp
   Compiling hcr_metadata_injector.cpp_pre.cpp.tb.cpp
   Generating cosim.tv.exe
INFO: [COSIM 212-302] Starting C TB testing ... 
Scheduled 25 pulses
Reading pulse... T0 blockFL: 10  xferFL: 10
Reading pulse... T0 blockFL: 00  xferFL: 00
Reading pulse... T0 blockFL: 00  xferFL: 01
Reading pulse... T0 blockFL: 01  xferFL: 10
Reading pulse... T0 blockFL: 10  xferFL: 00
Reading pulse... T0 blockFL: 01  xferFL: 01
Reading pulse... T0 blockFL: 10  xferFL: 10
Reading pulse... T0 blockFL: 00  xferFL: 00
Reading pulse... T0 blockFL: 00  xferFL: 01
Reading pulse... T0 blockFL: 01  xferFL: 10
Reading pulse... T0 blockFL: 10  xferFL: 00
Reading pulse... T0 blockFL: 01  xferFL: 01
Reading pulse... T0 blockFL: 10  xferFL: 10
Reading pulse... T0 blockFL: 00  xferFL: 00
Reading pulse... T0 blockFL: 00  xferFL: 01
Reading pulse... T0 blockFL: 01  xferFL: 10
Reading pulse... T0 blockFL: 10  xferFL: 00
Reading pulse... T0 blockFL: 01  xferFL: 01
Reading pulse... T0 blockFL: 10  xferFL: 10
Reading pulse... T0 blockFL: 00  xferFL: 00
Reading pulse... T0 blockFL: 00  xferFL: 01
Reading pulse... T0 blockFL: 01  xferFL: 10
Reading pulse... T0 blockFL: 10  xferFL: 00
Reading pulse... T0 blockFL: 01  xferFL: 01
Reading pulse... T0 blockFL: 10  xferFL: 11
Reading pulse... T1 
EOB 

Pulse: 0xba5eba11, 0x50001, 0xdeadbeef, 0xf00dcafe, 0x0, 0x08, 0x080, 0x0, 0x0, 0x0, 0x0, 0x0, 0x0, 0x0, 0x0, 0x0
0x1000000
0x1000002
0x1000004
0x1000006
0x1000008
0x100000a
0x100000c
0x100000e


Pulse: 0xba5eba11, 0x1, 0xdeadbeef, 0xf00dcafe, 0x0, 0x08, 0x080, 0x0, 0x1, 0x0, 0x0, 0x0, 0x0, 0x0, 0x0, 0x0
0x1000100
0x1000102
0x1000104
0x1000106
0x1000108
0x100010a
0x100010c
0x100010e


Pulse: 0xba5eba11, 0x080001, 0xdeadbeef, 0xf00dcafe, 0x0, 0x08, 0x080, 0x0, 0x2, 0x0, 0x0, 0x0, 0x0, 0x0, 0x0, 0x0
0x1000200
0x1000202
0x1000204
0x1000206
0x1000208
0x100020a
0x100020c
0x100020e
EOB EOB 

Pulse: 0xba5eba11, 0x60001, 0xdeadbeef, 0xf00dcafe, 0x0, 0x08, 0x080, 0x0, 0x3, 0x0, 0x0, 0x0, 0x0, 0x0, 0x0, 0x0
0x1000300
0x1000302
0x1000304
0x1000306
0x1000308
0x100030a
0x100030c
0x100030e


Pulse: 0xba5eba11, 0x10001, 0xdeadbeef, 0xf00dcafe, 0x1, 0x3, 0x64, 0x0, 0x4, 0x0, 0x0, 0x0, 0x0, 0x0, 0x0, 0x0
0x1000400
0x1000402
0x1000404


Pulse: 0xba5eba11, 0x0a0001, 0xdeadbeef, 0xf00dcafe, 0x1, 0x3, 0x64, 0x0, 0x5, 0x0, 0x0, 0x0, 0x0, 0x0, 0x0, 0x0
0x1000500
0x1000502
0x1000504
EOB EOB EOB EOB EOB EOB EOB EOB EOB EOB EOB EOB 

Pulse: 0xba5eba11, 0x50001, 0xdeadbeef, 0xf00dcafe, 0x0, 0x08, 0x080, 0x0, 0x6, 0x0, 0x0, 0x0, 0x0, 0x0, 0x0, 0x0
0x1000600
0x1000602
0x1000604
0x1000606
0x1000608
0x100060a
0x100060c
0x100060e


Pulse: 0xba5eba11, 0x1, 0xdeadbeef, 0xf00dcafe, 0x0, 0x08, 0x080, 0x0, 0x7, 0x0, 0x0, 0x0, 0x0, 0x0, 0x0, 0x0
0x1000700
0x1000702
0x1000704
0x1000706
0x1000708
0x100070a
0x100070c
0x100070e


Pulse: 0xba5eba11, 0x080001, 0xdeadbeef, 0xf00dcafe, 0x0, 0x08, 0x080, 0x0, 0x08, 0x0, 0x0, 0x0, 0x0, 0x0, 0x0, 0x0
0x1000800
0x1000802
0x1000804
0x1000806
0x1000808
0x100080a
0x100080c
0x100080e
EOB EOB 

Pulse: 0xba5eba11, 0x60001, 0xdeadbeef, 0xf00dcafe, 0x0, 0x08, 0x080, 0x0, 0x09, 0x0, 0x0, 0x0, 0x0, 0x0, 0x0, 0x0
0x1000900
0x1000902
0x1000904
0x1000906
0x1000908
0x100090a
0x100090c
0x100090e


Pulse: 0xba5eba11, 0x10001, 0xdeadbeef, 0xf00dcafe, 0x1, 0x3, 0x64, 0x0, 0x0a, 0x0, 0x0, 0x0, 0x0, 0x0, 0x0, 0x0
0x1000a00
0x1000a02
0x1000a04


Pulse: 0xba5eba11, 0x0a0001, 0xdeadbeef, 0xf00dcafe, 0x1, 0x3, 0x64, 0x0, 0x0b, 0x0, 0x0, 0x0, 0x0, 0x0, 0x0, 0x0
0x1000b00
0x1000b02
0x1000b04
EOB EOB EOB EOB EOB EOB EOB EOB EOB EOB EOB EOB 

Pulse: 0xba5eba11, 0x50001, 0xdeadbeef, 0xf00dcafe, 0x0, 0x08, 0x080, 0x0, 0x0c, 0x0, 0x0, 0x0, 0x0, 0x0, 0x0, 0x0
0x1000c00
0x1000c02
0x1000c04
0x1000c06
0x1000c08
0x1000c0a
0x1000c0c
0x1000c0e


Pulse: 0xba5eba11, 0x1, 0xdeadbeef, 0xf00dcafe, 0x0, 0x08, 0x080, 0x0, 0x0d, 0x0, 0x0, 0x0, 0x0, 0x0, 0x0, 0x0
0x1000d00
0x1000d02
0x1000d04
0x1000d06
0x1000d08
0x1000d0a
0x1000d0c
0x1000d0e


Pulse: 0xba5eba11, 0x080001, 0xdeadbeef, 0xf00dcafe, 0x0, 0x08, 0x080, 0x0, 0x0e, 0x0, 0x0, 0x0, 0x0, 0x0, 0x0, 0x0
0x1000e00
0x1000e02
0x1000e04
0x1000e06
0x1000e08
0x1000e0a
0x1000e0c
0x1000e0e
EOB EOB 

Pulse: 0xba5eba11, 0x60001, 0xdeadbeef, 0xf00dcafe, 0x0, 0x08, 0x080, 0x0, 0x0f, 0x0, 0x0, 0x0, 0x0, 0x0, 0x0, 0x0
0x1000f00
0x1000f02
0x1000f04
0x1000f06
0x1000f08
0x1000f0a
0x1000f0c
0x1000f0e


Pulse: 0xba5eba11, 0x10001, 0xdeadbeef, 0xf00dcafe, 0x1, 0x3, 0x64, 0x0, 0x10, 0x0, 0x0, 0x0, 0x0, 0x0, 0x0, 0x0
0x1001000
0x1001002
0x1001004


Pulse: 0xba5eba11, 0x0a0001, 0xdeadbeef, 0xf00dcafe, 0x1, 0x3, 0x64, 0x0, 0x11, 0x0, 0x0, 0x0, 0x0, 0x0, 0x0, 0x0
0x1001100
0x1001102
0x1001104
EOB EOB EOB EOB EOB EOB EOB EOB EOB EOB EOB EOB 

Pulse: 0xba5eba11, 0x50001, 0xdeadbeef, 0xf00dcafe, 0x0, 0x08, 0x080, 0x0, 0x12, 0x0, 0x0, 0x0, 0x0, 0x0, 0x0, 0x0
0x1001200
0x1001202
0x1001204
0x1001206
0x1001208
0x100120a
0x100120c
0x100120e


Pulse: 0xba5eba11, 0x1, 0xdeadbeef, 0xf00dcafe, 0x0, 0x08, 0x080, 0x0, 0x13, 0x0, 0x0, 0x0, 0x0, 0x0, 0x0, 0x0
0x1001300
0x1001302
0x1001304
0x1001306
0x1001308
0x100130a
0x100130c
0x100130e


Pulse: 0xba5eba11, 0x080001, 0xdeadbeef, 0xf00dcafe, 0x0, 0x08, 0x080, 0x0, 0x14, 0x0, 0x0, 0x0, 0x0, 0x0, 0x0, 0x0
0x1001400
0x1001402
0x1001404
0x1001406
0x1001408
0x100140a
0x100140c
0x100140e
EOB EOB 

Pulse: 0xba5eba11, 0x60001, 0xdeadbeef, 0xf00dcafe, 0x0, 0x08, 0x080, 0x0, 0x15, 0x0, 0x0, 0x0, 0x0, 0x0, 0x0, 0x0
0x1001500
0x1001502
0x1001504
0x1001506
0x1001508
0x100150a
0x100150c
0x100150e


Pulse: 0xba5eba11, 0x10001, 0xdeadbeef, 0xf00dcafe, 0x1, 0x3, 0x64, 0x0, 0x16, 0x0, 0x0, 0x0, 0x0, 0x0, 0x0, 0x0
0x1001600
0x1001602
0x1001604


Pulse: 0xba5eba11, 0x0a0001, 0xdeadbeef, 0xf00dcafe, 0x1, 0x3, 0x64, 0x0, 0x17, 0x0, 0x0, 0x0, 0x0, 0x0, 0x0, 0x0
0x1001700
0x1001702
0x1001704
EOB EOB EOB EOB EOB EOB EOB EOB EOB EOB EOB EOB 

Pulse: 0xba5eba11, 0x0d0001, 0xdeadbeef, 0xf00dcafe, 0x0, 0x08, 0x080, 0x0, 0x18, 0x0, 0x0, 0x0, 0x0, 0x0, 0x0, 0x0
0x1001800
0x1001802
0x1001804
0x1001806
0x1001808
0x100180a
0x100180c
0x100180e
EOB 0x0 0x30 0x2f 0x2e 0x2d 0x2c 0x2b 0x2a 0x29 0x28 0x27 0x26 0x25 0x24 0x23 0x22 0x21 0x20 0x1f 0x1e 0x1d 0x1c 0x1b 0x1a 0x19 0x18 0x17 0x16 0x15 0x14 0x13 0x12 0x11 0x10 0x0f 0x0e 0x0d 0x0c 0x0b 0x0a 0x09 0x08 0x7 0x6 0x5 0x4 0x3 0x2 0x1 0x1 0x31 0x30 0x2f 0x2e 0x2d 0x2c 0x2b 0x2a 0x29 0x28 0x27 0x26 0x25 0x24 0x23 0x22 0x21 0x20 0x1f 0x1e 0x1d 0x1c 0x1b 0x1a 0x19 0x18 0x17 0x16 0x15 0x14 0x13 0x12 0x11 0x10 0x0f 0x0e 0x0d 0x0c 0x0b 0x0a 0x09 0x08 0x7 0x6 0x5 0x4 0x3 0x2 0x2 0x32 0x31 0x30 0x2f 0x2e 0x2d 0x2c 0x2b 0x2a 0x29 0x28 0x27 0x26 0x25 0x24 0x23 0x22 0x21 0x20 0x1f 0x1e 0x1d 0x1c 0x1b 0x1a 0x19 0x18 0x17 0x16 0x15 0x14 0x13 0x12 0x11 0x10 0x0f 0x0e 0x0d 0x0c 0x0b 0x0a 0x09 0x08 0x7 0x6 0x5 0x4 0x3 0x3 0x33 0x32 0x31 0x30 0x2f 0x2e 0x2d 0x2c 0x2b 0x2a 0x29 0x28 0x27 0x26 0x25 0x24 0x23 0x22 0x21 0x20 0x1f 0x1e 0x1d 0x1c 0x1b 0x1a 0x19 0x18 0x17 0x16 0x15 0x14 0x13 0x12 0x11 0x10 0x0f 0x0e 0x0d 0x0c 0x0b 0x0a 0x09 0x08 0x7 0x6 0x5 0x4 0x4 0x34 0x33 0x32 0x31 0x30 0x2f 0x2e 0x2d 0x2c 0x2b 0x2a 0x29 0x28 0x27 0x26 0x25 0x24 0x23 0x22 0x21 0x20 0x1f 0x1e 0x1d 0x1c 0x1b 0x1a 0x19 0x18 0x17 0x16 0x15 0x14 0x13 0x12 0x11 0x10 0x0f 0x0e 0x0d 0x0c 0x0b 0x0a 0x09 0x08 0x7 0x6 0x5 0x5 0x35 0x34 0x33 0x32 0x31 0x30 0x2f 0x2e 0x2d 0x2c 0x2b 0x2a 0x29 0x28 0x27 0x26 0x25 0x24 0x23 0x22 0x21 0x20 0x1f 0x1e 0x1d 0x1c 0x1b 0x1a 0x19 0x18 0x17 0x16 0x15 0x14 0x13 0x12 0x11 0x10 0x0f 0x0e 0x0d 0x0c 0x0b 0x0a 0x09 0x08 0x7 0x6 0x6 0x36 0x35 0x34 0x33 0x32 0x31 0x30 0x2f 0x2e 0x2d 0x2c 0x2b 0x2a 0x29 0x28 0x27 0x26 0x25 0x24 0x23 0x22 0x21 0x20 0x1f 0x1e 0x1d 0x1c 0x1b 0x1a 0x19 0x18 0x17 0x16 0x15 0x14 0x13 0x12 0x11 0x10 0x0f 0x0e 0x0d 0x0c 0x0b 0x0a 0x09 0x08 0x7 0x7 0x37 0x36 0x35 0x34 0x33 0x32 0x31 0x30 0x2f 0x2e 0x2d 0x2c 0x2b 0x2a 0x29 0x28 0x27 0x26 0x25 0x24 0x23 0x22 0x21 0x20 0x1f 0x1e 0x1d 0x1c 0x1b 0x1a 0x19 0x18 0x17 0x16 0x15 0x14 0x13 0x12 0x11 0x10 0x0f 0x0e 0x0d 0x0c 0x0b 0x0a 0x09 0x08 
0x0 0x31 0x30 0x2f 0x2e 0x2d 0x2c 0x2b 0x2a 0x29 0x28 0x27 0x26 0x25 0x24 0x23 0x22 0x21 0x20 0x1f 0x1e 0x1d 0x1c 0x1b 0x1a 0x19 0x18 0x17 0x16 0x15 0x14 0x13 0x12 0x11 0x10 0x0f 0x0e 0x0d 0x0c 0x0b 0x0a 0x09 0x08 0x7 0x6 0x5 0x4 0x3 0x2 0x1 0x32 0x31 0x30 0x2f 0x2e 0x2d 0x2c 0x2b 0x2a 0x29 0x28 0x27 0x26 0x25 0x24 0x23 0x22 0x21 0x20 0x1f 0x1e 0x1d 0x1c 0x1b 0x1a 0x19 0x18 0x17 0x16 0x15 0x14 0x13 0x12 0x11 0x10 0x0f 0x0e 0x0d 0x0c 0x0b 0x0a 0x09 0x08 0x7 0x6 0x5 0x4 0x3 0x2 0x33 0x32 0x31 0x30 0x2f 0x2e 0x2d 0x2c 0x2b 0x2a 0x29 0x28 0x27 0x26 0x25 0x24 0x23 0x22 0x21 0x20 0x1f 0x1e 0x1d 0x1c 0x1b 0x1a 0x19 0x18 0x17 0x16 0x15 0x14 0x13 0x12 0x11 0x10 0x0f 0x0e 0x0d 0x0c 0x0b 0x0a 0x09 0x08 0x7 0x6 0x5 0x4 0x3 0x34 0x33 0x32 0x31 0x30 0x2f 0x2e 0x2d 0x2c 0x2b 0x2a 0x29 0x28 0x27 0x26 0x25 0x24 0x23 0x22 0x21 0x20 0x1f 0x1e 0x1d 0x1c 0x1b 0x1a 0x19 0x18 0x17 0x16 0x15 0x14 0x13 0x12 0x11 0x10 0x0f 0x0e 0x0d 0x0c 0x0b 0x0a 0x09 0x08 0x7 0x6 0x5 0x4 0x35 0x34 0x33 0x32 0x31 0x30 0x2f 0x2e 0x2d 0x2c 0x2b 0x2a 0x29 0x28 0x27 0x26 0x25 0x24 0x23 0x22 0x21 0x20 0x1f 0x1e 0x1d 0x1c 0x1b 0x1a 0x19 0x18 0x17 0x16 0x15 0x14 0x13 0x12 0x11 0x10 0x0f 0x0e 0x0d 0x0c 0x0b 0x0a 0x09 0x08 0x7 0x6 0x5 0x36 0x35 0x34 0x33 0x32 0x31 0x30 0x2f 0x2e 0x2d 0x2c 0x2b 0x2a 0x29 0x28 0x27 0x26 0x25 0x24 0x23 0x22 0x21 0x20 0x1f 0x1e 0x1d 0x1c 0x1b 0x1a 0x19 0x18 0x17 0x16 0x15 0x14 0x13 0x12 0x11 0x10 0x0f 0x0e 0x0d 0x0c 0x0b 0x0a 0x09 0x08 0x7 0x6 0x37 0x36 0x35 0x34 0x33 0x32 0x31 0x30 0x2f 0x2e 0x2d 0x2c 0x2b 0x2a 0x29 0x28 0x27 0x26 0x25 0x24 0x23 0x22 0x21 0x20 0x1f 0x1e 0x1d 0x1c 0x1b 0x1a 0x19 0x18 0x17 0x16 0x15 0x14 0x13 0x12 0x11 0x10 0x0f 0x0e 0x0d 0x0c 0x0b 0x0a 0x09 0x08 0x7 0x38 0x37 0x36 0x35 0x34 0x33 0x32 0x31 0x30 0x2f 0x2e 0x2d 0x2c 0x2b 0x2a 0x29 0x28 0x27 0x26 0x25 0x24 0x23 0x22 0x21 0x20 0x1f 0x1e 0x1d 0x1c 0x1b 0x1a 0x19 0x18 0x17 0x16 0x15 0x14 0x13 0x12 0x11 0x10 0x0f 0x0e 0x0d 0x0c 0x0b 0x0a 0x09 
0x0 0x32 0x31 0x30 0x2f 0x2e 0x2d 0x2c 0x2b 0x2a 0x29 0x28 0x27 0x26 0x25 0x24 0x23 0x22 0x21 0x20 0x1f 0x1e 0x1d 0x1c 0x1b 0x1a 0x19 0x18 0x17 0x16 0x15 0x14 0x13 0x12 0x11 0x10 0x0f 0x0e 0x0d 0x0c 0x0b 0x0a 0x09 0x08 0x7 0x6 0x5 0x4 0x3 0x1 0x33 0x32 0x31 0x30 0x2f 0x2e 0x2d 0x2c 0x2b 0x2a 0x29 0x28 0x27 0x26 0x25 0x24 0x23 0x22 0x21 0x20 0x1f 0x1e 0x1d 0x1c 0x1b 0x1a 0x19 0x18 0x17 0x16 0x15 0x14 0x13 0x12 0x11 0x10 0x0f 0x0e 0x0d 0x0c 0x0b 0x0a 0x09 0x08 0x7 0x6 0x5 0x4 0x2 0x34 0x33 0x32 0x31 0x30 0x2f 0x2e 0x2d 0x2c 0x2b 0x2a 0x29 0x28 0x27 0x26 0x25 0x24 0x23 0x22 0x21 0x20 0x1f 0x1e 0x1d 0x1c 0x1b 0x1a 0x19 0x18 0x17 0x16 0x15 0x14 0x13 0x12 0x11 0x10 0x0f 0x0e 0x0d 0x0c 0x0b 0x0a 0x09 0x08 0x7 0x6 0x5 0x3 0x35 0x34 0x33 0x32 0x31 0x30 0x2f 0x2e 0x2d 0x2c 0x2b 0x2a 0x29 0x28 0x27 0x26 0x25 0x24 0x23 0x22 0x21 0x20 0x1f 0x1e 0x1d 0x1c 0x1b 0x1a 0x19 0x18 0x17 0x16 0x15 0x14 0x13 0x12 0x11 0x10 0x0f 0x0e 0x0d 0x0c 0x0b 0x0a 0x09 0x08 0x7 0x6 0x4 0x36 0x35 0x34 0x33 0x32 0x31 0x30 0x2f 0x2e 0x2d 0x2c 0x2b 0x2a 0x29 0x28 0x27 0x26 0x25 0x24 0x23 0x22 0x21 0x20 0x1f 0x1e 0x1d 0x1c 0x1b 0x1a 0x19 0x18 0x17 0x16 0x15 0x14 0x13 0x12 0x11 0x10 0x0f 0x0e 0x0d 0x0c 0x0b 0x0a 0x09 0x08 0x7 0x5 0x37 0x36 0x35 0x34 0x33 0x32 0x31 0x30 0x2f 0x2e 0x2d 0x2c 0x2b 0x2a 0x29 0x28 0x27 0x26 0x25 0x24 0x23 0x22 0x21 0x20 0x1f 0x1e 0x1d 0x1c 0x1b 0x1a 0x19 0x18 0x17 0x16 0x15 0x14 0x13 0x12 0x11 0x10 0x0f 0x0e 0x0d 0x0c 0x0b 0x0a 0x09 0x08 0x6 0x38 0x37 0x36 0x35 0x34 0x33 0x32 0x31 0x30 0x2f 0x2e 0x2d 0x2c 0x2b 0x2a 0x29 0x28 0x27 0x26 0x25 0x24 0x23 0x22 0x21 0x20 0x1f 0x1e 0x1d 0x1c 0x1b 0x1a 0x19 0x18 0x17 0x16 0x15 0x14 0x13 0x12 0x11 0x10 0x0f 0x0e 0x0d 0x0c 0x0b 0x0a 0x09 0x7 0x39 0x38 0x37 0x36 0x35 0x34 0x33 0x32 0x31 0x30 0x2f 0x2e 0x2d 0x2c 0x2b 0x2a 0x29 0x28 0x27 0x26 0x25 0x24 0x23 0x22 0x21 0x20 0x1f 0x1e 0x1d 0x1c 0x1b 0x1a 0x19 0x18 0x17 0x16 0x15 0x14 0x13 0x12 0x11 0x10 0x0f 0x0e 0x0d 0x0c 0x0b 0x0a 
INFO: [COSIM 212-333] Generating C post check test bench ...
INFO: [COSIM 212-12] Generating RTL test bench ...
INFO: [COSIM 212-1] *** C/RTL co-simulation file generation completed. ***
INFO: [COSIM 212-322] Starting VHDL simulation. 
INFO: [COSIM 212-15] Starting XSIM ...
INFO: [XSIM 43-3496] Using init file passed via -initfile option "/home/karboski/Xilinx/Vivado/2019.2/data/xsim/ip/xsim_ip.ini".
Vivado Simulator 2019.2
Copyright 1986-1999, 2001-2019 Xilinx, Inc. All Rights Reserved.
Running: /home/karboski/Xilinx/Vivado/2019.2/bin/unwrapped/lnx64.o/xelab xil_defaultlib.apatb_hcr_metadata_injector_top glbl -prj hcr_metadata_injector.prj -L smartconnect_v1_0 -L axi_protocol_checker_v1_1_12 -L axi_protocol_checker_v1_1_13 -L axis_protocol_checker_v1_1_11 -L axis_protocol_checker_v1_1_12 -L xil_defaultlib -L unisims -L unisims_ver -L xpm --initfile /home/karboski/Xilinx/Vivado/2019.2/data/xsim/ip/xsim_ip.ini --lib ieee_proposed=./ieee_proposed -s hcr_metadata_injector -debug wave 
Multi-threading is on. Using 70 slave threads.
Determining compilation order of HDL files.
INFO: [VRFC 10-2263] Analyzing SystemVerilog file "/home/karboski/git/HCR_instrument/fpga/Pentek821/IP/EOL/hls/hcr_metadata_injector/solution1/sim/vhdl/glbl.v" into library work
INFO: [VRFC 10-311] analyzing module glbl
INFO: [VRFC 10-163] Analyzing VHDL file "/home/karboski/git/HCR_instrument/fpga/Pentek821/IP/EOL/hls/hcr_metadata_injector/solution1/sim/vhdl/AESL_sim_pkg.vhd" into library xil_defaultlib
INFO: [VRFC 10-163] Analyzing VHDL file "/home/karboski/git/HCR_instrument/fpga/Pentek821/IP/EOL/hls/hcr_metadata_injector/solution1/sim/vhdl/hcr_metadata_injector.autotb.vhd" into library xil_defaultlib
INFO: [VRFC 10-3107] analyzing entity 'apatb_hcr_metadata_injector_top'
INFO: [VRFC 10-163] Analyzing VHDL file "/home/karboski/git/HCR_instrument/fpga/Pentek821/IP/EOL/hls/hcr_metadata_injector/solution1/sim/vhdl/AESL_axi_s_i_data.vhd" into library xil_defaultlib
INFO: [VRFC 10-3107] analyzing entity 'AESL_axi_s_i_data'
INFO: [VRFC 10-163] Analyzing VHDL file "/home/karboski/git/HCR_instrument/fpga/Pentek821/IP/EOL/hls/hcr_metadata_injector/solution1/sim/vhdl/AESL_axi_s_o_data.vhd" into library xil_defaultlib
INFO: [VRFC 10-3107] analyzing entity 'AESL_axi_s_o_data'
INFO: [VRFC 10-163] Analyzing VHDL file "/home/karboski/git/HCR_instrument/fpga/Pentek821/IP/EOL/hls/hcr_metadata_injector/solution1/sim/vhdl/AESL_axi_s_pulse_metadata_V.vhd" into library xil_defaultlib
INFO: [VRFC 10-3107] analyzing entity 'AESL_axi_s_pulse_metadata_V'
INFO: [VRFC 10-163] Analyzing VHDL file "/home/karboski/git/HCR_instrument/fpga/Pentek821/IP/EOL/hls/hcr_metadata_injector/solution1/sim/vhdl/handle_header.vhd" into library xil_defaultlib
INFO: [VRFC 10-3107] analyzing entity 'handle_header'
INFO: [VRFC 10-163] Analyzing VHDL file "/home/karboski/git/HCR_instrument/fpga/Pentek821/IP/EOL/hls/hcr_metadata_injector/solution1/sim/vhdl/hcr_metadata_injector.vhd" into library xil_defaultlib
INFO: [VRFC 10-3107] analyzing entity 'hcr_metadata_injector'
INFO: [VRFC 10-163] Analyzing VHDL file "/home/karboski/git/HCR_instrument/fpga/Pentek821/IP/EOL/hls/hcr_metadata_injector/solution1/sim/vhdl/regslice_core.vhd" into library xil_defaultlib
INFO: [VRFC 10-3107] analyzing entity 'regslice_both'
INFO: [VRFC 10-3107] analyzing entity 'regslice_forward'
INFO: [VRFC 10-3107] analyzing entity 'regslice_reverse'
INFO: [VRFC 10-3107] analyzing entity 'regslice_both_w1'
INFO: [VRFC 10-3107] analyzing entity 'regslice_forward_w1'
INFO: [VRFC 10-3107] analyzing entity 'regslice_reverse_w1'
INFO: [VRFC 10-3107] analyzing entity 'ibuf'
INFO: [VRFC 10-3107] analyzing entity 'obuf'
Starting static elaboration
Pass Through NonSizing Optimizer
Completed static elaboration
Starting simulation data flow analysis
Completed simulation data flow analysis
Time Resolution for simulation is 1ps
Compiling package std.standard
Compiling package std.textio
Compiling package ieee.std_logic_1164
Compiling package ieee.std_logic_arith
Compiling package ieee.std_logic_unsigned
Compiling package ieee.numeric_std
Compiling package ieee.std_logic_textio
Compiling module work.glbl
Compiling architecture behav of entity xil_defaultlib.handle_header [handle_header_default]
Compiling architecture behav of entity xil_defaultlib.ibuf [\ibuf(w=33)\]
Compiling architecture behav of entity xil_defaultlib.obuf [\obuf(w=33)\]
Compiling architecture behav of entity xil_defaultlib.regslice_both [regslice_both_default]
Compiling architecture behav of entity xil_defaultlib.ibuf [\ibuf(w=5)\]
Compiling architecture behav of entity xil_defaultlib.obuf [\obuf(w=5)\]
Compiling architecture behav of entity xil_defaultlib.regslice_both [\regslice_both(datawidth=4)\]
Compiling architecture behav of entity xil_defaultlib.ibuf [\ibuf(w=129)\]
Compiling architecture behav of entity xil_defaultlib.obuf [\obuf(w=129)\]
Compiling architecture behav of entity xil_defaultlib.regslice_both [\regslice_both(datawidth=128)\]
Compiling architecture behav of entity xil_defaultlib.ibuf [\ibuf(w=2)\]
Compiling architecture behav of entity xil_defaultlib.obuf [\obuf(w=2)\]
Compiling architecture behav of entity xil_defaultlib.regslice_both [\regslice_both(datawidth=1)\]
Compiling architecture behav of entity xil_defaultlib.ibuf [\ibuf(w=857)\]
Compiling architecture behav of entity xil_defaultlib.obuf [\obuf(w=857)\]
Compiling architecture behav of entity xil_defaultlib.regslice_both [\regslice_both(datawidth=856)\]
Compiling architecture behav of entity xil_defaultlib.hcr_metadata_injector [hcr_metadata_injector_default]
Compiling architecture behav of entity xil_defaultlib.AESL_axi_s_i_data [aesl_axi_s_i_data_default]
Compiling architecture behav of entity xil_defaultlib.AESL_axi_s_o_data [aesl_axi_s_o_data_default]
Compiling architecture behav of entity xil_defaultlib.AESL_axi_s_pulse_metadata_V [aesl_axi_s_pulse_metadata_v_defa...]
Compiling architecture behav of entity xil_defaultlib.apatb_hcr_metadata_injector_top
Built simulation snapshot hcr_metadata_injector

****** Webtalk v2019.2 (64-bit)
  **** SW Build 2708876 on Wed Nov  6 21:39:14 MST 2019
  **** IP Build 2700528 on Thu Nov  7 00:09:20 MST 2019
    ** Copyright 1986-2019 Xilinx, Inc. All Rights Reserved.

source /home/karboski/git/HCR_instrument/fpga/Pentek821/IP/EOL/hls/hcr_metadata_injector/solution1/sim/vhdl/xsim.dir/hcr_metadata_injector/webtalk/xsim_webtalk.tcl -notrace
INFO: [Common 17-206] Exiting Webtalk at Fri Nov 19 22:43:30 2021...

****** xsim v2019.2 (64-bit)
  **** SW Build 2708876 on Wed Nov  6 21:39:14 MST 2019
  **** IP Build 2700528 on Thu Nov  7 00:09:20 MST 2019
    ** Copyright 1986-2019 Xilinx, Inc. All Rights Reserved.

source xsim.dir/hcr_metadata_injector/xsim_script.tcl
# xsim {hcr_metadata_injector} -autoloadwcfg -tclbatch {hcr_metadata_injector.tcl}
Vivado Simulator 2019.2
Time resolution is 1 ps
source hcr_metadata_injector.tcl
## log_wave -r /
WARNING: [Simtcl 6-197] One or more HDL objects could not be logged because of object type or size limitations.  To see details please rerun the command with -verbose (-v).
## set designtopgroup [add_wave_group "Design Top Signals"]
## set coutputgroup [add_wave_group "C Outputs" -into $designtopgroup]
## set o_data_group [add_wave_group o_data(axis) -into $coutputgroup]
## add_wave /apatb_hcr_metadata_injector_top/AESL_inst_hcr_metadata_injector/o_data_TDEST -into $o_data_group -radix hex
## add_wave /apatb_hcr_metadata_injector_top/AESL_inst_hcr_metadata_injector/o_data_TID -into $o_data_group -radix hex
## add_wave /apatb_hcr_metadata_injector_top/AESL_inst_hcr_metadata_injector/o_data_TLAST -into $o_data_group -color #ffff00 -radix hex
## add_wave /apatb_hcr_metadata_injector_top/AESL_inst_hcr_metadata_injector/o_data_TUSER -into $o_data_group -radix hex
## add_wave /apatb_hcr_metadata_injector_top/AESL_inst_hcr_metadata_injector/o_data_TSTRB -into $o_data_group -radix hex
## add_wave /apatb_hcr_metadata_injector_top/AESL_inst_hcr_metadata_injector/o_data_TKEEP -into $o_data_group -radix hex
## add_wave /apatb_hcr_metadata_injector_top/AESL_inst_hcr_metadata_injector/o_data_TREADY -into $o_data_group -color #ffff00 -radix hex
## add_wave /apatb_hcr_metadata_injector_top/AESL_inst_hcr_metadata_injector/o_data_TVALID -into $o_data_group -color #ffff00 -radix hex
## add_wave /apatb_hcr_metadata_injector_top/AESL_inst_hcr_metadata_injector/o_data_TDATA -into $o_data_group -radix hex
## set cinputgroup [add_wave_group "C Inputs" -into $designtopgroup]
## set flags_group [add_wave_group flags(wire) -into $cinputgroup]
## add_wave /apatb_hcr_metadata_injector_top/AESL_inst_hcr_metadata_injector/flags -into $flags_group -radix hex
## set pos_enc_1_group [add_wave_group pos_enc_1(wire) -into $cinputgroup]
## add_wave /apatb_hcr_metadata_injector_top/AESL_inst_hcr_metadata_injector/pos_enc_1 -into $pos_enc_1_group -radix hex
## set pos_enc_0_group [add_wave_group pos_enc_0(wire) -into $cinputgroup]
## add_wave /apatb_hcr_metadata_injector_top/AESL_inst_hcr_metadata_injector/pos_enc_0 -into $pos_enc_0_group -radix hex
## set pulse_metadata_group [add_wave_group pulse_metadata(axis) -into $cinputgroup]
## add_wave /apatb_hcr_metadata_injector_top/AESL_inst_hcr_metadata_injector/pulse_metadata_V_TREADY -into $pulse_metadata_group -color #ffff00 -radix hex
## add_wave /apatb_hcr_metadata_injector_top/AESL_inst_hcr_metadata_injector/pulse_metadata_V_TVALID -into $pulse_metadata_group -color #ffff00 -radix hex
## add_wave /apatb_hcr_metadata_injector_top/AESL_inst_hcr_metadata_injector/pulse_metadata_V_TDATA -into $pulse_metadata_group -radix hex
## set i_data_group [add_wave_group i_data(axis) -into $cinputgroup]
## add_wave /apatb_hcr_metadata_injector_top/AESL_inst_hcr_metadata_injector/i_data_TDEST -into $i_data_group -radix hex
## add_wave /apatb_hcr_metadata_injector_top/AESL_inst_hcr_metadata_injector/i_data_TID -into $i_data_group -radix hex
## add_wave /apatb_hcr_metadata_injector_top/AESL_inst_hcr_metadata_injector/i_data_TLAST -into $i_data_group -color #ffff00 -radix hex
## add_wave /apatb_hcr_metadata_injector_top/AESL_inst_hcr_metadata_injector/i_data_TUSER -into $i_data_group -radix hex
## add_wave /apatb_hcr_metadata_injector_top/AESL_inst_hcr_metadata_injector/i_data_TSTRB -into $i_data_group -radix hex
## add_wave /apatb_hcr_metadata_injector_top/AESL_inst_hcr_metadata_injector/i_data_TKEEP -into $i_data_group -radix hex
## add_wave /apatb_hcr_metadata_injector_top/AESL_inst_hcr_metadata_injector/i_data_TREADY -into $i_data_group -color #ffff00 -radix hex
## add_wave /apatb_hcr_metadata_injector_top/AESL_inst_hcr_metadata_injector/i_data_TVALID -into $i_data_group -color #ffff00 -radix hex
## add_wave /apatb_hcr_metadata_injector_top/AESL_inst_hcr_metadata_injector/i_data_TDATA -into $i_data_group -radix hex
## set blocksiggroup [add_wave_group "Block-level IO Handshake" -into $designtopgroup]
## add_wave /apatb_hcr_metadata_injector_top/AESL_inst_hcr_metadata_injector/ap_start -into $blocksiggroup
## add_wave /apatb_hcr_metadata_injector_top/AESL_inst_hcr_metadata_injector/ap_done -into $blocksiggroup
## add_wave /apatb_hcr_metadata_injector_top/AESL_inst_hcr_metadata_injector/ap_idle -into $blocksiggroup
## add_wave /apatb_hcr_metadata_injector_top/AESL_inst_hcr_metadata_injector/ap_ready -into $blocksiggroup
## set resetgroup [add_wave_group "Reset" -into $designtopgroup]
## add_wave /apatb_hcr_metadata_injector_top/AESL_inst_hcr_metadata_injector/ap_rst_n -into $resetgroup
## set clockgroup [add_wave_group "Clock" -into $designtopgroup]
## add_wave /apatb_hcr_metadata_injector_top/AESL_inst_hcr_metadata_injector/ap_clk -into $clockgroup
## set testbenchgroup [add_wave_group "Test Bench Signals"]
## set tbinternalsiggroup [add_wave_group "Internal Signals" -into $testbenchgroup]
## set tb_simstatus_group [add_wave_group "Simulation Status" -into $tbinternalsiggroup]
## set tb_portdepth_group [add_wave_group "Port Depth" -into $tbinternalsiggroup]
## add_wave /apatb_hcr_metadata_injector_top/AUTOTB_TRANSACTION_NUM -into $tb_simstatus_group -radix hex
## add_wave /apatb_hcr_metadata_injector_top/ready_cnt -into $tb_simstatus_group -radix hex
## add_wave /apatb_hcr_metadata_injector_top/done_cnt -into $tb_simstatus_group -radix hex
## add_wave /apatb_hcr_metadata_injector_top/LENGTH_i_data_V_data_V -into $tb_portdepth_group -radix hex
## add_wave /apatb_hcr_metadata_injector_top/LENGTH_i_data_V_keep_V -into $tb_portdepth_group -radix hex
## add_wave /apatb_hcr_metadata_injector_top/LENGTH_i_data_V_strb_V -into $tb_portdepth_group -radix hex
## add_wave /apatb_hcr_metadata_injector_top/LENGTH_i_data_V_user_V -into $tb_portdepth_group -radix hex
## add_wave /apatb_hcr_metadata_injector_top/LENGTH_i_data_V_last_V -into $tb_portdepth_group -radix hex
## add_wave /apatb_hcr_metadata_injector_top/LENGTH_i_data_V_id_V -into $tb_portdepth_group -radix hex
## add_wave /apatb_hcr_metadata_injector_top/LENGTH_i_data_V_dest_V -into $tb_portdepth_group -radix hex
## add_wave /apatb_hcr_metadata_injector_top/LENGTH_o_data_V_data_V -into $tb_portdepth_group -radix hex
## add_wave /apatb_hcr_metadata_injector_top/LENGTH_o_data_V_keep_V -into $tb_portdepth_group -radix hex
## add_wave /apatb_hcr_metadata_injector_top/LENGTH_o_data_V_strb_V -into $tb_portdepth_group -radix hex
## add_wave /apatb_hcr_metadata_injector_top/LENGTH_o_data_V_user_V -into $tb_portdepth_group -radix hex
## add_wave /apatb_hcr_metadata_injector_top/LENGTH_o_data_V_last_V -into $tb_portdepth_group -radix hex
## add_wave /apatb_hcr_metadata_injector_top/LENGTH_o_data_V_id_V -into $tb_portdepth_group -radix hex
## add_wave /apatb_hcr_metadata_injector_top/LENGTH_o_data_V_dest_V -into $tb_portdepth_group -radix hex
## add_wave /apatb_hcr_metadata_injector_top/LENGTH_pulse_metadata_V -into $tb_portdepth_group -radix hex
## add_wave /apatb_hcr_metadata_injector_top/LENGTH_pos_enc_0 -into $tb_portdepth_group -radix hex
## add_wave /apatb_hcr_metadata_injector_top/LENGTH_pos_enc_1 -into $tb_portdepth_group -radix hex
## add_wave /apatb_hcr_metadata_injector_top/LENGTH_flags -into $tb_portdepth_group -radix hex
## set tbcoutputgroup [add_wave_group "C Outputs" -into $testbenchgroup]
## set tb_o_data_group [add_wave_group o_data(axis) -into $tbcoutputgroup]
## add_wave /apatb_hcr_metadata_injector_top/o_data_TDEST -into $tb_o_data_group -radix hex
## add_wave /apatb_hcr_metadata_injector_top/o_data_TID -into $tb_o_data_group -radix hex
## add_wave /apatb_hcr_metadata_injector_top/o_data_TLAST -into $tb_o_data_group -color #ffff00 -radix hex
## add_wave /apatb_hcr_metadata_injector_top/o_data_TUSER -into $tb_o_data_group -radix hex
## add_wave /apatb_hcr_metadata_injector_top/o_data_TSTRB -into $tb_o_data_group -radix hex
## add_wave /apatb_hcr_metadata_injector_top/o_data_TKEEP -into $tb_o_data_group -radix hex
## add_wave /apatb_hcr_metadata_injector_top/o_data_TREADY -into $tb_o_data_group -color #ffff00 -radix hex
## add_wave /apatb_hcr_metadata_injector_top/o_data_TVALID -into $tb_o_data_group -color #ffff00 -radix hex
## add_wave /apatb_hcr_metadata_injector_top/o_data_TDATA -into $tb_o_data_group -radix hex
## set tbcinputgroup [add_wave_group "C Inputs" -into $testbenchgroup]
## set tb_flags_group [add_wave_group flags(wire) -into $tbcinputgroup]
## add_wave /apatb_hcr_metadata_injector_top/flags -into $tb_flags_group -radix hex
## set tb_pos_enc_1_group [add_wave_group pos_enc_1(wire) -into $tbcinputgroup]
## add_wave /apatb_hcr_metadata_injector_top/pos_enc_1 -into $tb_pos_enc_1_group -radix hex
## set tb_pos_enc_0_group [add_wave_group pos_enc_0(wire) -into $tbcinputgroup]
## add_wave /apatb_hcr_metadata_injector_top/pos_enc_0 -into $tb_pos_enc_0_group -radix hex
## set tb_pulse_metadata_group [add_wave_group pulse_metadata(axis) -into $tbcinputgroup]
## add_wave /apatb_hcr_metadata_injector_top/pulse_metadata_V_TREADY -into $tb_pulse_metadata_group -color #ffff00 -radix hex
## add_wave /apatb_hcr_metadata_injector_top/pulse_metadata_V_TVALID -into $tb_pulse_metadata_group -color #ffff00 -radix hex
## add_wave /apatb_hcr_metadata_injector_top/pulse_metadata_V_TDATA -into $tb_pulse_metadata_group -radix hex
## set tb_i_data_group [add_wave_group i_data(axis) -into $tbcinputgroup]
## add_wave /apatb_hcr_metadata_injector_top/i_data_TDEST -into $tb_i_data_group -radix hex
## add_wave /apatb_hcr_metadata_injector_top/i_data_TID -into $tb_i_data_group -radix hex
## add_wave /apatb_hcr_metadata_injector_top/i_data_TLAST -into $tb_i_data_group -color #ffff00 -radix hex
## add_wave /apatb_hcr_metadata_injector_top/i_data_TUSER -into $tb_i_data_group -radix hex
## add_wave /apatb_hcr_metadata_injector_top/i_data_TSTRB -into $tb_i_data_group -radix hex
## add_wave /apatb_hcr_metadata_injector_top/i_data_TKEEP -into $tb_i_data_group -radix hex
## add_wave /apatb_hcr_metadata_injector_top/i_data_TREADY -into $tb_i_data_group -color #ffff00 -radix hex
## add_wave /apatb_hcr_metadata_injector_top/i_data_TVALID -into $tb_i_data_group -color #ffff00 -radix hex
## add_wave /apatb_hcr_metadata_injector_top/i_data_TDATA -into $tb_i_data_group -radix hex
## save_wave_config hcr_metadata_injector.wcfg
## run all
Note: simulation done!
Time: 5172500 ps  Iteration: 1  Process: /apatb_hcr_metadata_injector_top/generate_sim_done_proc  File: /home/karboski/git/HCR_instrument/fpga/Pentek821/IP/EOL/hls/hcr_metadata_injector/solution1/sim/vhdl/hcr_metadata_injector.autotb.vhd
Failure: NORMAL EXIT (note: failure is to force the simulator to stop)
Time: 5172500 ps  Iteration: 1  Process: /apatb_hcr_metadata_injector_top/generate_sim_done_proc  File: /home/karboski/git/HCR_instrument/fpga/Pentek821/IP/EOL/hls/hcr_metadata_injector/solution1/sim/vhdl/hcr_metadata_injector.autotb.vhd
$finish called at time : 5172500 ps
## quit
INFO: [Common 17-206] Exiting xsim at Fri Nov 19 22:43:39 2021...
INFO: [COSIM 212-316] Starting C post checking ...
Scheduled 25 pulses

EOB 

Pulse: 0xba5eba11, 0x50001, 0xdeadbeef, 0xf00dcafe, 0x0, 0x08, 0x080, 0x0, 0x0, 0x0, 0x0, 0x0, 0x0, 0x0, 0x0, 0x0
0x1000000
0x1000002
0x1000004
0x1000006
0x1000008
0x100000a
0x100000c
0x100000e


Pulse: 0xba5eba11, 0x1, 0xdeadbeef, 0xf00dcafe, 0x0, 0x08, 0x080, 0x0, 0x1, 0x0, 0x0, 0x0, 0x0, 0x0, 0x0, 0x0
0x1000100
0x1000102
0x1000104
0x1000106
0x1000108
0x100010a
0x100010c
0x100010e


Pulse: 0xba5eba11, 0x080001, 0xdeadbeef, 0xf00dcafe, 0x0, 0x08, 0x080, 0x0, 0x2, 0x0, 0x0, 0x0, 0x0, 0x0, 0x0, 0x0
0x1000200
0x1000202
0x1000204
0x1000206
0x1000208
0x100020a
0x100020c
0x100020e
EOB EOB 

Pulse: 0xba5eba11, 0x60001, 0xdeadbeef, 0xf00dcafe, 0x0, 0x08, 0x080, 0x0, 0x3, 0x0, 0x0, 0x0, 0x0, 0x0, 0x0, 0x0
0x1000300
0x1000302
0x1000304
0x1000306
0x1000308
0x100030a
0x100030c
0x100030e


Pulse: 0xba5eba11, 0x10001, 0xdeadbeef, 0xf00dcafe, 0x1, 0x3, 0x64, 0x0, 0x4, 0x0, 0x0, 0x0, 0x0, 0x0, 0x0, 0x0
0x1000400
0x1000402
0x1000404


Pulse: 0xba5eba11, 0x0a0001, 0xdeadbeef, 0xf00dcafe, 0x1, 0x3, 0x64, 0x0, 0x5, 0x0, 0x0, 0x0, 0x0, 0x0, 0x0, 0x0
0x1000500
0x1000502
0x1000504
EOB EOB EOB EOB EOB EOB EOB EOB EOB EOB EOB EOB 

Pulse: 0xba5eba11, 0x50001, 0xdeadbeef, 0xf00dcafe, 0x0, 0x08, 0x080, 0x0, 0x6, 0x0, 0x0, 0x0, 0x0, 0x0, 0x0, 0x0
0x1000600
0x1000602
0x1000604
0x1000606
0x1000608
0x100060a
0x100060c
0x100060e


Pulse: 0xba5eba11, 0x1, 0xdeadbeef, 0xf00dcafe, 0x0, 0x08, 0x080, 0x0, 0x7, 0x0, 0x0, 0x0, 0x0, 0x0, 0x0, 0x0
0x1000700
0x1000702
0x1000704
0x1000706
0x1000708
0x100070a
0x100070c
0x100070e


Pulse: 0xba5eba11, 0x080001, 0xdeadbeef, 0xf00dcafe, 0x0, 0x08, 0x080, 0x0, 0x08, 0x0, 0x0, 0x0, 0x0, 0x0, 0x0, 0x0
0x1000800
0x1000802
0x1000804
0x1000806
0x1000808
0x100080a
0x100080c
0x100080e
EOB EOB 

Pulse: 0xba5eba11, 0x60001, 0xdeadbeef, 0xf00dcafe, 0x0, 0x08, 0x080, 0x0, 0x09, 0x0, 0x0, 0x0, 0x0, 0x0, 0x0, 0x0
0x1000900
0x1000902
0x1000904
0x1000906
0x1000908
0x100090a
0x100090c
0x100090e


Pulse: 0xba5eba11, 0x10001, 0xdeadbeef, 0xf00dcafe, 0x1, 0x3, 0x64, 0x0, 0x0a, 0x0, 0x0, 0x0, 0x0, 0x0, 0x0, 0x0
0x1000a00
0x1000a02
0x1000a04


Pulse: 0xba5eba11, 0x0a0001, 0xdeadbeef, 0xf00dcafe, 0x1, 0x3, 0x64, 0x0, 0x0b, 0x0, 0x0, 0x0, 0x0, 0x0, 0x0, 0x0
0x1000b00
0x1000b02
0x1000b04
EOB EOB EOB EOB EOB EOB EOB EOB EOB EOB EOB EOB 

Pulse: 0xba5eba11, 0x50001, 0xdeadbeef, 0xf00dcafe, 0x0, 0x08, 0x080, 0x0, 0x0c, 0x0, 0x0, 0x0, 0x0, 0x0, 0x0, 0x0
0x1000c00
0x1000c02
0x1000c04
0x1000c06
0x1000c08
0x1000c0a
0x1000c0c
0x1000c0e


Pulse: 0xba5eba11, 0x1, 0xdeadbeef, 0xf00dcafe, 0x0, 0x08, 0x080, 0x0, 0x0d, 0x0, 0x0, 0x0, 0x0, 0x0, 0x0, 0x0
0x1000d00
0x1000d02
0x1000d04
0x1000d06
0x1000d08
0x1000d0a
0x1000d0c
0x1000d0e


Pulse: 0xba5eba11, 0x080001, 0xdeadbeef, 0xf00dcafe, 0x0, 0x08, 0x080, 0x0, 0x0e, 0x0, 0x0, 0x0, 0x0, 0x0, 0x0, 0x0
0x1000e00
0x1000e02
0x1000e04
0x1000e06
0x1000e08
0x1000e0a
0x1000e0c
0x1000e0e
EOB EOB 

Pulse: 0xba5eba11, 0x60001, 0xdeadbeef, 0xf00dcafe, 0x0, 0x08, 0x080, 0x0, 0x0f, 0x0, 0x0, 0x0, 0x0, 0x0, 0x0, 0x0
0x1000f00
0x1000f02
0x1000f04
0x1000f06
0x1000f08
0x1000f0a
0x1000f0c
0x1000f0e


Pulse: 0xba5eba11, 0x10001, 0xdeadbeef, 0xf00dcafe, 0x1, 0x3, 0x64, 0x0, 0x10, 0x0, 0x0, 0x0, 0x0, 0x0, 0x0, 0x0
0x1001000
0x1001002
0x1001004


Pulse: 0xba5eba11, 0x0a0001, 0xdeadbeef, 0xf00dcafe, 0x1, 0x3, 0x64, 0x0, 0x11, 0x0, 0x0, 0x0, 0x0, 0x0, 0x0, 0x0
0x1001100
0x1001102
0x1001104
EOB EOB EOB EOB EOB EOB EOB EOB EOB EOB EOB EOB 

Pulse: 0xba5eba11, 0x50001, 0xdeadbeef, 0xf00dcafe, 0x0, 0x08, 0x080, 0x0, 0x12, 0x0, 0x0, 0x0, 0x0, 0x0, 0x0, 0x0
0x1001200
0x1001202
0x1001204
0x1001206
0x1001208
0x100120a
0x100120c
0x100120e


Pulse: 0xba5eba11, 0x1, 0xdeadbeef, 0xf00dcafe, 0x0, 0x08, 0x080, 0x0, 0x13, 0x0, 0x0, 0x0, 0x0, 0x0, 0x0, 0x0
0x1001300
0x1001302
0x1001304
0x1001306
0x1001308
0x100130a
0x100130c
0x100130e


Pulse: 0xba5eba11, 0x080001, 0xdeadbeef, 0xf00dcafe, 0x0, 0x08, 0x080, 0x0, 0x14, 0x0, 0x0, 0x0, 0x0, 0x0, 0x0, 0x0
0x1001400
0x1001402
0x1001404
0x1001406
0x1001408
0x100140a
0x100140c
0x100140e
EOB EOB 

Pulse: 0xba5eba11, 0x60001, 0xdeadbeef, 0xf00dcafe, 0x0, 0x08, 0x080, 0x0, 0x15, 0x0, 0x0, 0x0, 0x0, 0x0, 0x0, 0x0
0x1001500
0x1001502
0x1001504
0x1001506
0x1001508
0x100150a
0x100150c
0x100150e


Pulse: 0xba5eba11, 0x10001, 0xdeadbeef, 0xf00dcafe, 0x1, 0x3, 0x64, 0x0, 0x16, 0x0, 0x0, 0x0, 0x0, 0x0, 0x0, 0x0
0x1001600
0x1001602
0x1001604


Pulse: 0xba5eba11, 0x0a0001, 0xdeadbeef, 0xf00dcafe, 0x1, 0x3, 0x64, 0x0, 0x17, 0x0, 0x0, 0x0, 0x0, 0x0, 0x0, 0x0
0x1001700
0x1001702
0x1001704
EOB EOB EOB EOB EOB EOB EOB EOB EOB EOB EOB EOB 

Pulse: 0xba5eba11, 0x0d0001, 0xdeadbeef, 0xf00dcafe, 0x0, 0x08, 0x080, 0x0, 0x18, 0x0, 0x0, 0x0, 0x0, 0x0, 0x0, 0x0
0x1001800
0x1001802
0x1001804
0x1001806
0x1001808
0x100180a
0x100180c
0x100180e
EOB 0x0 0x30 0x2f 0x2e 0x2d 0x2c 0x2b 0x2a 0x29 0x28 0x27 0x26 0x25 0x24 0x23 0x22 0x21 0x20 0x1f 0x1e 0x1d 0x1c 0x1b 0x1a 0x19 0x18 0x17 0x16 0x15 0x14 0x13 0x12 0x11 0x10 0x0f 0x0e 0x0d 0x0c 0x0b 0x0a 0x09 0x08 0x7 0x6 0x5 0x4 0x3 0x2 0x1 0x1 0x31 0x30 0x2f 0x2e 0x2d 0x2c 0x2b 0x2a 0x29 0x28 0x27 0x26 0x25 0x24 0x23 0x22 0x21 0x20 0x1f 0x1e 0x1d 0x1c 0x1b 0x1a 0x19 0x18 0x17 0x16 0x15 0x14 0x13 0x12 0x11 0x10 0x0f 0x0e 0x0d 0x0c 0x0b 0x0a 0x09 0x08 0x7 0x6 0x5 0x4 0x3 0x2 0x2 0x32 0x31 0x30 0x2f 0x2e 0x2d 0x2c 0x2b 0x2a 0x29 0x28 0x27 0x26 0x25 0x24 0x23 0x22 0x21 0x20 0x1f 0x1e 0x1d 0x1c 0x1b 0x1a 0x19 0x18 0x17 0x16 0x15 0x14 0x13 0x12 0x11 0x10 0x0f 0x0e 0x0d 0x0c 0x0b 0x0a 0x09 0x08 0x7 0x6 0x5 0x4 0x3 0x3 0x33 0x32 0x31 0x30 0x2f 0x2e 0x2d 0x2c 0x2b 0x2a 0x29 0x28 0x27 0x26 0x25 0x24 0x23 0x22 0x21 0x20 0x1f 0x1e 0x1d 0x1c 0x1b 0x1a 0x19 0x18 0x17 0x16 0x15 0x14 0x13 0x12 0x11 0x10 0x0f 0x0e 0x0d 0x0c 0x0b 0x0a 0x09 0x08 0x7 0x6 0x5 0x4 0x4 0x34 0x33 0x32 0x31 0x30 0x2f 0x2e 0x2d 0x2c 0x2b 0x2a 0x29 0x28 0x27 0x26 0x25 0x24 0x23 0x22 0x21 0x20 0x1f 0x1e 0x1d 0x1c 0x1b 0x1a 0x19 0x18 0x17 0x16 0x15 0x14 0x13 0x12 0x11 0x10 0x0f 0x0e 0x0d 0x0c 0x0b 0x0a 0x09 0x08 0x7 0x6 0x5 0x5 0x35 0x34 0x33 0x32 0x31 0x30 0x2f 0x2e 0x2d 0x2c 0x2b 0x2a 0x29 0x28 0x27 0x26 0x25 0x24 0x23 0x22 0x21 0x20 0x1f 0x1e 0x1d 0x1c 0x1b 0x1a 0x19 0x18 0x17 0x16 0x15 0x14 0x13 0x12 0x11 0x10 0x0f 0x0e 0x0d 0x0c 0x0b 0x0a 0x09 0x08 0x7 0x6 0x6 0x36 0x35 0x34 0x33 0x32 0x31 0x30 0x2f 0x2e 0x2d 0x2c 0x2b 0x2a 0x29 0x28 0x27 0x26 0x25 0x24 0x23 0x22 0x21 0x20 0x1f 0x1e 0x1d 0x1c 0x1b 0x1a 0x19 0x18 0x17 0x16 0x15 0x14 0x13 0x12 0x11 0x10 0x0f 0x0e 0x0d 0x0c 0x0b 0x0a 0x09 0x08 0x7 0x7 0x37 0x36 0x35 0x34 0x33 0x32 0x31 0x30 0x2f 0x2e 0x2d 0x2c 0x2b 0x2a 0x29 0x28 0x27 0x26 0x25 0x24 0x23 0x22 0x21 0x20 0x1f 0x1e 0x1d 0x1c 0x1b 0x1a 0x19 0x18 0x17 0x16 0x15 0x14 0x13 0x12 0x11 0x10 0x0f 0x0e 0x0d 0x0c 0x0b 0x0a 0x09 0x08 
0x0 0x31 0x30 0x2f 0x2e 0x2d 0x2c 0x2b 0x2a 0x29 0x28 0x27 0x26 0x25 0x24 0x23 0x22 0x21 0x20 0x1f 0x1e 0x1d 0x1c 0x1b 0x1a 0x19 0x18 0x17 0x16 0x15 0x14 0x13 0x12 0x11 0x10 0x0f 0x0e 0x0d 0x0c 0x0b 0x0a 0x09 0x08 0x7 0x6 0x5 0x4 0x3 0x2 0x1 0x32 0x31 0x30 0x2f 0x2e 0x2d 0x2c 0x2b 0x2a 0x29 0x28 0x27 0x26 0x25 0x24 0x23 0x22 0x21 0x20 0x1f 0x1e 0x1d 0x1c 0x1b 0x1a 0x19 0x18 0x17 0x16 0x15 0x14 0x13 0x12 0x11 0x10 0x0f 0x0e 0x0d 0x0c 0x0b 0x0a 0x09 0x08 0x7 0x6 0x5 0x4 0x3 0x2 0x33 0x32 0x31 0x30 0x2f 0x2e 0x2d 0x2c 0x2b 0x2a 0x29 0x28 0x27 0x26 0x25 0x24 0x23 0x22 0x21 0x20 0x1f 0x1e 0x1d 0x1c 0x1b 0x1a 0x19 0x18 0x17 0x16 0x15 0x14 0x13 0x12 0x11 0x10 0x0f 0x0e 0x0d 0x0c 0x0b 0x0a 0x09 0x08 0x7 0x6 0x5 0x4 0x3 0x34 0x33 0x32 0x31 0x30 0x2f 0x2e 0x2d 0x2c 0x2b 0x2a 0x29 0x28 0x27 0x26 0x25 0x24 0x23 0x22 0x21 0x20 0x1f 0x1e 0x1d 0x1c 0x1b 0x1a 0x19 0x18 0x17 0x16 0x15 0x14 0x13 0x12 0x11 0x10 0x0f 0x0e 0x0d 0x0c 0x0b 0x0a 0x09 0x08 0x7 0x6 0x5 0x4 0x35 0x34 0x33 0x32 0x31 0x30 0x2f 0x2e 0x2d 0x2c 0x2b 0x2a 0x29 0x28 0x27 0x26 0x25 0x24 0x23 0x22 0x21 0x20 0x1f 0x1e 0x1d 0x1c 0x1b 0x1a 0x19 0x18 0x17 0x16 0x15 0x14 0x13 0x12 0x11 0x10 0x0f 0x0e 0x0d 0x0c 0x0b 0x0a 0x09 0x08 0x7 0x6 0x5 0x36 0x35 0x34 0x33 0x32 0x31 0x30 0x2f 0x2e 0x2d 0x2c 0x2b 0x2a 0x29 0x28 0x27 0x26 0x25 0x24 0x23 0x22 0x21 0x20 0x1f 0x1e 0x1d 0x1c 0x1b 0x1a 0x19 0x18 0x17 0x16 0x15 0x14 0x13 0x12 0x11 0x10 0x0f 0x0e 0x0d 0x0c 0x0b 0x0a 0x09 0x08 0x7 0x6 0x37 0x36 0x35 0x34 0x33 0x32 0x31 0x30 0x2f 0x2e 0x2d 0x2c 0x2b 0x2a 0x29 0x28 0x27 0x26 0x25 0x24 0x23 0x22 0x21 0x20 0x1f 0x1e 0x1d 0x1c 0x1b 0x1a 0x19 0x18 0x17 0x16 0x15 0x14 0x13 0x12 0x11 0x10 0x0f 0x0e 0x0d 0x0c 0x0b 0x0a 0x09 0x08 0x7 0x38 0x37 0x36 0x35 0x34 0x33 0x32 0x31 0x30 0x2f 0x2e 0x2d 0x2c 0x2b 0x2a 0x29 0x28 0x27 0x26 0x25 0x24 0x23 0x22 0x21 0x20 0x1f 0x1e 0x1d 0x1c 0x1b 0x1a 0x19 0x18 0x17 0x16 0x15 0x14 0x13 0x12 0x11 0x10 0x0f 0x0e 0x0d 0x0c 0x0b 0x0a 0x09 
0x0 0x32 0x31 0x30 0x2f 0x2e 0x2d 0x2c 0x2b 0x2a 0x29 0x28 0x27 0x26 0x25 0x24 0x23 0x22 0x21 0x20 0x1f 0x1e 0x1d 0x1c 0x1b 0x1a 0x19 0x18 0x17 0x16 0x15 0x14 0x13 0x12 0x11 0x10 0x0f 0x0e 0x0d 0x0c 0x0b 0x0a 0x09 0x08 0x7 0x6 0x5 0x4 0x3 0x1 0x33 0x32 0x31 0x30 0x2f 0x2e 0x2d 0x2c 0x2b 0x2a 0x29 0x28 0x27 0x26 0x25 0x24 0x23 0x22 0x21 0x20 0x1f 0x1e 0x1d 0x1c 0x1b 0x1a 0x19 0x18 0x17 0x16 0x15 0x14 0x13 0x12 0x11 0x10 0x0f 0x0e 0x0d 0x0c 0x0b 0x0a 0x09 0x08 0x7 0x6 0x5 0x4 0x2 0x34 0x33 0x32 0x31 0x30 0x2f 0x2e 0x2d 0x2c 0x2b 0x2a 0x29 0x28 0x27 0x26 0x25 0x24 0x23 0x22 0x21 0x20 0x1f 0x1e 0x1d 0x1c 0x1b 0x1a 0x19 0x18 0x17 0x16 0x15 0x14 0x13 0x12 0x11 0x10 0x0f 0x0e 0x0d 0x0c 0x0b 0x0a 0x09 0x08 0x7 0x6 0x5 0x3 0x35 0x34 0x33 0x32 0x31 0x30 0x2f 0x2e 0x2d 0x2c 0x2b 0x2a 0x29 0x28 0x27 0x26 0x25 0x24 0x23 0x22 0x21 0x20 0x1f 0x1e 0x1d 0x1c 0x1b 0x1a 0x19 0x18 0x17 0x16 0x15 0x14 0x13 0x12 0x11 0x10 0x0f 0x0e 0x0d 0x0c 0x0b 0x0a 0x09 0x08 0x7 0x6 0x4 0x36 0x35 0x34 0x33 0x32 0x31 0x30 0x2f 0x2e 0x2d 0x2c 0x2b 0x2a 0x29 0x28 0x27 0x26 0x25 0x24 0x23 0x22 0x21 0x20 0x1f 0x1e 0x1d 0x1c 0x1b 0x1a 0x19 0x18 0x17 0x16 0x15 0x14 0x13 0x12 0x11 0x10 0x0f 0x0e 0x0d 0x0c 0x0b 0x0a 0x09 0x08 0x7 0x5 0x37 0x36 0x35 0x34 0x33 0x32 0x31 0x30 0x2f 0x2e 0x2d 0x2c 0x2b 0x2a 0x29 0x28 0x27 0x26 0x25 0x24 0x23 0x22 0x21 0x20 0x1f 0x1e 0x1d 0x1c 0x1b 0x1a 0x19 0x18 0x17 0x16 0x15 0x14 0x13 0x12 0x11 0x10 0x0f 0x0e 0x0d 0x0c 0x0b 0x0a 0x09 0x08 0x6 0x38 0x37 0x36 0x35 0x34 0x33 0x32 0x31 0x30 0x2f 0x2e 0x2d 0x2c 0x2b 0x2a 0x29 0x28 0x27 0x26 0x25 0x24 0x23 0x22 0x21 0x20 0x1f 0x1e 0x1d 0x1c 0x1b 0x1a 0x19 0x18 0x17 0x16 0x15 0x14 0x13 0x12 0x11 0x10 0x0f 0x0e 0x0d 0x0c 0x0b 0x0a 0x09 0x7 0x39 0x38 0x37 0x36 0x35 0x34 0x33 0x32 0x31 0x30 0x2f 0x2e 0x2d 0x2c 0x2b 0x2a 0x29 0x28 0x27 0x26 0x25 0x24 0x23 0x22 0x21 0x20 0x1f 0x1e 0x1d 0x1c 0x1b 0x1a 0x19 0x18 0x17 0x16 0x15 0x14 0x13 0x12 0x11 0x10 0x0f 0x0e 0x0d 0x0c 0x0b 0x0a 
INFO: [COSIM 212-1000] *** C/RTL co-simulation finished: PASS ***
INFO: [COSIM 212-211] II is measurable only when transaction number is greater than 1 in RTL simulation. Otherwise, they will be marked as all NA. If user wants to calculate them, please make sure there are at least 2 transactions in RTL simulation.
