#-----------------------------------------------------------
# Vivado v2019.2 (64-bit)
# SW Build 2700185 on Thu Oct 24 18:46:05 MDT 2019
# IP Build 2699827 on Thu Oct 24 21:16:38 MDT 2019
# Start of session at: Tue Nov 12 11:35:59 2019
# Process ID: 15836
# Current directory: C:/Pentek/IP/2019.2/pentek/ip/px_axis_2to1_mux
# Command line: vivado.exe -gui_launcher_event rodinguilauncherevent7648 C:\Pentek\IP\2019.2\pentek\ip\px_axis_2to1_mux\px_axis_2to1_mux.xpr
# Log file: C:/Pentek/IP/2019.2/pentek/ip/px_axis_2to1_mux/vivado.log
# Journal file: C:/Pentek/IP/2019.2/pentek/ip/px_axis_2to1_mux\vivado.jou
#-----------------------------------------------------------
INFO: [Common 17-1460] Use of init.tcl in C:/Users/Rich/AppData/Roaming/Xilinx/Vivado/init.tcl is deprecated. Please use Vivado_init.tcl 
Sourcing tcl script 'C:/Users/Rich/AppData/Roaming/Xilinx/Vivado/init.tcl'
start_gui
open_project C:/Pentek/IP/2019.2/pentek/ip/px_axis_2to1_mux/px_axis_2to1_mux.xpr
Scanning sources...
Finished scanning sources
WARNING: [filemgmt 56-3] IPUserFilesDir: Could not find the directory 'C:/Pentek/IP/2019.2/pentek/ip/px_axis_2to1_mux/px_axis_2to1_mux.ip_user_files'.
INFO: [IP_Flow 19-234] Refreshing IP repositories
INFO: [IP_Flow 19-1700] Loaded user IP repository 'c:/Pentek/IP/2019.2/pentek/ip/px_axis_2to1_mux/px_axis_2to1_mux.srcs'.
INFO: [IP_Flow 19-2313] Loaded Vivado IP repository 'C:/Xilinx/Vivado/2019.2/data/ip'.
update_compile_order -fileset sources_1
close_project
exit
INFO: [Common 17-206] Exiting Vivado at Tue Nov 12 12:06:50 2019...
