Release 14.7 reportgen P.20131013 (lin64)
Copyright (c) 1995-2013 Xilinx, Inc.  All rights reserved.

wind::  Wed Jul 21 06:46:24 2021

/home/karboski/Xilinx/14.7/ISE_DS/ISE/bin/lin64/unwrapped/reportgen -intstyle
ise -delay -o x_HMC_src x_HMC_src.ncd 

Loading device for application Rf_Device from file '3s50a.nph' in environment
/home/karboski/Xilinx/14.7/ISE_DS/ISE/.
   "x_HMC_src" is an NCD, version 3.2, device xc3s50a, package vq100, speed -5
ReportGen:LoadDesign: 'x_HMC_src.ncd'
Initializing temperature to 85.000 Celsius. (default - Range: 0.000 to 85.000
Celsius)
Initializing voltage to 1.140 Volts. (default - Range: 1.140 to 1.260 Volts)
Device speed data version:  "PRODUCTION 1.42 2013-10-13".

Generating Delay Report: x_HMC_src.dly


   The Delay Summary Report


The NUMBER OF SIGNALS NOT COMPLETELY ROUTED for this design is: 0

   The AVERAGE CONNECTION DELAY for this design is:        0.832
   The MAXIMUM PIN DELAY IS:                               7.278
   The AVERAGE CONNECTION DELAY on the 10 WORST NETS is:   3.956

   Listing Pin Delays by value: (nsec)

    d < 1.00   < d < 2.00  < d < 3.00  < d < 4.00  < d < 8.00  d >= 8.00
   ---------   ---------   ---------   ---------   ---------   ---------
        2231         887         114           5           3           0


**************************
Generating Clock Report
**************************

+---------------------+--------------+------+------+------------+-------------+
|        Clock Net    |   Resource   |Locked|Fanout|Net Skew(ns)|Max Delay(ns)|
+---------------------+--------------+------+------+------------+-------------+
|                 clk | BUFGMUX_X1Y10| No   |  152 |  0.132     |  0.595      |
+---------------------+--------------+------+------+------------+-------------+
|    icon_control0<0> |  BUFGMUX_X1Y0| No   |  105 |  0.143     |  0.600      |
+---------------------+--------------+------+------+------------+-------------+
|         ext_clk_buf |  BUFGMUX_X1Y1| No   |    9 |  0.034     |  0.503      |
+---------------------+--------------+------+------+------------+-------------+
|       EXT_CLK_IBUFG |         Local|      |  201 |  2.360     |  2.931      |
+---------------------+--------------+------+------+------------+-------------+
|   icon_control0<13> |         Local|      |    4 |  0.000     |  0.298      |
+---------------------+--------------+------+------+------------+-------------+
|U_icon_pro/U0/iUPDAT |              |      |      |            |             |
|               E_OUT |         Local|      |    1 |  0.000     |  1.515      |
+---------------------+--------------+------+------+------------+-------------+

* Net Skew is the difference between the minimum and maximum routing
only delays for the net. Note this is different from Clock Skew which
is reported in TRCE timing report. Clock Skew is the difference between
the minimum and maximum path delays which includes logic delays.

* The fanout is the number of component pins not the individual BEL loads,
for example SLICE loads not FF loads.


Number of error messages: 0
Number of warning messages: 0
Number of info messages: 0

reportgen done!
