#-----------------------------------------------------------
# Vivado v2017.3_AR70218_AR69964 (64-bit)
# SW Build 2018833 on Wed Oct  4 19:58:22 MDT 2017
# IP Build 2016188 on Wed Oct  4 21:52:56 MDT 2017
# Start of session at: Wed Dec 13 15:14:15 2017
# Process ID: 2196
# Current directory: C:/Pentek/IP/2017.3/pentek/ip/px_axis_bram_delay
# Command line: vivado.exe -gui_launcher_event rodinguilauncherevent9000 C:\Pentek\IP\2017.3\pentek\ip\px_axis_bram_delay\px_axis_bram_delay.xpr
# Log file: C:/Pentek/IP/2017.3/pentek/ip/px_axis_bram_delay/vivado.log
# Journal file: C:/Pentek/IP/2017.3/pentek/ip/px_axis_bram_delay\vivado.jou
#-----------------------------------------------------------
Sourcing tcl script 'C:/Users/Rich/AppData/Roaming/Xilinx/Vivado/Vivado_init.tcl'
197 Beta devices matching pattern found, 54 enabled.
start_gui
open_project C:/Pentek/IP/2017.3/pentek/ip/px_axis_bram_delay/px_axis_bram_delay.xpr
CRITICAL WARNING: [Project 1-19] Could not find the file 'C:/Pentek/IP/2017.3/pentek/ip/px_axis_bram_delay/px_axis_bram_delay.srcs/sources_1/new/px_axis_bram_delay.vhd'.
CRITICAL WARNING: [Project 1-19] Could not find the file 'C:/Pentek/IP/2017.3/pentek/ip/px_axis_bram_delay/tb_px_axis_bram_delay_behav.wcfg'.
Scanning sources...
Finished scanning sources
WARNING: [filemgmt 56-3] IPUserFilesDir: Could not find the directory 'C:/Pentek/IP/2017.3/pentek/ip/px_axis_bram_delay/px_axis_bram_delay.ip_user_files'.
INFO: [IP_Flow 19-234] Refreshing IP repositories
INFO: [IP_Flow 19-1700] Loaded user IP repository 'c:/Pentek/IP/2017.3/pentek/ip/px_axis_bram_delay'.
INFO: [IP_Flow 19-2313] Loaded Vivado IP repository 'C:/Xilinx/Vivado/2017.3/patches/AR70218/vivado/data/ip'.
INFO: [IP_Flow 19-2313] Loaded Vivado IP repository 'C:/Xilinx/Vivado/2017.3/patches/AR69964/vivado/data/ip'.
INFO: [IP_Flow 19-2313] Loaded Vivado IP repository 'C:/Xilinx/Vivado/2017.3/data/ip'.
WARNING: [IP_Flow 19-4830] Duplicate Interface found for 'xilinx.com:display_usp_rf_data_converter:cal_freeze_pins:1.0'. The one found in location 'c:/Xilinx/Vivado/2017.3/patches/AR70218/vivado/data/ip/xilinx/usp_rf_data_converter_v1_2/interfaces/cal_freeze_pins.xml' will take precedence over the same Interface in location 'c:/Xilinx/Vivado/2017.3/patches/AR69964/vivado/data/ip/xilinx/usp_rf_data_converter_v1_1/interfaces/cal_freeze_pins.xml'
WARNING: [IP_Flow 19-4830] Duplicate Interface found for 'xilinx.com:display_usp_rf_data_converter:debug_pins:1.0'. The one found in location 'c:/Xilinx/Vivado/2017.3/patches/AR70218/vivado/data/ip/xilinx/usp_rf_data_converter_v1_2/interfaces/debug_pins.xml' will take precedence over the same Interface in location 'c:/Xilinx/Vivado/2017.3/patches/AR69964/vivado/data/ip/xilinx/usp_rf_data_converter_v1_1/interfaces/debug_pins.xml'
WARNING: [IP_Flow 19-4830] Duplicate Interface found for 'xilinx.com:display_usp_rf_data_converter:diff_pins:1.0'. The one found in location 'c:/Xilinx/Vivado/2017.3/patches/AR70218/vivado/data/ip/xilinx/usp_rf_data_converter_v1_2/interfaces/diff_pins.xml' will take precedence over the same Interface in location 'c:/Xilinx/Vivado/2017.3/patches/AR69964/vivado/data/ip/xilinx/usp_rf_data_converter_v1_1/interfaces/diff_pins.xml'
WARNING: [IP_Flow 19-4830] Duplicate Interface found for 'xilinx.com:display_usp_rf_data_converter:drp_mon_pins:1.0'. The one found in location 'c:/Xilinx/Vivado/2017.3/patches/AR70218/vivado/data/ip/xilinx/usp_rf_data_converter_v1_2/interfaces/drp_mon_pins.xml' will take precedence over the same Interface in location 'c:/Xilinx/Vivado/2017.3/patches/AR69964/vivado/data/ip/xilinx/usp_rf_data_converter_v1_1/interfaces/drp_mon_pins.xml'
WARNING: [IP_Flow 19-4830] Duplicate Interface found for 'xilinx.com:user:hsams_data_sink_ctrl:1.0'. The one found in location 'c:/Xilinx/Vivado/2017.3/patches/AR70218/vivado/data/ip/xilinx/usp_rf_data_converter_v1_2/interfaces/hsams_data_sink_ctrl.xml' will take precedence over the same Interface in location 'c:/Xilinx/Vivado/2017.3/patches/AR69964/vivado/data/ip/xilinx/usp_rf_data_converter_v1_1/interfaces/hsams_data_sink_ctrl.xml'
WARNING: [IP_Flow 19-4830] Duplicate Interface found for 'xilinx.com:user:hsams_data_source_ctrl:1.0'. The one found in location 'c:/Xilinx/Vivado/2017.3/patches/AR70218/vivado/data/ip/xilinx/usp_rf_data_converter_v1_2/interfaces/hsams_data_source_ctrl.xml' will take precedence over the same Interface in location 'c:/Xilinx/Vivado/2017.3/patches/AR69964/vivado/data/ip/xilinx/usp_rf_data_converter_v1_1/interfaces/hsams_data_source_ctrl.xml'
WARNING: [IP_Flow 19-4830] Duplicate Interface found for 'xilinx.com:display_usp_rf_data_converter:rts_pins:1.0'. The one found in location 'c:/Xilinx/Vivado/2017.3/patches/AR70218/vivado/data/ip/xilinx/usp_rf_data_converter_v1_2/interfaces/rts_pins.xml' will take precedence over the same Interface in location 'c:/Xilinx/Vivado/2017.3/patches/AR69964/vivado/data/ip/xilinx/usp_rf_data_converter_v1_1/interfaces/rts_pins.xml'
open_project: Time (s): cpu = 00:00:15 ; elapsed = 00:00:08 . Memory (MB): peak = 931.871 ; gain = 131.168
update_compile_order -fileset sources_1
update_files -from_files C:/Pentek/IP/2017.3/pentek/ip/px_axis_bram_delay/px_axis_bram_delay.srcs/sources_1/new/px_axis_bram_delay.vhd -to_files C:/Pentek/IP/2017.3/pentek/ip/px_axis_bram_delay/px_axis_bram_delay.srcs/sources_1/new/px_axis_bram_delay.vhd -filesets [get_filesets *]
ERROR: [Vivado 12-3481] Cannot replace a file with itself: 'C:/Pentek/IP/2017.3/pentek/ip/px_axis_bram_delay/px_axis_bram_delay.srcs/sources_1/new/px_axis_bram_delay.vhd'
update_compile_order -fileset sources_1
update_compile_order -fileset sources_1
set_property  ip_repo_paths  {} [current_project]
update_ip_catalog
INFO: [IP_Flow 19-234] Refreshing IP repositories
INFO: [IP_Flow 19-1704] No user IP repositories specified
WARNING: [IP_Flow 19-4830] Duplicate Interface found for 'xilinx.com:display_usp_rf_data_converter:cal_freeze_pins:1.0'. The one found in location 'c:/Xilinx/Vivado/2017.3/patches/AR70218/vivado/data/ip/xilinx/usp_rf_data_converter_v1_2/interfaces/cal_freeze_pins.xml' will take precedence over the same Interface in location 'c:/Xilinx/Vivado/2017.3/patches/AR69964/vivado/data/ip/xilinx/usp_rf_data_converter_v1_1/interfaces/cal_freeze_pins.xml'
WARNING: [IP_Flow 19-4830] Duplicate Interface found for 'xilinx.com:display_usp_rf_data_converter:debug_pins:1.0'. The one found in location 'c:/Xilinx/Vivado/2017.3/patches/AR70218/vivado/data/ip/xilinx/usp_rf_data_converter_v1_2/interfaces/debug_pins.xml' will take precedence over the same Interface in location 'c:/Xilinx/Vivado/2017.3/patches/AR69964/vivado/data/ip/xilinx/usp_rf_data_converter_v1_1/interfaces/debug_pins.xml'
WARNING: [IP_Flow 19-4830] Duplicate Interface found for 'xilinx.com:display_usp_rf_data_converter:diff_pins:1.0'. The one found in location 'c:/Xilinx/Vivado/2017.3/patches/AR70218/vivado/data/ip/xilinx/usp_rf_data_converter_v1_2/interfaces/diff_pins.xml' will take precedence over the same Interface in location 'c:/Xilinx/Vivado/2017.3/patches/AR69964/vivado/data/ip/xilinx/usp_rf_data_converter_v1_1/interfaces/diff_pins.xml'
WARNING: [IP_Flow 19-4830] Duplicate Interface found for 'xilinx.com:display_usp_rf_data_converter:drp_mon_pins:1.0'. The one found in location 'c:/Xilinx/Vivado/2017.3/patches/AR70218/vivado/data/ip/xilinx/usp_rf_data_converter_v1_2/interfaces/drp_mon_pins.xml' will take precedence over the same Interface in location 'c:/Xilinx/Vivado/2017.3/patches/AR69964/vivado/data/ip/xilinx/usp_rf_data_converter_v1_1/interfaces/drp_mon_pins.xml'
WARNING: [IP_Flow 19-4830] Duplicate Interface found for 'xilinx.com:user:hsams_data_sink_ctrl:1.0'. The one found in location 'c:/Xilinx/Vivado/2017.3/patches/AR70218/vivado/data/ip/xilinx/usp_rf_data_converter_v1_2/interfaces/hsams_data_sink_ctrl.xml' will take precedence over the same Interface in location 'c:/Xilinx/Vivado/2017.3/patches/AR69964/vivado/data/ip/xilinx/usp_rf_data_converter_v1_1/interfaces/hsams_data_sink_ctrl.xml'
WARNING: [IP_Flow 19-4830] Duplicate Interface found for 'xilinx.com:user:hsams_data_source_ctrl:1.0'. The one found in location 'c:/Xilinx/Vivado/2017.3/patches/AR70218/vivado/data/ip/xilinx/usp_rf_data_converter_v1_2/interfaces/hsams_data_source_ctrl.xml' will take precedence over the same Interface in location 'c:/Xilinx/Vivado/2017.3/patches/AR69964/vivado/data/ip/xilinx/usp_rf_data_converter_v1_1/interfaces/hsams_data_source_ctrl.xml'
WARNING: [IP_Flow 19-4830] Duplicate Interface found for 'xilinx.com:display_usp_rf_data_converter:rts_pins:1.0'. The one found in location 'c:/Xilinx/Vivado/2017.3/patches/AR70218/vivado/data/ip/xilinx/usp_rf_data_converter_v1_2/interfaces/rts_pins.xml' will take precedence over the same Interface in location 'c:/Xilinx/Vivado/2017.3/patches/AR69964/vivado/data/ip/xilinx/usp_rf_data_converter_v1_1/interfaces/rts_pins.xml'
set_property  ip_repo_paths  C:/Pentek/IP/2017.3/pentek [current_project]
update_ip_catalog
INFO: [IP_Flow 19-234] Refreshing IP repositories
INFO: [IP_Flow 19-1700] Loaded user IP repository 'c:/Pentek/IP/2017.3/pentek'.
WARNING: [IP_Flow 19-3656] If you move the project, the path for repository 'c:/Pentek/IP/2017.3/pentek' may become invalid. A better location for the repository would be in a path adjacent to the project. (Current project location is 'c:/Pentek/IP/2017.3/pentek/ip/px_axis_bram_delay'.)
WARNING: [IP_Flow 19-4830] Duplicate Interface found for 'xilinx.com:display_usp_rf_data_converter:cal_freeze_pins:1.0'. The one found in location 'c:/Xilinx/Vivado/2017.3/patches/AR70218/vivado/data/ip/xilinx/usp_rf_data_converter_v1_2/interfaces/cal_freeze_pins.xml' will take precedence over the same Interface in location 'c:/Xilinx/Vivado/2017.3/patches/AR69964/vivado/data/ip/xilinx/usp_rf_data_converter_v1_1/interfaces/cal_freeze_pins.xml'
WARNING: [IP_Flow 19-4830] Duplicate Interface found for 'xilinx.com:display_usp_rf_data_converter:debug_pins:1.0'. The one found in location 'c:/Xilinx/Vivado/2017.3/patches/AR70218/vivado/data/ip/xilinx/usp_rf_data_converter_v1_2/interfaces/debug_pins.xml' will take precedence over the same Interface in location 'c:/Xilinx/Vivado/2017.3/patches/AR69964/vivado/data/ip/xilinx/usp_rf_data_converter_v1_1/interfaces/debug_pins.xml'
WARNING: [IP_Flow 19-4830] Duplicate Interface found for 'xilinx.com:display_usp_rf_data_converter:diff_pins:1.0'. The one found in location 'c:/Xilinx/Vivado/2017.3/patches/AR70218/vivado/data/ip/xilinx/usp_rf_data_converter_v1_2/interfaces/diff_pins.xml' will take precedence over the same Interface in location 'c:/Xilinx/Vivado/2017.3/patches/AR69964/vivado/data/ip/xilinx/usp_rf_data_converter_v1_1/interfaces/diff_pins.xml'
WARNING: [IP_Flow 19-4830] Duplicate Interface found for 'xilinx.com:display_usp_rf_data_converter:drp_mon_pins:1.0'. The one found in location 'c:/Xilinx/Vivado/2017.3/patches/AR70218/vivado/data/ip/xilinx/usp_rf_data_converter_v1_2/interfaces/drp_mon_pins.xml' will take precedence over the same Interface in location 'c:/Xilinx/Vivado/2017.3/patches/AR69964/vivado/data/ip/xilinx/usp_rf_data_converter_v1_1/interfaces/drp_mon_pins.xml'
WARNING: [IP_Flow 19-4830] Duplicate Interface found for 'xilinx.com:user:hsams_data_sink_ctrl:1.0'. The one found in location 'c:/Xilinx/Vivado/2017.3/patches/AR70218/vivado/data/ip/xilinx/usp_rf_data_converter_v1_2/interfaces/hsams_data_sink_ctrl.xml' will take precedence over the same Interface in location 'c:/Xilinx/Vivado/2017.3/patches/AR69964/vivado/data/ip/xilinx/usp_rf_data_converter_v1_1/interfaces/hsams_data_sink_ctrl.xml'
WARNING: [IP_Flow 19-4830] Duplicate Interface found for 'xilinx.com:user:hsams_data_source_ctrl:1.0'. The one found in location 'c:/Xilinx/Vivado/2017.3/patches/AR70218/vivado/data/ip/xilinx/usp_rf_data_converter_v1_2/interfaces/hsams_data_source_ctrl.xml' will take precedence over the same Interface in location 'c:/Xilinx/Vivado/2017.3/patches/AR69964/vivado/data/ip/xilinx/usp_rf_data_converter_v1_1/interfaces/hsams_data_source_ctrl.xml'
WARNING: [IP_Flow 19-4830] Duplicate Interface found for 'xilinx.com:display_usp_rf_data_converter:rts_pins:1.0'. The one found in location 'c:/Xilinx/Vivado/2017.3/patches/AR70218/vivado/data/ip/xilinx/usp_rf_data_converter_v1_2/interfaces/rts_pins.xml' will take precedence over the same Interface in location 'c:/Xilinx/Vivado/2017.3/patches/AR69964/vivado/data/ip/xilinx/usp_rf_data_converter_v1_1/interfaces/rts_pins.xml'
update_ip_catalog
create_ip -name px_xpm_cdc_bus_sync -vendor pentek.com -library px_ip -version 1.1 -module_name px_axis_bram_dly_cdc -dir c:/Pentek/IP/2017.3/pentek/ip/px_axis_bram_delay/px_axis_bram_delay.srcs/sources_1/ip
set_property -dict [list CONFIG.DEST_SYNC_FF {2} CONFIG.WIDTH {16} CONFIG.Component_Name {px_axis_bram_dly_cdc} CONFIG.SRC_SYNC_FF {2}] [get_ips px_axis_bram_dly_cdc]
WARNING: [Vivado 12-3523] Attempt to change 'Component_Name' from 'px_axis_bram_dly_cdc' to 'px_axis_bram_dly_cdc' is not allowed and is ignored.
generate_target {instantiation_template} [get_files c:/Pentek/IP/2017.3/pentek/ip/px_axis_bram_delay/px_axis_bram_delay.srcs/sources_1/ip/px_axis_bram_dly_cdc/px_axis_bram_dly_cdc.xci]
INFO: [IP_Flow 19-1686] Generating 'Instantiation Template' target for IP 'px_axis_bram_dly_cdc'...
update_compile_order -fileset sources_1
update_compile_order -fileset sources_1
update_compile_order -fileset sources_1
ipx::open_ipxact_file {C:\Pentek\IP\2017.3\pentek\ip\px_axis_bram_delay\component.xml}
WARNING: [IP_Flow 19-3833] Unreferenced file from the top module is not packaged: 'C:/Pentek/IP/2017.3/pentek/ip/px_axis_bram_delay/px_axis_bram_delay.srcs/sources_1/ip/tb_blk_ram/tb_blk_ram.xci'.
WARNING: [IP_Flow 19-4308] Project file 'px_axis_bram_delay.srcs/sources_1/ip/px_axis_bram_dly_cdc/px_axis_bram_dly_cdc.xci' is not found in the component files. It will be added automatically when merging sources and repackaging. Please remove the file from the source project if this is not desired.
WARNING: [IP_Flow 19-4308] Project file 'px_axis_bram_delay.srcs/sources_1/ip/px_axis_bram_dly_cdc/px_axis_bram_dly_cdc.xci' is not found in the component files. It will be added automatically when merging sources and repackaging. Please remove the file from the source project if this is not desired.
WARNING: [IP_Flow 19-3898] File Group 'xilinx_anylanguagebehavioralsimulation (Simulation)': File 'px_axis_bram_delay.srcs/sources_1/ip/tb_blk_ram/tb_blk_ram.xci' is not found in the project sources. It will be removed from the packaged IP when the sources are merged. If still required, please add this file to the project and re-package.
set_property description {Delay an AXI-S stream through an attached BRAM with variable delay} [ipx::current_core]
ipx::merge_project_changes files [ipx::current_core]
WARNING: [IP_Flow 19-3833] Unreferenced file from the top module is not packaged: 'C:/Pentek/IP/2017.3/pentek/ip/px_axis_bram_delay/px_axis_bram_delay.srcs/sources_1/ip/tb_blk_ram/tb_blk_ram.xci'.
WARNING: [IP_Flow 19-5109] 'File Group 'xilinx_anylanguagebehavioralsimulation (Simulation)'': File 'px_axis_bram_delay.srcs/sources_1/ip/tb_blk_ram/tb_blk_ram.xci' is not found in the project sources. It has been removed from the packaged IP. If still required, please add this file to the project, merge sources and re-package.
ipx::remove_file tb_px_axis_bram_delay_behav.wcfg [ipx::get_file_groups xilinx_testbench -of_objects [ipx::current_core]]
ipx::merge_project_changes hdl_parameters [ipx::current_core]
WARNING: [IP_Flow 19-3833] Unreferenced file from the top module is not packaged: 'C:/Pentek/IP/2017.3/pentek/ip/px_axis_bram_delay/px_axis_bram_delay.srcs/sources_1/ip/tb_blk_ram/tb_blk_ram.xci'.
CRITICAL WARNING: [IP_Flow 19-4835] Multiple IP ports (m_axis_pdti_tvalid m_axis_pdti_tuser m_axis_pdti_tdata) were removed from the interface 'm_axis_pdti'. Please review the IP interface 'm_axis_pdti'.
CRITICAL WARNING: [IP_Flow 19-4835] Multiple IP ports (s_axis_pdti_tvalid s_axis_pdti_tuser s_axis_pdti_tdata) were removed from the interface 's_axis_pdti'. Please review the IP interface 's_axis_pdti'.
ERROR: [Common 17-39] 'ipx::merge_project_changes' failed due to earlier errors.
ipx::remove_file tb_px_axis_bram_delay_behav.wcfg [ipx::get_file_groups xilinx_testbench -of_objects [ipx::current_core]]
set_property name m_axis [ipx::get_bus_interfaces m_axis_pdti -of_objects [ipx::current_core]]
set_property name s_axis [ipx::get_bus_interfaces s_axis_pdti -of_objects [ipx::current_core]]
ipx::add_port_map TVALID [ipx::get_bus_interfaces m_axis -of_objects [ipx::current_core]]
set_property physical_name m_axis_tvalid [ipx::get_port_maps TVALID -of_objects [ipx::get_bus_interfaces m_axis -of_objects [ipx::current_core]]]
ipx::add_port_map TDATA [ipx::get_bus_interfaces m_axis -of_objects [ipx::current_core]]
set_property physical_name m_axis_tdata [ipx::get_port_maps TDATA -of_objects [ipx::get_bus_interfaces m_axis -of_objects [ipx::current_core]]]
ipx::add_port_map TVALID [ipx::get_bus_interfaces s_axis -of_objects [ipx::current_core]]
set_property physical_name s_axis_tvalid [ipx::get_port_maps TVALID -of_objects [ipx::get_bus_interfaces s_axis -of_objects [ipx::current_core]]]
ipx::add_port_map TDATA [ipx::get_bus_interfaces s_axis -of_objects [ipx::current_core]]
set_property physical_name s_axis_tdata [ipx::get_port_maps TDATA -of_objects [ipx::get_bus_interfaces s_axis -of_objects [ipx::current_core]]]
set_property core_revision 21 [ipx::current_core]
ipx::create_xgui_files [ipx::current_core]
ipx::update_checksums [ipx::current_core]
ipx::save_core [ipx::current_core]
update_ip_catalog -rebuild -repo_path c:/Pentek/IP/2017.3/pentek
INFO: [IP_Flow 19-725] Reloaded user IP repository 'c:/Pentek/IP/2017.3/pentek'
WARNING: [IP_Flow 19-4830] Duplicate Interface found for 'xilinx.com:display_usp_rf_data_converter:cal_freeze_pins:1.0'. The one found in location 'c:/Xilinx/Vivado/2017.3/patches/AR70218/vivado/data/ip/xilinx/usp_rf_data_converter_v1_2/interfaces/cal_freeze_pins.xml' will take precedence over the same Interface in location 'c:/Xilinx/Vivado/2017.3/patches/AR69964/vivado/data/ip/xilinx/usp_rf_data_converter_v1_1/interfaces/cal_freeze_pins.xml'
WARNING: [IP_Flow 19-4830] Duplicate Interface found for 'xilinx.com:display_usp_rf_data_converter:debug_pins:1.0'. The one found in location 'c:/Xilinx/Vivado/2017.3/patches/AR70218/vivado/data/ip/xilinx/usp_rf_data_converter_v1_2/interfaces/debug_pins.xml' will take precedence over the same Interface in location 'c:/Xilinx/Vivado/2017.3/patches/AR69964/vivado/data/ip/xilinx/usp_rf_data_converter_v1_1/interfaces/debug_pins.xml'
WARNING: [IP_Flow 19-4830] Duplicate Interface found for 'xilinx.com:display_usp_rf_data_converter:diff_pins:1.0'. The one found in location 'c:/Xilinx/Vivado/2017.3/patches/AR70218/vivado/data/ip/xilinx/usp_rf_data_converter_v1_2/interfaces/diff_pins.xml' will take precedence over the same Interface in location 'c:/Xilinx/Vivado/2017.3/patches/AR69964/vivado/data/ip/xilinx/usp_rf_data_converter_v1_1/interfaces/diff_pins.xml'
WARNING: [IP_Flow 19-4830] Duplicate Interface found for 'xilinx.com:display_usp_rf_data_converter:drp_mon_pins:1.0'. The one found in location 'c:/Xilinx/Vivado/2017.3/patches/AR70218/vivado/data/ip/xilinx/usp_rf_data_converter_v1_2/interfaces/drp_mon_pins.xml' will take precedence over the same Interface in location 'c:/Xilinx/Vivado/2017.3/patches/AR69964/vivado/data/ip/xilinx/usp_rf_data_converter_v1_1/interfaces/drp_mon_pins.xml'
WARNING: [IP_Flow 19-4830] Duplicate Interface found for 'xilinx.com:user:hsams_data_sink_ctrl:1.0'. The one found in location 'c:/Xilinx/Vivado/2017.3/patches/AR70218/vivado/data/ip/xilinx/usp_rf_data_converter_v1_2/interfaces/hsams_data_sink_ctrl.xml' will take precedence over the same Interface in location 'c:/Xilinx/Vivado/2017.3/patches/AR69964/vivado/data/ip/xilinx/usp_rf_data_converter_v1_1/interfaces/hsams_data_sink_ctrl.xml'
WARNING: [IP_Flow 19-4830] Duplicate Interface found for 'xilinx.com:user:hsams_data_source_ctrl:1.0'. The one found in location 'c:/Xilinx/Vivado/2017.3/patches/AR70218/vivado/data/ip/xilinx/usp_rf_data_converter_v1_2/interfaces/hsams_data_source_ctrl.xml' will take precedence over the same Interface in location 'c:/Xilinx/Vivado/2017.3/patches/AR69964/vivado/data/ip/xilinx/usp_rf_data_converter_v1_1/interfaces/hsams_data_source_ctrl.xml'
WARNING: [IP_Flow 19-4830] Duplicate Interface found for 'xilinx.com:display_usp_rf_data_converter:rts_pins:1.0'. The one found in location 'c:/Xilinx/Vivado/2017.3/patches/AR70218/vivado/data/ip/xilinx/usp_rf_data_converter_v1_2/interfaces/rts_pins.xml' will take precedence over the same Interface in location 'c:/Xilinx/Vivado/2017.3/patches/AR69964/vivado/data/ip/xilinx/usp_rf_data_converter_v1_1/interfaces/rts_pins.xml'
update_ip_catalog: Time (s): cpu = 00:00:06 ; elapsed = 00:00:05 . Memory (MB): peak = 1108.867 ; gain = 0.000
exit
INFO: [Common 17-206] Exiting Vivado at Wed Dec 13 15:59:01 2017...
