#-----------------------------------------------------------
# Vivado v2019.2 (64-bit)
# SW Build 2708876 on Wed Nov  6 21:40:23 MST 2019
# IP Build 2700528 on Thu Nov  7 00:09:20 MST 2019
# Start of session at: Mon Aug  3 16:56:55 2020
# Process ID: 15944
# Current directory: C:/Pentek/ip/2019.2/pentek/ip/px_dac3484intrfc
# Command line: vivado.exe -gui_launcher_event rodinguilauncherevent8832 C:\Pentek\ip\2019.2\pentek\ip\px_dac3484intrfc\px_dac3484intrfc.xpr
# Log file: C:/Pentek/ip/2019.2/pentek/ip/px_dac3484intrfc/vivado.log
# Journal file: C:/Pentek/ip/2019.2/pentek/ip/px_dac3484intrfc\vivado.jou
#-----------------------------------------------------------
start_gui
open_project C:/Pentek/ip/2019.2/pentek/ip/px_dac3484intrfc/px_dac3484intrfc.xpr
Scanning sources...
Finished scanning sources
INFO: [IP_Flow 19-234] Refreshing IP repositories
INFO: [IP_Flow 19-1700] Loaded user IP repository 'c:/Pentek/ip/2019.2/pentek'.
WARNING: [IP_Flow 19-3656] If you move the project, the path for repository 'c:/Pentek/ip/2019.2/pentek' may become invalid. A better location for the repository would be in a path adjacent to the project. (Current project location is 'c:/Pentek/ip/2019.2/pentek/ip/px_dac3484intrfc'.)
INFO: [IP_Flow 19-2313] Loaded Vivado IP repository 'C:/Xilinx/Vivado/2019.2/data/ip'.
open_project: Time (s): cpu = 00:00:12 ; elapsed = 00:00:13 . Memory (MB): peak = 914.238 ; gain = 227.090
update_compile_order -fileset sources_1
reset_run synth_1
launch_runs synth_1 -jobs 8
[Mon Aug  3 16:58:22 2020] Launched synth_1...
Run output will be captured here: C:/Pentek/ip/2019.2/pentek/ip/px_dac3484intrfc/px_dac3484intrfc.runs/synth_1/runme.log
ipx::open_ipxact_file {C:\Pentek\ip\2019.2\pentek\ip\px_dac3484intrfc\px_dac3484intrfc.srcs\component.xml}
WARNING: [IP_Flow 19-5226] Project source file 'c:/Pentek/ip/2019.2/pentek/ip/px_dac3484intrfc/px_dac3484intrfc.srcs/component.xml' ignored by IP packager.
WARNING: [IP_Flow 19-3898] File Group 'xilinx_anylanguagesynthesis (Synthesis)': File 'c:/Pentek/ip/2019.2/pentek/ip/px_dac3484intrfc/px_dac3484intrfc.srcs/sources_1/ip/dac3484_csr_intrfc/dac3484_csr_intrfc.xci' is not found in the project sources. It will be removed from the packaged IP when the sources are merged. If still required, please add this file to the project and re-package.
WARNING: [IP_Flow 19-3898] File Group 'xilinx_anylanguagesynthesis (Synthesis)': File 'c:/Pentek/ip/2019.2/pentek/ip/px_dac3484intrfc/px_dac3484intrfc.srcs/sources_1/ip/dac3484_serial_int/dac3484_serial_int.xci' is not found in the project sources. It will be removed from the packaged IP when the sources are merged. If still required, please add this file to the project and re-package.
WARNING: [IP_Flow 19-3898] File Group 'xilinx_anylanguagesynthesis (Synthesis)': File 'c:/Pentek/ip/2019.2/pentek/ip/px_dac3484intrfc/px_dac3484intrfc.srcs/sources_1/new/px_dac3484_csr.vhd' is not found in the project sources. It will be removed from the packaged IP when the sources are merged. If still required, please add this file to the project and re-package.
WARNING: [IP_Flow 19-3898] File Group 'xilinx_anylanguagesynthesis (Synthesis)': File 'c:/Pentek/ip/2019.2/pentek/ip/px_dac3484intrfc/px_dac3484intrfc.srcs/sources_1/new/px_dac3484_packer.vhd' is not found in the project sources. It will be removed from the packaged IP when the sources are merged. If still required, please add this file to the project and re-package.
WARNING: [IP_Flow 19-3898] File Group 'xilinx_anylanguagesynthesis (Synthesis)': File 'c:/Pentek/ip/2019.2/pentek/ip/px_dac3484intrfc/px_dac3484intrfc.srcs/sources_1/new/px_dac3484_serdes.vhd' is not found in the project sources. It will be removed from the packaged IP when the sources are merged. If still required, please add this file to the project and re-package.
WARNING: [IP_Flow 19-3898] File Group 'xilinx_anylanguagesynthesis (Synthesis)': File 'c:/Pentek/ip/2019.2/pentek/ip/px_dac3484intrfc/px_dac3484intrfc.srcs/sources_1/new/px_dac3484intrfc.vhd' is not found in the project sources. It will be removed from the packaged IP when the sources are merged. If still required, please add this file to the project and re-package.
WARNING: [IP_Flow 19-3898] File Group 'xilinx_anylanguagebehavioralsimulation (Simulation)': File 'c:/Pentek/ip/2019.2/pentek/ip/px_dac3484intrfc/px_dac3484intrfc.srcs/sources_1/ip/dac3484_csr_intrfc/dac3484_csr_intrfc.xci' is not found in the project sources. It will be removed from the packaged IP when the sources are merged. If still required, please add this file to the project and re-package.
WARNING: [IP_Flow 19-3898] File Group 'xilinx_anylanguagebehavioralsimulation (Simulation)': File 'c:/Pentek/ip/2019.2/pentek/ip/px_dac3484intrfc/px_dac3484intrfc.srcs/sources_1/ip/dac3484_serial_int/dac3484_serial_int.xci' is not found in the project sources. It will be removed from the packaged IP when the sources are merged. If still required, please add this file to the project and re-package.
WARNING: [IP_Flow 19-3898] File Group 'xilinx_anylanguagebehavioralsimulation (Simulation)': File 'c:/Pentek/ip/2019.2/pentek/ip/px_dac3484intrfc/px_dac3484intrfc.srcs/sources_1/new/px_dac3484_csr.vhd' is not found in the project sources. It will be removed from the packaged IP when the sources are merged. If still required, please add this file to the project and re-package.
WARNING: [IP_Flow 19-3898] File Group 'xilinx_anylanguagebehavioralsimulation (Simulation)': File 'c:/Pentek/ip/2019.2/pentek/ip/px_dac3484intrfc/px_dac3484intrfc.srcs/sources_1/new/px_dac3484_packer.vhd' is not found in the project sources. It will be removed from the packaged IP when the sources are merged. If still required, please add this file to the project and re-package.
WARNING: [IP_Flow 19-3898] File Group 'xilinx_anylanguagebehavioralsimulation (Simulation)': File 'c:/Pentek/ip/2019.2/pentek/ip/px_dac3484intrfc/px_dac3484intrfc.srcs/sources_1/new/px_dac3484_serdes.vhd' is not found in the project sources. It will be removed from the packaged IP when the sources are merged. If still required, please add this file to the project and re-package.
WARNING: [IP_Flow 19-3898] File Group 'xilinx_anylanguagebehavioralsimulation (Simulation)': File 'c:/Pentek/ip/2019.2/pentek/ip/px_dac3484intrfc/px_dac3484intrfc.srcs/sources_1/new/px_dac3484intrfc.vhd' is not found in the project sources. It will be removed from the packaged IP when the sources are merged. If still required, please add this file to the project and re-package.
WARNING: [IP_Flow 19-3898] File Group 'xilinx_testbench (Test Bench)': File 'c:/Pentek/ip/2019.2/pentek/ip/px_dac3484intrfc/px_dac3484intrfc.srcs/sim_1/new/tb_px_dac3484intrfc.vhd' is not found in the project sources. It will be removed from the packaged IP when the sources are merged. If still required, please add this file to the project and re-package.
WARNING: [IP_Flow 19-3898] File Group 'xilinx_testbench (Test Bench)': File 'c:/Pentek/ip/2019.2/pentek/ip/px_dac3484intrfc/tb_px_dac3484intrfc_behav.wcfg' is not found in the project sources. It will be removed from the packaged IP when the sources are merged. If still required, please add this file to the project and re-package.
ipx::merge_project_changes hdl_parameters [ipx::current_core]
WARNING: [IP_Flow 19-5226] Project source file 'c:/Pentek/ip/2019.2/pentek/ip/px_dac3484intrfc/px_dac3484intrfc.srcs/component.xml' ignored by IP packager.
INFO: [IP_Flow 19-3166] Bus Interface 's_axi_csr': References existing memory map 's_axi_csr'.
set_property core_revision 18 [ipx::current_core]
ipx::create_xgui_files [ipx::current_core]
ipx::update_checksums [ipx::current_core]
ipx::save_core [ipx::current_core]
update_ip_catalog -rebuild -repo_path c:/Pentek/ip/2019.2/pentek
INFO: [IP_Flow 19-725] Reloaded user IP repository 'c:/Pentek/ip/2019.2/pentek'
reset_run synth_1
launch_runs synth_1 -jobs 8
[Mon Aug  3 17:24:09 2020] Launched synth_1...
Run output will be captured here: C:/Pentek/ip/2019.2/pentek/ip/px_dac3484intrfc/px_dac3484intrfc.runs/synth_1/runme.log
ipx::merge_project_changes files [ipx::current_core]
WARNING: [IP_Flow 19-5226] Project source file 'c:/Pentek/ip/2019.2/pentek/ip/px_dac3484intrfc/px_dac3484intrfc.srcs/component.xml' ignored by IP packager.
ipx::update_checksums [ipx::current_core]
ipx::save_core [ipx::current_core]
set_property core_revision 19 [ipx::current_core]
ipx::create_xgui_files [ipx::current_core]
ipx::update_checksums [ipx::current_core]
ipx::save_core [ipx::current_core]
update_ip_catalog -rebuild -repo_path c:/Pentek/ip/2019.2/pentek
INFO: [IP_Flow 19-725] Reloaded user IP repository 'c:/Pentek/ip/2019.2/pentek'
