Running: fuse.exe -relaunch -intstyle "ise" -incremental -o "C:/TEMP/HMC_Redesign/HMC_tb_isim_beh.exe" -prj "C:/TEMP/HMC_Redesign/HMC_tb_beh.prj" "work.HMC_tb" 
ISim P.40xd (signature 0x7708f090)
Number of CPUs detected in this system: 4
Turning on mult-threading, number of parallel sub-compilation jobs: 8 
Determining compilation order of HDL files
Parsing VHDL file "C:/TEMP/HMC_Redesign/HMC_src.vhd" into library work
Parsing VHDL file "C:/TEMP/HMC_Redesign/HMC_tb.vhd" into library work
Starting static elaboration
Completed static elaboration
Compiling package standard
Compiling package std_logic_1164
Compiling package std_logic_arith
Compiling package std_logic_unsigned
Compiling architecture behavioral of entity HMC_src [hmc_src_default]
Compiling architecture behavior of entity hmc_tb
Time Resolution for simulation is 1ps.
Waiting for 1 sub-compilation(s) to finish...
Compiled 7 VHDL Units
Built simulation executable C:/TEMP/HMC_Redesign/HMC_tb_isim_beh.exe
Fuse Memory Usage: 34132 KB
Fuse CPU Usage: 623 ms
