#-----------------------------------------------------------
# Vivado v2016.2 (64-bit)
# SW Build 1577090 on Thu Jun  2 16:32:40 MDT 2016
# IP Build 1577682 on Fri Jun  3 12:00:54 MDT 2016
# Start of session at: Thu Jun 09 10:44:01 2016
# Process ID: 8548
# Current directory: C:/Xilinx/Vivado/2016.2/data/ip/pentek/ip/px_axis_pdti_adv
# Command line: vivado.exe -gui_launcher_event rodinguilauncherevent9916 C:\Xilinx\Vivado\2016.2\data\ip\pentek\ip\px_axis_pdti_adv\px_axis_pdti_adv.xpr
# Log file: C:/Xilinx/Vivado/2016.2/data/ip/pentek/ip/px_axis_pdti_adv/vivado.log
# Journal file: C:/Xilinx/Vivado/2016.2/data/ip/pentek/ip/px_axis_pdti_adv\vivado.jou
#-----------------------------------------------------------
start_gui
open_project C:/Xilinx/Vivado/2016.2/data/ip/pentek/ip/px_axis_pdti_adv/px_axis_pdti_adv.xpr
INFO: [Project 1-313] Project file moved from 'C:/Xilinx/Vivado/2016.1/data/ip/pentek/ip/px_axis_pdti_adv' since last save.
Scanning sources...
Finished scanning sources
WARNING: [filemgmt 56-2] IPUserFilesDir: Could not find the directory 'C:/Xilinx/Vivado/2016.2/data/ip/pentek/ip/px_axis_pdti_adv/px_axis_pdti_adv.ip_user_files', nor could it be found using path 'C:/Xilinx/Vivado/2016.1/data/ip/pentek/ip/px_axis_pdti_adv/px_axis_pdti_adv.ip_user_files'.
INFO: [Project 1-230] Project 'px_axis_pdti_adv.xpr' upgraded for this version of Vivado.
INFO: [IP_Flow 19-234] Refreshing IP repositories
INFO: [IP_Flow 19-1704] No user IP repositories specified
INFO: [IP_Flow 19-2313] Loaded Vivado IP repository 'C:/Xilinx/Vivado/2016.2/data/ip'.
WARNING: [IP_Flow 19-2162] IP 'tb_blk_ram' is locked:
* IP definition 'Block Memory Generator (8.3)' for IP 'tb_blk_ram' has a different revision in the IP Catalog.
Please select 'Report IP Status' from the 'Tools/Report' menu or run Tcl command 'report_ip_status' for more information.
open_project: Time (s): cpu = 00:00:11 ; elapsed = 00:00:06 . Memory (MB): peak = 900.965 ; gain = 208.652
update_compile_order -fileset sources_1
report_ip_status -name ip_status 
export_ip_user_files -of_objects [get_ips  tb_blk_ram] -no_script -reset -quiet
upgrade_ip -vlnv xilinx.com:ip:blk_mem_gen:8.3 [get_ips  tb_blk_ram] -log ip_upgrade.log
Upgrading 'tb_blk_ram'
INFO: [Device 21-403] Loading part xcku060-ffva1517-2-e
INFO: [IP_Flow 19-3422] Upgraded tb_blk_ram (Block Memory Generator 8.3) from revision 2 to revision 3
INFO: [IP_Flow 19-1686] Generating 'Instantiation Template' target for IP 'tb_blk_ram'...
INFO: [Coretcl 2-1525] Wrote upgrade log to 'C:/Xilinx/Vivado/2016.2/data/ip/pentek/ip/px_axis_pdti_adv/ip_upgrade.log'.
upgrade_ip: Time (s): cpu = 00:00:14 ; elapsed = 00:00:13 . Memory (MB): peak = 1306.422 ; gain = 403.777
ipx::open_ipxact_file {C:\Xilinx\Vivado\2016.2\data\ip\pentek\ip\px_axis_pdti_adv\component.xml}
WARNING: [IP_Flow 19-3833] Unreferenced file from the top module is not packaged: 'C:/Xilinx/Vivado/2016.2/data/ip/pentek/ip/px_axis_pdti_adv/px_axis_pdti_adv.srcs/sources_1/ip/tb_blk_ram/tb_blk_ram.xci'.
WARNING: [IP_Flow 19-3898] File Group 'xilinx_testbench (Test Bench)': File 'px_axis_pdti_adv.srcs/sources_1/ip/tb_blk_ram/tb_blk_ram.xci' is no longer found in the project sources. Please remove the packaging file if necessary.
ipx::merge_project_changes files [ipx::current_core]
WARNING: [IP_Flow 19-3833] Unreferenced file from the top module is not packaged: 'C:/Xilinx/Vivado/2016.2/data/ip/pentek/ip/px_axis_pdti_adv/px_axis_pdti_adv.srcs/sources_1/ip/tb_blk_ram/tb_blk_ram.xci'.
ipx::add_file px_axis_pdti_adv.srcs/sources_1/ip/tb_blk_ram/tb_blk_ram.xci [ipx::get_file_groups xilinx_testbench -of_objects [ipx::current_core]]
set_property type xci [ipx::get_files px_axis_pdti_adv.srcs/sources_1/ip/tb_blk_ram/tb_blk_ram.xci -of_objects [ipx::get_file_groups xilinx_testbench -of_objects [ipx::current_core]]]
set_property core_revision 8 [ipx::current_core]
ipx::create_xgui_files [ipx::current_core]
ipx::update_checksums [ipx::current_core]
ipx::save_core [ipx::current_core]
set_property  ip_repo_paths  c:/Xilinx/Vivado/2016.2/data/ip/pentek/ip/px_axis_pdti_adv [current_project]
update_ip_catalog
INFO: [IP_Flow 19-234] Refreshing IP repositories
INFO: [IP_Flow 19-1700] Loaded user IP repository 'c:/Xilinx/Vivado/2016.2/data/ip/pentek/ip/px_axis_pdti_adv'.
exit
INFO: [Common 17-206] Exiting Vivado at Thu Jun 09 10:46:02 2016...
