#-----------------------------------------------------------
# Vivado v2016.2 (64-bit)
# SW Build 1577090 on Thu Jun  2 16:32:40 MDT 2016
# IP Build 1577682 on Fri Jun  3 12:00:54 MDT 2016
# Start of session at: Thu Jun 09 11:26:08 2016
# Process ID: 9444
# Current directory: C:/Xilinx/Vivado/2016.2/data/ip/pentek/ip/px_axispdti_gatesub
# Command line: vivado.exe -gui_launcher_event rodinguilauncherevent5428 C:\Xilinx\Vivado\2016.2\data\ip\pentek\ip\px_axispdti_gatesub\px_axispdti_gatesub.xpr
# Log file: C:/Xilinx/Vivado/2016.2/data/ip/pentek/ip/px_axispdti_gatesub/vivado.log
# Journal file: C:/Xilinx/Vivado/2016.2/data/ip/pentek/ip/px_axispdti_gatesub\vivado.jou
#-----------------------------------------------------------
start_gui
open_project C:/Xilinx/Vivado/2016.2/data/ip/pentek/ip/px_axispdti_gatesub/px_axispdti_gatesub.xpr
INFO: [Project 1-313] Project file moved from 'C:/Xilinx/Vivado/2016.1/data/ip/pentek/ip/px_axispdti_gatesub' since last save.
Scanning sources...
Finished scanning sources
WARNING: [filemgmt 56-2] IPUserFilesDir: Could not find the directory 'C:/Xilinx/Vivado/2016.2/data/ip/pentek/ip/px_axispdti_gatesub/px_axispdti_gatesub.ip_user_files', nor could it be found using path 'C:/Xilinx/Vivado/2016.1/data/ip/pentek/ip/px_axispdti_gatesub/px_axispdti_gatesub.ip_user_files'.
INFO: [Project 1-230] Project 'px_axispdti_gatesub.xpr' upgraded for this version of Vivado.
INFO: [IP_Flow 19-234] Refreshing IP repositories
INFO: [IP_Flow 19-1700] Loaded user IP repository 'c:/Xilinx/Vivado/2016.2/data/ip/pentek/ip/px_axispdti_gatesub/px_axispdti_gatesub.srcs/sources_1/new'.
INFO: [IP_Flow 19-2313] Loaded Vivado IP repository 'C:/Xilinx/Vivado/2016.2/data/ip'.
open_project: Time (s): cpu = 00:00:11 ; elapsed = 00:00:06 . Memory (MB): peak = 902.773 ; gain = 204.152
update_compile_order -fileset sources_1
set_property  ip_repo_paths  {} [current_project]
update_ip_catalog
INFO: [IP_Flow 19-234] Refreshing IP repositories
INFO: [IP_Flow 19-1704] No user IP repositories specified
ipx::open_ipxact_file {C:\Xilinx\Vivado\2016.2\data\ip\pentek\ip\px_axispdti_gatesub\px_axispdti_gatesub.srcs\sources_1\new\component.xml}
WARNING: [IP_Flow 19-4308] Project file 'C:/Xilinx/Vivado/2016.2/data/ip/pentek/ip/px_axispdti_gatesub/px_axispdti_gatesub.srcs/constrs_1/new/px_axispdti_gatesub_ooc.xdc' is not found in the component files. Please add the packaging file if necessary.
set_property core_revision 6 [ipx::current_core]
ipx::create_xgui_files [ipx::current_core]
ipx::update_checksums [ipx::current_core]
ipx::save_core [ipx::current_core]
set_property  ip_repo_paths  c:/Xilinx/Vivado/2016.2/data/ip/pentek/ip/px_axispdti_gatesub/px_axispdti_gatesub.srcs/sources_1/new [current_project]
update_ip_catalog
INFO: [IP_Flow 19-234] Refreshing IP repositories
INFO: [IP_Flow 19-1700] Loaded user IP repository 'c:/Xilinx/Vivado/2016.2/data/ip/pentek/ip/px_axispdti_gatesub/px_axispdti_gatesub.srcs/sources_1/new'.
exit
INFO: [Common 17-206] Exiting Vivado at Thu Jun 09 11:26:56 2016...
