#-----------------------------------------------------------
# Vivado v2016.2 (64-bit)
# SW Build 1577090 on Thu Jun  2 16:32:40 MDT 2016
# IP Build 1577682 on Fri Jun  3 12:00:54 MDT 2016
# Start of session at: Thu Jun 09 11:12:52 2016
# Process ID: 8472
# Current directory: C:/Xilinx/Vivado/2016.2/data/ip/pentek/ip/px_axis_tdata_pad
# Command line: vivado.exe -gui_launcher_event rodinguilauncherevent8876 C:\Xilinx\Vivado\2016.2\data\ip\pentek\ip\px_axis_tdata_pad\px_axis_tdata_pad.xpr
# Log file: C:/Xilinx/Vivado/2016.2/data/ip/pentek/ip/px_axis_tdata_pad/vivado.log
# Journal file: C:/Xilinx/Vivado/2016.2/data/ip/pentek/ip/px_axis_tdata_pad\vivado.jou
#-----------------------------------------------------------
start_gui
open_project C:/Xilinx/Vivado/2016.2/data/ip/pentek/ip/px_axis_tdata_pad/px_axis_tdata_pad.xpr
INFO: [Project 1-313] Project file moved from 'C:/Xilinx/Vivado/2016.1/data/ip/pentek/ip/px_axis_tdata_pad' since last save.
Scanning sources...
Finished scanning sources
INFO: [Project 1-230] Project 'px_axis_tdata_pad.xpr' upgraded for this version of Vivado.
INFO: [IP_Flow 19-234] Refreshing IP repositories
INFO: [IP_Flow 19-1704] No user IP repositories specified
INFO: [IP_Flow 19-2313] Loaded Vivado IP repository 'C:/Xilinx/Vivado/2016.2/data/ip'.
open_project: Time (s): cpu = 00:00:13 ; elapsed = 00:00:06 . Memory (MB): peak = 934.520 ; gain = 234.031
update_compile_order -fileset sources_1
ipx::open_ipxact_file {C:\Xilinx\Vivado\2016.2\data\ip\pentek\ip\px_axis_tdata_pad\px_axis_tdata_pad.srcs\sources_1\new\component.xml}
set_property core_revision 4 [ipx::current_core]
ipx::create_xgui_files [ipx::current_core]
ipx::update_checksums [ipx::current_core]
ipx::save_core [ipx::current_core]
set_property  ip_repo_paths  c:/Xilinx/Vivado/2016.2/data/ip/pentek/ip/px_axis_tdata_pad/px_axis_tdata_pad.srcs/sources_1/new [current_project]
update_ip_catalog
INFO: [IP_Flow 19-234] Refreshing IP repositories
INFO: [IP_Flow 19-1700] Loaded user IP repository 'c:/Xilinx/Vivado/2016.2/data/ip/pentek/ip/px_axis_tdata_pad/px_axis_tdata_pad.srcs/sources_1/new'.
exit
INFO: [Common 17-206] Exiting Vivado at Thu Jun 09 11:13:23 2016...
