#-----------------------------------------------------------
# Vivado v2015.1 (64-bit)
# SW Build 1215546 on Mon Apr 27 19:22:08 MDT 2015
# IP Build 1209967 on Tue Apr 21 11:39:20 MDT 2015
# Start of session at: Tue May 19 09:27:43 2015
# Process ID: 5672
# Log file: E:/px_ip/px_axis_tieoff/vivado.log
# Journal file: E:/px_ip/px_axis_tieoff\vivado.jou
#-----------------------------------------------------------
start_gui
open_project E:/px_ip/px_axis_tieoff/px_axis_tieoff.xpr
Scanning sources...
Finished scanning sources
INFO: [IP_Flow 19-234] Refreshing IP repositories
INFO: [IP_Flow 19-1700] Loaded user IP repository 'e:/px_ip/px_axis_tieoff/px_axis_tieoff.srcs/sources_1/new'.
INFO: [IP_Flow 19-2313] Loaded Vivado IP repository 'C:/Xilinx/Vivado/2015.1/data/ip'.
ipx::open_ipxact_file {E:\px_ip\px_axis_tieoff\px_axis_tieoff.srcs\sources_1\new\component.xml}
set_property taxonomy /PentekIP [ipx::current_core]
set_property core_revision 6 [ipx::current_core]
ipx::create_xgui_files [ipx::current_core]
ipx::update_checksums [ipx::current_core]
ipx::save_core [ipx::current_core]
update_ip_catalog -rebuild -repo_path e:/px_ip/px_axis_tieoff/px_axis_tieoff.srcs/sources_1/new
INFO: [IP_Flow 19-725] Reloaded user IP repository 'e:/px_ip/px_axis_tieoff/px_axis_tieoff.srcs/sources_1/new'
exit
INFO: [Common 17-206] Exiting Vivado at Tue May 19 09:28:28 2015...
