#-----------------------------------------------------------
# Vivado v2019.2 (64-bit)
# SW Build 2708876 on Wed Nov  6 21:40:23 MST 2019
# IP Build 2700528 on Thu Nov  7 00:09:20 MST 2019
# Start of session at: Tue Dec 17 16:52:39 2019
# Process ID: 5380
# Current directory: C:/Pentek/ip/2019.2/pentek/ip/px_adc12dj3200intrfc
# Command line: vivado.exe -gui_launcher_event rodinguilauncherevent4024 C:\Pentek\ip\2019.2\pentek\ip\px_adc12dj3200intrfc\px_adc12dj3200intrfc.xpr
# Log file: C:/Pentek/ip/2019.2/pentek/ip/px_adc12dj3200intrfc/vivado.log
# Journal file: C:/Pentek/ip/2019.2/pentek/ip/px_adc12dj3200intrfc\vivado.jou
#-----------------------------------------------------------
start_gui
open_project C:/Pentek/ip/2019.2/pentek/ip/px_adc12dj3200intrfc/px_adc12dj3200intrfc.xpr
INFO: [Project 1-313] Project file moved from 'C:/Pentek/ip/2019.1/pentek/ip/px_adc12dj3200intrfc' since last save.
Scanning sources...
Finished scanning sources
INFO: [IP_Flow 19-234] Refreshing IP repositories
INFO: [IP_Flow 19-1700] Loaded user IP repository 'c:/Pentek/ip/2019.2/pentek/ip'.
WARNING: [IP_Flow 19-3656] If you move the project, the path for repository 'c:/Pentek/ip/2019.2/pentek/ip' may become invalid. A better location for the repository would be in a path adjacent to the project. (Current project location is 'c:/Pentek/ip/2019.2/pentek/ip/px_adc12dj3200intrfc'.)
INFO: [IP_Flow 19-2313] Loaded Vivado IP repository 'C:/Xilinx/Vivado/2019.2/data/ip'.
WARNING: [IP_Flow 19-2162] IP 'px_serial_int_adc' is locked:
* IP definition 'px_serial_int_v1_0 (1.0)' for IP 'px_serial_int_adc' (customized with software release 2019.1) has a different revision in the IP Catalog.
WARNING: [IP_Flow 19-2162] IP 'px_adc12_csr' is locked:
* IP definition 'px_axil_csr_v1_0 (1.0)' for IP 'px_adc12_csr' (customized with software release 2019.1) has a different revision in the IP Catalog.
WARNING: [IP_Flow 19-2162] IP 'jesd_buffer_fifo' is locked:
* IP definition 'FIFO Generator (13.2)' for IP 'jesd_buffer_fifo' (customized with software release 2019.1) has a different revision in the IP Catalog.
INFO: [Project 1-230] Project 'px_adc12dj3200intrfc.xpr' upgraded for this version of Vivado.
open_project: Time (s): cpu = 00:00:11 ; elapsed = 00:00:07 . Memory (MB): peak = 924.020 ; gain = 169.371
report_ip_status -name ip_status 
upgrade_ip -srcset jesd_buffer_fifo [get_ips  {jesd_buffer_fifo px_adc12_csr px_serial_int_adc}] -log ip_upgrade.log
Upgrading 'jesd_buffer_fifo'
INFO: [Project 1-386] Moving file 'C:/Pentek/ip/2019.2/pentek/ip/px_adc12dj3200intrfc/px_adc12dj3200intrfc.srcs/sources_1/ip/jesd_buffer_fifo/jesd_buffer_fifo.xci' from fileset 'jesd_buffer_fifo' to fileset 'sources_1'.
INFO: [IP_Flow 19-3422] Upgraded jesd_buffer_fifo (FIFO Generator 13.2) from revision 4 to revision 5
INFO: [IP_Flow 19-1686] Generating 'Instantiation Template' target for IP 'jesd_buffer_fifo'...
Upgrading 'px_adc12_csr'
INFO: [Project 1-386] Moving file 'C:/Pentek/ip/2019.2/pentek/ip/px_adc12dj3200intrfc/px_adc12dj3200intrfc.srcs/sources_1/ip/px_adc12_csr/px_adc12_csr.xci' from fileset 'px_adc12_csr' to fileset 'sources_1'.
INFO: [IP_Flow 19-3422] Upgraded px_adc12_csr (px_axil_csr_v1_0 1.0) from revision 23 to revision 24
INFO: [IP_Flow 19-1686] Generating 'Instantiation Template' target for IP 'px_adc12_csr'...
Upgrading 'px_serial_int_adc'
INFO: [Project 1-386] Moving file 'C:/Pentek/ip/2019.2/pentek/ip/px_adc12dj3200intrfc/px_adc12dj3200intrfc.srcs/sources_1/ip/px_serial_int_adc/px_serial_int_adc.xci' from fileset 'px_serial_int_adc' to fileset 'sources_1'.
INFO: [IP_Flow 19-3422] Upgraded px_serial_int_adc (px_serial_int_v1_0 1.0) from revision 16 to revision 17
INFO: [IP_Flow 19-1686] Generating 'Instantiation Template' target for IP 'px_serial_int_adc'...
INFO: [Coretcl 2-1525] Wrote upgrade log to 'C:/Pentek/ip/2019.2/pentek/ip/px_adc12dj3200intrfc/ip_upgrade.log'.
export_ip_user_files -of_objects [get_ips {jesd_buffer_fifo px_adc12_csr px_serial_int_adc}] -no_script -sync -force -quiet
report_ip_status -name ip_status 
reset_target all [get_files  {C:/Pentek/ip/2019.2/pentek/ip/px_adc12dj3200intrfc/px_adc12dj3200intrfc.srcs/sources_1/ip/jesd_buffer_fifo/jesd_buffer_fifo.xci C:/Pentek/ip/2019.2/pentek/ip/px_adc12dj3200intrfc/px_adc12dj3200intrfc.srcs/sources_1/ip/px_adc12_csr/px_adc12_csr.xci C:/Pentek/ip/2019.2/pentek/ip/px_adc12dj3200intrfc/px_adc12dj3200intrfc.srcs/sources_1/ip/px_serial_int_adc/px_serial_int_adc.xci}]
export_ip_user_files -of_objects  [get_files  {C:/Pentek/ip/2019.2/pentek/ip/px_adc12dj3200intrfc/px_adc12dj3200intrfc.srcs/sources_1/ip/jesd_buffer_fifo/jesd_buffer_fifo.xci C:/Pentek/ip/2019.2/pentek/ip/px_adc12dj3200intrfc/px_adc12dj3200intrfc.srcs/sources_1/ip/px_adc12_csr/px_adc12_csr.xci C:/Pentek/ip/2019.2/pentek/ip/px_adc12dj3200intrfc/px_adc12dj3200intrfc.srcs/sources_1/ip/px_serial_int_adc/px_serial_int_adc.xci}] -sync -no_script -force -quiet
generate_target all [get_files  {C:/Pentek/ip/2019.2/pentek/ip/px_adc12dj3200intrfc/px_adc12dj3200intrfc.srcs/sources_1/ip/px_serial_int_adc/px_serial_int_adc.xci C:/Pentek/ip/2019.2/pentek/ip/px_adc12dj3200intrfc/px_adc12dj3200intrfc.srcs/sources_1/ip/px_adc12_csr/px_adc12_csr.xci C:/Pentek/ip/2019.2/pentek/ip/px_adc12dj3200intrfc/px_adc12dj3200intrfc.srcs/sources_1/ip/jesd_buffer_fifo/jesd_buffer_fifo.xci}]
INFO: [IP_Flow 19-1686] Generating 'Instantiation Template' target for IP 'px_serial_int_adc'...
INFO: [IP_Flow 19-1686] Generating 'Synthesis' target for IP 'px_serial_int_adc'...
INFO: [IP_Flow 19-1686] Generating 'Simulation' target for IP 'px_serial_int_adc'...
INFO: [IP_Flow 19-1686] Generating 'Test Bench' target for IP 'px_serial_int_adc'...
INFO: [IP_Flow 19-1686] Generating 'Change Log' target for IP 'px_serial_int_adc'...
INFO: [IP_Flow 19-1686] Generating 'Instantiation Template' target for IP 'px_adc12_csr'...
INFO: [IP_Flow 19-1686] Generating 'Synthesis' target for IP 'px_adc12_csr'...
INFO: [IP_Flow 19-1686] Generating 'Simulation' target for IP 'px_adc12_csr'...
INFO: [IP_Flow 19-1686] Generating 'Test Bench' target for IP 'px_adc12_csr'...
INFO: [IP_Flow 19-1686] Generating 'Change Log' target for IP 'px_adc12_csr'...
INFO: [IP_Flow 19-1686] Generating 'Instantiation Template' target for IP 'jesd_buffer_fifo'...
INFO: [IP_Flow 19-1686] Generating 'Synthesis' target for IP 'jesd_buffer_fifo'...
INFO: [IP_Flow 19-1686] Generating 'Simulation' target for IP 'jesd_buffer_fifo'...
INFO: [IP_Flow 19-1686] Generating 'Change Log' target for IP 'jesd_buffer_fifo'...
export_ip_user_files -of_objects [get_files C:/Pentek/ip/2019.2/pentek/ip/px_adc12dj3200intrfc/px_adc12dj3200intrfc.srcs/sources_1/ip/px_serial_int_adc/px_serial_int_adc.xci] -no_script -sync -force -quiet
export_ip_user_files -of_objects [get_files C:/Pentek/ip/2019.2/pentek/ip/px_adc12dj3200intrfc/px_adc12dj3200intrfc.srcs/sources_1/ip/px_adc12_csr/px_adc12_csr.xci] -no_script -sync -force -quiet
export_ip_user_files -of_objects [get_files C:/Pentek/ip/2019.2/pentek/ip/px_adc12dj3200intrfc/px_adc12dj3200intrfc.srcs/sources_1/ip/jesd_buffer_fifo/jesd_buffer_fifo.xci] -no_script -sync -force -quiet
create_ip_run [get_files -of_objects [get_fileset sources_1] C:/Pentek/ip/2019.2/pentek/ip/px_adc12dj3200intrfc/px_adc12dj3200intrfc.srcs/sources_1/ip/px_serial_int_adc/px_serial_int_adc.xci]
create_ip_run [get_files -of_objects [get_fileset sources_1] C:/Pentek/ip/2019.2/pentek/ip/px_adc12dj3200intrfc/px_adc12dj3200intrfc.srcs/sources_1/ip/px_adc12_csr/px_adc12_csr.xci]
create_ip_run [get_files -of_objects [get_fileset sources_1] C:/Pentek/ip/2019.2/pentek/ip/px_adc12dj3200intrfc/px_adc12dj3200intrfc.srcs/sources_1/ip/jesd_buffer_fifo/jesd_buffer_fifo.xci]
launch_runs -jobs 8 {px_serial_int_adc_synth_1 px_adc12_csr_synth_1 jesd_buffer_fifo_synth_1}
[Tue Dec 17 16:54:39 2019] Launched px_serial_int_adc_synth_1, px_adc12_csr_synth_1, jesd_buffer_fifo_synth_1...
Run output will be captured here:
px_serial_int_adc_synth_1: C:/Pentek/ip/2019.2/pentek/ip/px_adc12dj3200intrfc/px_adc12dj3200intrfc.runs/px_serial_int_adc_synth_1/runme.log
px_adc12_csr_synth_1: C:/Pentek/ip/2019.2/pentek/ip/px_adc12dj3200intrfc/px_adc12dj3200intrfc.runs/px_adc12_csr_synth_1/runme.log
jesd_buffer_fifo_synth_1: C:/Pentek/ip/2019.2/pentek/ip/px_adc12dj3200intrfc/px_adc12dj3200intrfc.runs/jesd_buffer_fifo_synth_1/runme.log
export_simulation -of_objects [get_files C:/Pentek/ip/2019.2/pentek/ip/px_adc12dj3200intrfc/px_adc12dj3200intrfc.srcs/sources_1/ip/px_serial_int_adc/px_serial_int_adc.xci] -directory C:/Pentek/ip/2019.2/pentek/ip/px_adc12dj3200intrfc/px_adc12dj3200intrfc.ip_user_files/sim_scripts -ip_user_files_dir C:/Pentek/ip/2019.2/pentek/ip/px_adc12dj3200intrfc/px_adc12dj3200intrfc.ip_user_files -ipstatic_source_dir C:/Pentek/ip/2019.2/pentek/ip/px_adc12dj3200intrfc/px_adc12dj3200intrfc.ip_user_files/ipstatic -lib_map_path [list {modelsim=C:/Pentek/ip/2019.2/pentek/ip/px_adc12dj3200intrfc/px_adc12dj3200intrfc.cache/compile_simlib/modelsim} {questa=C:/Pentek/ip/2019.2/pentek/ip/px_adc12dj3200intrfc/px_adc12dj3200intrfc.cache/compile_simlib/questa} {riviera=C:/Pentek/ip/2019.2/pentek/ip/px_adc12dj3200intrfc/px_adc12dj3200intrfc.cache/compile_simlib/riviera} {activehdl=C:/Pentek/ip/2019.2/pentek/ip/px_adc12dj3200intrfc/px_adc12dj3200intrfc.cache/compile_simlib/activehdl}] -use_ip_compiled_libs -force -quiet
export_simulation -of_objects [get_files C:/Pentek/ip/2019.2/pentek/ip/px_adc12dj3200intrfc/px_adc12dj3200intrfc.srcs/sources_1/ip/px_adc12_csr/px_adc12_csr.xci] -directory C:/Pentek/ip/2019.2/pentek/ip/px_adc12dj3200intrfc/px_adc12dj3200intrfc.ip_user_files/sim_scripts -ip_user_files_dir C:/Pentek/ip/2019.2/pentek/ip/px_adc12dj3200intrfc/px_adc12dj3200intrfc.ip_user_files -ipstatic_source_dir C:/Pentek/ip/2019.2/pentek/ip/px_adc12dj3200intrfc/px_adc12dj3200intrfc.ip_user_files/ipstatic -lib_map_path [list {modelsim=C:/Pentek/ip/2019.2/pentek/ip/px_adc12dj3200intrfc/px_adc12dj3200intrfc.cache/compile_simlib/modelsim} {questa=C:/Pentek/ip/2019.2/pentek/ip/px_adc12dj3200intrfc/px_adc12dj3200intrfc.cache/compile_simlib/questa} {riviera=C:/Pentek/ip/2019.2/pentek/ip/px_adc12dj3200intrfc/px_adc12dj3200intrfc.cache/compile_simlib/riviera} {activehdl=C:/Pentek/ip/2019.2/pentek/ip/px_adc12dj3200intrfc/px_adc12dj3200intrfc.cache/compile_simlib/activehdl}] -use_ip_compiled_libs -force -quiet
export_simulation -of_objects [get_files C:/Pentek/ip/2019.2/pentek/ip/px_adc12dj3200intrfc/px_adc12dj3200intrfc.srcs/sources_1/ip/jesd_buffer_fifo/jesd_buffer_fifo.xci] -directory C:/Pentek/ip/2019.2/pentek/ip/px_adc12dj3200intrfc/px_adc12dj3200intrfc.ip_user_files/sim_scripts -ip_user_files_dir C:/Pentek/ip/2019.2/pentek/ip/px_adc12dj3200intrfc/px_adc12dj3200intrfc.ip_user_files -ipstatic_source_dir C:/Pentek/ip/2019.2/pentek/ip/px_adc12dj3200intrfc/px_adc12dj3200intrfc.ip_user_files/ipstatic -lib_map_path [list {modelsim=C:/Pentek/ip/2019.2/pentek/ip/px_adc12dj3200intrfc/px_adc12dj3200intrfc.cache/compile_simlib/modelsim} {questa=C:/Pentek/ip/2019.2/pentek/ip/px_adc12dj3200intrfc/px_adc12dj3200intrfc.cache/compile_simlib/questa} {riviera=C:/Pentek/ip/2019.2/pentek/ip/px_adc12dj3200intrfc/px_adc12dj3200intrfc.cache/compile_simlib/riviera} {activehdl=C:/Pentek/ip/2019.2/pentek/ip/px_adc12dj3200intrfc/px_adc12dj3200intrfc.cache/compile_simlib/activehdl}] -use_ip_compiled_libs -force -quiet
reset_run synth_1
WARNING: [Vivado 12-1017] Problems encountered:
1. Failed to delete one or more files in run directory C:/Pentek/ip/2019.2/pentek/ip/px_adc12dj3200intrfc/px_adc12dj3200intrfc.runs/synth_1

launch_runs synth_1 -jobs 8
[Tue Dec 17 16:55:08 2019] Launched px_serial_int_adc_synth_1, px_adc12_csr_synth_1, jesd_buffer_fifo_synth_1...
Run output will be captured here:
px_serial_int_adc_synth_1: C:/Pentek/ip/2019.2/pentek/ip/px_adc12dj3200intrfc/px_adc12dj3200intrfc.runs/px_serial_int_adc_synth_1/runme.log
px_adc12_csr_synth_1: C:/Pentek/ip/2019.2/pentek/ip/px_adc12dj3200intrfc/px_adc12dj3200intrfc.runs/px_adc12_csr_synth_1/runme.log
jesd_buffer_fifo_synth_1: C:/Pentek/ip/2019.2/pentek/ip/px_adc12dj3200intrfc/px_adc12dj3200intrfc.runs/jesd_buffer_fifo_synth_1/runme.log
[Tue Dec 17 16:55:08 2019] Launched synth_1...
Run output will be captured here: C:/Pentek/ip/2019.2/pentek/ip/px_adc12dj3200intrfc/px_adc12dj3200intrfc.runs/synth_1/runme.log
ipx::open_ipxact_file {C:\Pentek\ip\2019.2\pentek\ip\px_adc12dj3200intrfc\px_adc12dj3200intrfc.srcs\component.xml}
WARNING: [IP_Flow 19-5226] Project source file 'c:/Pentek/ip/2019.2/pentek/ip/px_adc12dj3200intrfc/px_adc12dj3200intrfc.srcs/component.xml' ignored by IP packager.
WARNING: [IP_Flow 19-3898] File Group 'xilinx_anylanguagesynthesis (Synthesis)': File 'c:/Pentek/ip/2019.2/pentek/ip/px_adc12dj3200intrfc/px_adc12dj3200intrfc.srcs/sources_1/ip/jesd_buffer_fifo/jesd_buffer_fifo.xci' is not found in the project sources. It will be removed from the packaged IP when the sources are merged. If still required, please add this file to the project and re-package.
WARNING: [IP_Flow 19-3898] File Group 'xilinx_anylanguagesynthesis (Synthesis)': File 'c:/Pentek/ip/2019.2/pentek/ip/px_adc12dj3200intrfc/px_adc12dj3200intrfc.srcs/sources_1/ip/px_adc12_csr/px_adc12_csr.xci' is not found in the project sources. It will be removed from the packaged IP when the sources are merged. If still required, please add this file to the project and re-package.
WARNING: [IP_Flow 19-3898] File Group 'xilinx_anylanguagesynthesis (Synthesis)': File 'c:/Pentek/ip/2019.2/pentek/ip/px_adc12dj3200intrfc/px_adc12dj3200intrfc.srcs/sources_1/ip/px_serial_int_adc/px_serial_int_adc.xci' is not found in the project sources. It will be removed from the packaged IP when the sources are merged. If still required, please add this file to the project and re-package.
WARNING: [IP_Flow 19-3898] File Group 'xilinx_anylanguagesynthesis (Synthesis)': File 'c:/Pentek/ip/2019.2/pentek/ip/px_adc12dj3200intrfc/px_adc12dj3200intrfc.srcs/sources_1/new/px_adc12dj3200intrfc_unpack.vhd' is not found in the project sources. It will be removed from the packaged IP when the sources are merged. If still required, please add this file to the project and re-package.
WARNING: [IP_Flow 19-3898] File Group 'xilinx_anylanguagesynthesis (Synthesis)': File 'c:/Pentek/ip/2019.2/pentek/ip/px_adc12dj3200intrfc/px_adc12dj3200intrfc.srcs/sources_1/new/px_adc12dj3200intrfc_csr.vhd' is not found in the project sources. It will be removed from the packaged IP when the sources are merged. If still required, please add this file to the project and re-package.
WARNING: [IP_Flow 19-3898] File Group 'xilinx_anylanguagesynthesis (Synthesis)': File 'c:/Pentek/ip/2019.2/pentek/ip/px_adc12dj3200intrfc/px_adc12dj3200intrfc.srcs/sources_1/new/px_adc12dj3200intrfc_nco.vhd' is not found in the project sources. It will be removed from the packaged IP when the sources are merged. If still required, please add this file to the project and re-package.
WARNING: [IP_Flow 19-3898] File Group 'xilinx_anylanguagesynthesis (Synthesis)': File 'c:/Pentek/ip/2019.2/pentek/ip/px_adc12dj3200intrfc/px_adc12dj3200intrfc.srcs/sources_1/new/px_adc12dj3200intrfc.vhd' is not found in the project sources. It will be removed from the packaged IP when the sources are merged. If still required, please add this file to the project and re-package.
WARNING: [IP_Flow 19-3898] File Group 'xilinx_anylanguagebehavioralsimulation (Simulation)': File 'c:/Pentek/ip/2019.2/pentek/ip/px_adc12dj3200intrfc/px_adc12dj3200intrfc.srcs/sources_1/ip/jesd_buffer_fifo/jesd_buffer_fifo.xci' is not found in the project sources. It will be removed from the packaged IP when the sources are merged. If still required, please add this file to the project and re-package.
WARNING: [IP_Flow 19-3898] File Group 'xilinx_anylanguagebehavioralsimulation (Simulation)': File 'c:/Pentek/ip/2019.2/pentek/ip/px_adc12dj3200intrfc/px_adc12dj3200intrfc.srcs/sources_1/ip/px_adc12_csr/px_adc12_csr.xci' is not found in the project sources. It will be removed from the packaged IP when the sources are merged. If still required, please add this file to the project and re-package.
WARNING: [IP_Flow 19-3898] File Group 'xilinx_anylanguagebehavioralsimulation (Simulation)': File 'c:/Pentek/ip/2019.2/pentek/ip/px_adc12dj3200intrfc/px_adc12dj3200intrfc.srcs/sources_1/ip/px_serial_int_adc/px_serial_int_adc.xci' is not found in the project sources. It will be removed from the packaged IP when the sources are merged. If still required, please add this file to the project and re-package.
WARNING: [IP_Flow 19-3898] File Group 'xilinx_anylanguagebehavioralsimulation (Simulation)': File 'c:/Pentek/ip/2019.2/pentek/ip/px_adc12dj3200intrfc/px_adc12dj3200intrfc.srcs/sources_1/new/px_adc12dj3200intrfc_unpack.vhd' is not found in the project sources. It will be removed from the packaged IP when the sources are merged. If still required, please add this file to the project and re-package.
WARNING: [IP_Flow 19-3898] File Group 'xilinx_anylanguagebehavioralsimulation (Simulation)': File 'c:/Pentek/ip/2019.2/pentek/ip/px_adc12dj3200intrfc/px_adc12dj3200intrfc.srcs/sources_1/new/px_adc12dj3200intrfc_csr.vhd' is not found in the project sources. It will be removed from the packaged IP when the sources are merged. If still required, please add this file to the project and re-package.
WARNING: [IP_Flow 19-3898] File Group 'xilinx_anylanguagebehavioralsimulation (Simulation)': File 'c:/Pentek/ip/2019.2/pentek/ip/px_adc12dj3200intrfc/px_adc12dj3200intrfc.srcs/sources_1/new/px_adc12dj3200intrfc_nco.vhd' is not found in the project sources. It will be removed from the packaged IP when the sources are merged. If still required, please add this file to the project and re-package.
WARNING: [IP_Flow 19-3898] File Group 'xilinx_anylanguagebehavioralsimulation (Simulation)': File 'c:/Pentek/ip/2019.2/pentek/ip/px_adc12dj3200intrfc/px_adc12dj3200intrfc.srcs/sources_1/new/px_adc12dj3200intrfc.vhd' is not found in the project sources. It will be removed from the packaged IP when the sources are merged. If still required, please add this file to the project and re-package.
WARNING: [IP_Flow 19-3898] File Group 'xilinx_testbench (Test Bench)': File 'c:/Pentek/ip/2019.2/pentek/ip/px_adc12dj3200intrfc/px_adc12dj3200intrfc.srcs/sim_1/new/tb_px_adc12dj3200intrfc_unpack.vhd' is not found in the project sources. It will be removed from the packaged IP when the sources are merged. If still required, please add this file to the project and re-package.
WARNING: [IP_Flow 19-3898] File Group 'xilinx_testbench (Test Bench)': File 'c:/Pentek/ip/2019.2/pentek/ip/px_adc12dj3200intrfc/px_adc12dj3200intrfc.srcs/sim_1/new/tb_px_adc12dj3200intrfc_nco.vhd' is not found in the project sources. It will be removed from the packaged IP when the sources are merged. If still required, please add this file to the project and re-package.
ipx::merge_project_changes ports [ipx::current_core]
WARNING: [IP_Flow 19-5226] Project source file 'c:/Pentek/ip/2019.2/pentek/ip/px_adc12dj3200intrfc/px_adc12dj3200intrfc.srcs/component.xml' ignored by IP packager.
INFO: [IP_Flow 19-3166] Bus Interface 's_axi_csr': References existing memory map 's_axi_csr'.
set_property core_revision 36 [ipx::current_core]
ipx::create_xgui_files [ipx::current_core]
ipx::update_checksums [ipx::current_core]
ipx::save_core [ipx::current_core]
update_ip_catalog -rebuild -repo_path c:/Pentek/ip/2019.2/pentek/ip
INFO: [IP_Flow 19-725] Reloaded user IP repository 'c:/Pentek/ip/2019.2/pentek/ip'
exit
INFO: [Common 17-206] Exiting Vivado at Tue Dec 17 16:57:52 2019...
