Copyright 1986-2019 Xilinx, Inc. All Rights Reserved.
------------------------------------------------------------------------------------
| Tool Version : Vivado v.2019.2 (win64) Build 2700185 Thu Oct 24 18:46:05 MDT 2019
| Date         : Tue Nov 12 09:59:26 2019
| Host         : Rich-PC running 64-bit major release  (build 9200)
| Command      : upgrade_ip
| Device       : xcku060-ffva1517-2-e
------------------------------------------------------------------------------------

Upgrade Log for IP 'px_thresh_det_csr'

1. Summary
----------

SUCCESS in the upgrade of px_thresh_det_csr (pentek.com:px_ip:px_axil_csr:1.0) from (Rev. 23) to (Rev. 24)






Copyright 1986-2019 Xilinx, Inc. All Rights Reserved.
------------------------------------------------------------------------------------
| Tool Version : Vivado v.2019.1 (win64) Build 2552052 Fri May 24 14:49:42 MDT 2019
| Date         : Sat Jun  8 19:07:32 2019
| Host         : Igor2 running 64-bit major release  (build 9200)
| Command      : upgrade_ip
| Device       : xcku060-ffva1517-2-e
------------------------------------------------------------------------------------

Upgrade Log for IP 'px_thresh_det_csr'

1. Summary
----------

SUCCESS in the upgrade of px_thresh_det_csr (pentek.com:px_ip:px_axil_csr:1.0) from (Rev. 22) to (Rev. 23)






Copyright 1986-2018 Xilinx, Inc. All Rights Reserved.
------------------------------------------------------------------------------------
| Tool Version : Vivado v.2018.3 (win64) Build 2405991 Thu Dec  6 23:38:27 MST 2018
| Date         : Thu Dec 13 19:23:44 2018
| Host         : Rich-PC running 64-bit major release  (build 9200)
| Command      : upgrade_ip
| Device       : xcku060-ffva1517-2-e
------------------------------------------------------------------------------------

Upgrade Log for IP 'px_thresh_det_csr'

1. Summary
----------

SUCCESS in the upgrade of px_thresh_det_csr (pentek.com:px_ip:px_axil_csr:1.0) from (Rev. 21) to (Rev. 22)






Copyright 1986-2018 Xilinx, Inc. All Rights Reserved.
------------------------------------------------------------------------------------
| Tool Version : Vivado v.2018.1 (win64) Build 2188600 Wed Apr  4 18:40:38 MDT 2018
| Date         : Tue May  1 11:59:49 2018
| Host         : Rich-PC running 64-bit major release  (build 9200)
| Command      : upgrade_ip
| Device       : xcku060-ffva1517-2-e
------------------------------------------------------------------------------------

Upgrade Log for IP 'px_thresh_det_csr'

1. Summary
----------

SUCCESS in the upgrade of px_thresh_det_csr (pentek.com:px_ip:px_axil_csr:1.0) from (Rev. 19) to (Rev. 21)






Copyright 1986-2017 Xilinx, Inc. All Rights Reserved.
------------------------------------------------------------------------------------
| Tool Version : Vivado v.2017.3 (win64) Build 2018833 Wed Oct  4 19:58:22 MDT 2017
| Date         : Mon Nov  6 08:23:14 2017
| Host         : Rich-PC running 64-bit major release  (build 9200)
| Command      : upgrade_ip
| Device       : xcku060-ffva1517-2-e
------------------------------------------------------------------------------------

Upgrade Log for IP 'px_thresh_det_csr'

1. Summary
----------

SUCCESS in the upgrade of px_thresh_det_csr (pentek.com:px_ip:px_axil_csr:1.0) from (Rev. 18) to (Rev. 19)






Copyright 1986-2017 Xilinx, Inc. All Rights Reserved.
------------------------------------------------------------------------------------
| Tool Version : Vivado v.2017.2 (win64) Build 1909853 Thu Jun 15 18:39:09 MDT 2017
| Date         : Wed Aug  9 13:07:35 2017
| Host         : Rich-PC running 64-bit major release  (build 9200)
| Command      : upgrade_ip
| Device       : xcku060-ffva1517-2-e
------------------------------------------------------------------------------------

Upgrade Log for IP 'px_thresh_det_csr'

1. Summary
----------

SUCCESS in the upgrade of px_thresh_det_csr (pentek.com:px_ip:px_axil_csr:1.0) from (Rev. 16) to (Rev. 18)






Copyright 1986-2017 Xilinx, Inc. All Rights Reserved.
------------------------------------------------------------------------------------
| Tool Version : Vivado v.2017.1 (win64) Build 1846317 Fri Apr 14 18:55:03 MDT 2017
| Date         : Fri Apr 21 16:18:51 2017
| Host         : Rich-PC running 64-bit major release  (build 9200)
| Command      : upgrade_ip
| Device       : xcku060-ffva1517-2-e
------------------------------------------------------------------------------------

Upgrade Log for IP 'px_thresh_det_csr'

1. Summary
----------

SUCCESS in the upgrade of px_thresh_det_csr (pentek.com:px_ip:px_axil_csr:1.0) from (Rev. 15) to (Rev. 16)






Copyright 1986-2016 Xilinx, Inc. All Rights Reserved.
------------------------------------------------------------------------------------
| Tool Version : Vivado v.2016.4 (win64) Build 1733598 Wed Dec 14 22:35:39 MST 2016
| Date         : Mon Dec 26 09:38:26 2016
| Host         : Igor2 running 64-bit major release  (build 9200)
| Command      : upgrade_ip
| Device       : xcku060-ffva1517-2-e
------------------------------------------------------------------------------------

Upgrade Log for IP 'px_thresh_det_csr'

1. Summary
----------

SUCCESS in the upgrade of px_thresh_det_csr (pentek.com:px_ip:px_axil_csr:1.0) from (Rev. 14) to (Rev. 15)






Copyright 1986-2016 Xilinx, Inc. All Rights Reserved.
------------------------------------------------------------------------------------
| Tool Version : Vivado v.2016.3 (win64) Build 1682563 Mon Oct 10 19:07:27 MDT 2016
| Date         : Sun Dec 11 17:58:21 2016
| Host         : Igor2 running 64-bit major release  (build 9200)
| Command      : upgrade_ip
| Device       : xcku060-ffva1517-2-e
------------------------------------------------------------------------------------

Upgrade Log for IP 'px_thresh_det_csr'

1. Summary
----------

SUCCESS in the upgrade of px_thresh_det_csr (pentek.com:px_ip:px_axil_csr:1.0) from (Rev. 13) to (Rev. 14)






Copyright 1986-2016 Xilinx, Inc. All Rights Reserved.
------------------------------------------------------------------------------------
| Tool Version : Vivado v.2016.3 (win64) Build 1682563 Mon Oct 10 19:07:27 MDT 2016
| Date         : Tue Oct 18 11:57:37 2016
| Host         : Rich-PC running 64-bit major release  (build 9200)
| Command      : upgrade_ip
| Device       : xcku060-ffva1517-2-e
------------------------------------------------------------------------------------

Upgrade Log for IP 'px_thresh_det_lvl_trns_xclk'

1. Summary
----------

SUCCESS in the upgrade of px_thresh_det_lvl_trns_xclk (pentek.com:user:px_lvl_trans_xclk:1.0) from (Rev. 7) to (Rev. 8)






Copyright 1986-2016 Xilinx, Inc. All Rights Reserved.
------------------------------------------------------------------------------------
| Tool Version : Vivado v.2016.3 (win64) Build 1682563 Mon Oct 10 19:07:27 MDT 2016
| Date         : Tue Oct 18 11:57:37 2016
| Host         : Rich-PC running 64-bit major release  (build 9200)
| Command      : upgrade_ip
| Device       : xcku060-ffva1517-2-e
------------------------------------------------------------------------------------

Upgrade Log for IP 'px_thresh_det_csr'

1. Summary
----------

SUCCESS in the upgrade of px_thresh_det_csr (pentek.com:px_ip:px_axil_csr:1.0) from (Rev. 11) to (Rev. 13)






Copyright 1986-2016 Xilinx, Inc. All Rights Reserved.
------------------------------------------------------------------------------------
| Tool Version : Vivado v.2016.3 (win64) Build 1682563 Mon Oct 10 19:07:27 MDT 2016
| Date         : Tue Oct 18 11:57:36 2016
| Host         : Rich-PC running 64-bit major release  (build 9200)
| Command      : upgrade_ip
| Device       : xcku060-ffva1517-2-e
------------------------------------------------------------------------------------

Upgrade Log for IP 'px_thresh_det_axi_clk_conv'

1. Summary
----------

SUCCESS in the upgrade of px_thresh_det_axi_clk_conv (xilinx.com:ip:axi_clock_converter:2.1) from (Rev. 8) to (Rev. 9)






Copyright 1986-2016 Xilinx, Inc. All Rights Reserved.
------------------------------------------------------------------------------------
| Tool Version : Vivado v.2016.2 (win64) Build 1577090 Thu Jun  2 16:32:40 MDT 2016
| Date         : Thu Jun 23 08:44:46 2016
| Host         : Rich-PC running 64-bit Service Pack 1  (build 7601)
| Command      : upgrade_ip
| Device       : xcku060-ffva1517-2-e
------------------------------------------------------------------------------------

Upgrade Log for IP 'px_thresh_det_csr'

1. Summary
----------

SUCCESS in the upgrade of px_thresh_det_csr (pentek.com:px_ip:px_axil_csr:1.0) from (Rev. 10) to (Rev. 11)






Copyright 1986-2016 Xilinx, Inc. All Rights Reserved.
------------------------------------------------------------------------------------
| Tool Version : Vivado v.2016.2 (win64) Build 1577090 Thu Jun  2 16:32:40 MDT 2016
| Date         : Thu Jun 09 11:14:32 2016
| Host         : Rich-PC running 64-bit Service Pack 1  (build 7601)
| Command      : upgrade_ip
| Device       : xcku060-ffva1517-2-e
------------------------------------------------------------------------------------

Upgrade Log for IP 'px_thresh_det_lvl_trns_xclk'

1. Summary
----------

SUCCESS in the upgrade of px_thresh_det_lvl_trns_xclk (pentek.com:user:px_lvl_trans_xclk:1.0) from (Rev. 6) to (Rev. 7)






Copyright 1986-2016 Xilinx, Inc. All Rights Reserved.
------------------------------------------------------------------------------------
| Tool Version : Vivado v.2016.2 (win64) Build 1577090 Thu Jun  2 16:32:40 MDT 2016
| Date         : Thu Jun 09 11:14:32 2016
| Host         : Rich-PC running 64-bit Service Pack 1  (build 7601)
| Command      : upgrade_ip
| Device       : xcku060-ffva1517-2-e
------------------------------------------------------------------------------------

Upgrade Log for IP 'px_thresh_det_csr'

1. Summary
----------

SUCCESS in the upgrade of px_thresh_det_csr (pentek.com:px_ip:px_axil_csr:1.0) from (Rev. 9) to (Rev. 10)






Copyright 1986-2016 Xilinx, Inc. All Rights Reserved.
------------------------------------------------------------------------------------
| Tool Version : Vivado v.2016.2 (win64) Build 1577090 Thu Jun  2 16:32:40 MDT 2016
| Date         : Thu Jun 09 11:14:32 2016
| Host         : Rich-PC running 64-bit Service Pack 1  (build 7601)
| Command      : upgrade_ip
| Device       : xcku060-ffva1517-2-e
------------------------------------------------------------------------------------

Upgrade Log for IP 'px_thresh_det_axi_clk_conv'

1. Summary
----------

SUCCESS in the upgrade of px_thresh_det_axi_clk_conv (xilinx.com:ip:axi_clock_converter:2.1) from (Rev. 7) to (Rev. 8)






Copyright 1986-2016 Xilinx, Inc. All Rights Reserved.
------------------------------------------------------------------------------------
| Tool Version : Vivado v.2016.1 (win64) Build 1538259 Fri Apr  8 15:45:27 MDT 2016
| Date         : Thu Apr 21 16:01:16 2016
| Host         : Rich-PC running 64-bit Service Pack 1  (build 7601)
| Command      : upgrade_ip
| Device       : xcku060-ffva1517-2-e
------------------------------------------------------------------------------------

Upgrade Log for IP 'px_thresh_det_lvl_trns_xclk'

1. Summary
----------

SUCCESS in the upgrade of px_thresh_det_lvl_trns_xclk (pentek.com:user:px_lvl_trans_xclk:1.0) from (Rev. 5) to (Rev. 6)






Copyright 1986-2016 Xilinx, Inc. All Rights Reserved.
------------------------------------------------------------------------------------
| Tool Version : Vivado v.2016.1 (win64) Build 1538259 Fri Apr  8 15:45:27 MDT 2016
| Date         : Thu Apr 21 16:01:15 2016
| Host         : Rich-PC running 64-bit Service Pack 1  (build 7601)
| Command      : upgrade_ip
| Device       : xcku060-ffva1517-2-e
------------------------------------------------------------------------------------

Upgrade Log for IP 'px_thresh_det_csr'

1. Summary
----------

SUCCESS in the upgrade of px_thresh_det_csr (pentek.com:px_ip:px_axil_csr:1.0) from (Rev. 8) to (Rev. 9)






Copyright 1986-2016 Xilinx, Inc. All Rights Reserved.
------------------------------------------------------------------------------------
| Tool Version : Vivado v.2016.1 (win64) Build 1538259 Fri Apr  8 15:45:27 MDT 2016
| Date         : Wed Apr 20 10:24:40 2016
| Host         : Rich-PC running 64-bit Service Pack 1  (build 7601)
| Command      : upgrade_ip
| Device       : xcku060-ffva1517-2-e
------------------------------------------------------------------------------------

Upgrade Log for IP 'px_thresh_det_csr'

1. Summary
----------

SUCCESS in the upgrade of px_thresh_det_csr (pentek.com:px_ip:px_axil_csr:1.0) from (Rev. 7) to (Rev. 8)






Copyright 1986-2016 Xilinx, Inc. All Rights Reserved.
------------------------------------------------------------------------------------
| Tool Version : Vivado v.2016.1 (win64) Build 1538259 Fri Apr  8 15:45:27 MDT 2016
| Date         : Wed Apr 20 10:24:39 2016
| Host         : Rich-PC running 64-bit Service Pack 1  (build 7601)
| Command      : upgrade_ip
| Device       : xcku060-ffva1517-2-e
------------------------------------------------------------------------------------

Upgrade Log for IP 'px_thresh_det_axi_clk_conv'

1. Summary
----------

SUCCESS in the upgrade of px_thresh_det_axi_clk_conv (xilinx.com:ip:axi_clock_converter:2.1) from (Rev. 6) to (Rev. 7)

