Copyright 1986-2019 Xilinx, Inc. All Rights Reserved.
------------------------------------------------------------------------------------
| Tool Version : Vivado v.2019.2 (win64) Build 2700185 Thu Oct 24 18:46:05 MDT 2019
| Date         : Tue Nov 12 11:38:19 2019
| Host         : Rich-PC running 64-bit major release  (build 9200)
| Command      : upgrade_ip
| Device       : xcku060-ffva1156-2-e
------------------------------------------------------------------------------------

Upgrade Log for IP 'tb_dds'

1. Summary
----------

SUCCESS in the upgrade of tb_dds (xilinx.com:ip:dds_compiler:6.0) from (Rev. 18) to (Rev. 19)






Copyright 1986-2019 Xilinx, Inc. All Rights Reserved.
------------------------------------------------------------------------------------
| Tool Version : Vivado v.2019.2 (win64) Build 2700185 Thu Oct 24 18:46:05 MDT 2019
| Date         : Tue Nov 12 11:38:18 2019
| Host         : Rich-PC running 64-bit major release  (build 9200)
| Command      : upgrade_ip
| Device       : xcku060-ffva1156-2-e
------------------------------------------------------------------------------------

Upgrade Log for IP 'px_axis_fdecfir32l_csr'

1. Summary
----------

SUCCESS in the upgrade of px_axis_fdecfir32l_csr (pentek.com:px_ip:px_axil_csr:1.0) from (Rev. 23) to (Rev. 24)






Copyright 1986-2019 Xilinx, Inc. All Rights Reserved.
------------------------------------------------------------------------------------
| Tool Version : Vivado v.2019.2 (win64) Build 2700185 Thu Oct 24 18:46:05 MDT 2019
| Date         : Tue Nov 12 11:38:18 2019
| Host         : Rich-PC running 64-bit major release  (build 9200)
| Command      : upgrade_ip
| Device       : xcku060-ffva1156-2-e
------------------------------------------------------------------------------------

Upgrade Log for IP 'px_axis_fdecfir32_xclk'

1. Summary
----------

SUCCESS in the upgrade of px_axis_fdecfir32_xclk (pentek.com:user:px_lvl_trans_xclk:1.0) from (Rev. 17) to (Rev. 18)






Copyright 1986-2019 Xilinx, Inc. All Rights Reserved.
------------------------------------------------------------------------------------
| Tool Version : Vivado v.2019.2 (win64) Build 2700185 Thu Oct 24 18:46:05 MDT 2019
| Date         : Tue Nov 12 11:38:17 2019
| Host         : Rich-PC running 64-bit major release  (build 9200)
| Command      : upgrade_ip
| Device       : xcku060-ffva1156-2-e
------------------------------------------------------------------------------------

Upgrade Log for IP 'px_axis_fdecfir32_sr64'

1. Summary
----------

SUCCESS in the upgrade of px_axis_fdecfir32_sr64 (xilinx.com:ip:c_shift_ram:12.0) from (Rev. 13) to (Rev. 14)






Copyright 1986-2019 Xilinx, Inc. All Rights Reserved.
------------------------------------------------------------------------------------
| Tool Version : Vivado v.2019.2 (win64) Build 2700185 Thu Oct 24 18:46:05 MDT 2019
| Date         : Tue Nov 12 11:38:17 2019
| Host         : Rich-PC running 64-bit major release  (build 9200)
| Command      : upgrade_ip
| Device       : xcku060-ffva1156-2-e
------------------------------------------------------------------------------------

Upgrade Log for IP 'px_axis_fdecfir32_sr16'

1. Summary
----------

SUCCESS in the upgrade of px_axis_fdecfir32_sr16 (xilinx.com:ip:c_shift_ram:12.0) from (Rev. 13) to (Rev. 14)






Copyright 1986-2019 Xilinx, Inc. All Rights Reserved.
------------------------------------------------------------------------------------
| Tool Version : Vivado v.2019.2 (win64) Build 2700185 Thu Oct 24 18:46:05 MDT 2019
| Date         : Tue Nov 12 11:38:17 2019
| Host         : Rich-PC running 64-bit major release  (build 9200)
| Command      : upgrade_ip
| Device       : xcku060-ffva1156-2-e
------------------------------------------------------------------------------------

Upgrade Log for IP 'px_axis_fdecfir32_sr128'

1. Summary
----------

SUCCESS in the upgrade of px_axis_fdecfir32_sr128 (xilinx.com:ip:c_shift_ram:12.0) from (Rev. 13) to (Rev. 14)






Copyright 1986-2019 Xilinx, Inc. All Rights Reserved.
------------------------------------------------------------------------------------
| Tool Version : Vivado v.2019.2 (win64) Build 2700185 Thu Oct 24 18:46:05 MDT 2019
| Date         : Tue Nov 12 11:38:16 2019
| Host         : Rich-PC running 64-bit major release  (build 9200)
| Command      : upgrade_ip
| Device       : xcku060-ffva1156-2-e
------------------------------------------------------------------------------------

Upgrade Log for IP 'px_axis_fdecfir32_sat'

1. Summary
----------

SUCCESS in the upgrade of px_axis_fdecfir32_sat (pentek.com:px_ip:px_axis_saturate:1.1) from (Rev. 23) to (Rev. 24)






Copyright 1986-2019 Xilinx, Inc. All Rights Reserved.
------------------------------------------------------------------------------------
| Tool Version : Vivado v.2019.2 (win64) Build 2700185 Thu Oct 24 18:46:05 MDT 2019
| Date         : Tue Nov 12 11:38:16 2019
| Host         : Rich-PC running 64-bit major release  (build 9200)
| Command      : upgrade_ip
| Device       : xcku060-ffva1156-2-e
------------------------------------------------------------------------------------

Upgrade Log for IP 'px_axis_fdecfir32_rnd24'

1. Summary
----------

SUCCESS in the upgrade of px_axis_fdecfir32_rnd24 (pentek.com:px_ip:px_axis_round:1.0) from (Rev. 19) to (Rev. 20)






Copyright 1986-2019 Xilinx, Inc. All Rights Reserved.
------------------------------------------------------------------------------------
| Tool Version : Vivado v.2019.2 (win64) Build 2700185 Thu Oct 24 18:46:05 MDT 2019
| Date         : Tue Nov 12 11:38:16 2019
| Host         : Rich-PC running 64-bit major release  (build 9200)
| Command      : upgrade_ip
| Device       : xcku060-ffva1156-2-e
------------------------------------------------------------------------------------

Upgrade Log for IP 'px_axis_fdecfir32_rnd16'

1. Summary
----------

SUCCESS in the upgrade of px_axis_fdecfir32_rnd16 (pentek.com:px_ip:px_axis_round:1.0) from (Rev. 19) to (Rev. 20)






Copyright 1986-2019 Xilinx, Inc. All Rights Reserved.
------------------------------------------------------------------------------------
| Tool Version : Vivado v.2019.2 (win64) Build 2700185 Thu Oct 24 18:46:05 MDT 2019
| Date         : Tue Nov 12 11:38:16 2019
| Host         : Rich-PC running 64-bit major release  (build 9200)
| Command      : upgrade_ip
| Device       : xcku060-ffva1156-2-e
------------------------------------------------------------------------------------

Upgrade Log for IP 'px_axis_fdecfir32_mult'

1. Summary
----------

SUCCESS in the upgrade of px_axis_fdecfir32_mult (xilinx.com:ip:mult_gen:12.0) from (Rev. 15) to (Rev. 16)






Copyright 1986-2019 Xilinx, Inc. All Rights Reserved.
------------------------------------------------------------------------------------
| Tool Version : Vivado v.2019.2 (win64) Build 2700185 Thu Oct 24 18:46:05 MDT 2019
| Date         : Tue Nov 12 11:38:15 2019
| Host         : Rich-PC running 64-bit major release  (build 9200)
| Command      : upgrade_ip
| Device       : xcku060-ffva1156-2-e
------------------------------------------------------------------------------------

Upgrade Log for IP 'px_axis_fdecfir32_mem'

1. Summary
----------

SUCCESS in the upgrade of px_axis_fdecfir32_mem (xilinx.com:ip:blk_mem_gen:8.4) from (Rev. 3) to (Rev. 4)






Copyright 1986-2019 Xilinx, Inc. All Rights Reserved.
------------------------------------------------------------------------------------
| Tool Version : Vivado v.2019.2 (win64) Build 2700185 Thu Oct 24 18:46:05 MDT 2019
| Date         : Tue Nov 12 11:38:14 2019
| Host         : Rich-PC running 64-bit major release  (build 9200)
| Command      : upgrade_ip
| Device       : xcku060-ffva1156-2-e
------------------------------------------------------------------------------------

Upgrade Log for IP 'px_axis_fdecfir32_dlyr'

1. Summary
----------

SUCCESS in the upgrade of px_axis_fdecfir32_dlyr (xilinx.com:ip:blk_mem_gen:8.4) from (Rev. 3) to (Rev. 4)






Copyright 1986-2019 Xilinx, Inc. All Rights Reserved.
------------------------------------------------------------------------------------
| Tool Version : Vivado v.2019.2 (win64) Build 2700185 Thu Oct 24 18:46:05 MDT 2019
| Date         : Tue Nov 12 11:38:13 2019
| Host         : Rich-PC running 64-bit major release  (build 9200)
| Command      : upgrade_ip
| Device       : xcku060-ffva1156-2-e
------------------------------------------------------------------------------------

Upgrade Log for IP 'px_axis_fdecfir32_brctlr'

1. Summary
----------

SUCCESS in the upgrade of px_axis_fdecfir32_brctlr (pentek.com:px_ip:px_axil_bram_ctlr:1.0) from (Rev. 26) to (Rev. 27)






Copyright 1986-2019 Xilinx, Inc. All Rights Reserved.
------------------------------------------------------------------------------------
| Tool Version : Vivado v.2019.2 (win64) Build 2700185 Thu Oct 24 18:46:05 MDT 2019
| Date         : Tue Nov 12 11:38:13 2019
| Host         : Rich-PC running 64-bit major release  (build 9200)
| Command      : upgrade_ip
| Device       : xcku060-ffva1156-2-e
------------------------------------------------------------------------------------

Upgrade Log for IP 'px_axis_fdecfir32_axi_xbar'

1. Summary
----------

SUCCESS in the upgrade of px_axis_fdecfir32_axi_xbar (xilinx.com:ip:axi_crossbar:2.1) from (Rev. 20) to (Rev. 21)






Copyright 1986-2019 Xilinx, Inc. All Rights Reserved.
------------------------------------------------------------------------------------
| Tool Version : Vivado v.2019.2 (win64) Build 2700185 Thu Oct 24 18:46:05 MDT 2019
| Date         : Tue Nov 12 11:38:11 2019
| Host         : Rich-PC running 64-bit major release  (build 9200)
| Command      : upgrade_ip
| Device       : xcku060-ffva1156-2-e
------------------------------------------------------------------------------------

Upgrade Log for IP 'px_axis_fdecfir32_1_dlyram'

1. Summary
----------

SUCCESS in the upgrade of px_axis_fdecfir32_1_dlyram (xilinx.com:ip:blk_mem_gen:8.4) from (Rev. 3) to (Rev. 4)






Copyright 1986-2019 Xilinx, Inc. All Rights Reserved.
------------------------------------------------------------------------------------
| Tool Version : Vivado v.2019.1 (win64) Build 2552052 Fri May 24 14:49:42 MDT 2019
| Date         : Sat Jun  8 10:38:13 2019
| Host         : Igor2 running 64-bit major release  (build 9200)
| Command      : upgrade_ip
| Device       : xcku060-ffva1156-2-e
------------------------------------------------------------------------------------

Upgrade Log for IP 'tb_dds'

1. Summary
----------

SUCCESS in the upgrade of tb_dds (xilinx.com:ip:dds_compiler:6.0) from (Rev. 17) to (Rev. 18)






Copyright 1986-2019 Xilinx, Inc. All Rights Reserved.
------------------------------------------------------------------------------------
| Tool Version : Vivado v.2019.1 (win64) Build 2552052 Fri May 24 14:49:42 MDT 2019
| Date         : Sat Jun  8 10:38:12 2019
| Host         : Igor2 running 64-bit major release  (build 9200)
| Command      : upgrade_ip
| Device       : xcku060-ffva1156-2-e
------------------------------------------------------------------------------------

Upgrade Log for IP 'px_axis_fdecfir32l_csr'

1. Summary
----------

SUCCESS in the upgrade of px_axis_fdecfir32l_csr (pentek.com:px_ip:px_axil_csr:1.0) from (Rev. 22) to (Rev. 23)






Copyright 1986-2019 Xilinx, Inc. All Rights Reserved.
------------------------------------------------------------------------------------
| Tool Version : Vivado v.2019.1 (win64) Build 2552052 Fri May 24 14:49:42 MDT 2019
| Date         : Sat Jun  8 10:38:12 2019
| Host         : Igor2 running 64-bit major release  (build 9200)
| Command      : upgrade_ip
| Device       : xcku060-ffva1156-2-e
------------------------------------------------------------------------------------

Upgrade Log for IP 'px_axis_fdecfir32_xclk'

1. Summary
----------

SUCCESS in the upgrade of px_axis_fdecfir32_xclk (pentek.com:user:px_lvl_trans_xclk:1.0) from (Rev. 16) to (Rev. 17)






Copyright 1986-2019 Xilinx, Inc. All Rights Reserved.
------------------------------------------------------------------------------------
| Tool Version : Vivado v.2019.1 (win64) Build 2552052 Fri May 24 14:49:42 MDT 2019
| Date         : Sat Jun  8 10:38:12 2019
| Host         : Igor2 running 64-bit major release  (build 9200)
| Command      : upgrade_ip
| Device       : xcku060-ffva1156-2-e
------------------------------------------------------------------------------------

Upgrade Log for IP 'px_axis_fdecfir32_sr64'

1. Summary
----------

SUCCESS in the upgrade of px_axis_fdecfir32_sr64 (xilinx.com:ip:c_shift_ram:12.0) from (Rev. 12) to (Rev. 13)






Copyright 1986-2019 Xilinx, Inc. All Rights Reserved.
------------------------------------------------------------------------------------
| Tool Version : Vivado v.2019.1 (win64) Build 2552052 Fri May 24 14:49:42 MDT 2019
| Date         : Sat Jun  8 10:38:11 2019
| Host         : Igor2 running 64-bit major release  (build 9200)
| Command      : upgrade_ip
| Device       : xcku060-ffva1156-2-e
------------------------------------------------------------------------------------

Upgrade Log for IP 'px_axis_fdecfir32_sr16'

1. Summary
----------

SUCCESS in the upgrade of px_axis_fdecfir32_sr16 (xilinx.com:ip:c_shift_ram:12.0) from (Rev. 12) to (Rev. 13)






Copyright 1986-2019 Xilinx, Inc. All Rights Reserved.
------------------------------------------------------------------------------------
| Tool Version : Vivado v.2019.1 (win64) Build 2552052 Fri May 24 14:49:42 MDT 2019
| Date         : Sat Jun  8 10:38:11 2019
| Host         : Igor2 running 64-bit major release  (build 9200)
| Command      : upgrade_ip
| Device       : xcku060-ffva1156-2-e
------------------------------------------------------------------------------------

Upgrade Log for IP 'px_axis_fdecfir32_sr128'

1. Summary
----------

SUCCESS in the upgrade of px_axis_fdecfir32_sr128 (xilinx.com:ip:c_shift_ram:12.0) from (Rev. 12) to (Rev. 13)






Copyright 1986-2019 Xilinx, Inc. All Rights Reserved.
------------------------------------------------------------------------------------
| Tool Version : Vivado v.2019.1 (win64) Build 2552052 Fri May 24 14:49:42 MDT 2019
| Date         : Sat Jun  8 10:38:11 2019
| Host         : Igor2 running 64-bit major release  (build 9200)
| Command      : upgrade_ip
| Device       : xcku060-ffva1156-2-e
------------------------------------------------------------------------------------

Upgrade Log for IP 'px_axis_fdecfir32_sat'

1. Summary
----------

SUCCESS in the upgrade of px_axis_fdecfir32_sat (pentek.com:px_ip:px_axis_saturate:1.1) from (Rev. 22) to (Rev. 23)






Copyright 1986-2019 Xilinx, Inc. All Rights Reserved.
------------------------------------------------------------------------------------
| Tool Version : Vivado v.2019.1 (win64) Build 2552052 Fri May 24 14:49:42 MDT 2019
| Date         : Sat Jun  8 10:38:11 2019
| Host         : Igor2 running 64-bit major release  (build 9200)
| Command      : upgrade_ip
| Device       : xcku060-ffva1156-2-e
------------------------------------------------------------------------------------

Upgrade Log for IP 'px_axis_fdecfir32_rnd24'

1. Summary
----------

SUCCESS in the upgrade of px_axis_fdecfir32_rnd24 (pentek.com:px_ip:px_axis_round:1.0) from (Rev. 18) to (Rev. 19)






Copyright 1986-2019 Xilinx, Inc. All Rights Reserved.
------------------------------------------------------------------------------------
| Tool Version : Vivado v.2019.1 (win64) Build 2552052 Fri May 24 14:49:42 MDT 2019
| Date         : Sat Jun  8 10:38:11 2019
| Host         : Igor2 running 64-bit major release  (build 9200)
| Command      : upgrade_ip
| Device       : xcku060-ffva1156-2-e
------------------------------------------------------------------------------------

Upgrade Log for IP 'px_axis_fdecfir32_rnd16'

1. Summary
----------

SUCCESS in the upgrade of px_axis_fdecfir32_rnd16 (pentek.com:px_ip:px_axis_round:1.0) from (Rev. 18) to (Rev. 19)






Copyright 1986-2019 Xilinx, Inc. All Rights Reserved.
------------------------------------------------------------------------------------
| Tool Version : Vivado v.2019.1 (win64) Build 2552052 Fri May 24 14:49:42 MDT 2019
| Date         : Sat Jun  8 10:38:11 2019
| Host         : Igor2 running 64-bit major release  (build 9200)
| Command      : upgrade_ip
| Device       : xcku060-ffva1156-2-e
------------------------------------------------------------------------------------

Upgrade Log for IP 'px_axis_fdecfir32_mult'

1. Summary
----------

SUCCESS in the upgrade of px_axis_fdecfir32_mult (xilinx.com:ip:mult_gen:12.0) from (Rev. 14) to (Rev. 15)






Copyright 1986-2019 Xilinx, Inc. All Rights Reserved.
------------------------------------------------------------------------------------
| Tool Version : Vivado v.2019.1 (win64) Build 2552052 Fri May 24 14:49:42 MDT 2019
| Date         : Sat Jun  8 10:38:10 2019
| Host         : Igor2 running 64-bit major release  (build 9200)
| Command      : upgrade_ip
| Device       : xcku060-ffva1156-2-e
------------------------------------------------------------------------------------

Upgrade Log for IP 'px_axis_fdecfir32_mem'

1. Summary
----------

SUCCESS in the upgrade of px_axis_fdecfir32_mem (xilinx.com:ip:blk_mem_gen:8.4) from (Rev. 2) to (Rev. 3)






Copyright 1986-2019 Xilinx, Inc. All Rights Reserved.
------------------------------------------------------------------------------------
| Tool Version : Vivado v.2019.1 (win64) Build 2552052 Fri May 24 14:49:42 MDT 2019
| Date         : Sat Jun  8 10:38:09 2019
| Host         : Igor2 running 64-bit major release  (build 9200)
| Command      : upgrade_ip
| Device       : xcku060-ffva1156-2-e
------------------------------------------------------------------------------------

Upgrade Log for IP 'px_axis_fdecfir32_dsp48dbpi'

1. Summary
----------

SUCCESS in the upgrade of px_axis_fdecfir32_dsp48dbpi (xilinx.com:ip:xbip_dsp48_macro:3.0) from (Rev. 16) to (Rev. 17)






Copyright 1986-2019 Xilinx, Inc. All Rights Reserved.
------------------------------------------------------------------------------------
| Tool Version : Vivado v.2019.1 (win64) Build 2552052 Fri May 24 14:49:42 MDT 2019
| Date         : Sat Jun  8 10:38:07 2019
| Host         : Igor2 running 64-bit major release  (build 9200)
| Command      : upgrade_ip
| Device       : xcku060-ffva1156-2-e
------------------------------------------------------------------------------------

Upgrade Log for IP 'px_axis_fdecfir32_dsp48db'

1. Summary
----------

SUCCESS in the upgrade of px_axis_fdecfir32_dsp48db (xilinx.com:ip:xbip_dsp48_macro:3.0) from (Rev. 16) to (Rev. 17)






Copyright 1986-2019 Xilinx, Inc. All Rights Reserved.
------------------------------------------------------------------------------------
| Tool Version : Vivado v.2019.1 (win64) Build 2552052 Fri May 24 14:49:42 MDT 2019
| Date         : Sat Jun  8 10:38:05 2019
| Host         : Igor2 running 64-bit major release  (build 9200)
| Command      : upgrade_ip
| Device       : xcku060-ffva1156-2-e
------------------------------------------------------------------------------------

Upgrade Log for IP 'px_axis_fdecfir32_dlyr'

1. Summary
----------

SUCCESS in the upgrade of px_axis_fdecfir32_dlyr (xilinx.com:ip:blk_mem_gen:8.4) from (Rev. 2) to (Rev. 3)






Copyright 1986-2019 Xilinx, Inc. All Rights Reserved.
------------------------------------------------------------------------------------
| Tool Version : Vivado v.2019.1 (win64) Build 2552052 Fri May 24 14:49:42 MDT 2019
| Date         : Sat Jun  8 10:38:04 2019
| Host         : Igor2 running 64-bit major release  (build 9200)
| Command      : upgrade_ip
| Device       : xcku060-ffva1156-2-e
------------------------------------------------------------------------------------

Upgrade Log for IP 'px_axis_fdecfir32_coefram'

1. Summary
----------

SUCCESS in the upgrade of px_axis_fdecfir32_coefram (xilinx.com:ip:dist_mem_gen:8.0) from (Rev. 12) to (Rev. 13)






Copyright 1986-2019 Xilinx, Inc. All Rights Reserved.
------------------------------------------------------------------------------------
| Tool Version : Vivado v.2019.1 (win64) Build 2552052 Fri May 24 14:49:42 MDT 2019
| Date         : Sat Jun  8 10:38:04 2019
| Host         : Igor2 running 64-bit major release  (build 9200)
| Command      : upgrade_ip
| Device       : xcku060-ffva1156-2-e
------------------------------------------------------------------------------------

Upgrade Log for IP 'px_axis_fdecfir32_brctlr'

1. Summary
----------

SUCCESS in the upgrade of px_axis_fdecfir32_brctlr (pentek.com:px_ip:px_axil_bram_ctlr:1.0) from (Rev. 25) to (Rev. 26)






Copyright 1986-2019 Xilinx, Inc. All Rights Reserved.
------------------------------------------------------------------------------------
| Tool Version : Vivado v.2019.1 (win64) Build 2552052 Fri May 24 14:49:42 MDT 2019
| Date         : Sat Jun  8 10:38:04 2019
| Host         : Igor2 running 64-bit major release  (build 9200)
| Command      : upgrade_ip
| Device       : xcku060-ffva1156-2-e
------------------------------------------------------------------------------------

Upgrade Log for IP 'px_axis_fdecfir32_axi_xbar'

1. Summary
----------

SUCCESS in the upgrade of px_axis_fdecfir32_axi_xbar (xilinx.com:ip:axi_crossbar:2.1) from (Rev. 19) to (Rev. 20)






Copyright 1986-2019 Xilinx, Inc. All Rights Reserved.
------------------------------------------------------------------------------------
| Tool Version : Vivado v.2019.1 (win64) Build 2552052 Fri May 24 14:49:42 MDT 2019
| Date         : Sat Jun  8 10:38:01 2019
| Host         : Igor2 running 64-bit major release  (build 9200)
| Command      : upgrade_ip
| Device       : xcku060-ffva1156-2-e
------------------------------------------------------------------------------------

Upgrade Log for IP 'px_axis_fdecfir32_acc'

1. Summary
----------

SUCCESS in the upgrade of px_axis_fdecfir32_acc (xilinx.com:ip:xbip_dsp48_macro:3.0) from (Rev. 16) to (Rev. 17)






Copyright 1986-2019 Xilinx, Inc. All Rights Reserved.
------------------------------------------------------------------------------------
| Tool Version : Vivado v.2019.1 (win64) Build 2552052 Fri May 24 14:49:42 MDT 2019
| Date         : Sat Jun  8 10:37:58 2019
| Host         : Igor2 running 64-bit major release  (build 9200)
| Command      : upgrade_ip
| Device       : xcku060-ffva1156-2-e
------------------------------------------------------------------------------------

Upgrade Log for IP 'px_axis_fdecfir32_1_dlyram'

1. Summary
----------

SUCCESS in the upgrade of px_axis_fdecfir32_1_dlyram (xilinx.com:ip:blk_mem_gen:8.4) from (Rev. 2) to (Rev. 3)






Copyright 1986-2018 Xilinx, Inc. All Rights Reserved.
------------------------------------------------------------------------------------
| Tool Version : Vivado v.2018.3 (win64) Build 2405991 Thu Dec  6 23:38:27 MST 2018
| Date         : Thu Dec 13 18:43:45 2018
| Host         : Rich-PC running 64-bit major release  (build 9200)
| Command      : upgrade_ip
| Device       : xcku060-ffva1156-2-e
------------------------------------------------------------------------------------

Upgrade Log for IP 'tb_dds'

1. Summary
----------

SUCCESS in the upgrade of tb_dds (xilinx.com:ip:dds_compiler:6.0) from (Rev. 16) to (Rev. 17)






Copyright 1986-2018 Xilinx, Inc. All Rights Reserved.
------------------------------------------------------------------------------------
| Tool Version : Vivado v.2018.3 (win64) Build 2405991 Thu Dec  6 23:38:27 MST 2018
| Date         : Thu Dec 13 18:43:42 2018
| Host         : Rich-PC running 64-bit major release  (build 9200)
| Command      : upgrade_ip
| Device       : xcku060-ffva1156-2-e
------------------------------------------------------------------------------------

Upgrade Log for IP 'px_axis_fdecfir32l_csr'

1. Summary
----------

SUCCESS in the upgrade of px_axis_fdecfir32l_csr (pentek.com:px_ip:px_axil_csr:1.0) from (Rev. 21) to (Rev. 22)






Copyright 1986-2018 Xilinx, Inc. All Rights Reserved.
------------------------------------------------------------------------------------
| Tool Version : Vivado v.2018.3 (win64) Build 2405991 Thu Dec  6 23:38:27 MST 2018
| Date         : Thu Dec 13 18:43:42 2018
| Host         : Rich-PC running 64-bit major release  (build 9200)
| Command      : upgrade_ip
| Device       : xcku060-ffva1156-2-e
------------------------------------------------------------------------------------

Upgrade Log for IP 'px_axis_fdecfir32_xclk'

1. Summary
----------

SUCCESS in the upgrade of px_axis_fdecfir32_xclk (pentek.com:user:px_lvl_trans_xclk:1.0) from (Rev. 15) to (Rev. 16)






Copyright 1986-2018 Xilinx, Inc. All Rights Reserved.
------------------------------------------------------------------------------------
| Tool Version : Vivado v.2018.3 (win64) Build 2405991 Thu Dec  6 23:38:27 MST 2018
| Date         : Thu Dec 13 18:43:41 2018
| Host         : Rich-PC running 64-bit major release  (build 9200)
| Command      : upgrade_ip
| Device       : xcku060-ffva1156-2-e
------------------------------------------------------------------------------------

Upgrade Log for IP 'px_axis_fdecfir32_sat'

1. Summary
----------

SUCCESS in the upgrade of px_axis_fdecfir32_sat (pentek.com:px_ip:px_axis_saturate:1.1) from (Rev. 20) to (Rev. 22)






Copyright 1986-2018 Xilinx, Inc. All Rights Reserved.
------------------------------------------------------------------------------------
| Tool Version : Vivado v.2018.3 (win64) Build 2405991 Thu Dec  6 23:38:27 MST 2018
| Date         : Thu Dec 13 18:43:40 2018
| Host         : Rich-PC running 64-bit major release  (build 9200)
| Command      : upgrade_ip
| Device       : xcku060-ffva1156-2-e
------------------------------------------------------------------------------------

Upgrade Log for IP 'px_axis_fdecfir32_rnd24'

1. Summary
----------

SUCCESS in the upgrade of px_axis_fdecfir32_rnd24 (pentek.com:px_ip:px_axis_round:1.0) from (Rev. 17) to (Rev. 18)






Copyright 1986-2018 Xilinx, Inc. All Rights Reserved.
------------------------------------------------------------------------------------
| Tool Version : Vivado v.2018.3 (win64) Build 2405991 Thu Dec  6 23:38:27 MST 2018
| Date         : Thu Dec 13 18:43:40 2018
| Host         : Rich-PC running 64-bit major release  (build 9200)
| Command      : upgrade_ip
| Device       : xcku060-ffva1156-2-e
------------------------------------------------------------------------------------

Upgrade Log for IP 'px_axis_fdecfir32_rnd16'

1. Summary
----------

SUCCESS in the upgrade of px_axis_fdecfir32_rnd16 (pentek.com:px_ip:px_axis_round:1.0) from (Rev. 17) to (Rev. 18)






Copyright 1986-2018 Xilinx, Inc. All Rights Reserved.
------------------------------------------------------------------------------------
| Tool Version : Vivado v.2018.3 (win64) Build 2405991 Thu Dec  6 23:38:27 MST 2018
| Date         : Thu Dec 13 18:43:40 2018
| Host         : Rich-PC running 64-bit major release  (build 9200)
| Command      : upgrade_ip
| Device       : xcku060-ffva1156-2-e
------------------------------------------------------------------------------------

Upgrade Log for IP 'px_axis_fdecfir32_mem'

1. Summary
----------

SUCCESS in the upgrade of px_axis_fdecfir32_mem (xilinx.com:ip:blk_mem_gen:8.4) from (Rev. 1) to (Rev. 2)






Copyright 1986-2018 Xilinx, Inc. All Rights Reserved.
------------------------------------------------------------------------------------
| Tool Version : Vivado v.2018.3 (win64) Build 2405991 Thu Dec  6 23:38:27 MST 2018
| Date         : Thu Dec 13 18:43:38 2018
| Host         : Rich-PC running 64-bit major release  (build 9200)
| Command      : upgrade_ip
| Device       : xcku060-ffva1156-2-e
------------------------------------------------------------------------------------

Upgrade Log for IP 'px_axis_fdecfir32_dlyr'

1. Summary
----------

SUCCESS in the upgrade of px_axis_fdecfir32_dlyr (xilinx.com:ip:blk_mem_gen:8.4) from (Rev. 1) to (Rev. 2)






Copyright 1986-2018 Xilinx, Inc. All Rights Reserved.
------------------------------------------------------------------------------------
| Tool Version : Vivado v.2018.3 (win64) Build 2405991 Thu Dec  6 23:38:27 MST 2018
| Date         : Thu Dec 13 18:43:36 2018
| Host         : Rich-PC running 64-bit major release  (build 9200)
| Command      : upgrade_ip
| Device       : xcku060-ffva1156-2-e
------------------------------------------------------------------------------------

Upgrade Log for IP 'px_axis_fdecfir32_brctlr'

1. Summary
----------

SUCCESS in the upgrade of px_axis_fdecfir32_brctlr (pentek.com:px_ip:px_axil_bram_ctlr:1.0) from (Rev. 24) to (Rev. 25)






Copyright 1986-2018 Xilinx, Inc. All Rights Reserved.
------------------------------------------------------------------------------------
| Tool Version : Vivado v.2018.3 (win64) Build 2405991 Thu Dec  6 23:38:27 MST 2018
| Date         : Thu Dec 13 18:43:35 2018
| Host         : Rich-PC running 64-bit major release  (build 9200)
| Command      : upgrade_ip
| Device       : xcku060-ffva1156-2-e
------------------------------------------------------------------------------------

Upgrade Log for IP 'px_axis_fdecfir32_axi_xbar'

1. Summary
----------

SUCCESS in the upgrade of px_axis_fdecfir32_axi_xbar (xilinx.com:ip:axi_crossbar:2.1) from (Rev. 17) to (Rev. 19)






Copyright 1986-2018 Xilinx, Inc. All Rights Reserved.
------------------------------------------------------------------------------------
| Tool Version : Vivado v.2018.3 (win64) Build 2405991 Thu Dec  6 23:38:27 MST 2018
| Date         : Thu Dec 13 18:43:30 2018
| Host         : Rich-PC running 64-bit major release  (build 9200)
| Command      : upgrade_ip
| Device       : xcku060-ffva1156-2-e
------------------------------------------------------------------------------------

Upgrade Log for IP 'px_axis_fdecfir32_1_dlyram'

1. Summary
----------

SUCCESS in the upgrade of px_axis_fdecfir32_1_dlyram (xilinx.com:ip:blk_mem_gen:8.4) from (Rev. 1) to (Rev. 2)






Copyright 1986-2018 Xilinx, Inc. All Rights Reserved.
------------------------------------------------------------------------------------
| Tool Version : Vivado v.2018.1 (win64) Build 2188600 Wed Apr  4 18:40:38 MDT 2018
| Date         : Tue May  1 10:37:05 2018
| Host         : Rich-PC running 64-bit major release  (build 9200)
| Command      : upgrade_ip
| Device       : xcku060-ffva1156-2-e
------------------------------------------------------------------------------------

Upgrade Log for IP 'tb_dds'

1. Summary
----------

SUCCESS in the upgrade of tb_dds (xilinx.com:ip:dds_compiler:6.0) from (Rev. 14) to (Rev. 16)






Copyright 1986-2018 Xilinx, Inc. All Rights Reserved.
------------------------------------------------------------------------------------
| Tool Version : Vivado v.2018.1 (win64) Build 2188600 Wed Apr  4 18:40:38 MDT 2018
| Date         : Tue May  1 10:37:03 2018
| Host         : Rich-PC running 64-bit major release  (build 9200)
| Command      : upgrade_ip
| Device       : xcku060-ffva1156-2-e
------------------------------------------------------------------------------------

Upgrade Log for IP 'px_axis_fdecfir32l_csr'

1. Summary
----------

SUCCESS in the upgrade of px_axis_fdecfir32l_csr (pentek.com:px_ip:px_axil_csr:1.0) from (Rev. 19) to (Rev. 21)






Copyright 1986-2018 Xilinx, Inc. All Rights Reserved.
------------------------------------------------------------------------------------
| Tool Version : Vivado v.2018.1 (win64) Build 2188600 Wed Apr  4 18:40:38 MDT 2018
| Date         : Tue May  1 10:37:02 2018
| Host         : Rich-PC running 64-bit major release  (build 9200)
| Command      : upgrade_ip
| Device       : xcku060-ffva1156-2-e
------------------------------------------------------------------------------------

Upgrade Log for IP 'px_axis_fdecfir32_xclk'

1. Summary
----------

SUCCESS in the upgrade of px_axis_fdecfir32_xclk (pentek.com:user:px_lvl_trans_xclk:1.0) from (Rev. 13) to (Rev. 15)






Copyright 1986-2018 Xilinx, Inc. All Rights Reserved.
------------------------------------------------------------------------------------
| Tool Version : Vivado v.2018.1 (win64) Build 2188600 Wed Apr  4 18:40:38 MDT 2018
| Date         : Tue May  1 10:37:02 2018
| Host         : Rich-PC running 64-bit major release  (build 9200)
| Command      : upgrade_ip
| Device       : xcku060-ffva1156-2-e
------------------------------------------------------------------------------------

Upgrade Log for IP 'px_axis_fdecfir32_sr64'

1. Summary
----------

SUCCESS in the upgrade of px_axis_fdecfir32_sr64 (xilinx.com:ip:c_shift_ram:12.0) from (Rev. 11) to (Rev. 12)






Copyright 1986-2018 Xilinx, Inc. All Rights Reserved.
------------------------------------------------------------------------------------
| Tool Version : Vivado v.2018.1 (win64) Build 2188600 Wed Apr  4 18:40:38 MDT 2018
| Date         : Tue May  1 10:37:01 2018
| Host         : Rich-PC running 64-bit major release  (build 9200)
| Command      : upgrade_ip
| Device       : xcku060-ffva1156-2-e
------------------------------------------------------------------------------------

Upgrade Log for IP 'px_axis_fdecfir32_sr16'

1. Summary
----------

SUCCESS in the upgrade of px_axis_fdecfir32_sr16 (xilinx.com:ip:c_shift_ram:12.0) from (Rev. 11) to (Rev. 12)






Copyright 1986-2018 Xilinx, Inc. All Rights Reserved.
------------------------------------------------------------------------------------
| Tool Version : Vivado v.2018.1 (win64) Build 2188600 Wed Apr  4 18:40:38 MDT 2018
| Date         : Tue May  1 10:37:01 2018
| Host         : Rich-PC running 64-bit major release  (build 9200)
| Command      : upgrade_ip
| Device       : xcku060-ffva1156-2-e
------------------------------------------------------------------------------------

Upgrade Log for IP 'px_axis_fdecfir32_sr128'

1. Summary
----------

SUCCESS in the upgrade of px_axis_fdecfir32_sr128 (xilinx.com:ip:c_shift_ram:12.0) from (Rev. 11) to (Rev. 12)






Copyright 1986-2018 Xilinx, Inc. All Rights Reserved.
------------------------------------------------------------------------------------
| Tool Version : Vivado v.2018.1 (win64) Build 2188600 Wed Apr  4 18:40:38 MDT 2018
| Date         : Tue May  1 10:37:00 2018
| Host         : Rich-PC running 64-bit major release  (build 9200)
| Command      : upgrade_ip
| Device       : xcku060-ffva1156-2-e
------------------------------------------------------------------------------------

Upgrade Log for IP 'px_axis_fdecfir32_sat'

1. Summary
----------

SUCCESS in the upgrade of px_axis_fdecfir32_sat (pentek.com:px_ip:px_axis_saturate:1.1) from (Rev. 18) to (Rev. 20)






Copyright 1986-2018 Xilinx, Inc. All Rights Reserved.
------------------------------------------------------------------------------------
| Tool Version : Vivado v.2018.1 (win64) Build 2188600 Wed Apr  4 18:40:38 MDT 2018
| Date         : Tue May  1 10:37:00 2018
| Host         : Rich-PC running 64-bit major release  (build 9200)
| Command      : upgrade_ip
| Device       : xcku060-ffva1156-2-e
------------------------------------------------------------------------------------

Upgrade Log for IP 'px_axis_fdecfir32_rnd24'

1. Summary
----------

SUCCESS in the upgrade of px_axis_fdecfir32_rnd24 (pentek.com:px_ip:px_axis_round:1.0) from (Rev. 15) to (Rev. 17)






Copyright 1986-2018 Xilinx, Inc. All Rights Reserved.
------------------------------------------------------------------------------------
| Tool Version : Vivado v.2018.1 (win64) Build 2188600 Wed Apr  4 18:40:38 MDT 2018
| Date         : Tue May  1 10:37:00 2018
| Host         : Rich-PC running 64-bit major release  (build 9200)
| Command      : upgrade_ip
| Device       : xcku060-ffva1156-2-e
------------------------------------------------------------------------------------

Upgrade Log for IP 'px_axis_fdecfir32_rnd16'

1. Summary
----------

SUCCESS in the upgrade of px_axis_fdecfir32_rnd16 (pentek.com:px_ip:px_axis_round:1.0) from (Rev. 15) to (Rev. 17)






Copyright 1986-2018 Xilinx, Inc. All Rights Reserved.
------------------------------------------------------------------------------------
| Tool Version : Vivado v.2018.1 (win64) Build 2188600 Wed Apr  4 18:40:38 MDT 2018
| Date         : Tue May  1 10:36:59 2018
| Host         : Rich-PC running 64-bit major release  (build 9200)
| Command      : upgrade_ip
| Device       : xcku060-ffva1156-2-e
------------------------------------------------------------------------------------

Upgrade Log for IP 'px_axis_fdecfir32_mult'

1. Summary
----------

SUCCESS in the upgrade of px_axis_fdecfir32_mult (xilinx.com:ip:mult_gen:12.0) from (Rev. 13) to (Rev. 14)






Copyright 1986-2018 Xilinx, Inc. All Rights Reserved.
------------------------------------------------------------------------------------
| Tool Version : Vivado v.2018.1 (win64) Build 2188600 Wed Apr  4 18:40:38 MDT 2018
| Date         : Tue May  1 10:36:58 2018
| Host         : Rich-PC running 64-bit major release  (build 9200)
| Command      : upgrade_ip
| Device       : xcku060-ffva1156-2-e
------------------------------------------------------------------------------------

Upgrade Log for IP 'px_axis_fdecfir32_mem'

1. Summary
----------

SUCCESS in the upgrade of px_axis_fdecfir32_mem (xilinx.com:ip:blk_mem_gen:8.4) to (Rev. 1)






Copyright 1986-2018 Xilinx, Inc. All Rights Reserved.
------------------------------------------------------------------------------------
| Tool Version : Vivado v.2018.1 (win64) Build 2188600 Wed Apr  4 18:40:38 MDT 2018
| Date         : Tue May  1 10:36:55 2018
| Host         : Rich-PC running 64-bit major release  (build 9200)
| Command      : upgrade_ip
| Device       : xcku060-ffva1156-2-e
------------------------------------------------------------------------------------

Upgrade Log for IP 'px_axis_fdecfir32_dsp48dbpi'

1. Summary
----------

SUCCESS in the upgrade of px_axis_fdecfir32_dsp48dbpi (xilinx.com:ip:xbip_dsp48_macro:3.0) from (Rev. 15) to (Rev. 16)






Copyright 1986-2018 Xilinx, Inc. All Rights Reserved.
------------------------------------------------------------------------------------
| Tool Version : Vivado v.2018.1 (win64) Build 2188600 Wed Apr  4 18:40:38 MDT 2018
| Date         : Tue May  1 10:36:51 2018
| Host         : Rich-PC running 64-bit major release  (build 9200)
| Command      : upgrade_ip
| Device       : xcku060-ffva1156-2-e
------------------------------------------------------------------------------------

Upgrade Log for IP 'px_axis_fdecfir32_dsp48db'

1. Summary
----------

SUCCESS in the upgrade of px_axis_fdecfir32_dsp48db (xilinx.com:ip:xbip_dsp48_macro:3.0) from (Rev. 15) to (Rev. 16)






Copyright 1986-2018 Xilinx, Inc. All Rights Reserved.
------------------------------------------------------------------------------------
| Tool Version : Vivado v.2018.1 (win64) Build 2188600 Wed Apr  4 18:40:38 MDT 2018
| Date         : Tue May  1 10:36:48 2018
| Host         : Rich-PC running 64-bit major release  (build 9200)
| Command      : upgrade_ip
| Device       : xcku060-ffva1156-2-e
------------------------------------------------------------------------------------

Upgrade Log for IP 'px_axis_fdecfir32_dlyr'

1. Summary
----------

SUCCESS in the upgrade of px_axis_fdecfir32_dlyr (xilinx.com:ip:blk_mem_gen:8.4) to (Rev. 1)






Copyright 1986-2018 Xilinx, Inc. All Rights Reserved.
------------------------------------------------------------------------------------
| Tool Version : Vivado v.2018.1 (win64) Build 2188600 Wed Apr  4 18:40:38 MDT 2018
| Date         : Tue May  1 10:36:46 2018
| Host         : Rich-PC running 64-bit major release  (build 9200)
| Command      : upgrade_ip
| Device       : xcku060-ffva1156-2-e
------------------------------------------------------------------------------------

Upgrade Log for IP 'px_axis_fdecfir32_brctlr'

1. Summary
----------

SUCCESS in the upgrade of px_axis_fdecfir32_brctlr (pentek.com:px_ip:px_axil_bram_ctlr:1.0) from (Rev. 22) to (Rev. 24)






Copyright 1986-2018 Xilinx, Inc. All Rights Reserved.
------------------------------------------------------------------------------------
| Tool Version : Vivado v.2018.1 (win64) Build 2188600 Wed Apr  4 18:40:38 MDT 2018
| Date         : Tue May  1 10:36:46 2018
| Host         : Rich-PC running 64-bit major release  (build 9200)
| Command      : upgrade_ip
| Device       : xcku060-ffva1156-2-e
------------------------------------------------------------------------------------

Upgrade Log for IP 'px_axis_fdecfir32_axi_xbar'

1. Summary
----------

SUCCESS in the upgrade of px_axis_fdecfir32_axi_xbar (xilinx.com:ip:axi_crossbar:2.1) from (Rev. 15) to (Rev. 17)






Copyright 1986-2018 Xilinx, Inc. All Rights Reserved.
------------------------------------------------------------------------------------
| Tool Version : Vivado v.2018.1 (win64) Build 2188600 Wed Apr  4 18:40:38 MDT 2018
| Date         : Tue May  1 10:36:41 2018
| Host         : Rich-PC running 64-bit major release  (build 9200)
| Command      : upgrade_ip
| Device       : xcku060-ffva1156-2-e
------------------------------------------------------------------------------------

Upgrade Log for IP 'px_axis_fdecfir32_acc'

1. Summary
----------

SUCCESS in the upgrade of px_axis_fdecfir32_acc (xilinx.com:ip:xbip_dsp48_macro:3.0) from (Rev. 15) to (Rev. 16)






Copyright 1986-2018 Xilinx, Inc. All Rights Reserved.
------------------------------------------------------------------------------------
| Tool Version : Vivado v.2018.1 (win64) Build 2188600 Wed Apr  4 18:40:38 MDT 2018
| Date         : Tue May  1 10:36:36 2018
| Host         : Rich-PC running 64-bit major release  (build 9200)
| Command      : upgrade_ip
| Device       : xcku060-ffva1156-2-e
------------------------------------------------------------------------------------

Upgrade Log for IP 'px_axis_fdecfir32_1_dlyram'

1. Summary
----------

SUCCESS in the upgrade of px_axis_fdecfir32_1_dlyram (xilinx.com:ip:blk_mem_gen:8.4) to (Rev. 1)






Copyright 1986-2017 Xilinx, Inc. All Rights Reserved.
------------------------------------------------------------------------------------
| Tool Version : Vivado v.2017.3 (win64) Build 2018833 Wed Oct  4 19:58:22 MDT 2017
| Date         : Fri Nov  3 14:43:46 2017
| Host         : Rich-PC running 64-bit major release  (build 9200)
| Command      : upgrade_ip
| Device       : xcku060-ffva1156-2-e
------------------------------------------------------------------------------------

Upgrade Log for IP 'tb_dds'

1. Summary
----------

SUCCESS in the upgrade of tb_dds (xilinx.com:ip:dds_compiler:6.0) from (Rev. 13) to (Rev. 14)






Copyright 1986-2017 Xilinx, Inc. All Rights Reserved.
------------------------------------------------------------------------------------
| Tool Version : Vivado v.2017.3 (win64) Build 2018833 Wed Oct  4 19:58:22 MDT 2017
| Date         : Fri Nov  3 14:43:44 2017
| Host         : Rich-PC running 64-bit major release  (build 9200)
| Command      : upgrade_ip
| Device       : xcku060-ffva1156-2-e
------------------------------------------------------------------------------------

Upgrade Log for IP 'px_axis_fdecfir32l_csr'

1. Summary
----------

SUCCESS in the upgrade of px_axis_fdecfir32l_csr (pentek.com:px_ip:px_axil_csr:1.0) from (Rev. 18) to (Rev. 19)






Copyright 1986-2017 Xilinx, Inc. All Rights Reserved.
------------------------------------------------------------------------------------
| Tool Version : Vivado v.2017.3 (win64) Build 2018833 Wed Oct  4 19:58:22 MDT 2017
| Date         : Fri Nov  3 14:43:44 2017
| Host         : Rich-PC running 64-bit major release  (build 9200)
| Command      : upgrade_ip
| Device       : xcku060-ffva1156-2-e
------------------------------------------------------------------------------------

Upgrade Log for IP 'px_axis_fdecfir32_xclk'

1. Summary
----------

SUCCESS in the upgrade of px_axis_fdecfir32_xclk (pentek.com:user:px_lvl_trans_xclk:1.0) from (Rev. 12) to (Rev. 13)






Copyright 1986-2017 Xilinx, Inc. All Rights Reserved.
------------------------------------------------------------------------------------
| Tool Version : Vivado v.2017.3 (win64) Build 2018833 Wed Oct  4 19:58:22 MDT 2017
| Date         : Fri Nov  3 14:43:44 2017
| Host         : Rich-PC running 64-bit major release  (build 9200)
| Command      : upgrade_ip
| Device       : xcku060-ffva1156-2-e
------------------------------------------------------------------------------------

Upgrade Log for IP 'px_axis_fdecfir32_sr64'

1. Summary
----------

SUCCESS in the upgrade of px_axis_fdecfir32_sr64 (xilinx.com:ip:c_shift_ram:12.0) from (Rev. 10) to (Rev. 11)






Copyright 1986-2017 Xilinx, Inc. All Rights Reserved.
------------------------------------------------------------------------------------
| Tool Version : Vivado v.2017.3 (win64) Build 2018833 Wed Oct  4 19:58:22 MDT 2017
| Date         : Fri Nov  3 14:43:43 2017
| Host         : Rich-PC running 64-bit major release  (build 9200)
| Command      : upgrade_ip
| Device       : xcku060-ffva1156-2-e
------------------------------------------------------------------------------------

Upgrade Log for IP 'px_axis_fdecfir32_sr16'

1. Summary
----------

SUCCESS in the upgrade of px_axis_fdecfir32_sr16 (xilinx.com:ip:c_shift_ram:12.0) from (Rev. 10) to (Rev. 11)






Copyright 1986-2017 Xilinx, Inc. All Rights Reserved.
------------------------------------------------------------------------------------
| Tool Version : Vivado v.2017.3 (win64) Build 2018833 Wed Oct  4 19:58:22 MDT 2017
| Date         : Fri Nov  3 14:43:42 2017
| Host         : Rich-PC running 64-bit major release  (build 9200)
| Command      : upgrade_ip
| Device       : xcku060-ffva1156-2-e
------------------------------------------------------------------------------------

Upgrade Log for IP 'px_axis_fdecfir32_sr128'

1. Summary
----------

SUCCESS in the upgrade of px_axis_fdecfir32_sr128 (xilinx.com:ip:c_shift_ram:12.0) from (Rev. 10) to (Rev. 11)






Copyright 1986-2017 Xilinx, Inc. All Rights Reserved.
------------------------------------------------------------------------------------
| Tool Version : Vivado v.2017.3 (win64) Build 2018833 Wed Oct  4 19:58:22 MDT 2017
| Date         : Fri Nov  3 14:43:41 2017
| Host         : Rich-PC running 64-bit major release  (build 9200)
| Command      : upgrade_ip
| Device       : xcku060-ffva1156-2-e
------------------------------------------------------------------------------------

Upgrade Log for IP 'px_axis_fdecfir32_sat'

1. Summary
----------

SUCCESS in the upgrade of px_axis_fdecfir32_sat (pentek.com:px_ip:px_axis_saturate:1.1) from (Rev. 17) to (Rev. 18)






Copyright 1986-2017 Xilinx, Inc. All Rights Reserved.
------------------------------------------------------------------------------------
| Tool Version : Vivado v.2017.3 (win64) Build 2018833 Wed Oct  4 19:58:22 MDT 2017
| Date         : Fri Nov  3 14:43:41 2017
| Host         : Rich-PC running 64-bit major release  (build 9200)
| Command      : upgrade_ip
| Device       : xcku060-ffva1156-2-e
------------------------------------------------------------------------------------

Upgrade Log for IP 'px_axis_fdecfir32_rnd24'

1. Summary
----------

SUCCESS in the upgrade of px_axis_fdecfir32_rnd24 (pentek.com:px_ip:px_axis_round:1.0) from (Rev. 14) to (Rev. 15)






Copyright 1986-2017 Xilinx, Inc. All Rights Reserved.
------------------------------------------------------------------------------------
| Tool Version : Vivado v.2017.3 (win64) Build 2018833 Wed Oct  4 19:58:22 MDT 2017
| Date         : Fri Nov  3 14:43:41 2017
| Host         : Rich-PC running 64-bit major release  (build 9200)
| Command      : upgrade_ip
| Device       : xcku060-ffva1156-2-e
------------------------------------------------------------------------------------

Upgrade Log for IP 'px_axis_fdecfir32_rnd16'

1. Summary
----------

SUCCESS in the upgrade of px_axis_fdecfir32_rnd16 (pentek.com:px_ip:px_axis_round:1.0) from (Rev. 14) to (Rev. 15)






Copyright 1986-2017 Xilinx, Inc. All Rights Reserved.
------------------------------------------------------------------------------------
| Tool Version : Vivado v.2017.3 (win64) Build 2018833 Wed Oct  4 19:58:22 MDT 2017
| Date         : Fri Nov  3 14:43:40 2017
| Host         : Rich-PC running 64-bit major release  (build 9200)
| Command      : upgrade_ip
| Device       : xcku060-ffva1156-2-e
------------------------------------------------------------------------------------

Upgrade Log for IP 'px_axis_fdecfir32_mult'

1. Summary
----------

SUCCESS in the upgrade of px_axis_fdecfir32_mult (xilinx.com:ip:mult_gen:12.0) from (Rev. 12) to (Rev. 13)






Copyright 1986-2017 Xilinx, Inc. All Rights Reserved.
------------------------------------------------------------------------------------
| Tool Version : Vivado v.2017.3 (win64) Build 2018833 Wed Oct  4 19:58:22 MDT 2017
| Date         : Fri Nov  3 14:43:39 2017
| Host         : Rich-PC running 64-bit major release  (build 9200)
| Command      : upgrade_ip
| Device       : xcku060-ffva1156-2-e
------------------------------------------------------------------------------------

Upgrade Log for IP 'px_axis_fdecfir32_mem'

1. Summary
----------

SUCCESS in the upgrade of px_axis_fdecfir32_mem from xilinx.com:ip:blk_mem_gen:8.3 (Rev. 6) to xilinx.com:ip:blk_mem_gen:8.4






Copyright 1986-2017 Xilinx, Inc. All Rights Reserved.
------------------------------------------------------------------------------------
| Tool Version : Vivado v.2017.3 (win64) Build 2018833 Wed Oct  4 19:58:22 MDT 2017
| Date         : Fri Nov  3 14:43:37 2017
| Host         : Rich-PC running 64-bit major release  (build 9200)
| Command      : upgrade_ip
| Device       : xcku060-ffva1156-2-e
------------------------------------------------------------------------------------

Upgrade Log for IP 'px_axis_fdecfir32_dsp48dbpi'

1. Summary
----------

SUCCESS in the upgrade of px_axis_fdecfir32_dsp48dbpi (xilinx.com:ip:xbip_dsp48_macro:3.0) from (Rev. 14) to (Rev. 15)






Copyright 1986-2017 Xilinx, Inc. All Rights Reserved.
------------------------------------------------------------------------------------
| Tool Version : Vivado v.2017.3 (win64) Build 2018833 Wed Oct  4 19:58:22 MDT 2017
| Date         : Fri Nov  3 14:43:33 2017
| Host         : Rich-PC running 64-bit major release  (build 9200)
| Command      : upgrade_ip
| Device       : xcku060-ffva1156-2-e
------------------------------------------------------------------------------------

Upgrade Log for IP 'px_axis_fdecfir32_dsp48db'

1. Summary
----------

SUCCESS in the upgrade of px_axis_fdecfir32_dsp48db (xilinx.com:ip:xbip_dsp48_macro:3.0) from (Rev. 14) to (Rev. 15)






Copyright 1986-2017 Xilinx, Inc. All Rights Reserved.
------------------------------------------------------------------------------------
| Tool Version : Vivado v.2017.3 (win64) Build 2018833 Wed Oct  4 19:58:22 MDT 2017
| Date         : Fri Nov  3 14:43:30 2017
| Host         : Rich-PC running 64-bit major release  (build 9200)
| Command      : upgrade_ip
| Device       : xcku060-ffva1156-2-e
------------------------------------------------------------------------------------

Upgrade Log for IP 'px_axis_fdecfir32_dlyr'

1. Summary
----------

SUCCESS in the upgrade of px_axis_fdecfir32_dlyr from xilinx.com:ip:blk_mem_gen:8.3 (Rev. 6) to xilinx.com:ip:blk_mem_gen:8.4






Copyright 1986-2017 Xilinx, Inc. All Rights Reserved.
------------------------------------------------------------------------------------
| Tool Version : Vivado v.2017.3 (win64) Build 2018833 Wed Oct  4 19:58:22 MDT 2017
| Date         : Fri Nov  3 14:43:28 2017
| Host         : Rich-PC running 64-bit major release  (build 9200)
| Command      : upgrade_ip
| Device       : xcku060-ffva1156-2-e
------------------------------------------------------------------------------------

Upgrade Log for IP 'px_axis_fdecfir32_coefram'

1. Summary
----------

SUCCESS in the upgrade of px_axis_fdecfir32_coefram (xilinx.com:ip:dist_mem_gen:8.0) from (Rev. 11) to (Rev. 12)






Copyright 1986-2017 Xilinx, Inc. All Rights Reserved.
------------------------------------------------------------------------------------
| Tool Version : Vivado v.2017.3 (win64) Build 2018833 Wed Oct  4 19:58:22 MDT 2017
| Date         : Fri Nov  3 14:43:27 2017
| Host         : Rich-PC running 64-bit major release  (build 9200)
| Command      : upgrade_ip
| Device       : xcku060-ffva1156-2-e
------------------------------------------------------------------------------------

Upgrade Log for IP 'px_axis_fdecfir32_brctlr'

1. Summary
----------

SUCCESS in the upgrade of px_axis_fdecfir32_brctlr (pentek.com:px_ip:px_axil_bram_ctlr:1.0) from (Rev. 21) to (Rev. 22)






Copyright 1986-2017 Xilinx, Inc. All Rights Reserved.
------------------------------------------------------------------------------------
| Tool Version : Vivado v.2017.3 (win64) Build 2018833 Wed Oct  4 19:58:22 MDT 2017
| Date         : Fri Nov  3 14:43:27 2017
| Host         : Rich-PC running 64-bit major release  (build 9200)
| Command      : upgrade_ip
| Device       : xcku060-ffva1156-2-e
------------------------------------------------------------------------------------

Upgrade Log for IP 'px_axis_fdecfir32_axi_xbar'

1. Summary
----------

SUCCESS in the upgrade of px_axis_fdecfir32_axi_xbar (xilinx.com:ip:axi_crossbar:2.1) from (Rev. 14) to (Rev. 15)






Copyright 1986-2017 Xilinx, Inc. All Rights Reserved.
------------------------------------------------------------------------------------
| Tool Version : Vivado v.2017.3 (win64) Build 2018833 Wed Oct  4 19:58:22 MDT 2017
| Date         : Fri Nov  3 14:43:22 2017
| Host         : Rich-PC running 64-bit major release  (build 9200)
| Command      : upgrade_ip
| Device       : xcku060-ffva1156-2-e
------------------------------------------------------------------------------------

Upgrade Log for IP 'px_axis_fdecfir32_acc'

1. Summary
----------

SUCCESS in the upgrade of px_axis_fdecfir32_acc (xilinx.com:ip:xbip_dsp48_macro:3.0) from (Rev. 14) to (Rev. 15)






Copyright 1986-2017 Xilinx, Inc. All Rights Reserved.
------------------------------------------------------------------------------------
| Tool Version : Vivado v.2017.3 (win64) Build 2018833 Wed Oct  4 19:58:22 MDT 2017
| Date         : Fri Nov  3 14:43:18 2017
| Host         : Rich-PC running 64-bit major release  (build 9200)
| Command      : upgrade_ip
| Device       : xcku060-ffva1156-2-e
------------------------------------------------------------------------------------

Upgrade Log for IP 'px_axis_fdecfir32_1_dlyram'

1. Summary
----------

SUCCESS in the upgrade of px_axis_fdecfir32_1_dlyram from xilinx.com:ip:blk_mem_gen:8.3 (Rev. 6) to xilinx.com:ip:blk_mem_gen:8.4






Copyright 1986-2017 Xilinx, Inc. All Rights Reserved.
------------------------------------------------------------------------------------
| Tool Version : Vivado v.2017.2 (win64) Build 1909853 Thu Jun 15 18:39:09 MDT 2017
| Date         : Wed Aug  9 11:33:31 2017
| Host         : Rich-PC running 64-bit major release  (build 9200)
| Command      : upgrade_ip
| Device       : xcku060-ffva1156-2-e
------------------------------------------------------------------------------------

Upgrade Log for IP 'px_axis_fdecfir32l_csr'

1. Summary
----------

SUCCESS in the upgrade of px_axis_fdecfir32l_csr (pentek.com:px_ip:px_axil_csr:1.0) from (Rev. 16) to (Rev. 18)






Copyright 1986-2017 Xilinx, Inc. All Rights Reserved.
------------------------------------------------------------------------------------
| Tool Version : Vivado v.2017.2 (win64) Build 1909853 Thu Jun 15 18:39:09 MDT 2017
| Date         : Wed Aug  9 11:33:31 2017
| Host         : Rich-PC running 64-bit major release  (build 9200)
| Command      : upgrade_ip
| Device       : xcku060-ffva1156-2-e
------------------------------------------------------------------------------------

Upgrade Log for IP 'px_axis_fdecfir32_xclk'

1. Summary
----------

SUCCESS in the upgrade of px_axis_fdecfir32_xclk (pentek.com:user:px_lvl_trans_xclk:1.0) from (Rev. 11) to (Rev. 12)






Copyright 1986-2017 Xilinx, Inc. All Rights Reserved.
------------------------------------------------------------------------------------
| Tool Version : Vivado v.2017.2 (win64) Build 1909853 Thu Jun 15 18:39:09 MDT 2017
| Date         : Wed Aug  9 11:33:31 2017
| Host         : Rich-PC running 64-bit major release  (build 9200)
| Command      : upgrade_ip
| Device       : xcku060-ffva1156-2-e
------------------------------------------------------------------------------------

Upgrade Log for IP 'px_axis_fdecfir32_sat'

1. Summary
----------

SUCCESS in the upgrade of px_axis_fdecfir32_sat from pentek.com:px_ip:px_axis_saturate:1.0 (Rev. 15) to pentek.com:px_ip:px_axis_saturate:1.1 (Rev. 17)






Copyright 1986-2017 Xilinx, Inc. All Rights Reserved.
------------------------------------------------------------------------------------
| Tool Version : Vivado v.2017.2 (win64) Build 1909853 Thu Jun 15 18:39:09 MDT 2017
| Date         : Wed Aug  9 11:33:30 2017
| Host         : Rich-PC running 64-bit major release  (build 9200)
| Command      : upgrade_ip
| Device       : xcku060-ffva1156-2-e
------------------------------------------------------------------------------------

Upgrade Log for IP 'px_axis_fdecfir32_rnd24'

1. Summary
----------

SUCCESS in the upgrade of px_axis_fdecfir32_rnd24 (pentek.com:px_ip:px_axis_round:1.0) from (Rev. 12) to (Rev. 14)






Copyright 1986-2017 Xilinx, Inc. All Rights Reserved.
------------------------------------------------------------------------------------
| Tool Version : Vivado v.2017.2 (win64) Build 1909853 Thu Jun 15 18:39:09 MDT 2017
| Date         : Wed Aug  9 11:33:30 2017
| Host         : Rich-PC running 64-bit major release  (build 9200)
| Command      : upgrade_ip
| Device       : xcku060-ffva1156-2-e
------------------------------------------------------------------------------------

Upgrade Log for IP 'px_axis_fdecfir32_rnd16'

1. Summary
----------

SUCCESS in the upgrade of px_axis_fdecfir32_rnd16 (pentek.com:px_ip:px_axis_round:1.0) from (Rev. 12) to (Rev. 14)






Copyright 1986-2017 Xilinx, Inc. All Rights Reserved.
------------------------------------------------------------------------------------
| Tool Version : Vivado v.2017.2 (win64) Build 1909853 Thu Jun 15 18:39:09 MDT 2017
| Date         : Wed Aug  9 11:33:30 2017
| Host         : Rich-PC running 64-bit major release  (build 9200)
| Command      : upgrade_ip
| Device       : xcku060-ffva1156-2-e
------------------------------------------------------------------------------------

Upgrade Log for IP 'px_axis_fdecfir32_brctlr'

1. Summary
----------

SUCCESS in the upgrade of px_axis_fdecfir32_brctlr (pentek.com:px_ip:px_axil_bram_ctlr:1.0) from (Rev. 19) to (Rev. 21)






Copyright 1986-2017 Xilinx, Inc. All Rights Reserved.
------------------------------------------------------------------------------------
| Tool Version : Vivado v.2017.2 (win64) Build 1909853 Thu Jun 15 18:39:09 MDT 2017
| Date         : Wed Aug  9 11:33:30 2017
| Host         : Rich-PC running 64-bit major release  (build 9200)
| Command      : upgrade_ip
| Device       : xcku060-ffva1156-2-e
------------------------------------------------------------------------------------

Upgrade Log for IP 'px_axis_fdecfir32_axi_xbar'

1. Summary
----------

SUCCESS in the upgrade of px_axis_fdecfir32_axi_xbar (xilinx.com:ip:axi_crossbar:2.1) from (Rev. 13) to (Rev. 14)






Copyright 1986-2017 Xilinx, Inc. All Rights Reserved.
------------------------------------------------------------------------------------
| Tool Version : Vivado v.2017.1 (win64) Build 1846317 Fri Apr 14 18:55:03 MDT 2017
| Date         : Mon Apr 24 12:16:51 2017
| Host         : Rich-PC running 64-bit major release  (build 9200)
| Command      : upgrade_ip
| Device       : xcku060-ffva1156-2-e
------------------------------------------------------------------------------------

Upgrade Log for IP 'px_axis_fdecfir32_brctlr'

1. Summary
----------

SUCCESS in the upgrade of px_axis_fdecfir32_brctlr (pentek.com:px_ip:px_axil_bram_ctlr:1.0) from (Rev. 18) to (Rev. 19)






Copyright 1986-2017 Xilinx, Inc. All Rights Reserved.
------------------------------------------------------------------------------------
| Tool Version : Vivado v.2017.1 (win64) Build 1846317 Fri Apr 14 18:55:03 MDT 2017
| Date         : Fri Apr 21 14:25:05 2017
| Host         : Rich-PC running 64-bit major release  (build 9200)
| Command      : upgrade_ip
| Device       : xcku060-ffva1156-2-e
------------------------------------------------------------------------------------

Upgrade Log for IP 'px_axis_fdecfir32l_csr'

1. Summary
----------

SUCCESS in the upgrade of px_axis_fdecfir32l_csr (pentek.com:px_ip:px_axil_csr:1.0) from (Rev. 15) to (Rev. 16)






Copyright 1986-2017 Xilinx, Inc. All Rights Reserved.
------------------------------------------------------------------------------------
| Tool Version : Vivado v.2017.1 (win64) Build 1846317 Fri Apr 14 18:55:03 MDT 2017
| Date         : Fri Apr 21 14:25:05 2017
| Host         : Rich-PC running 64-bit major release  (build 9200)
| Command      : upgrade_ip
| Device       : xcku060-ffva1156-2-e
------------------------------------------------------------------------------------

Upgrade Log for IP 'px_axis_fdecfir32_xclk'

1. Summary
----------

SUCCESS in the upgrade of px_axis_fdecfir32_xclk (pentek.com:user:px_lvl_trans_xclk:1.0) from (Rev. 10) to (Rev. 11)






Copyright 1986-2017 Xilinx, Inc. All Rights Reserved.
------------------------------------------------------------------------------------
| Tool Version : Vivado v.2017.1 (win64) Build 1846317 Fri Apr 14 18:55:03 MDT 2017
| Date         : Fri Apr 21 14:25:05 2017
| Host         : Rich-PC running 64-bit major release  (build 9200)
| Command      : upgrade_ip
| Device       : xcku060-ffva1156-2-e
------------------------------------------------------------------------------------

Upgrade Log for IP 'px_axis_fdecfir32_sat'

1. Summary
----------

SUCCESS in the upgrade of px_axis_fdecfir32_sat (pentek.com:px_ip:px_axis_saturate:1.0) from (Rev. 14) to (Rev. 15)






Copyright 1986-2017 Xilinx, Inc. All Rights Reserved.
------------------------------------------------------------------------------------
| Tool Version : Vivado v.2017.1 (win64) Build 1846317 Fri Apr 14 18:55:03 MDT 2017
| Date         : Fri Apr 21 14:25:04 2017
| Host         : Rich-PC running 64-bit major release  (build 9200)
| Command      : upgrade_ip
| Device       : xcku060-ffva1156-2-e
------------------------------------------------------------------------------------

Upgrade Log for IP 'px_axis_fdecfir32_rnd24'

1. Summary
----------

SUCCESS in the upgrade of px_axis_fdecfir32_rnd24 (pentek.com:px_ip:px_axis_round:1.0) from (Rev. 11) to (Rev. 12)






Copyright 1986-2017 Xilinx, Inc. All Rights Reserved.
------------------------------------------------------------------------------------
| Tool Version : Vivado v.2017.1 (win64) Build 1846317 Fri Apr 14 18:55:03 MDT 2017
| Date         : Fri Apr 21 14:25:04 2017
| Host         : Rich-PC running 64-bit major release  (build 9200)
| Command      : upgrade_ip
| Device       : xcku060-ffva1156-2-e
------------------------------------------------------------------------------------

Upgrade Log for IP 'px_axis_fdecfir32_rnd16'

1. Summary
----------

SUCCESS in the upgrade of px_axis_fdecfir32_rnd16 (pentek.com:px_ip:px_axis_round:1.0) from (Rev. 11) to (Rev. 12)






Copyright 1986-2017 Xilinx, Inc. All Rights Reserved.
------------------------------------------------------------------------------------
| Tool Version : Vivado v.2017.1 (win64) Build 1846317 Fri Apr 14 18:55:03 MDT 2017
| Date         : Fri Apr 21 14:25:04 2017
| Host         : Rich-PC running 64-bit major release  (build 9200)
| Command      : upgrade_ip
| Device       : xcku060-ffva1156-2-e
------------------------------------------------------------------------------------

Upgrade Log for IP 'px_axis_fdecfir32_mem'

1. Summary
----------

SUCCESS in the upgrade of px_axis_fdecfir32_mem (xilinx.com:ip:blk_mem_gen:8.3) from (Rev. 5) to (Rev. 6)






Copyright 1986-2017 Xilinx, Inc. All Rights Reserved.
------------------------------------------------------------------------------------
| Tool Version : Vivado v.2017.1 (win64) Build 1846317 Fri Apr 14 18:55:03 MDT 2017
| Date         : Fri Apr 21 14:25:02 2017
| Host         : Rich-PC running 64-bit major release  (build 9200)
| Command      : upgrade_ip
| Device       : xcku060-ffva1156-2-e
------------------------------------------------------------------------------------

Upgrade Log for IP 'px_axis_fdecfir32_dsp48dbpi'

1. Summary
----------

SUCCESS in the upgrade of px_axis_fdecfir32_dsp48dbpi (xilinx.com:ip:xbip_dsp48_macro:3.0) from (Rev. 13) to (Rev. 14)






Copyright 1986-2017 Xilinx, Inc. All Rights Reserved.
------------------------------------------------------------------------------------
| Tool Version : Vivado v.2017.1 (win64) Build 1846317 Fri Apr 14 18:55:03 MDT 2017
| Date         : Fri Apr 21 14:24:57 2017
| Host         : Rich-PC running 64-bit major release  (build 9200)
| Command      : upgrade_ip
| Device       : xcku060-ffva1156-2-e
------------------------------------------------------------------------------------

Upgrade Log for IP 'px_axis_fdecfir32_dsp48db'

1. Summary
----------

SUCCESS in the upgrade of px_axis_fdecfir32_dsp48db (xilinx.com:ip:xbip_dsp48_macro:3.0) from (Rev. 13) to (Rev. 14)






Copyright 1986-2017 Xilinx, Inc. All Rights Reserved.
------------------------------------------------------------------------------------
| Tool Version : Vivado v.2017.1 (win64) Build 1846317 Fri Apr 14 18:55:03 MDT 2017
| Date         : Fri Apr 21 14:24:53 2017
| Host         : Rich-PC running 64-bit major release  (build 9200)
| Command      : upgrade_ip
| Device       : xcku060-ffva1156-2-e
------------------------------------------------------------------------------------

Upgrade Log for IP 'px_axis_fdecfir32_dlyr'

1. Summary
----------

SUCCESS in the upgrade of px_axis_fdecfir32_dlyr (xilinx.com:ip:blk_mem_gen:8.3) from (Rev. 5) to (Rev. 6)






Copyright 1986-2017 Xilinx, Inc. All Rights Reserved.
------------------------------------------------------------------------------------
| Tool Version : Vivado v.2017.1 (win64) Build 1846317 Fri Apr 14 18:55:03 MDT 2017
| Date         : Fri Apr 21 14:24:51 2017
| Host         : Rich-PC running 64-bit major release  (build 9200)
| Command      : upgrade_ip
| Device       : xcku060-ffva1156-2-e
------------------------------------------------------------------------------------

Upgrade Log for IP 'px_axis_fdecfir32_brctlr'

1. Summary
----------

SUCCESS in the upgrade of px_axis_fdecfir32_brctlr (pentek.com:px_ip:px_axil_bram_ctlr:1.0) from (Rev. 17) to (Rev. 18)






Copyright 1986-2017 Xilinx, Inc. All Rights Reserved.
------------------------------------------------------------------------------------
| Tool Version : Vivado v.2017.1 (win64) Build 1846317 Fri Apr 14 18:55:03 MDT 2017
| Date         : Fri Apr 21 14:24:51 2017
| Host         : Rich-PC running 64-bit major release  (build 9200)
| Command      : upgrade_ip
| Device       : xcku060-ffva1156-2-e
------------------------------------------------------------------------------------

Upgrade Log for IP 'px_axis_fdecfir32_axi_xbar'

1. Summary
----------

SUCCESS in the upgrade of px_axis_fdecfir32_axi_xbar (xilinx.com:ip:axi_crossbar:2.1) from (Rev. 12) to (Rev. 13)






Copyright 1986-2017 Xilinx, Inc. All Rights Reserved.
------------------------------------------------------------------------------------
| Tool Version : Vivado v.2017.1 (win64) Build 1846317 Fri Apr 14 18:55:03 MDT 2017
| Date         : Fri Apr 21 14:24:46 2017
| Host         : Rich-PC running 64-bit major release  (build 9200)
| Command      : upgrade_ip
| Device       : xcku060-ffva1156-2-e
------------------------------------------------------------------------------------

Upgrade Log for IP 'px_axis_fdecfir32_acc'

1. Summary
----------

SUCCESS in the upgrade of px_axis_fdecfir32_acc (xilinx.com:ip:xbip_dsp48_macro:3.0) from (Rev. 13) to (Rev. 14)






Copyright 1986-2017 Xilinx, Inc. All Rights Reserved.
------------------------------------------------------------------------------------
| Tool Version : Vivado v.2017.1 (win64) Build 1846317 Fri Apr 14 18:55:03 MDT 2017
| Date         : Fri Apr 21 14:24:41 2017
| Host         : Rich-PC running 64-bit major release  (build 9200)
| Command      : upgrade_ip
| Device       : xcku060-ffva1156-2-e
------------------------------------------------------------------------------------

Upgrade Log for IP 'px_axis_fdecfir32_1_dlyram'

1. Summary
----------

SUCCESS in the upgrade of px_axis_fdecfir32_1_dlyram (xilinx.com:ip:blk_mem_gen:8.3) from (Rev. 5) to (Rev. 6)






Copyright 1986-2016 Xilinx, Inc. All Rights Reserved.
------------------------------------------------------------------------------------
| Tool Version : Vivado v.2016.4 (win64) Build 1733598 Wed Dec 14 22:35:39 MST 2016
| Date         : Thu Dec 29 13:20:45 2016
| Host         : Rich-PC running 64-bit major release  (build 9200)
| Command      : upgrade_ip
| Device       : xcku060-ffva1156-2-e
------------------------------------------------------------------------------------

Upgrade Log for IP 'px_axis_fdecfir32l_csr'

1. Summary
----------

SUCCESS in the upgrade of px_axis_fdecfir32l_csr (pentek.com:px_ip:px_axil_csr:1.0) from (Rev. 14) to (Rev. 15)






Copyright 1986-2016 Xilinx, Inc. All Rights Reserved.
------------------------------------------------------------------------------------
| Tool Version : Vivado v.2016.4 (win64) Build 1733598 Wed Dec 14 22:35:39 MST 2016
| Date         : Thu Dec 29 13:20:44 2016
| Host         : Rich-PC running 64-bit major release  (build 9200)
| Command      : upgrade_ip
| Device       : xcku060-ffva1156-2-e
------------------------------------------------------------------------------------

Upgrade Log for IP 'px_axis_fdecfir32_xclk'

1. Summary
----------

SUCCESS in the upgrade of px_axis_fdecfir32_xclk (pentek.com:user:px_lvl_trans_xclk:1.0) from (Rev. 9) to (Rev. 10)






Copyright 1986-2016 Xilinx, Inc. All Rights Reserved.
------------------------------------------------------------------------------------
| Tool Version : Vivado v.2016.4 (win64) Build 1733598 Wed Dec 14 22:35:39 MST 2016
| Date         : Thu Dec 29 13:20:43 2016
| Host         : Rich-PC running 64-bit major release  (build 9200)
| Command      : upgrade_ip
| Device       : xcku060-ffva1156-2-e
------------------------------------------------------------------------------------

Upgrade Log for IP 'px_axis_fdecfir32_sat'

1. Summary
----------

SUCCESS in the upgrade of px_axis_fdecfir32_sat (pentek.com:px_ip:px_axis_saturate:1.0) from (Rev. 13) to (Rev. 14)






Copyright 1986-2016 Xilinx, Inc. All Rights Reserved.
------------------------------------------------------------------------------------
| Tool Version : Vivado v.2016.4 (win64) Build 1733598 Wed Dec 14 22:35:39 MST 2016
| Date         : Thu Dec 29 13:20:42 2016
| Host         : Rich-PC running 64-bit major release  (build 9200)
| Command      : upgrade_ip
| Device       : xcku060-ffva1156-2-e
------------------------------------------------------------------------------------

Upgrade Log for IP 'px_axis_fdecfir32_rnd24'

1. Summary
----------

SUCCESS in the upgrade of px_axis_fdecfir32_rnd24 (pentek.com:px_ip:px_axis_round:1.0) from (Rev. 10) to (Rev. 11)






Copyright 1986-2016 Xilinx, Inc. All Rights Reserved.
------------------------------------------------------------------------------------
| Tool Version : Vivado v.2016.4 (win64) Build 1733598 Wed Dec 14 22:35:39 MST 2016
| Date         : Thu Dec 29 13:20:41 2016
| Host         : Rich-PC running 64-bit major release  (build 9200)
| Command      : upgrade_ip
| Device       : xcku060-ffva1156-2-e
------------------------------------------------------------------------------------

Upgrade Log for IP 'px_axis_fdecfir32_rnd16'

1. Summary
----------

SUCCESS in the upgrade of px_axis_fdecfir32_rnd16 (pentek.com:px_ip:px_axis_round:1.0) from (Rev. 10) to (Rev. 11)






Copyright 1986-2016 Xilinx, Inc. All Rights Reserved.
------------------------------------------------------------------------------------
| Tool Version : Vivado v.2016.4 (win64) Build 1733598 Wed Dec 14 22:35:39 MST 2016
| Date         : Thu Dec 29 13:20:40 2016
| Host         : Rich-PC running 64-bit major release  (build 9200)
| Command      : upgrade_ip
| Device       : xcku060-ffva1156-2-e
------------------------------------------------------------------------------------

Upgrade Log for IP 'px_axis_fdecfir32_mem'

1. Summary
----------

SUCCESS in the upgrade of px_axis_fdecfir32_mem (xilinx.com:ip:blk_mem_gen:8.3) from (Rev. 4) to (Rev. 5)






Copyright 1986-2016 Xilinx, Inc. All Rights Reserved.
------------------------------------------------------------------------------------
| Tool Version : Vivado v.2016.4 (win64) Build 1733598 Wed Dec 14 22:35:39 MST 2016
| Date         : Thu Dec 29 13:20:34 2016
| Host         : Rich-PC running 64-bit major release  (build 9200)
| Command      : upgrade_ip
| Device       : xcku060-ffva1156-2-e
------------------------------------------------------------------------------------

Upgrade Log for IP 'px_axis_fdecfir32_dlyr'

1. Summary
----------

SUCCESS in the upgrade of px_axis_fdecfir32_dlyr (xilinx.com:ip:blk_mem_gen:8.3) from (Rev. 4) to (Rev. 5)






Copyright 1986-2016 Xilinx, Inc. All Rights Reserved.
------------------------------------------------------------------------------------
| Tool Version : Vivado v.2016.4 (win64) Build 1733598 Wed Dec 14 22:35:39 MST 2016
| Date         : Thu Dec 29 13:20:30 2016
| Host         : Rich-PC running 64-bit major release  (build 9200)
| Command      : upgrade_ip
| Device       : xcku060-ffva1156-2-e
------------------------------------------------------------------------------------

Upgrade Log for IP 'px_axis_fdecfir32_brctlr'

1. Summary
----------

SUCCESS in the upgrade of px_axis_fdecfir32_brctlr (pentek.com:px_ip:px_axil_bram_ctlr:1.0) from (Rev. 16) to (Rev. 17)






Copyright 1986-2016 Xilinx, Inc. All Rights Reserved.
------------------------------------------------------------------------------------
| Tool Version : Vivado v.2016.4 (win64) Build 1733598 Wed Dec 14 22:35:39 MST 2016
| Date         : Thu Dec 29 13:20:29 2016
| Host         : Rich-PC running 64-bit major release  (build 9200)
| Command      : upgrade_ip
| Device       : xcku060-ffva1156-2-e
------------------------------------------------------------------------------------

Upgrade Log for IP 'px_axis_fdecfir32_axi_xbar'

1. Summary
----------

SUCCESS in the upgrade of px_axis_fdecfir32_axi_xbar (xilinx.com:ip:axi_crossbar:2.1) from (Rev. 11) to (Rev. 12)






Copyright 1986-2016 Xilinx, Inc. All Rights Reserved.
------------------------------------------------------------------------------------
| Tool Version : Vivado v.2016.4 (win64) Build 1733598 Wed Dec 14 22:35:39 MST 2016
| Date         : Thu Dec 29 13:20:24 2016
| Host         : Rich-PC running 64-bit major release  (build 9200)
| Command      : upgrade_ip
| Device       : xcku060-ffva1156-2-e
------------------------------------------------------------------------------------

Upgrade Log for IP 'px_axis_fdecfir32_1_dlyram'

1. Summary
----------

SUCCESS in the upgrade of px_axis_fdecfir32_1_dlyram (xilinx.com:ip:blk_mem_gen:8.3) from (Rev. 4) to (Rev. 5)






Copyright 1986-2016 Xilinx, Inc. All Rights Reserved.
------------------------------------------------------------------------------------
| Tool Version : Vivado v.2016.3 (win64) Build 1682563 Mon Oct 10 19:07:27 MDT 2016
| Date         : Wed Dec 28 13:10:57 2016
| Host         : Rich-PC running 64-bit major release  (build 9200)
| Command      : upgrade_ip
| Device       : xcku060-ffva1156-2-e
------------------------------------------------------------------------------------

Upgrade Log for IP 'px_axis_fdecfir32_sat'

1. Summary
----------

SUCCESS in the upgrade of px_axis_fdecfir32_sat (pentek.com:px_ip:px_axis_saturate:1.0) from (Rev. 12) to (Rev. 13)






Copyright 1986-2016 Xilinx, Inc. All Rights Reserved.
------------------------------------------------------------------------------------
| Tool Version : Vivado v.2016.3 (win64) Build 1682563 Mon Oct 10 19:07:27 MDT 2016
| Date         : Sun Dec 11 17:24:47 2016
| Host         : Igor2 running 64-bit major release  (build 9200)
| Command      : upgrade_ip
| Device       : xcku060-ffva1156-2-e
------------------------------------------------------------------------------------

Upgrade Log for IP 'px_axis_fdecfir32l_csr'

1. Summary
----------

SUCCESS in the upgrade of px_axis_fdecfir32l_csr (pentek.com:px_ip:px_axil_csr:1.0) from (Rev. 13) to (Rev. 14)






Copyright 1986-2016 Xilinx, Inc. All Rights Reserved.
------------------------------------------------------------------------------------
| Tool Version : Vivado v.2016.3 (win64) Build 1682563 Mon Oct 10 19:07:27 MDT 2016
| Date         : Sun Dec 11 17:24:47 2016
| Host         : Igor2 running 64-bit major release  (build 9200)
| Command      : upgrade_ip
| Device       : xcku060-ffva1156-2-e
------------------------------------------------------------------------------------

Upgrade Log for IP 'px_axis_fdecfir32_xclk'

1. Summary
----------

SUCCESS in the upgrade of px_axis_fdecfir32_xclk (pentek.com:user:px_lvl_trans_xclk:1.0) from (Rev. 8) to (Rev. 9)






Copyright 1986-2016 Xilinx, Inc. All Rights Reserved.
------------------------------------------------------------------------------------
| Tool Version : Vivado v.2016.3 (win64) Build 1682563 Mon Oct 10 19:07:27 MDT 2016
| Date         : Sun Dec 11 17:24:47 2016
| Host         : Igor2 running 64-bit major release  (build 9200)
| Command      : upgrade_ip
| Device       : xcku060-ffva1156-2-e
------------------------------------------------------------------------------------

Upgrade Log for IP 'px_axis_fdecfir32_sat'

1. Summary
----------

SUCCESS in the upgrade of px_axis_fdecfir32_sat (pentek.com:px_ip:px_axis_saturate:1.0) from (Rev. 11) to (Rev. 12)






Copyright 1986-2016 Xilinx, Inc. All Rights Reserved.
------------------------------------------------------------------------------------
| Tool Version : Vivado v.2016.3 (win64) Build 1682563 Mon Oct 10 19:07:27 MDT 2016
| Date         : Sun Dec 11 17:24:47 2016
| Host         : Igor2 running 64-bit major release  (build 9200)
| Command      : upgrade_ip
| Device       : xcku060-ffva1156-2-e
------------------------------------------------------------------------------------

Upgrade Log for IP 'px_axis_fdecfir32_rnd24'

1. Summary
----------

SUCCESS in the upgrade of px_axis_fdecfir32_rnd24 (pentek.com:px_ip:px_axis_round:1.0) from (Rev. 9) to (Rev. 10)






Copyright 1986-2016 Xilinx, Inc. All Rights Reserved.
------------------------------------------------------------------------------------
| Tool Version : Vivado v.2016.3 (win64) Build 1682563 Mon Oct 10 19:07:27 MDT 2016
| Date         : Sun Dec 11 17:24:46 2016
| Host         : Igor2 running 64-bit major release  (build 9200)
| Command      : upgrade_ip
| Device       : xcku060-ffva1156-2-e
------------------------------------------------------------------------------------

Upgrade Log for IP 'px_axis_fdecfir32_rnd16'

1. Summary
----------

SUCCESS in the upgrade of px_axis_fdecfir32_rnd16 (pentek.com:px_ip:px_axis_round:1.0) from (Rev. 9) to (Rev. 10)






Copyright 1986-2016 Xilinx, Inc. All Rights Reserved.
------------------------------------------------------------------------------------
| Tool Version : Vivado v.2016.3 (win64) Build 1682563 Mon Oct 10 19:07:27 MDT 2016
| Date         : Sun Dec 11 17:24:46 2016
| Host         : Igor2 running 64-bit major release  (build 9200)
| Command      : upgrade_ip
| Device       : xcku060-ffva1156-2-e
------------------------------------------------------------------------------------

Upgrade Log for IP 'px_axis_fdecfir32_brctlr'

1. Summary
----------

SUCCESS in the upgrade of px_axis_fdecfir32_brctlr (pentek.com:px_ip:px_axil_bram_ctlr:1.0) from (Rev. 15) to (Rev. 16)

