Copyright 1986-2019 Xilinx, Inc. All Rights Reserved.
------------------------------------------------------------------------------------
| Tool Version : Vivado v.2019.2 (win64) Build 2700185 Thu Oct 24 18:46:05 MDT 2019
| Date         : Tue Nov 12 10:41:15 2019
| Host         : Rich-PC running 64-bit major release  (build 9200)
| Command      : upgrade_ip
| Device       : xcku035-ffva1156-2-e
------------------------------------------------------------------------------------

Upgrade Log for IP 'tb_px_axis_ppkt2ppld'

1. Summary
----------

SUCCESS in the upgrade of tb_px_axis_ppkt2ppld (pentek.com:px_ip:px_axis_ppkt2ppld:1.0) from (Rev. 13) to (Rev. 14)






Copyright 1986-2019 Xilinx, Inc. All Rights Reserved.
------------------------------------------------------------------------------------
| Tool Version : Vivado v.2019.2 (win64) Build 2700185 Thu Oct 24 18:46:05 MDT 2019
| Date         : Tue Nov 12 10:41:15 2019
| Host         : Rich-PC running 64-bit major release  (build 9200)
| Command      : upgrade_ip
| Device       : xcku035-ffva1156-2-e
------------------------------------------------------------------------------------

Upgrade Log for IP 'tb_pktfifo'

1. Summary
----------

SUCCESS in the upgrade of tb_pktfifo (xilinx.com:ip:fifo_generator:13.2) from (Rev. 4) to (Rev. 5)






Copyright 1986-2019 Xilinx, Inc. All Rights Reserved.
------------------------------------------------------------------------------------
| Tool Version : Vivado v.2019.2 (win64) Build 2700185 Thu Oct 24 18:46:05 MDT 2019
| Date         : Tue Nov 12 10:41:15 2019
| Host         : Rich-PC running 64-bit major release  (build 9200)
| Command      : upgrade_ip
| Device       : xcku035-ffva1156-2-e
------------------------------------------------------------------------------------

Upgrade Log for IP 'px_dma_ppld2axi_fifo'

1. Summary
----------

SUCCESS in the upgrade of px_dma_ppld2axi_fifo (xilinx.com:ip:fifo_generator:13.2) from (Rev. 4) to (Rev. 5)






Copyright 1986-2019 Xilinx, Inc. All Rights Reserved.
------------------------------------------------------------------------------------
| Tool Version : Vivado v.2019.2 (win64) Build 2700185 Thu Oct 24 18:46:05 MDT 2019
| Date         : Tue Nov 12 10:41:14 2019
| Host         : Rich-PC running 64-bit major release  (build 9200)
| Command      : upgrade_ip
| Device       : xcku035-ffva1156-2-e
------------------------------------------------------------------------------------

Upgrade Log for IP 'px_dma_ppld2axi_datamover'

1. Summary
----------

SUCCESS in the upgrade of px_dma_ppld2axi_datamover (xilinx.com:ip:axi_datamover:5.1) from (Rev. 21) to (Rev. 22)






Copyright 1986-2019 Xilinx, Inc. All Rights Reserved.
------------------------------------------------------------------------------------
| Tool Version : Vivado v.2019.1 (win64) Build 2552052 Fri May 24 14:49:42 MDT 2019
| Date         : Sun Jun  9 07:33:28 2019
| Host         : Igor2 running 64-bit major release  (build 9200)
| Command      : upgrade_ip
| Device       : xcku035-ffva1156-2-e
------------------------------------------------------------------------------------

Upgrade Log for IP 'tb_px_axis_ppkt2ppld'

1. Summary
----------

SUCCESS in the upgrade of tb_px_axis_ppkt2ppld (pentek.com:px_ip:px_axis_ppkt2ppld:1.0) from (Rev. 12) to (Rev. 13)






Copyright 1986-2019 Xilinx, Inc. All Rights Reserved.
------------------------------------------------------------------------------------
| Tool Version : Vivado v.2019.1 (win64) Build 2552052 Fri May 24 14:49:42 MDT 2019
| Date         : Sun Jun  9 07:33:28 2019
| Host         : Igor2 running 64-bit major release  (build 9200)
| Command      : upgrade_ip
| Device       : xcku035-ffva1156-2-e
------------------------------------------------------------------------------------

Upgrade Log for IP 'tb_pktfifo'

1. Summary
----------

SUCCESS in the upgrade of tb_pktfifo (xilinx.com:ip:fifo_generator:13.2) from (Rev. 3) to (Rev. 4)






Copyright 1986-2019 Xilinx, Inc. All Rights Reserved.
------------------------------------------------------------------------------------
| Tool Version : Vivado v.2019.1 (win64) Build 2552052 Fri May 24 14:49:42 MDT 2019
| Date         : Sun Jun  9 07:33:28 2019
| Host         : Igor2 running 64-bit major release  (build 9200)
| Command      : upgrade_ip
| Device       : xcku035-ffva1156-2-e
------------------------------------------------------------------------------------

Upgrade Log for IP 'px_dma_ppld2axi_fifo'

1. Summary
----------

SUCCESS in the upgrade of px_dma_ppld2axi_fifo (xilinx.com:ip:fifo_generator:13.2) from (Rev. 3) to (Rev. 4)






Copyright 1986-2019 Xilinx, Inc. All Rights Reserved.
------------------------------------------------------------------------------------
| Tool Version : Vivado v.2019.1 (win64) Build 2552052 Fri May 24 14:49:42 MDT 2019
| Date         : Sun Jun  9 07:33:27 2019
| Host         : Igor2 running 64-bit major release  (build 9200)
| Command      : upgrade_ip
| Device       : xcku035-ffva1156-2-e
------------------------------------------------------------------------------------

Upgrade Log for IP 'px_dma_ppld2axi_datamover'

1. Summary
----------

SUCCESS in the upgrade of px_dma_ppld2axi_datamover (xilinx.com:ip:axi_datamover:5.1) from (Rev. 20) to (Rev. 21)






Copyright 1986-2018 Xilinx, Inc. All Rights Reserved.
------------------------------------------------------------------------------------
| Tool Version : Vivado v.2018.3 (win64) Build 2405991 Thu Dec  6 23:38:27 MST 2018
| Date         : Fri Dec 14 10:54:27 2018
| Host         : Rich-PC running 64-bit major release  (build 9200)
| Command      : upgrade_ip
| Device       : xcku035-ffva1156-2-e
------------------------------------------------------------------------------------

Upgrade Log for IP 'tb_px_axis_ppkt2ppld'

1. Summary
----------

SUCCESS in the upgrade of tb_px_axis_ppkt2ppld (pentek.com:px_ip:px_axis_ppkt2ppld:1.0) from (Rev. 11) to (Rev. 12)






Copyright 1986-2018 Xilinx, Inc. All Rights Reserved.
------------------------------------------------------------------------------------
| Tool Version : Vivado v.2018.3 (win64) Build 2405991 Thu Dec  6 23:38:27 MST 2018
| Date         : Fri Dec 14 10:54:26 2018
| Host         : Rich-PC running 64-bit major release  (build 9200)
| Command      : upgrade_ip
| Device       : xcku035-ffva1156-2-e
------------------------------------------------------------------------------------

Upgrade Log for IP 'tb_pktfifo'

1. Summary
----------

SUCCESS in the upgrade of tb_pktfifo (xilinx.com:ip:fifo_generator:13.2) from (Rev. 2) to (Rev. 3)






Copyright 1986-2018 Xilinx, Inc. All Rights Reserved.
------------------------------------------------------------------------------------
| Tool Version : Vivado v.2018.3 (win64) Build 2405991 Thu Dec  6 23:38:27 MST 2018
| Date         : Fri Dec 14 10:54:24 2018
| Host         : Rich-PC running 64-bit major release  (build 9200)
| Command      : upgrade_ip
| Device       : xcku035-ffva1156-2-e
------------------------------------------------------------------------------------

Upgrade Log for IP 'px_dma_ppld2axi_fifo'

1. Summary
----------

SUCCESS in the upgrade of px_dma_ppld2axi_fifo (xilinx.com:ip:fifo_generator:13.2) from (Rev. 2) to (Rev. 3)






Copyright 1986-2018 Xilinx, Inc. All Rights Reserved.
------------------------------------------------------------------------------------
| Tool Version : Vivado v.2018.3 (win64) Build 2405991 Thu Dec  6 23:38:27 MST 2018
| Date         : Fri Dec 14 10:54:22 2018
| Host         : Rich-PC running 64-bit major release  (build 9200)
| Command      : upgrade_ip
| Device       : xcku035-ffva1156-2-e
------------------------------------------------------------------------------------

Upgrade Log for IP 'px_dma_ppld2axi_datamover'

1. Summary
----------

SUCCESS in the upgrade of px_dma_ppld2axi_datamover (xilinx.com:ip:axi_datamover:5.1) from (Rev. 19) to (Rev. 20)






Copyright 1986-2018 Xilinx, Inc. All Rights Reserved.
------------------------------------------------------------------------------------
| Tool Version : Vivado v.2018.2 (win64) Build 2258646 Thu Jun 14 20:03:12 MDT 2018
| Date         : Wed Aug 22 09:52:35 2018
| Host         : Rich-PC running 64-bit major release  (build 9200)
| Command      : upgrade_ip
| Device       : xcku035-ffva1156-2-e
------------------------------------------------------------------------------------

Upgrade Log for IP 'tb_px_axis_ppkt2ppld'

1. Summary
----------

SUCCESS in the upgrade of tb_px_axis_ppkt2ppld (pentek.com:px_ip:px_axis_ppkt2ppld:1.0) from (Rev. 10) to (Rev. 11)






Copyright 1986-2018 Xilinx, Inc. All Rights Reserved.
------------------------------------------------------------------------------------
| Tool Version : Vivado v.2018.2 (win64) Build 2258646 Thu Jun 14 20:03:12 MDT 2018
| Date         : Mon Aug  6 14:15:33 2018
| Host         : Rich-PC running 64-bit major release  (build 9200)
| Command      : upgrade_ip
| Device       : xcku035-ffva1156-2-e
------------------------------------------------------------------------------------

Upgrade Log for IP 'tb_px_axis_ppkt2ppld'

1. Summary
----------

CAUTION (success, with warnings) in the upgrade of tb_px_axis_ppkt2ppld (pentek.com:px_ip:px_axis_ppkt2ppld:1.0) from (Rev. 3) to (Rev. 5)

2. Interface Information
------------------------

Detected external interface differences while upgrading 'tb_px_axis_ppkt2ppld'.


-Upgrade has added interface 'fifo_rst_in_n' (xilinx.com:signal:reset:1.0)







Copyright 1986-2018 Xilinx, Inc. All Rights Reserved.
------------------------------------------------------------------------------------
| Tool Version : Vivado v.2018.2 (win64) Build 2258646 Thu Jun 14 20:03:12 MDT 2018
| Date         : Mon Aug  6 14:07:44 2018
| Host         : Rich-PC running 64-bit major release  (build 9200)
| Command      : upgrade_ip
| Device       : xcku035-ffva1156-2-e
------------------------------------------------------------------------------------

Upgrade Log for IP 'tb_pktfifo'

1. Summary
----------

SUCCESS in the conversion of tb_pktfifo (xilinx.com:ip:fifo_generator:13.2 (Rev. 2)) to Vivado generation flows.






Copyright 1986-2018 Xilinx, Inc. All Rights Reserved.
------------------------------------------------------------------------------------
| Tool Version : Vivado v.2018.2 (win64) Build 2258646 Thu Jun 14 20:03:12 MDT 2018
| Date         : Mon Aug  6 08:16:55 2018
| Host         : Rich-PC running 64-bit major release  (build 9200)
| Command      : upgrade_ip
| Device       : xcku035-ffva1156-2-e
------------------------------------------------------------------------------------

Upgrade Log for IP 'px_dma_ppld2axi_datamover'

1. Summary
----------

SUCCESS in the upgrade of px_dma_ppld2axi_datamover (xilinx.com:ip:axi_datamover:5.1) from (Rev. 18) to (Rev. 19)

