Copyright 1986-2019 Xilinx, Inc. All Rights Reserved.
------------------------------------------------------------------------------------
| Tool Version : Vivado v.2019.2 (win64) Build 2700185 Thu Oct 24 18:46:05 MDT 2019
| Date         : Tue Nov 12 09:21:04 2019
| Host         : Rich-PC running 64-bit major release  (build 9200)
| Command      : upgrade_ip
| Device       : xcku11p-ffva1156-1-e
------------------------------------------------------------------------------------

Upgrade Log for IP 'px_chrpgen_dsp48acc'

1. Summary
----------

SUCCESS in the upgrade of px_chrpgen_dsp48acc (xilinx.com:ip:c_accum:12.0) from (Rev. 13) to (Rev. 14)






Copyright 1986-2019 Xilinx, Inc. All Rights Reserved.
------------------------------------------------------------------------------------
| Tool Version : Vivado v.2019.2 (win64) Build 2700185 Thu Oct 24 18:46:05 MDT 2019
| Date         : Tue Nov 12 09:21:03 2019
| Host         : Rich-PC running 64-bit major release  (build 9200)
| Command      : upgrade_ip
| Device       : xcku11p-ffva1156-1-e
------------------------------------------------------------------------------------

Upgrade Log for IP 'px_axis_chrpgen_dds'

1. Summary
----------

SUCCESS in the upgrade of px_axis_chrpgen_dds (xilinx.com:ip:dds_compiler:6.0) from (Rev. 18) to (Rev. 19)






Copyright 1986-2019 Xilinx, Inc. All Rights Reserved.
------------------------------------------------------------------------------------
| Tool Version : Vivado v.2019.2 (win64) Build 2700185 Thu Oct 24 18:46:05 MDT 2019
| Date         : Tue Nov 12 09:21:02 2019
| Host         : Rich-PC running 64-bit major release  (build 9200)
| Command      : upgrade_ip
| Device       : xcku11p-ffva1156-1-e
------------------------------------------------------------------------------------

Upgrade Log for IP 'px_axis_chirp_gen_rmult'

1. Summary
----------

SUCCESS in the upgrade of px_axis_chirp_gen_rmult (xilinx.com:ip:mult_gen:12.0) from (Rev. 15) to (Rev. 16)






Copyright 1986-2019 Xilinx, Inc. All Rights Reserved.
------------------------------------------------------------------------------------
| Tool Version : Vivado v.2019.2 (win64) Build 2700185 Thu Oct 24 18:46:05 MDT 2019
| Date         : Tue Nov 12 09:21:02 2019
| Host         : Rich-PC running 64-bit major release  (build 9200)
| Command      : upgrade_ip
| Device       : xcku11p-ffva1156-1-e
------------------------------------------------------------------------------------

Upgrade Log for IP 'px_axil_csr_chrpg'

1. Summary
----------

SUCCESS in the upgrade of px_axil_csr_chrpg (pentek.com:px_ip:px_axil_csr:1.0) from (Rev. 23) to (Rev. 24)






Copyright 1986-2019 Xilinx, Inc. All Rights Reserved.
------------------------------------------------------------------------------------
| Tool Version : Vivado v.2019.1 (win64) Build 2552052 Fri May 24 14:49:42 MDT 2019
| Date         : Sat Jun  8 09:49:09 2019
| Host         : Igor2 running 64-bit major release  (build 9200)
| Command      : upgrade_ip
| Device       : xcku11p-ffva1156-1-e
------------------------------------------------------------------------------------

Upgrade Log for IP 'px_chrpgen_dsp48acc'

1. Summary
----------

SUCCESS in the upgrade of px_chrpgen_dsp48acc (xilinx.com:ip:c_accum:12.0) from (Rev. 12) to (Rev. 13)






Copyright 1986-2019 Xilinx, Inc. All Rights Reserved.
------------------------------------------------------------------------------------
| Tool Version : Vivado v.2019.1 (win64) Build 2552052 Fri May 24 14:49:42 MDT 2019
| Date         : Sat Jun  8 09:49:08 2019
| Host         : Igor2 running 64-bit major release  (build 9200)
| Command      : upgrade_ip
| Device       : xcku11p-ffva1156-1-e
------------------------------------------------------------------------------------

Upgrade Log for IP 'px_axis_chrpgen_gainoffset'

1. Summary
----------

SUCCESS in the upgrade of px_axis_chrpgen_gainoffset (xilinx.com:ip:xbip_dsp48_macro:3.0) from (Rev. 16) to (Rev. 17)






Copyright 1986-2019 Xilinx, Inc. All Rights Reserved.
------------------------------------------------------------------------------------
| Tool Version : Vivado v.2019.1 (win64) Build 2552052 Fri May 24 14:49:42 MDT 2019
| Date         : Sat Jun  8 09:49:05 2019
| Host         : Igor2 running 64-bit major release  (build 9200)
| Command      : upgrade_ip
| Device       : xcku11p-ffva1156-1-e
------------------------------------------------------------------------------------

Upgrade Log for IP 'px_axis_chrpgen_dds'

1. Summary
----------

SUCCESS in the upgrade of px_axis_chrpgen_dds (xilinx.com:ip:dds_compiler:6.0) from (Rev. 17) to (Rev. 18)






Copyright 1986-2019 Xilinx, Inc. All Rights Reserved.
------------------------------------------------------------------------------------
| Tool Version : Vivado v.2019.1 (win64) Build 2552052 Fri May 24 14:49:42 MDT 2019
| Date         : Sat Jun  8 09:49:03 2019
| Host         : Igor2 running 64-bit major release  (build 9200)
| Command      : upgrade_ip
| Device       : xcku11p-ffva1156-1-e
------------------------------------------------------------------------------------

Upgrade Log for IP 'px_axis_chirp_gen_rmult'

1. Summary
----------

SUCCESS in the upgrade of px_axis_chirp_gen_rmult (xilinx.com:ip:mult_gen:12.0) from (Rev. 14) to (Rev. 15)






Copyright 1986-2019 Xilinx, Inc. All Rights Reserved.
------------------------------------------------------------------------------------
| Tool Version : Vivado v.2019.1 (win64) Build 2552052 Fri May 24 14:49:42 MDT 2019
| Date         : Sat Jun  8 09:49:03 2019
| Host         : Igor2 running 64-bit major release  (build 9200)
| Command      : upgrade_ip
| Device       : xcku11p-ffva1156-1-e
------------------------------------------------------------------------------------

Upgrade Log for IP 'px_axil_csr_chrpg'

1. Summary
----------

SUCCESS in the upgrade of px_axil_csr_chrpg (pentek.com:px_ip:px_axil_csr:1.0) from (Rev. 22) to (Rev. 23)






Copyright 1986-2018 Xilinx, Inc. All Rights Reserved.
------------------------------------------------------------------------------------
| Tool Version : Vivado v.2018.3 (win64) Build 2405991 Thu Dec  6 23:38:27 MST 2018
| Date         : Fri Dec 14 10:24:44 2018
| Host         : Rich-PC running 64-bit major release  (build 9200)
| Command      : upgrade_ip
| Device       : xcku11p-ffva1156-1-e
------------------------------------------------------------------------------------

Upgrade Log for IP 'px_axis_chrpgen_dds'

1. Summary
----------

SUCCESS in the upgrade of px_axis_chrpgen_dds (xilinx.com:ip:dds_compiler:6.0) from (Rev. 16) to (Rev. 17)






Copyright 1986-2018 Xilinx, Inc. All Rights Reserved.
------------------------------------------------------------------------------------
| Tool Version : Vivado v.2018.3 (win64) Build 2405991 Thu Dec  6 23:38:27 MST 2018
| Date         : Fri Dec 14 10:24:41 2018
| Host         : Rich-PC running 64-bit major release  (build 9200)
| Command      : upgrade_ip
| Device       : xcku11p-ffva1156-1-e
------------------------------------------------------------------------------------

Upgrade Log for IP 'px_axil_csr_chrpg'

1. Summary
----------

SUCCESS in the upgrade of px_axil_csr_chrpg (pentek.com:px_ip:px_axil_csr:1.0) from (Rev. 21) to (Rev. 22)






Copyright 1986-2018 Xilinx, Inc. All Rights Reserved.
------------------------------------------------------------------------------------
| Tool Version : Vivado v.2018.1 (win64) Build 2188600 Wed Apr  4 18:40:38 MDT 2018
| Date         : Tue May  1 14:35:45 2018
| Host         : Rich-PC running 64-bit major release  (build 9200)
| Command      : upgrade_ip
| Device       : xcku11p-ffva1156-1-e
------------------------------------------------------------------------------------

Upgrade Log for IP 'px_chrpgen_dsp48acc'

1. Summary
----------

SUCCESS in the upgrade of px_chrpgen_dsp48acc (xilinx.com:ip:c_accum:12.0) from (Rev. 11) to (Rev. 12)






Copyright 1986-2018 Xilinx, Inc. All Rights Reserved.
------------------------------------------------------------------------------------
| Tool Version : Vivado v.2018.1 (win64) Build 2188600 Wed Apr  4 18:40:38 MDT 2018
| Date         : Tue May  1 14:35:44 2018
| Host         : Rich-PC running 64-bit major release  (build 9200)
| Command      : upgrade_ip
| Device       : xcku11p-ffva1156-1-e
------------------------------------------------------------------------------------

Upgrade Log for IP 'px_axis_chrpgen_gainoffset'

1. Summary
----------

SUCCESS in the upgrade of px_axis_chrpgen_gainoffset (xilinx.com:ip:xbip_dsp48_macro:3.0) from (Rev. 15) to (Rev. 16)






Copyright 1986-2018 Xilinx, Inc. All Rights Reserved.
------------------------------------------------------------------------------------
| Tool Version : Vivado v.2018.1 (win64) Build 2188600 Wed Apr  4 18:40:38 MDT 2018
| Date         : Tue May  1 14:35:39 2018
| Host         : Rich-PC running 64-bit major release  (build 9200)
| Command      : upgrade_ip
| Device       : xcku11p-ffva1156-1-e
------------------------------------------------------------------------------------

Upgrade Log for IP 'px_axis_chrpgen_dds'

1. Summary
----------

SUCCESS in the upgrade of px_axis_chrpgen_dds (xilinx.com:ip:dds_compiler:6.0) from (Rev. 14) to (Rev. 16)






Copyright 1986-2018 Xilinx, Inc. All Rights Reserved.
------------------------------------------------------------------------------------
| Tool Version : Vivado v.2018.1 (win64) Build 2188600 Wed Apr  4 18:40:38 MDT 2018
| Date         : Tue May  1 14:35:37 2018
| Host         : Rich-PC running 64-bit major release  (build 9200)
| Command      : upgrade_ip
| Device       : xcku11p-ffva1156-1-e
------------------------------------------------------------------------------------

Upgrade Log for IP 'px_axis_chirp_gen_rmult'

1. Summary
----------

SUCCESS in the upgrade of px_axis_chirp_gen_rmult (xilinx.com:ip:mult_gen:12.0) from (Rev. 13) to (Rev. 14)






Copyright 1986-2018 Xilinx, Inc. All Rights Reserved.
------------------------------------------------------------------------------------
| Tool Version : Vivado v.2018.1 (win64) Build 2188600 Wed Apr  4 18:40:38 MDT 2018
| Date         : Tue May  1 14:35:35 2018
| Host         : Rich-PC running 64-bit major release  (build 9200)
| Command      : upgrade_ip
| Device       : xcku11p-ffva1156-1-e
------------------------------------------------------------------------------------

Upgrade Log for IP 'px_axil_csr_chrpg'

1. Summary
----------

SUCCESS in the upgrade of px_axil_csr_chrpg (pentek.com:px_ip:px_axil_csr:1.0) from (Rev. 19) to (Rev. 21)






Copyright 1986-2017 Xilinx, Inc. All Rights Reserved.
------------------------------------------------------------------------------------
| Tool Version : Vivado v.2017.3 (win64) Build 2018833 Wed Oct  4 19:58:22 MDT 2017
| Date         : Mon Mar  5 20:16:12 2018
| Host         : Igor2 running 64-bit major release  (build 9200)
| Command      : upgrade_ip
| Device       : xcku11p-ffva1156-1-e
------------------------------------------------------------------------------------

Upgrade Log for IP 'px_chrpgen_dsp48acc'

1. Summary
----------

SUCCESS in the conversion of px_chrpgen_dsp48acc (xilinx.com:ip:c_accum:12.0 (Rev. 11)) to Vivado generation flows.






Copyright 1986-2017 Xilinx, Inc. All Rights Reserved.
------------------------------------------------------------------------------------
| Tool Version : Vivado v.2017.3 (win64) Build 2018833 Wed Oct  4 19:58:22 MDT 2017
| Date         : Mon Mar  5 20:16:11 2018
| Host         : Igor2 running 64-bit major release  (build 9200)
| Command      : upgrade_ip
| Device       : xcku11p-ffva1156-1-e
------------------------------------------------------------------------------------

Upgrade Log for IP 'px_axis_chrpgen_gainoffset'

1. Summary
----------

SUCCESS in the conversion of px_axis_chrpgen_gainoffset (xilinx.com:ip:xbip_dsp48_macro:3.0 (Rev. 15)) to Vivado generation flows.






Copyright 1986-2017 Xilinx, Inc. All Rights Reserved.
------------------------------------------------------------------------------------
| Tool Version : Vivado v.2017.3 (win64) Build 2018833 Wed Oct  4 19:58:22 MDT 2017
| Date         : Mon Mar  5 20:16:08 2018
| Host         : Igor2 running 64-bit major release  (build 9200)
| Command      : upgrade_ip
| Device       : xcku11p-ffva1156-1-e
------------------------------------------------------------------------------------

Upgrade Log for IP 'px_axis_chrpgen_dds'

1. Summary
----------

SUCCESS in the conversion of px_axis_chrpgen_dds (xilinx.com:ip:dds_compiler:6.0 (Rev. 14)) to Vivado generation flows.






Copyright 1986-2017 Xilinx, Inc. All Rights Reserved.
------------------------------------------------------------------------------------
| Tool Version : Vivado v.2017.3 (win64) Build 2018833 Wed Oct  4 19:58:22 MDT 2017
| Date         : Mon Mar  5 20:16:06 2018
| Host         : Igor2 running 64-bit major release  (build 9200)
| Command      : upgrade_ip
| Device       : xcku11p-ffva1156-1-e
------------------------------------------------------------------------------------

Upgrade Log for IP 'px_axil_csr_chrpg'

1. Summary
----------

SUCCESS in the conversion of px_axil_csr_chrpg (pentek.com:px_ip:px_axil_csr:1.0 (Rev. 19)) to Vivado generation flows.






Copyright 1986-2017 Xilinx, Inc. All Rights Reserved.
----------------------------------------------------------------------------------------------------
| Tool Version : Vivado v.2017.3_AR70218_AR69964 (win64) Build 2018833 Wed Oct  4 19:58:22 MDT 2017
| Date         : Fri Dec 22 09:56:18 2017
| Host         : Rich-PC running 64-bit major release  (build 9200)
| Command      : upgrade_ip
| Device       : xczu19eg-ffvb1517-2-e
----------------------------------------------------------------------------------------------------

Upgrade Log for IP 'px_chrpgen_dsp48acc'

1. Summary
----------

SUCCESS in the conversion of px_chrpgen_dsp48acc (xilinx.com:ip:c_accum:12.0 (Rev. 11)) to Vivado generation flows.






Copyright 1986-2017 Xilinx, Inc. All Rights Reserved.
----------------------------------------------------------------------------------------------------
| Tool Version : Vivado v.2017.3_AR70218_AR69964 (win64) Build 2018833 Wed Oct  4 19:58:22 MDT 2017
| Date         : Fri Dec 22 09:56:15 2017
| Host         : Rich-PC running 64-bit major release  (build 9200)
| Command      : upgrade_ip
| Device       : xczu19eg-ffvb1517-2-e
----------------------------------------------------------------------------------------------------

Upgrade Log for IP 'px_axis_chrpgen_gainoffset'

1. Summary
----------

SUCCESS in the conversion of px_axis_chrpgen_gainoffset (xilinx.com:ip:xbip_dsp48_macro:3.0 (Rev. 15)) to Vivado generation flows.






Copyright 1986-2017 Xilinx, Inc. All Rights Reserved.
----------------------------------------------------------------------------------------------------
| Tool Version : Vivado v.2017.3_AR70218_AR69964 (win64) Build 2018833 Wed Oct  4 19:58:22 MDT 2017
| Date         : Fri Dec 22 09:56:10 2017
| Host         : Rich-PC running 64-bit major release  (build 9200)
| Command      : upgrade_ip
| Device       : xczu19eg-ffvb1517-2-e
----------------------------------------------------------------------------------------------------

Upgrade Log for IP 'px_axis_chrpgen_dds'

1. Summary
----------

SUCCESS in the conversion of px_axis_chrpgen_dds (xilinx.com:ip:dds_compiler:6.0 (Rev. 14)) to Vivado generation flows.






Copyright 1986-2017 Xilinx, Inc. All Rights Reserved.
----------------------------------------------------------------------------------------------------
| Tool Version : Vivado v.2017.3_AR70218_AR69964 (win64) Build 2018833 Wed Oct  4 19:58:22 MDT 2017
| Date         : Fri Dec 22 09:56:07 2017
| Host         : Rich-PC running 64-bit major release  (build 9200)
| Command      : upgrade_ip
| Device       : xczu19eg-ffvb1517-2-e
----------------------------------------------------------------------------------------------------

Upgrade Log for IP 'px_axil_csr_chrpg'

1. Summary
----------

SUCCESS in the conversion of px_axil_csr_chrpg (pentek.com:px_ip:px_axil_csr:1.0 (Rev. 19)) to Vivado generation flows.






Copyright 1986-2017 Xilinx, Inc. All Rights Reserved.
----------------------------------------------------------------------------------------------------
| Tool Version : Vivado v.2017.3_AR70218_AR69964 (win64) Build 2018833 Wed Oct  4 19:58:22 MDT 2017
| Date         : Thu Dec 21 15:29:48 2017
| Host         : Rich-PC running 64-bit major release  (build 9200)
| Command      : upgrade_ip
| Device       : xcku060-ffva1517-2-e
----------------------------------------------------------------------------------------------------

Upgrade Log for IP 'px_axis_chrpgen_gainoffset'

1. Summary
----------

SUCCESS in the conversion of px_axis_chrpgen_gainoffset (xilinx.com:ip:xbip_dsp48_macro:3.0 (Rev. 15)) to Vivado generation flows.






Copyright 1986-2017 Xilinx, Inc. All Rights Reserved.
----------------------------------------------------------------------------------------------------
| Tool Version : Vivado v.2017.3_AR70218_AR69964 (win64) Build 2018833 Wed Oct  4 19:58:22 MDT 2017
| Date         : Thu Dec 21 15:29:44 2017
| Host         : Rich-PC running 64-bit major release  (build 9200)
| Command      : upgrade_ip
| Device       : xcku060-ffva1517-2-e
----------------------------------------------------------------------------------------------------

Upgrade Log for IP 'px_adc12d1800_gainoffset'

1. Summary
----------

SUCCESS in the conversion of px_adc12d1800_gainoffset (xilinx.com:ip:xbip_dsp48_macro:3.0 (Rev. 15)) to Vivado generation flows.






Copyright 1986-2017 Xilinx, Inc. All Rights Reserved.
------------------------------------------------------------------------------------
| Tool Version : Vivado v.2017.3 (win64) Build 2018833 Wed Oct  4 19:58:22 MDT 2017
| Date         : Mon Nov  6 09:07:27 2017
| Host         : Rich-PC running 64-bit major release  (build 9200)
| Command      : upgrade_ip
| Device       : xcku060-ffva1517-2-e
------------------------------------------------------------------------------------

Upgrade Log for IP 'px_test_sig_gen_dds'

1. Summary
----------

SUCCESS in the upgrade of px_test_sig_gen_dds (xilinx.com:ip:dds_compiler:6.0) from (Rev. 13) to (Rev. 14)






Copyright 1986-2017 Xilinx, Inc. All Rights Reserved.
------------------------------------------------------------------------------------
| Tool Version : Vivado v.2017.3 (win64) Build 2018833 Wed Oct  4 19:58:22 MDT 2017
| Date         : Mon Nov  6 09:07:25 2017
| Host         : Rich-PC running 64-bit major release  (build 9200)
| Command      : upgrade_ip
| Device       : xcku060-ffva1517-2-e
------------------------------------------------------------------------------------

Upgrade Log for IP 'px_axil_csr_tsig'

1. Summary
----------

SUCCESS in the upgrade of px_axil_csr_tsig (pentek.com:px_ip:px_axil_csr:1.0) from (Rev. 18) to (Rev. 19)






Copyright 1986-2017 Xilinx, Inc. All Rights Reserved.
------------------------------------------------------------------------------------
| Tool Version : Vivado v.2017.2 (win64) Build 1909853 Thu Jun 15 18:39:09 MDT 2017
| Date         : Wed Aug  9 15:02:25 2017
| Host         : Rich-PC running 64-bit major release  (build 9200)
| Command      : upgrade_ip
| Device       : xcku060-ffva1517-2-e
------------------------------------------------------------------------------------

Upgrade Log for IP 'px_axil_csr_tsig'

1. Summary
----------

SUCCESS in the upgrade of px_axil_csr_tsig (pentek.com:px_ip:px_axil_csr:1.0) from (Rev. 16) to (Rev. 18)






Copyright 1986-2017 Xilinx, Inc. All Rights Reserved.
------------------------------------------------------------------------------------
| Tool Version : Vivado v.2017.1 (win64) Build 1846317 Fri Apr 14 18:55:03 MDT 2017
| Date         : Mon Apr 24 10:55:46 2017
| Host         : Rich-PC running 64-bit major release  (build 9200)
| Command      : upgrade_ip
| Device       : xcku060-ffva1517-2-e
------------------------------------------------------------------------------------

Upgrade Log for IP 'px_axil_csr_tsig'

1. Summary
----------

SUCCESS in the upgrade of px_axil_csr_tsig (pentek.com:px_ip:px_axil_csr:1.0) from (Rev. 15) to (Rev. 16)






Copyright 1986-2016 Xilinx, Inc. All Rights Reserved.
------------------------------------------------------------------------------------
| Tool Version : Vivado v.2016.4 (win64) Build 1733598 Wed Dec 14 22:35:39 MST 2016
| Date         : Mon Dec 26 10:06:23 2016
| Host         : Igor2 running 64-bit major release  (build 9200)
| Command      : upgrade_ip
| Device       : xcku060-ffva1517-2-e
------------------------------------------------------------------------------------

Upgrade Log for IP 'px_axil_csr_tsig'

1. Summary
----------

SUCCESS in the upgrade of px_axil_csr_tsig (pentek.com:px_ip:px_axil_csr:1.0) from (Rev. 14) to (Rev. 15)






Copyright 1986-2016 Xilinx, Inc. All Rights Reserved.
------------------------------------------------------------------------------------
| Tool Version : Vivado v.2016.3 (win64) Build 1682563 Mon Oct 10 19:07:27 MDT 2016
| Date         : Sun Dec 11 18:58:41 2016
| Host         : Igor2 running 64-bit major release  (build 9200)
| Command      : upgrade_ip
| Device       : xcku060-ffva1517-2-e
------------------------------------------------------------------------------------

Upgrade Log for IP 'px_axil_csr_tsig'

1. Summary
----------

SUCCESS in the upgrade of px_axil_csr_tsig (pentek.com:px_ip:px_axil_csr:1.0) from (Rev. 13) to (Rev. 14)






Copyright 1986-2016 Xilinx, Inc. All Rights Reserved.
------------------------------------------------------------------------------------
| Tool Version : Vivado v.2016.3 (win64) Build 1682563 Mon Oct 10 19:07:27 MDT 2016
| Date         : Tue Oct 18 14:48:17 2016
| Host         : Rich-PC running 64-bit major release  (build 9200)
| Command      : upgrade_ip
| Device       : xcku060-ffva1517-2-e
------------------------------------------------------------------------------------

Upgrade Log for IP 'px_test_sig_gen_xclkfifo'

1. Summary
----------

SUCCESS in the upgrade of px_test_sig_gen_xclkfifo (xilinx.com:ip:fifo_generator:13.1) from (Rev. 1) to (Rev. 2)






Copyright 1986-2016 Xilinx, Inc. All Rights Reserved.
------------------------------------------------------------------------------------
| Tool Version : Vivado v.2016.3 (win64) Build 1682563 Mon Oct 10 19:07:27 MDT 2016
| Date         : Tue Oct 18 14:48:16 2016
| Host         : Rich-PC running 64-bit major release  (build 9200)
| Command      : upgrade_ip
| Device       : xcku060-ffva1517-2-e
------------------------------------------------------------------------------------

Upgrade Log for IP 'px_test_sig_gen_dds'

1. Summary
----------

SUCCESS in the upgrade of px_test_sig_gen_dds (xilinx.com:ip:dds_compiler:6.0) from (Rev. 12) to (Rev. 13)






Copyright 1986-2016 Xilinx, Inc. All Rights Reserved.
------------------------------------------------------------------------------------
| Tool Version : Vivado v.2016.3 (win64) Build 1682563 Mon Oct 10 19:07:27 MDT 2016
| Date         : Tue Oct 18 14:48:14 2016
| Host         : Rich-PC running 64-bit major release  (build 9200)
| Command      : upgrade_ip
| Device       : xcku060-ffva1517-2-e
------------------------------------------------------------------------------------

Upgrade Log for IP 'px_test_sig_gen_axiclkcnv'

1. Summary
----------

SUCCESS in the upgrade of px_test_sig_gen_axiclkcnv (xilinx.com:ip:axi_clock_converter:2.1) from (Rev. 8) to (Rev. 9)






Copyright 1986-2016 Xilinx, Inc. All Rights Reserved.
------------------------------------------------------------------------------------
| Tool Version : Vivado v.2016.3 (win64) Build 1682563 Mon Oct 10 19:07:27 MDT 2016
| Date         : Tue Oct 18 14:48:13 2016
| Host         : Rich-PC running 64-bit major release  (build 9200)
| Command      : upgrade_ip
| Device       : xcku060-ffva1517-2-e
------------------------------------------------------------------------------------

Upgrade Log for IP 'px_axil_csr_tsig'

1. Summary
----------

SUCCESS in the upgrade of px_axil_csr_tsig (pentek.com:px_ip:px_axil_csr:1.0) from (Rev. 11) to (Rev. 13)






Copyright 1986-2016 Xilinx, Inc. All Rights Reserved.
------------------------------------------------------------------------------------
| Tool Version : Vivado v.2016.2 (win64) Build 1577090 Thu Jun  2 16:32:40 MDT 2016
| Date         : Wed Sep 07 11:50:30 2016
| Host         : Rich-PC running 64-bit major release  (build 9200)
| Command      : upgrade_ip
| Device       : xcku060-ffva1517-2-e
------------------------------------------------------------------------------------

Upgrade Log for IP 'px_test_sig_gen_xclkfifo'

1. Summary
----------

SUCCESS in the update of px_test_sig_gen_xclkfifo (xilinx.com:ip:fifo_generator:13.1 (Rev. 1)) to current project options.






Copyright 1986-2016 Xilinx, Inc. All Rights Reserved.
------------------------------------------------------------------------------------
| Tool Version : Vivado v.2016.2 (win64) Build 1577090 Thu Jun  2 16:32:40 MDT 2016
| Date         : Thu Jun 23 08:57:57 2016
| Host         : Rich-PC running 64-bit Service Pack 1  (build 7601)
| Command      : upgrade_ip
| Device       : xcku060-ffva1517-2-e
------------------------------------------------------------------------------------

Upgrade Log for IP 'px_axil_csr_tsig'

1. Summary
----------

SUCCESS in the upgrade of px_axil_csr_tsig (pentek.com:px_ip:px_axil_csr:1.0) from (Rev. 10) to (Rev. 11)






Copyright 1986-2016 Xilinx, Inc. All Rights Reserved.
------------------------------------------------------------------------------------
| Tool Version : Vivado v.2016.2 (win64) Build 1577090 Thu Jun  2 16:32:40 MDT 2016
| Date         : Thu Jun 09 12:14:32 2016
| Host         : Rich-PC running 64-bit Service Pack 1  (build 7601)
| Command      : upgrade_ip
| Device       : xcku060-ffva1517-2-e
------------------------------------------------------------------------------------

Upgrade Log for IP 'px_test_sig_gen_xclkfifo'

1. Summary
----------

SUCCESS in the upgrade of px_test_sig_gen_xclkfifo (xilinx.com:ip:fifo_generator:13.1) to (Rev. 1)






Copyright 1986-2016 Xilinx, Inc. All Rights Reserved.
------------------------------------------------------------------------------------
| Tool Version : Vivado v.2016.2 (win64) Build 1577090 Thu Jun  2 16:32:40 MDT 2016
| Date         : Thu Jun 09 12:14:31 2016
| Host         : Rich-PC running 64-bit Service Pack 1  (build 7601)
| Command      : upgrade_ip
| Device       : xcku060-ffva1517-2-e
------------------------------------------------------------------------------------

Upgrade Log for IP 'px_test_sig_gen_axiclkcnv'

1. Summary
----------

SUCCESS in the upgrade of px_test_sig_gen_axiclkcnv (xilinx.com:ip:axi_clock_converter:2.1) from (Rev. 7) to (Rev. 8)






Copyright 1986-2016 Xilinx, Inc. All Rights Reserved.
------------------------------------------------------------------------------------
| Tool Version : Vivado v.2016.2 (win64) Build 1577090 Thu Jun  2 16:32:40 MDT 2016
| Date         : Thu Jun 09 12:14:30 2016
| Host         : Rich-PC running 64-bit Service Pack 1  (build 7601)
| Command      : upgrade_ip
| Device       : xcku060-ffva1517-2-e
------------------------------------------------------------------------------------

Upgrade Log for IP 'px_axil_csr_tsig'

1. Summary
----------

SUCCESS in the upgrade of px_axil_csr_tsig (pentek.com:px_ip:px_axil_csr:1.0) from (Rev. 9) to (Rev. 10)






Copyright 1986-2016 Xilinx, Inc. All Rights Reserved.
------------------------------------------------------------------------------------
| Tool Version : Vivado v.2016.1 (win64) Build 1538259 Fri Apr  8 15:45:27 MDT 2016
| Date         : Thu Apr 21 16:14:05 2016
| Host         : Rich-PC running 64-bit Service Pack 1  (build 7601)
| Command      : upgrade_ip
| Device       : xcku060-ffva1517-2-e
------------------------------------------------------------------------------------

Upgrade Log for IP 'px_axil_csr_tsig'

1. Summary
----------

SUCCESS in the upgrade of px_axil_csr_tsig (pentek.com:px_ip:px_axil_csr:1.0) from (Rev. 8) to (Rev. 9)






Copyright 1986-2016 Xilinx, Inc. All Rights Reserved.
------------------------------------------------------------------------------------
| Tool Version : Vivado v.2016.1 (win64) Build 1538259 Fri Apr  8 15:45:27 MDT 2016
| Date         : Wed Apr 20 14:35:27 2016
| Host         : Rich-PC running 64-bit Service Pack 1  (build 7601)
| Command      : upgrade_ip
| Device       : xcku060-ffva1517-2-e
------------------------------------------------------------------------------------

Upgrade Log for IP 'px_test_sig_gen_xclkfifo'

1. Summary
----------

SUCCESS in the upgrade of px_test_sig_gen_xclkfifo from xilinx.com:ip:fifo_generator:13.0 (Rev. 1) to xilinx.com:ip:fifo_generator:13.1

2. Upgrade messages
-------------------

WARNING: upgrade cannot get value of option ARCHITECTURE : there is no project option called ARCHITECTURE






Copyright 1986-2016 Xilinx, Inc. All Rights Reserved.
------------------------------------------------------------------------------------
| Tool Version : Vivado v.2016.1 (win64) Build 1538259 Fri Apr  8 15:45:27 MDT 2016
| Date         : Wed Apr 20 14:35:26 2016
| Host         : Rich-PC running 64-bit Service Pack 1  (build 7601)
| Command      : upgrade_ip
| Device       : xcku060-ffva1517-2-e
------------------------------------------------------------------------------------

Upgrade Log for IP 'px_test_sig_gen_dds'

1. Summary
----------

SUCCESS in the upgrade of px_test_sig_gen_dds (xilinx.com:ip:dds_compiler:6.0) from (Rev. 11) to (Rev. 12)






Copyright 1986-2016 Xilinx, Inc. All Rights Reserved.
------------------------------------------------------------------------------------
| Tool Version : Vivado v.2016.1 (win64) Build 1538259 Fri Apr  8 15:45:27 MDT 2016
| Date         : Wed Apr 20 14:35:24 2016
| Host         : Rich-PC running 64-bit Service Pack 1  (build 7601)
| Command      : upgrade_ip
| Device       : xcku060-ffva1517-2-e
------------------------------------------------------------------------------------

Upgrade Log for IP 'px_test_sig_gen_axiclkcnv'

1. Summary
----------

SUCCESS in the upgrade of px_test_sig_gen_axiclkcnv (xilinx.com:ip:axi_clock_converter:2.1) from (Rev. 6) to (Rev. 7)






Copyright 1986-2016 Xilinx, Inc. All Rights Reserved.
------------------------------------------------------------------------------------
| Tool Version : Vivado v.2016.1 (win64) Build 1538259 Fri Apr  8 15:45:27 MDT 2016
| Date         : Wed Apr 20 14:35:23 2016
| Host         : Rich-PC running 64-bit Service Pack 1  (build 7601)
| Command      : upgrade_ip
| Device       : xcku060-ffva1517-2-e
------------------------------------------------------------------------------------

Upgrade Log for IP 'px_axil_csr_tsig'

1. Summary
----------

SUCCESS in the upgrade of px_axil_csr_tsig (pentek.com:px_ip:px_axil_csr:1.0) from (Rev. 7) to (Rev. 8)

