#-----------------------------------------------------------
# Vivado v2017.3 (64-bit)
# SW Build 2018833 on Wed Oct  4 19:58:22 MDT 2017
# IP Build 2016188 on Wed Oct  4 21:52:56 MDT 2017
# Start of session at: Mon Apr  2 11:38:50 2018
# Process ID: 5752
# Current directory: C:/pentek/ip/2017.3/pentek/ip/px_timestamp_gen_sgate
# Command line: vivado.exe -gui_launcher_event rodinguilauncherevent13284 C:\pentek\ip\2017.3\pentek\ip\px_timestamp_gen_sgate\px_timestamp_gen_sgate.xpr
# Log file: C:/pentek/ip/2017.3/pentek/ip/px_timestamp_gen_sgate/vivado.log
# Journal file: C:/pentek/ip/2017.3/pentek/ip/px_timestamp_gen_sgate\vivado.jou
#-----------------------------------------------------------
INFO: [Common 17-1460] Use of init.tcl in C:/Users/Germain/AppData/Roaming/Xilinx/Vivado/init.tcl is deprecated. Please use Vivado_init.tcl 
Sourcing tcl script 'C:/Users/Germain/AppData/Roaming/Xilinx/Vivado/init.tcl'
start_gui
open_project C:/pentek/ip/2017.3/pentek/ip/px_timestamp_gen_sgate/px_timestamp_gen_sgate.xpr
INFO: [Project 1-313] Project file moved from 'C:/pentek/ip/2017.2/pentek/ip/px_timestamp_gen_sgate' since last save.
Scanning sources...
Finished scanning sources
INFO: [IP_Flow 19-234] Refreshing IP repositories
INFO: [IP_Flow 19-1700] Loaded user IP repository 'c:/pentek/ip/2017.3/pentek'.
WARNING: [IP_Flow 19-3656] If you move the project, the path for repository 'c:/pentek/ip/2017.3/pentek' may become invalid. A better location for the repository would be in a path adjacent to the project. (Current project location is 'c:/pentek/ip/2017.3/pentek/ip/px_timestamp_gen_sgate'.)
INFO: [IP_Flow 19-2313] Loaded Vivado IP repository 'C:/Xilinx/Vivado/2017.3/data/ip'.
WARNING: [IP_Flow 19-2162] IP 'px_timestamp_gen_ppscntr' is locked:
* IP definition 'Binary Counter (12.0)' for IP 'px_timestamp_gen_ppscntr' (customized with software release 2016.3) has a different revision in the IP Catalog.
Please select 'Report IP Status' from the 'Tools/Report' menu or run Tcl command 'report_ip_status' for more information.
WARNING: [IP_Flow 19-2162] IP 'px_timestamp_gen_dsp48accl' is locked:
* IP definition 'DSP48 Macro (3.0)' for IP 'px_timestamp_gen_dsp48accl' (customized with software release 2017.2) has a different revision in the IP Catalog.
Please select 'Report IP Status' from the 'Tools/Report' menu or run Tcl command 'report_ip_status' for more information.
WARNING: [IP_Flow 19-2162] IP 'px_axil_csr_ts' is locked:
* IP definition 'px_axil_csr_v1_0 (1.0)' for IP 'px_axil_csr_ts' (customized with software release 2017.2) has a different revision in the IP Catalog.
Please select 'Report IP Status' from the 'Tools/Report' menu or run Tcl command 'report_ip_status' for more information.
WARNING: [IP_Flow 19-2162] IP 'px_timestamp_gen_dsp48accu' is locked:
* IP definition 'DSP48 Macro (3.0)' for IP 'px_timestamp_gen_dsp48accu' (customized with software release 2017.2) has a different revision in the IP Catalog.
Please select 'Report IP Status' from the 'Tools/Report' menu or run Tcl command 'report_ip_status' for more information.
INFO: [Project 1-230] Project 'px_timestamp_gen_sgate.xpr' upgraded for this version of Vivado.
open_project: Time (s): cpu = 00:00:17 ; elapsed = 00:00:14 . Memory (MB): peak = 869.621 ; gain = 146.688
update_compile_order -fileset sources_1
report_ip_status -name ip_status 
upgrade_ip -srcset px_axil_csr_ts [get_ips  {px_axil_csr_ts px_timestamp_gen_dsp48accl px_timestamp_gen_dsp48accu px_timestamp_gen_ppscntr}] -log ip_upgrade.log
Upgrading 'px_axil_csr_ts'
INFO: [Project 1-386] Moving file 'C:/pentek/ip/2017.3/pentek/ip/px_timestamp_gen_sgate/px_timestamp_gen_sgate.srcs/sources_1/ip/px_axil_csr_ts/px_axil_csr_ts.xci' from fileset 'px_axil_csr_ts' to fileset 'sources_1'.
INFO: [IP_Flow 19-3422] Upgraded px_axil_csr_ts (px_axil_csr_v1_0 1.0) from revision 18 to revision 19
INFO: [IP_Flow 19-1686] Generating 'Instantiation Template' target for IP 'px_axil_csr_ts'...
Upgrading 'px_timestamp_gen_dsp48accl'
INFO: [Project 1-386] Moving file 'C:/pentek/ip/2017.3/pentek/ip/px_timestamp_gen_sgate/px_timestamp_gen_sgate.srcs/sources_1/ip/px_timestamp_gen_dsp48accl/px_timestamp_gen_dsp48accl.xci' from fileset 'px_timestamp_gen_dsp48accl' to fileset 'sources_1'.
INFO: [IP_Flow 19-3422] Upgraded px_timestamp_gen_dsp48accl (DSP48 Macro 3.0) from revision 14 to revision 15
INFO: [IP_Flow 19-1686] Generating 'Instantiation Template' target for IP 'px_timestamp_gen_dsp48accl'...
Upgrading 'px_timestamp_gen_dsp48accu'
INFO: [Project 1-386] Moving file 'C:/pentek/ip/2017.3/pentek/ip/px_timestamp_gen_sgate/px_timestamp_gen_sgate.srcs/sources_1/ip/px_timestamp_gen_dsp48accu/px_timestamp_gen_dsp48accu.xci' from fileset 'px_timestamp_gen_dsp48accu' to fileset 'sources_1'.
INFO: [IP_Flow 19-3422] Upgraded px_timestamp_gen_dsp48accu (DSP48 Macro 3.0) from revision 14 to revision 15
INFO: [IP_Flow 19-1686] Generating 'Instantiation Template' target for IP 'px_timestamp_gen_dsp48accu'...
Upgrading 'px_timestamp_gen_ppscntr'
INFO: [Project 1-386] Moving file 'C:/pentek/ip/2017.3/pentek/ip/px_timestamp_gen_sgate/px_timestamp_gen_sgate.srcs/sources_1/ip/px_timestamp_gen_ppscntr/px_timestamp_gen_ppscntr.xci' from fileset 'px_timestamp_gen_ppscntr' to fileset 'sources_1'.
INFO: [IP_Flow 19-3422] Upgraded px_timestamp_gen_ppscntr (Binary Counter 12.0) from revision 10 to revision 11
INFO: [IP_Flow 19-1686] Generating 'Instantiation Template' target for IP 'px_timestamp_gen_ppscntr'...
INFO: [Coretcl 2-1525] Wrote upgrade log to 'C:/pentek/ip/2017.3/pentek/ip/px_timestamp_gen_sgate/ip_upgrade.log'.
upgrade_ip: Time (s): cpu = 00:00:16 ; elapsed = 00:00:12 . Memory (MB): peak = 964.957 ; gain = 86.426
export_ip_user_files -of_objects [get_ips {px_axil_csr_ts px_timestamp_gen_dsp48accl px_timestamp_gen_dsp48accu px_timestamp_gen_ppscntr}] -no_script -sync -force -quiet
report_ip_status -name ip_status 
update_compile_order -fileset sources_1
reset_run synth_1
launch_runs synth_1 -jobs 6
INFO: [IP_Flow 19-1686] Generating 'Synthesis' target for IP 'px_timestamp_gen_dsp48accu'...
INFO: [IP_Flow 19-1686] Generating 'Synthesis' target for IP 'px_timestamp_gen_dsp48accl'...
INFO: [IP_Flow 19-1686] Generating 'Synthesis' target for IP 'px_timestamp_gen_ppscntr'...
INFO: [IP_Flow 19-1686] Generating 'Synthesis' target for IP 'px_axil_csr_ts'...
[Mon Apr  2 11:40:14 2018] Launched px_timestamp_gen_ppscntr_synth_1, px_timestamp_gen_dsp48accl_synth_1, px_axil_csr_ts_synth_1, px_timestamp_gen_dsp48accu_synth_1...
Run output will be captured here:
px_timestamp_gen_ppscntr_synth_1: C:/pentek/ip/2017.3/pentek/ip/px_timestamp_gen_sgate/px_timestamp_gen_sgate.runs/px_timestamp_gen_ppscntr_synth_1/runme.log
px_timestamp_gen_dsp48accl_synth_1: C:/pentek/ip/2017.3/pentek/ip/px_timestamp_gen_sgate/px_timestamp_gen_sgate.runs/px_timestamp_gen_dsp48accl_synth_1/runme.log
px_axil_csr_ts_synth_1: C:/pentek/ip/2017.3/pentek/ip/px_timestamp_gen_sgate/px_timestamp_gen_sgate.runs/px_axil_csr_ts_synth_1/runme.log
px_timestamp_gen_dsp48accu_synth_1: C:/pentek/ip/2017.3/pentek/ip/px_timestamp_gen_sgate/px_timestamp_gen_sgate.runs/px_timestamp_gen_dsp48accu_synth_1/runme.log
[Mon Apr  2 11:40:14 2018] Launched synth_1...
Run output will be captured here: C:/pentek/ip/2017.3/pentek/ip/px_timestamp_gen_sgate/px_timestamp_gen_sgate.runs/synth_1/runme.log
ipx::open_ipxact_file {c:\pentek\ip\2017.3\pentek\ip\px_timestamp_gen_sgate\px_timestamp_gen_sgate.srcs\component.xml}
WARNING: [IP_Flow 19-3898] File Group 'xilinx_anylanguagesynthesis (Synthesis)': File 'sources_1/ip/px_timestamp_gen_dsp48accu/px_timestamp_gen_dsp48accu.xci' is not found in the project sources. It will be removed from the packaged IP when the sources are merged. If still required, please add this file to the project and re-package.
WARNING: [IP_Flow 19-3898] File Group 'xilinx_anylanguagesynthesis (Synthesis)': File 'sources_1/ip/px_axil_csr_ts/px_axil_csr_ts.xci' is not found in the project sources. It will be removed from the packaged IP when the sources are merged. If still required, please add this file to the project and re-package.
WARNING: [IP_Flow 19-3898] File Group 'xilinx_anylanguagesynthesis (Synthesis)': File 'sources_1/ip/px_timestamp_gen_dsp48accl/px_timestamp_gen_dsp48accl.xci' is not found in the project sources. It will be removed from the packaged IP when the sources are merged. If still required, please add this file to the project and re-package.
WARNING: [IP_Flow 19-3898] File Group 'xilinx_anylanguagesynthesis (Synthesis)': File 'sources_1/ip/px_timestamp_gen_ppscntr/px_timestamp_gen_ppscntr.xci' is not found in the project sources. It will be removed from the packaged IP when the sources are merged. If still required, please add this file to the project and re-package.
WARNING: [IP_Flow 19-3898] File Group 'xilinx_anylanguagebehavioralsimulation (Simulation)': File 'sources_1/ip/px_timestamp_gen_dsp48accu/px_timestamp_gen_dsp48accu.xci' is not found in the project sources. It will be removed from the packaged IP when the sources are merged. If still required, please add this file to the project and re-package.
WARNING: [IP_Flow 19-3898] File Group 'xilinx_anylanguagebehavioralsimulation (Simulation)': File 'sources_1/ip/px_axil_csr_ts/px_axil_csr_ts.xci' is not found in the project sources. It will be removed from the packaged IP when the sources are merged. If still required, please add this file to the project and re-package.
WARNING: [IP_Flow 19-3898] File Group 'xilinx_anylanguagebehavioralsimulation (Simulation)': File 'sources_1/ip/px_timestamp_gen_dsp48accl/px_timestamp_gen_dsp48accl.xci' is not found in the project sources. It will be removed from the packaged IP when the sources are merged. If still required, please add this file to the project and re-package.
WARNING: [IP_Flow 19-3898] File Group 'xilinx_anylanguagebehavioralsimulation (Simulation)': File 'sources_1/ip/px_timestamp_gen_ppscntr/px_timestamp_gen_ppscntr.xci' is not found in the project sources. It will be removed from the packaged IP when the sources are merged. If still required, please add this file to the project and re-package.
ipx::merge_project_changes files [ipx::current_core]
set_property core_revision 6 [ipx::current_core]
ipx::create_xgui_files [ipx::current_core]
ipx::update_checksums [ipx::current_core]
ipx::save_core [ipx::current_core]
update_ip_catalog -rebuild -repo_path c:/pentek/ip/2017.3/pentek
INFO: [IP_Flow 19-725] Reloaded user IP repository 'c:/pentek/ip/2017.3/pentek'
exit
INFO: [Common 17-206] Exiting Vivado at Mon Apr  2 11:45:11 2018...
