#-----------------------------------------------------------
# Vivado v2019.2 (64-bit)
# SW Build 2708876 on Wed Nov  6 21:40:23 MST 2019
# IP Build 2700528 on Thu Nov  7 00:09:20 MST 2019
# Start of session at: Tue Jan 28 15:02:52 2020
# Process ID: 9384
# Current directory: C:/Pentek/ip/2019.2/pentek/ip/px_jesd_sync_mod
# Command line: vivado.exe -gui_launcher_event rodinguilauncherevent11612 C:\Pentek\ip\2019.2\pentek\ip\px_jesd_sync_mod\px_jesd_sync_mod.xpr
# Log file: C:/Pentek/ip/2019.2/pentek/ip/px_jesd_sync_mod/vivado.log
# Journal file: C:/Pentek/ip/2019.2/pentek/ip/px_jesd_sync_mod\vivado.jou
#-----------------------------------------------------------
start_gui
open_project C:/Pentek/ip/2019.2/pentek/ip/px_jesd_sync_mod/px_jesd_sync_mod.xpr
Scanning sources...
Finished scanning sources
INFO: [IP_Flow 19-234] Refreshing IP repositories
INFO: [IP_Flow 19-1700] Loaded user IP repository 'c:/Pentek/ip/2019.2/pentek'.
WARNING: [IP_Flow 19-3656] If you move the project, the path for repository 'c:/Pentek/ip/2019.2/pentek' may become invalid. A better location for the repository would be in a path adjacent to the project. (Current project location is 'c:/Pentek/ip/2019.2/pentek/ip/px_jesd_sync_mod'.)
INFO: [IP_Flow 19-2313] Loaded Vivado IP repository 'C:/Xilinx/Vivado/2019.2/data/ip'.
open_project: Time (s): cpu = 00:00:11 ; elapsed = 00:00:07 . Memory (MB): peak = 925.699 ; gain = 210.734
update_compile_order -fileset sources_1
exit
INFO: [Common 17-206] Exiting Vivado at Tue Jan 28 15:04:58 2020...
