Copyright 1986-2019 Xilinx, Inc. All Rights Reserved.
------------------------------------------------------------------------------------
| Tool Version : Vivado v.2019.2 (win64) Build 2700185 Thu Oct 24 18:46:05 MDT 2019
| Date         : Tue Nov 12 11:15:27 2019
| Host         : Rich-PC running 64-bit major release  (build 9200)
| Command      : upgrade_ip
| Device       : xcku035-ffva1156-2-e
------------------------------------------------------------------------------------

Upgrade Log for IP 'px_vita49_unpkt_xpm_cdc_sync_intr'

1. Summary
----------

SUCCESS in the upgrade of px_vita49_unpkt_xpm_cdc_sync_intr (pentek.com:px_ip:px_xpm_cdc_bus_sync:1.1) from (Rev. 11) to (Rev. 12)






Copyright 1986-2019 Xilinx, Inc. All Rights Reserved.
------------------------------------------------------------------------------------
| Tool Version : Vivado v.2019.2 (win64) Build 2700185 Thu Oct 24 18:46:05 MDT 2019
| Date         : Tue Nov 12 11:15:26 2019
| Host         : Rich-PC running 64-bit major release  (build 9200)
| Command      : upgrade_ip
| Device       : xcku035-ffva1156-2-e
------------------------------------------------------------------------------------

Upgrade Log for IP 'px_vita49_unpkt_xpm_cdc_sync'

1. Summary
----------

SUCCESS in the upgrade of px_vita49_unpkt_xpm_cdc_sync (pentek.com:px_ip:px_xpm_cdc_bus_sync:1.1) from (Rev. 11) to (Rev. 12)






Copyright 1986-2019 Xilinx, Inc. All Rights Reserved.
------------------------------------------------------------------------------------
| Tool Version : Vivado v.2019.2 (win64) Build 2700185 Thu Oct 24 18:46:05 MDT 2019
| Date         : Tue Nov 12 11:15:26 2019
| Host         : Rich-PC running 64-bit major release  (build 9200)
| Command      : upgrade_ip
| Device       : xcku035-ffva1156-2-e
------------------------------------------------------------------------------------

Upgrade Log for IP 'px_vita49_unpkt_xpm_cdc_async_rst'

1. Summary
----------

SUCCESS in the upgrade of px_vita49_unpkt_xpm_cdc_async_rst (pentek.com:px_ip:px_xpm_cdc_async_rst:1.1) from (Rev. 15) to (Rev. 16)






Copyright 1986-2019 Xilinx, Inc. All Rights Reserved.
------------------------------------------------------------------------------------
| Tool Version : Vivado v.2019.2 (win64) Build 2700185 Thu Oct 24 18:46:05 MDT 2019
| Date         : Tue Nov 12 11:15:26 2019
| Host         : Rich-PC running 64-bit major release  (build 9200)
| Command      : upgrade_ip
| Device       : xcku035-ffva1156-2-e
------------------------------------------------------------------------------------

Upgrade Log for IP 'px_vita49_unpkt_slice'

1. Summary
----------

SUCCESS in the upgrade of px_vita49_unpkt_slice (xilinx.com:ip:axis_register_slice:1.1) from (Rev. 19) to (Rev. 20)






Copyright 1986-2019 Xilinx, Inc. All Rights Reserved.
------------------------------------------------------------------------------------
| Tool Version : Vivado v.2019.2 (win64) Build 2700185 Thu Oct 24 18:46:05 MDT 2019
| Date         : Tue Nov 12 11:15:26 2019
| Host         : Rich-PC running 64-bit major release  (build 9200)
| Command      : upgrade_ip
| Device       : xcku035-ffva1156-2-e
------------------------------------------------------------------------------------

Upgrade Log for IP 'px_vita49_unpkt_px_axil_csr'

1. Summary
----------

SUCCESS in the upgrade of px_vita49_unpkt_px_axil_csr (pentek.com:px_ip:px_axil_csr:1.0) from (Rev. 23) to (Rev. 24)






Copyright 1986-2019 Xilinx, Inc. All Rights Reserved.
------------------------------------------------------------------------------------
| Tool Version : Vivado v.2019.2 (win64) Build 2700185 Thu Oct 24 18:46:05 MDT 2019
| Date         : Tue Nov 12 11:15:25 2019
| Host         : Rich-PC running 64-bit major release  (build 9200)
| Command      : upgrade_ip
| Device       : xcku035-ffva1156-2-e
------------------------------------------------------------------------------------

Upgrade Log for IP 'px_vita49_pkt_0'

1. Summary
----------

SUCCESS in the upgrade of px_vita49_pkt_0 (pentek.com:px_ip:px_vita49_pkt:2.0) from (Rev. 33) to (Rev. 34)






Copyright 1986-2019 Xilinx, Inc. All Rights Reserved.
------------------------------------------------------------------------------------
| Tool Version : Vivado v.2019.1 (win64) Build 2552052 Fri May 24 14:49:42 MDT 2019
| Date         : Sun Jun  9 09:18:56 2019
| Host         : Igor2 running 64-bit major release  (build 9200)
| Command      : upgrade_ip
| Device       : xcku035-ffva1156-2-e
------------------------------------------------------------------------------------

Upgrade Log for IP 'px_vita49_unpkt_xpm_cdc_sync_intr'

1. Summary
----------

SUCCESS in the upgrade of px_vita49_unpkt_xpm_cdc_sync_intr (pentek.com:px_ip:px_xpm_cdc_bus_sync:1.1) from (Rev. 10) to (Rev. 11)






Copyright 1986-2019 Xilinx, Inc. All Rights Reserved.
------------------------------------------------------------------------------------
| Tool Version : Vivado v.2019.1 (win64) Build 2552052 Fri May 24 14:49:42 MDT 2019
| Date         : Sun Jun  9 09:18:56 2019
| Host         : Igor2 running 64-bit major release  (build 9200)
| Command      : upgrade_ip
| Device       : xcku035-ffva1156-2-e
------------------------------------------------------------------------------------

Upgrade Log for IP 'px_vita49_unpkt_xpm_cdc_sync'

1. Summary
----------

SUCCESS in the upgrade of px_vita49_unpkt_xpm_cdc_sync (pentek.com:px_ip:px_xpm_cdc_bus_sync:1.1) from (Rev. 10) to (Rev. 11)






Copyright 1986-2019 Xilinx, Inc. All Rights Reserved.
------------------------------------------------------------------------------------
| Tool Version : Vivado v.2019.1 (win64) Build 2552052 Fri May 24 14:49:42 MDT 2019
| Date         : Sun Jun  9 09:18:55 2019
| Host         : Igor2 running 64-bit major release  (build 9200)
| Command      : upgrade_ip
| Device       : xcku035-ffva1156-2-e
------------------------------------------------------------------------------------

Upgrade Log for IP 'px_vita49_unpkt_xpm_cdc_async_rst'

1. Summary
----------

SUCCESS in the upgrade of px_vita49_unpkt_xpm_cdc_async_rst (pentek.com:px_ip:px_xpm_cdc_async_rst:1.1) from (Rev. 14) to (Rev. 15)






Copyright 1986-2019 Xilinx, Inc. All Rights Reserved.
------------------------------------------------------------------------------------
| Tool Version : Vivado v.2019.1 (win64) Build 2552052 Fri May 24 14:49:42 MDT 2019
| Date         : Sun Jun  9 09:18:55 2019
| Host         : Igor2 running 64-bit major release  (build 9200)
| Command      : upgrade_ip
| Device       : xcku035-ffva1156-2-e
------------------------------------------------------------------------------------

Upgrade Log for IP 'px_vita49_unpkt_slice'

1. Summary
----------

SUCCESS in the upgrade of px_vita49_unpkt_slice (xilinx.com:ip:axis_register_slice:1.1) from (Rev. 18) to (Rev. 19)






Copyright 1986-2019 Xilinx, Inc. All Rights Reserved.
------------------------------------------------------------------------------------
| Tool Version : Vivado v.2019.1 (win64) Build 2552052 Fri May 24 14:49:42 MDT 2019
| Date         : Sun Jun  9 09:18:55 2019
| Host         : Igor2 running 64-bit major release  (build 9200)
| Command      : upgrade_ip
| Device       : xcku035-ffva1156-2-e
------------------------------------------------------------------------------------

Upgrade Log for IP 'px_vita49_unpkt_px_axil_csr'

1. Summary
----------

SUCCESS in the upgrade of px_vita49_unpkt_px_axil_csr (pentek.com:px_ip:px_axil_csr:1.0) from (Rev. 22) to (Rev. 23)






Copyright 1986-2019 Xilinx, Inc. All Rights Reserved.
------------------------------------------------------------------------------------
| Tool Version : Vivado v.2019.1 (win64) Build 2552052 Fri May 24 14:49:42 MDT 2019
| Date         : Sun Jun  9 09:18:55 2019
| Host         : Igor2 running 64-bit major release  (build 9200)
| Command      : upgrade_ip
| Device       : xcku035-ffva1156-2-e
------------------------------------------------------------------------------------

Upgrade Log for IP 'px_vita49_pkt_0'

1. Summary
----------

SUCCESS in the upgrade of px_vita49_pkt_0 (pentek.com:px_ip:px_vita49_pkt:2.0) from (Rev. 32) to (Rev. 33)






Copyright 1986-2018 Xilinx, Inc. All Rights Reserved.
------------------------------------------------------------------------------------
| Tool Version : Vivado v.2018.3 (win64) Build 2405991 Thu Dec  6 23:38:27 MST 2018
| Date         : Fri Dec 14 09:16:42 2018
| Host         : Rich-PC running 64-bit major release  (build 9200)
| Command      : upgrade_ip
| Device       : xcku035-ffva1156-2-e
------------------------------------------------------------------------------------

Upgrade Log for IP 'px_vita49_unpkt_xpm_cdc_sync_intr'

1. Summary
----------

SUCCESS in the upgrade of px_vita49_unpkt_xpm_cdc_sync_intr (pentek.com:px_ip:px_xpm_cdc_bus_sync:1.1) from (Rev. 9) to (Rev. 10)






Copyright 1986-2018 Xilinx, Inc. All Rights Reserved.
------------------------------------------------------------------------------------
| Tool Version : Vivado v.2018.3 (win64) Build 2405991 Thu Dec  6 23:38:27 MST 2018
| Date         : Fri Dec 14 09:16:42 2018
| Host         : Rich-PC running 64-bit major release  (build 9200)
| Command      : upgrade_ip
| Device       : xcku035-ffva1156-2-e
------------------------------------------------------------------------------------

Upgrade Log for IP 'px_vita49_unpkt_xpm_cdc_sync'

1. Summary
----------

SUCCESS in the upgrade of px_vita49_unpkt_xpm_cdc_sync (pentek.com:px_ip:px_xpm_cdc_bus_sync:1.1) from (Rev. 9) to (Rev. 10)






Copyright 1986-2018 Xilinx, Inc. All Rights Reserved.
------------------------------------------------------------------------------------
| Tool Version : Vivado v.2018.3 (win64) Build 2405991 Thu Dec  6 23:38:27 MST 2018
| Date         : Fri Dec 14 09:16:42 2018
| Host         : Rich-PC running 64-bit major release  (build 9200)
| Command      : upgrade_ip
| Device       : xcku035-ffva1156-2-e
------------------------------------------------------------------------------------

Upgrade Log for IP 'px_vita49_unpkt_xpm_cdc_async_rst'

1. Summary
----------

SUCCESS in the upgrade of px_vita49_unpkt_xpm_cdc_async_rst (pentek.com:px_ip:px_xpm_cdc_async_rst:1.1) from (Rev. 13) to (Rev. 14)






Copyright 1986-2018 Xilinx, Inc. All Rights Reserved.
------------------------------------------------------------------------------------
| Tool Version : Vivado v.2018.3 (win64) Build 2405991 Thu Dec  6 23:38:27 MST 2018
| Date         : Fri Dec 14 09:16:41 2018
| Host         : Rich-PC running 64-bit major release  (build 9200)
| Command      : upgrade_ip
| Device       : xcku035-ffva1156-2-e
------------------------------------------------------------------------------------

Upgrade Log for IP 'px_vita49_unpkt_slice'

1. Summary
----------

SUCCESS in the upgrade of px_vita49_unpkt_slice (xilinx.com:ip:axis_register_slice:1.1) from (Rev. 16) to (Rev. 18)






Copyright 1986-2018 Xilinx, Inc. All Rights Reserved.
------------------------------------------------------------------------------------
| Tool Version : Vivado v.2018.3 (win64) Build 2405991 Thu Dec  6 23:38:27 MST 2018
| Date         : Fri Dec 14 09:16:40 2018
| Host         : Rich-PC running 64-bit major release  (build 9200)
| Command      : upgrade_ip
| Device       : xcku035-ffva1156-2-e
------------------------------------------------------------------------------------

Upgrade Log for IP 'px_vita49_unpkt_px_axil_csr'

1. Summary
----------

SUCCESS in the upgrade of px_vita49_unpkt_px_axil_csr (pentek.com:px_ip:px_axil_csr:1.0) from (Rev. 21) to (Rev. 22)






Copyright 1986-2018 Xilinx, Inc. All Rights Reserved.
------------------------------------------------------------------------------------
| Tool Version : Vivado v.2018.3 (win64) Build 2405991 Thu Dec  6 23:38:27 MST 2018
| Date         : Fri Dec 14 09:16:40 2018
| Host         : Rich-PC running 64-bit major release  (build 9200)
| Command      : upgrade_ip
| Device       : xcku035-ffva1156-2-e
------------------------------------------------------------------------------------

Upgrade Log for IP 'px_vita49_pkt_0'

1. Summary
----------

SUCCESS in the upgrade of px_vita49_pkt_0 from pentek.com:px_ip:px_vita49_pkt:1.1 (Rev. 26) to pentek.com:px_ip:px_vita49_pkt:2.0 (Rev. 32)






Copyright 1986-2018 Xilinx, Inc. All Rights Reserved.
------------------------------------------------------------------------------------
| Tool Version : Vivado v.2018.1 (win64) Build 2188600 Wed Apr  4 18:40:38 MDT 2018
| Date         : Tue May  1 14:25:53 2018
| Host         : Rich-PC running 64-bit major release  (build 9200)
| Command      : upgrade_ip
| Device       : xcku035-ffva1156-2-e
------------------------------------------------------------------------------------

Upgrade Log for IP 'px_vita49_unpkt_xpm_cdc_sync_intr'

1. Summary
----------

SUCCESS in the upgrade of px_vita49_unpkt_xpm_cdc_sync_intr (pentek.com:px_ip:px_xpm_cdc_bus_sync:1.1) from (Rev. 7) to (Rev. 9)






Copyright 1986-2018 Xilinx, Inc. All Rights Reserved.
------------------------------------------------------------------------------------
| Tool Version : Vivado v.2018.1 (win64) Build 2188600 Wed Apr  4 18:40:38 MDT 2018
| Date         : Tue May  1 14:25:53 2018
| Host         : Rich-PC running 64-bit major release  (build 9200)
| Command      : upgrade_ip
| Device       : xcku035-ffva1156-2-e
------------------------------------------------------------------------------------

Upgrade Log for IP 'px_vita49_unpkt_xpm_cdc_sync'

1. Summary
----------

SUCCESS in the upgrade of px_vita49_unpkt_xpm_cdc_sync (pentek.com:px_ip:px_xpm_cdc_bus_sync:1.1) from (Rev. 7) to (Rev. 9)






Copyright 1986-2018 Xilinx, Inc. All Rights Reserved.
------------------------------------------------------------------------------------
| Tool Version : Vivado v.2018.1 (win64) Build 2188600 Wed Apr  4 18:40:38 MDT 2018
| Date         : Tue May  1 14:25:53 2018
| Host         : Rich-PC running 64-bit major release  (build 9200)
| Command      : upgrade_ip
| Device       : xcku035-ffva1156-2-e
------------------------------------------------------------------------------------

Upgrade Log for IP 'px_vita49_unpkt_xpm_cdc_async_rst'

1. Summary
----------

SUCCESS in the upgrade of px_vita49_unpkt_xpm_cdc_async_rst (pentek.com:px_ip:px_xpm_cdc_async_rst:1.1) from (Rev. 11) to (Rev. 13)






Copyright 1986-2018 Xilinx, Inc. All Rights Reserved.
------------------------------------------------------------------------------------
| Tool Version : Vivado v.2018.1 (win64) Build 2188600 Wed Apr  4 18:40:38 MDT 2018
| Date         : Tue May  1 14:25:53 2018
| Host         : Rich-PC running 64-bit major release  (build 9200)
| Command      : upgrade_ip
| Device       : xcku035-ffva1156-2-e
------------------------------------------------------------------------------------

Upgrade Log for IP 'px_vita49_unpkt_slice'

1. Summary
----------

SUCCESS in the upgrade of px_vita49_unpkt_slice (xilinx.com:ip:axis_register_slice:1.1) from (Rev. 14) to (Rev. 16)






Copyright 1986-2018 Xilinx, Inc. All Rights Reserved.
------------------------------------------------------------------------------------
| Tool Version : Vivado v.2018.1 (win64) Build 2188600 Wed Apr  4 18:40:38 MDT 2018
| Date         : Tue May  1 14:25:52 2018
| Host         : Rich-PC running 64-bit major release  (build 9200)
| Command      : upgrade_ip
| Device       : xcku035-ffva1156-2-e
------------------------------------------------------------------------------------

Upgrade Log for IP 'px_vita49_unpkt_px_axil_csr'

1. Summary
----------

SUCCESS in the upgrade of px_vita49_unpkt_px_axil_csr (pentek.com:px_ip:px_axil_csr:1.0) from (Rev. 19) to (Rev. 21)






Copyright 1986-2018 Xilinx, Inc. All Rights Reserved.
------------------------------------------------------------------------------------
| Tool Version : Vivado v.2018.1 (win64) Build 2188600 Wed Apr  4 18:40:38 MDT 2018
| Date         : Tue May  1 14:25:52 2018
| Host         : Rich-PC running 64-bit major release  (build 9200)
| Command      : upgrade_ip
| Device       : xcku035-ffva1156-2-e
------------------------------------------------------------------------------------

Upgrade Log for IP 'px_vita49_pkt_0'

1. Summary
----------

SUCCESS in the upgrade of px_vita49_pkt_0 (pentek.com:px_ip:px_vita49_pkt:1.1) from (Rev. 25) to (Rev. 26)






Copyright 1986-2017 Xilinx, Inc. All Rights Reserved.
------------------------------------------------------------------------------------
| Tool Version : Vivado v.2017.3 (win64) Build 2018833 Wed Oct  4 19:58:22 MDT 2017
| Date         : Mon Nov  6 09:19:31 2017
| Host         : Rich-PC running 64-bit major release  (build 9200)
| Command      : upgrade_ip
| Device       : xcku035-ffva1156-2-e
------------------------------------------------------------------------------------

Upgrade Log for IP 'px_vita49_unpkt_xpm_cdc_sync_intr'

1. Summary
----------

SUCCESS in the upgrade of px_vita49_unpkt_xpm_cdc_sync_intr (pentek.com:px_ip:px_xpm_cdc_bus_sync:1.1) from (Rev. 6) to (Rev. 7)






Copyright 1986-2017 Xilinx, Inc. All Rights Reserved.
------------------------------------------------------------------------------------
| Tool Version : Vivado v.2017.3 (win64) Build 2018833 Wed Oct  4 19:58:22 MDT 2017
| Date         : Mon Nov  6 09:19:31 2017
| Host         : Rich-PC running 64-bit major release  (build 9200)
| Command      : upgrade_ip
| Device       : xcku035-ffva1156-2-e
------------------------------------------------------------------------------------

Upgrade Log for IP 'px_vita49_unpkt_xpm_cdc_sync'

1. Summary
----------

SUCCESS in the upgrade of px_vita49_unpkt_xpm_cdc_sync (pentek.com:px_ip:px_xpm_cdc_bus_sync:1.1) from (Rev. 6) to (Rev. 7)






Copyright 1986-2017 Xilinx, Inc. All Rights Reserved.
------------------------------------------------------------------------------------
| Tool Version : Vivado v.2017.3 (win64) Build 2018833 Wed Oct  4 19:58:22 MDT 2017
| Date         : Mon Nov  6 09:19:31 2017
| Host         : Rich-PC running 64-bit major release  (build 9200)
| Command      : upgrade_ip
| Device       : xcku035-ffva1156-2-e
------------------------------------------------------------------------------------

Upgrade Log for IP 'px_vita49_unpkt_xpm_cdc_async_rst'

1. Summary
----------

SUCCESS in the upgrade of px_vita49_unpkt_xpm_cdc_async_rst (pentek.com:px_ip:px_xpm_cdc_async_rst:1.1) from (Rev. 10) to (Rev. 11)






Copyright 1986-2017 Xilinx, Inc. All Rights Reserved.
------------------------------------------------------------------------------------
| Tool Version : Vivado v.2017.3 (win64) Build 2018833 Wed Oct  4 19:58:22 MDT 2017
| Date         : Mon Nov  6 09:19:31 2017
| Host         : Rich-PC running 64-bit major release  (build 9200)
| Command      : upgrade_ip
| Device       : xcku035-ffva1156-2-e
------------------------------------------------------------------------------------

Upgrade Log for IP 'px_vita49_unpkt_slice'

1. Summary
----------

SUCCESS in the upgrade of px_vita49_unpkt_slice (xilinx.com:ip:axis_register_slice:1.1) from (Rev. 13) to (Rev. 14)






Copyright 1986-2017 Xilinx, Inc. All Rights Reserved.
------------------------------------------------------------------------------------
| Tool Version : Vivado v.2017.3 (win64) Build 2018833 Wed Oct  4 19:58:22 MDT 2017
| Date         : Mon Nov  6 09:19:30 2017
| Host         : Rich-PC running 64-bit major release  (build 9200)
| Command      : upgrade_ip
| Device       : xcku035-ffva1156-2-e
------------------------------------------------------------------------------------

Upgrade Log for IP 'px_vita49_unpkt_px_axil_csr'

1. Summary
----------

SUCCESS in the upgrade of px_vita49_unpkt_px_axil_csr (pentek.com:px_ip:px_axil_csr:1.0) from (Rev. 18) to (Rev. 19)






Copyright 1986-2017 Xilinx, Inc. All Rights Reserved.
------------------------------------------------------------------------------------
| Tool Version : Vivado v.2017.3 (win64) Build 2018833 Wed Oct  4 19:58:22 MDT 2017
| Date         : Mon Nov  6 09:19:30 2017
| Host         : Rich-PC running 64-bit major release  (build 9200)
| Command      : upgrade_ip
| Device       : xcku035-ffva1156-2-e
------------------------------------------------------------------------------------

Upgrade Log for IP 'px_vita49_pkt_0'

1. Summary
----------

SUCCESS in the upgrade of px_vita49_pkt_0 (pentek.com:px_ip:px_vita49_pkt:1.1) from (Rev. 19) to (Rev. 25)

