#-----------------------------------------------------------
# Vivado v2019.2 (64-bit)
# SW Build 2700185 on Thu Oct 24 18:46:05 MDT 2019
# IP Build 2699827 on Thu Oct 24 21:16:38 MDT 2019
# Start of session at: Wed Nov 20 11:55:06 2019
# Process ID: 3664
# Current directory: C:/Pentek/IP/2019.2/pentek/ip/px_100ge_rx_udp2axis
# Command line: vivado.exe -gui_launcher_event rodinguilauncherevent13144 C:\Pentek\IP\2019.2\pentek\ip\px_100ge_rx_udp2axis\px_100ge_rx_udp2axis.xpr
# Log file: C:/Pentek/IP/2019.2/pentek/ip/px_100ge_rx_udp2axis/vivado.log
# Journal file: C:/Pentek/IP/2019.2/pentek/ip/px_100ge_rx_udp2axis\vivado.jou
#-----------------------------------------------------------
INFO: [Common 17-1460] Use of init.tcl in C:/Users/Rich/AppData/Roaming/Xilinx/Vivado/init.tcl is deprecated. Please use Vivado_init.tcl 
Sourcing tcl script 'C:/Users/Rich/AppData/Roaming/Xilinx/Vivado/init.tcl'
start_gui
open_project C:/Pentek/IP/2019.2/pentek/ip/px_100ge_rx_udp2axis/px_100ge_rx_udp2axis.xpr
Scanning sources...
Finished scanning sources
WARNING: [filemgmt 56-3] IPUserFilesDir: Could not find the directory 'C:/Pentek/IP/2019.2/pentek/ip/px_100ge_rx_udp2axis/px_100ge_rx_udp2axis.ip_user_files'.
INFO: [IP_Flow 19-234] Refreshing IP repositories
INFO: [IP_Flow 19-1700] Loaded user IP repository 'c:/Pentek/IP/2019.2/pentek/ip/px_100ge_rx_udp2axis'.
INFO: [IP_Flow 19-1700] Loaded user IP repository 'c:/pentek/ip/2019.1/pentek/ip/px_100ge_rx_udp2axis'.
INFO: [IP_Flow 19-2313] Loaded Vivado IP repository 'C:/Xilinx/Vivado/2019.2/data/ip'.
WARNING: [IP_Flow 19-1663] Duplicate IP found for 'pentek.com:px_ip:px_100ge_rx_udp2axis:1.0'. The one found in IP location 'c:/Pentek/IP/2019.2/pentek/ip/px_100ge_rx_udp2axis' will take precedence over the same IP in location c:/pentek/ip/2019.1/pentek/ip/px_100ge_rx_udp2axis
open_project: Time (s): cpu = 00:00:08 ; elapsed = 00:00:06 . Memory (MB): peak = 917.031 ; gain = 200.273
update_compile_order -fileset sources_1
ipx::open_ipxact_file {C:\Pentek\IP\2019.2\pentek\ip\px_100ge_rx_udp2axis\component.xml}
WARNING: [IP_Flow 19-5226] Project source file 'c:/Pentek/IP/2019.2/pentek/ip/px_100ge_rx_udp2axis/component.xml' ignored by IP packager.
WARNING: [IP_Flow 19-3898] File Group 'xilinx_anylanguagesynthesis (Synthesis)': File 'c:/Pentek/IP/2019.2/pentek/ip/px_100ge_rx_udp2axis/px_100ge_rx_udp2axis.srcs/sources_1/imports/new/px_100ge_rx_udp2axis.vhd' is not found in the project sources. It will be removed from the packaged IP when the sources are merged. If still required, please add this file to the project and re-package.
WARNING: [IP_Flow 19-3898] File Group 'xilinx_anylanguagebehavioralsimulation (Simulation)': File 'c:/Pentek/IP/2019.2/pentek/ip/px_100ge_rx_udp2axis/px_100ge_rx_udp2axis.srcs/sources_1/imports/new/px_100ge_rx_udp2axis.vhd' is not found in the project sources. It will be removed from the packaged IP when the sources are merged. If still required, please add this file to the project and re-package.
set_property core_revision 7 [ipx::current_core]
ipx::create_xgui_files [ipx::current_core]
ipx::update_checksums [ipx::current_core]
ipx::save_core [ipx::current_core]
update_ip_catalog -rebuild -repo_path c:/Pentek/IP/2019.2/pentek/ip/px_100ge_rx_udp2axis
INFO: [IP_Flow 19-725] Reloaded user IP repository 'c:/Pentek/IP/2019.2/pentek/ip/px_100ge_rx_udp2axis'
WARNING: [IP_Flow 19-1663] Duplicate IP found for 'pentek.com:px_ip:px_100ge_rx_udp2axis:1.0'. The one found in IP location 'c:/Pentek/IP/2019.2/pentek/ip/px_100ge_rx_udp2axis' will take precedence over the same IP in location c:/pentek/ip/2019.1/pentek/ip/px_100ge_rx_udp2axis
close_project
exit
INFO: [Common 17-206] Exiting Vivado at Wed Nov 20 11:56:45 2019...
